#
# There is insufficient memory for the Java Runtime Environment to continue.
# Native memory allocation (malloc) failed to allocate 1614256 bytes for Chunk::new
# Possible reasons:
#   The system is out of physical RAM or swap space
#   The process is running with CompressedOops enabled, and the Java Heap may be blocking the growth of the native heap
# Possible solutions:
#   Reduce memory load on the system
#   Increase physical memory or swap space
#   Check if swap backing store is full
#   Decrease Java heap size (-Xmx/-Xms)
#   Decrease number of Java threads
#   Decrease Java thread stack sizes (-Xss)
#   Set larger code cache with -XX:ReservedCodeCacheSize=
#   JVM is running with Unscaled Compressed Oops mode in which the Java heap is
#     placed in the first 4GB address space. The Java Heap base address is the
#     maximum limit for the native heap growth. Please use -XX:HeapBaseMinAddress
#     to set the Java Heap base and to place the Java Heap above 4GB virtual address.
# This output file may be truncated or incomplete.
#
#  Out of Memory Error (arena.cpp:184), pid=26644, tid=31288
#
# JRE version: Java(TM) SE Runtime Environment (20.0+36) (build 20+36-2344)
# Java VM: Java HotSpot(TM) 64-Bit Server VM (20+36-2344, mixed mode, sharing, tiered, compressed oops, compressed class ptrs, g1 gc, windows-amd64)
# No core dump will be written. Minidumps are not enabled by default on client versions of Windows
#

---------------  S U M M A R Y ------------

Command Line: -XX:MaxMetaspaceSize=512m --add-opens=java.base/java.util=ALL-UNNAMED --add-opens=java.base/java.lang=ALL-UNNAMED --add-opens=java.base/java.lang.invoke=ALL-UNNAMED --add-opens=java.base/java.util=ALL-UNNAMED --add-opens=java.prefs/java.util.prefs=ALL-UNNAMED --add-opens=java.prefs/java.util.prefs=ALL-UNNAMED --add-opens=java.base/java.nio.charset=ALL-UNNAMED --add-opens=java.base/java.net=ALL-UNNAMED --add-opens=java.base/java.util.concurrent.atomic=ALL-UNNAMED -Xmx2048m -Dfile.encoding=UTF-8 -Duser.country=IN -Duser.language=en -Duser.variant org.gradle.launcher.daemon.bootstrap.GradleDaemon 7.5.1

Host: 11th Gen Intel(R) Core(TM) i7-1185G7 @ 3.00GHz, 8 cores, 15G,  Windows 10 , 64 bit Build 19041 (10.0.19041.2546)
Time: Mon May  1 20:52:02 2023 India Standard Time elapsed time: 18.482299 seconds (0d 0h 0m 18s)

---------------  T H R E A D  ---------------

Current thread (0x000001dfa1822dc0):  JavaThread "C2 CompilerThread0" daemon [_thread_in_native, id=31288, stack(0x0000007cb2f00000,0x0000007cb3000000)]


Current CompileTask:
C2:  18482 8052 %     4       org.gradle.internal.instantiation.generator.AbstractClassGenerator::inspectType @ 77 (560 bytes)

Stack: [0x0000007cb2f00000,0x0000007cb3000000]
Native frames: (J=compiled Java code, j=interpreted, Vv=VM code, C=native code)
V  [jvm.dll+0x6bb95a]
V  [jvm.dll+0x8483aa]
V  [jvm.dll+0x849fa5]
V  [jvm.dll+0x84a6a3]
V  [jvm.dll+0x280b0f]
V  [jvm.dll+0xc2b11]
V  [jvm.dll+0xc2e35]
V  [jvm.dll+0x3bb142]
V  [jvm.dll+0x3857f5]
V  [jvm.dll+0x384c6a]
V  [jvm.dll+0x24b259]
V  [jvm.dll+0x24a651]
V  [jvm.dll+0x1ce491]
V  [jvm.dll+0x259e1b]
V  [jvm.dll+0x2584f0]
V  [jvm.dll+0x3f2895]
V  [jvm.dll+0x7f4906]
V  [jvm.dll+0x6ba5cb]
C  [ucrtbase.dll+0x21bb2]
C  [KERNEL32.DLL+0x17614]
C  [ntdll.dll+0x526a1]


---------------  P R O C E S S  ---------------

Threads class SMR info:
_java_thread_list=0x000001dfa4bf2e40, length=111, elements={
0x000001dffee3a450, 0x000001dfa181a5c0, 0x000001dfa181b560, 0x000001dfa181e410,
0x000001dfa181fec0, 0x000001dfa1821810, 0x000001dfa1822150, 0x000001dfa1822dc0,
0x000001dfa183a730, 0x000001dfa1980e70, 0x000001dfa1984fc0, 0x000001dfa3299440,
0x000001dfa2e784f0, 0x000001dfa3109d30, 0x000001dfa32ae4a0, 0x000001dfa32ae9f0,
0x000001dfa32b0f20, 0x000001dfa32aff30, 0x000001dfa32aef40, 0x000001dfa32af490,
0x000001dfa32adf50, 0x000001dfa32b0480, 0x000001dfa32af9e0, 0x000001dfa32b09d0,
0x000001dfa32b1470, 0x000001dfa50d3b50, 0x000001dfa50d5090, 0x000001dfa50d2b60,
0x000001dfa50d8b00, 0x000001dfa50d20c0, 0x000001dfa50d30b0, 0x000001dfa50d6080,
0x000001dfa50d4b40, 0x000001dfa50d7070, 0x000001dfa50d9050, 0x000001dfa50d9af0,
0x000001dfa50d45f0, 0x000001dfa50d6b20, 0x000001dfa41d0b10, 0x000001dfa41d25a0,
0x000001dfa41d0070, 0x000001dfa41d15b0, 0x000001dfa41d1b00, 0x000001dfa41d1060,
0x000001dfa41d2050, 0x000001dfa41d3040, 0x000001dfa41d05c0, 0x000001dfa428c5f0,
0x000001dfa4284bc0, 0x000001dfa428ab60, 0x000001dfa42880e0, 0x000001dfa42870f0,
0x000001dfa4288b80, 0x000001dfa4288630, 0x000001dfa4286650, 0x000001dfa4286100,
0x000001dfa4287640, 0x000001dfa4285110, 0x000001dfa4285660, 0x000001dfa42890d0,
0x000001dfa4286ba0, 0x000001dfa428a0c0, 0x000001dfa4289620, 0x000001dfa4287b90,
0x000001dfa4285bb0, 0x000001dfa4289b70, 0x000001dfa428c0a0, 0x000001dfa428bb50,
0x000001dfa428a610, 0x000001dfa428b0b0, 0x000001dfa428b600, 0x000001dfa60bf650,
0x000001dfa60c1630, 0x000001dfa60bfba0, 0x000001dfa60c40b0, 0x000001dfa60c1b80,
0x000001dfa60bcbd0, 0x000001dfa60bd120, 0x000001dfa5672a00, 0x000001dfa60bdbc0,
0x000001dfa5670310, 0x000001dfa60be110, 0x000001dfa60c3b60, 0x000001dfa60bebb0,
0x000001dfa60c00f0, 0x000001dfa60c4600, 0x000001dfa60c0640, 0x000001dfa60be660,
0x000001dfa60c2620, 0x000001dfa60c0b90, 0x000001dfa60c10e0, 0x000001dfa60c2b70,
0x000001dfa60c3610, 0x000001dfa50d95a0, 0x000001dfa50d2610, 0x000001dfa39d4960,
0x000001dfa39d7930, 0x000001dfa39d3420, 0x000001dfa39d5400, 0x000001dfa39d5950,
0x000001dfa39d8920, 0x000001dfa39d5ea0, 0x000001dfa39d1ee0, 0x000001dfa39d3970,
0x000001dfa39d4eb0, 0x000001dfa39d7e80, 0x000001dfa39d63f0, 0x000001dfa39d6940,
0x000001dfa39d6e90, 0x000001dfa39d8e70, 0x000001dfa39d93c0
}

Java Threads: ( => current thread )
  0x000001dffee3a450 JavaThread "main" [_thread_blocked, id=28324, stack(0x0000007cb2200000,0x0000007cb2300000)]
  0x000001dfa181a5c0 JavaThread "Reference Handler" daemon [_thread_blocked, id=5432, stack(0x0000007cb2900000,0x0000007cb2a00000)]
  0x000001dfa181b560 JavaThread "Finalizer" daemon [_thread_blocked, id=600, stack(0x0000007cb2a00000,0x0000007cb2b00000)]
  0x000001dfa181e410 JavaThread "Signal Dispatcher" daemon [_thread_blocked, id=1724, stack(0x0000007cb2b00000,0x0000007cb2c00000)]
  0x000001dfa181fec0 JavaThread "Attach Listener" daemon [_thread_blocked, id=23408, stack(0x0000007cb2c00000,0x0000007cb2d00000)]
  0x000001dfa1821810 JavaThread "Service Thread" daemon [_thread_blocked, id=1092, stack(0x0000007cb2d00000,0x0000007cb2e00000)]
  0x000001dfa1822150 JavaThread "Monitor Deflation Thread" daemon [_thread_blocked, id=18412, stack(0x0000007cb2e00000,0x0000007cb2f00000)]
=>0x000001dfa1822dc0 JavaThread "C2 CompilerThread0" daemon [_thread_in_native, id=31288, stack(0x0000007cb2f00000,0x0000007cb3000000)]
  0x000001dfa183a730 JavaThread "C1 CompilerThread0" daemon [_thread_blocked, id=27620, stack(0x0000007cb3000000,0x0000007cb3100000)]
  0x000001dfa1980e70 JavaThread "Common-Cleaner" daemon [_thread_blocked, id=18676, stack(0x0000007cb3100000,0x0000007cb3200000)]
  0x000001dfa1984fc0 JavaThread "Notification Thread" daemon [_thread_blocked, id=25044, stack(0x0000007cb3200000,0x0000007cb3300000)]
  0x000001dfa3299440 JavaThread "Daemon health stats" [_thread_blocked, id=29512, stack(0x0000007cb3a00000,0x0000007cb3b00000)]
  0x000001dfa2e784f0 JavaThread "Incoming local TCP Connector on port 54467" [_thread_in_native, id=31500, stack(0x0000007cb3400000,0x0000007cb3500000)]
  0x000001dfa3109d30 JavaThread "Daemon periodic checks" [_thread_blocked, id=12084, stack(0x0000007cb3b00000,0x0000007cb3c00000)]
  0x000001dfa32ae4a0 JavaThread "Daemon" [_thread_blocked, id=27980, stack(0x0000007cb3c00000,0x0000007cb3d00000)]
  0x000001dfa32ae9f0 JavaThread "Handler for socket connection from /127.0.0.1:54467 to /127.0.0.1:54468" [_thread_in_native, id=17080, stack(0x0000007cb3d00000,0x0000007cb3e00000)]
  0x000001dfa32b0f20 JavaThread "Cancel handler" [_thread_blocked, id=25460, stack(0x0000007cb3e00000,0x0000007cb3f00000)]
  0x000001dfa32aff30 JavaThread "Daemon worker" [_thread_blocked, id=23668, stack(0x0000007cb3f00000,0x0000007cb4000000)]
  0x000001dfa32aef40 JavaThread "Asynchronous log dispatcher for DefaultDaemonConnection: socket connection from /127.0.0.1:54467 to /127.0.0.1:54468" [_thread_blocked, id=31424, stack(0x0000007cb4000000,0x0000007cb4100000)]
  0x000001dfa32af490 JavaThread "Stdin handler" [_thread_blocked, id=28084, stack(0x0000007cb4100000,0x0000007cb4200000)]
  0x000001dfa32adf50 JavaThread "Daemon client event forwarder" [_thread_blocked, id=12748, stack(0x0000007cb4200000,0x0000007cb4300000)]
  0x000001dfa32b0480 JavaThread "Cache worker for journal cache (C:\Users\mdaahmed\.gradle\caches\journal-1)" [_thread_blocked, id=22324, stack(0x0000007cb4300000,0x0000007cb4400000)]
  0x000001dfa32af9e0 JavaThread "File lock request listener" [_thread_in_native, id=24104, stack(0x0000007cb4400000,0x0000007cb4500000)]
  0x000001dfa32b09d0 JavaThread "Cache worker for file hash cache (C:\Users\mdaahmed\.gradle\caches\7.5.1\fileHashes)" [_thread_blocked, id=23040, stack(0x0000007cb4500000,0x0000007cb4600000)]
  0x000001dfa32b1470 JavaThread "File watcher server" daemon [_thread_in_native, id=3228, stack(0x0000007cb4700000,0x0000007cb4800000)]
  0x000001dfa50d3b50 JavaThread "File watcher consumer" daemon [_thread_blocked, id=10192, stack(0x0000007cb4800000,0x0000007cb4900000)]
  0x000001dfa50d5090 JavaThread "Cache worker for checksums cache (C:\Users\mdaahmed\Desktop\Capstone\PokemonApps\android\.gradle\7.5.1\checksums)" [_thread_blocked, id=18744, stack(0x0000007cb4a00000,0x0000007cb4b00000)]
  0x000001dfa50d2b60 JavaThread "Cache worker for cache directory md-rule (C:\Users\mdaahmed\.gradle\caches\7.5.1\md-rule)" [_thread_blocked, id=23600, stack(0x0000007cb4e00000,0x0000007cb4f00000)]
  0x000001dfa50d8b00 JavaThread "Cache worker for file content cache (C:\Users\mdaahmed\.gradle\caches\7.5.1\fileContent)" [_thread_blocked, id=30352, stack(0x0000007cb4f00000,0x0000007cb5000000)]
  0x000001dfa50d20c0 JavaThread "Cache worker for file hash cache (C:\Users\mdaahmed\Desktop\Capstone\PokemonApps\android\.gradle\7.5.1\fileHashes)" [_thread_blocked, id=19708, stack(0x0000007cb5000000,0x0000007cb5100000)]
  0x000001dfa50d30b0 JavaThread "Cache worker for cache directory md-supplier (C:\Users\mdaahmed\.gradle\caches\7.5.1\md-supplier)" [_thread_blocked, id=18828, stack(0x0000007cb5100000,0x0000007cb5200000)]
  0x000001dfa50d6080 JavaThread "Cache worker for execution history cache (C:\Users\mdaahmed\.gradle\caches\7.5.1\executionHistory)" [_thread_blocked, id=9968, stack(0x0000007cb5200000,0x0000007cb5300000)]
  0x000001dfa50d4b40 JavaThread "jar transforms" [_thread_blocked, id=29340, stack(0x0000007cb5300000,0x0000007cb5400000)]
  0x000001dfa50d7070 JavaThread "jar transforms Thread 2" [_thread_blocked, id=10312, stack(0x0000007cb5400000,0x0000007cb5500000)]
  0x000001dfa50d9050 JavaThread "jar transforms Thread 3" [_thread_blocked, id=30912, stack(0x0000007cb4900000,0x0000007cb4a00000)]
  0x000001dfa50d9af0 JavaThread "jar transforms Thread 4" [_thread_blocked, id=20380, stack(0x0000007cb5500000,0x0000007cb5600000)]
  0x000001dfa50d45f0 JavaThread "Cache worker for kotlin-dsl (C:\Users\mdaahmed\.gradle\caches\7.5.1\kotlin-dsl)" [_thread_blocked, id=14544, stack(0x0000007cb5600000,0x0000007cb5700000)]
  0x000001dfa50d6b20 JavaThread "jar transforms Thread 5" [_thread_blocked, id=18460, stack(0x0000007cb5700000,0x0000007cb5800000)]
  0x000001dfa41d0b10 JavaThread "jar transforms Thread 6" [_thread_blocked, id=19036, stack(0x0000007cb5800000,0x0000007cb5900000)]
  0x000001dfa41d25a0 JavaThread "Cache worker for dependencies-accessors (C:\Users\mdaahmed\Desktop\Capstone\PokemonApps\android\.gradle\7.5.1\dependencies-accessors)" [_thread_blocked, id=18684, stack(0x0000007cb5900000,0x0000007cb5a00000)]
  0x000001dfa41d0070 JavaThread "Cache worker for Build Output Cleanup Cache (C:\Users\mdaahmed\Desktop\Capstone\PokemonApps\node_modules\react-native-gradle-plugin\.gradle\buildOutputCleanup)" [_thread_blocked, id=31504, stack(0x0000007cb5a00000,0x0000007cb5b00000)]
  0x000001dfa41d15b0 JavaThread "jar transforms Thread 7" [_thread_blocked, id=20208, stack(0x0000007cb5b00000,0x0000007cb5c00000)]
  0x000001dfa41d1b00 JavaThread "Unconstrained build operations" [_thread_blocked, id=31072, stack(0x0000007cb4600000,0x0000007cb4700000)]
  0x000001dfa41d1060 JavaThread "Unconstrained build operations Thread 2" [_thread_blocked, id=31084, stack(0x0000007cb5c00000,0x0000007cb5d00000)]
  0x000001dfa41d2050 JavaThread "Unconstrained build operations Thread 3" [_thread_blocked, id=16020, stack(0x0000007cb5e00000,0x0000007cb5f00000)]
  0x000001dfa41d3040 JavaThread "Unconstrained build operations Thread 4" [_thread_blocked, id=22744, stack(0x0000007cb5f00000,0x0000007cb6000000)]
  0x000001dfa41d05c0 JavaThread "Unconstrained build operations Thread 5" [_thread_blocked, id=29088, stack(0x0000007cb6000000,0x0000007cb6100000)]
  0x000001dfa428c5f0 JavaThread "Unconstrained build operations Thread 6" [_thread_blocked, id=22560, stack(0x0000007cb6100000,0x0000007cb6200000)]
  0x000001dfa4284bc0 JavaThread "Unconstrained build operations Thread 7" [_thread_blocked, id=22036, stack(0x0000007cb6200000,0x0000007cb6300000)]
  0x000001dfa428ab60 JavaThread "Unconstrained build operations Thread 8" [_thread_blocked, id=23988, stack(0x0000007cb6300000,0x0000007cb6400000)]
  0x000001dfa42880e0 JavaThread "Unconstrained build operations Thread 9" [_thread_blocked, id=27552, stack(0x0000007cb6400000,0x0000007cb6500000)]
  0x000001dfa42870f0 JavaThread "Unconstrained build operations Thread 10" [_thread_blocked, id=19496, stack(0x0000007cb6500000,0x0000007cb6600000)]
  0x000001dfa4288b80 JavaThread "Unconstrained build operations Thread 11" [_thread_blocked, id=18176, stack(0x0000007cb6600000,0x0000007cb6700000)]
  0x000001dfa4288630 JavaThread "Unconstrained build operations Thread 12" [_thread_blocked, id=20892, stack(0x0000007cb6700000,0x0000007cb6800000)]
  0x000001dfa4286650 JavaThread "Unconstrained build operations Thread 13" [_thread_blocked, id=10244, stack(0x0000007cb6800000,0x0000007cb6900000)]
  0x000001dfa4286100 JavaThread "Unconstrained build operations Thread 14" [_thread_blocked, id=22328, stack(0x0000007cb6900000,0x0000007cb6a00000)]
  0x000001dfa4287640 JavaThread "Unconstrained build operations Thread 15" [_thread_blocked, id=5244, stack(0x0000007cb6a00000,0x0000007cb6b00000)]
  0x000001dfa4285110 JavaThread "Unconstrained build operations Thread 16" [_thread_blocked, id=14804, stack(0x0000007cb6b00000,0x0000007cb6c00000)]
  0x000001dfa4285660 JavaThread "Unconstrained build operations Thread 17" [_thread_blocked, id=4240, stack(0x0000007cb6c00000,0x0000007cb6d00000)]
  0x000001dfa42890d0 JavaThread "Unconstrained build operations Thread 18" [_thread_blocked, id=21356, stack(0x0000007cb6d00000,0x0000007cb6e00000)]
  0x000001dfa4286ba0 JavaThread "Unconstrained build operations Thread 19" [_thread_blocked, id=10636, stack(0x0000007cb6e00000,0x0000007cb6f00000)]
  0x000001dfa428a0c0 JavaThread "Unconstrained build operations Thread 20" [_thread_blocked, id=15976, stack(0x0000007cb6f00000,0x0000007cb7000000)]
  0x000001dfa4289620 JavaThread "Unconstrained build operations Thread 21" [_thread_blocked, id=6548, stack(0x0000007cb7000000,0x0000007cb7100000)]
  0x000001dfa4287b90 JavaThread "Unconstrained build operations Thread 22" [_thread_blocked, id=24496, stack(0x0000007cb7100000,0x0000007cb7200000)]
  0x000001dfa4285bb0 JavaThread "Unconstrained build operations Thread 23" [_thread_blocked, id=18160, stack(0x0000007cb7200000,0x0000007cb7300000)]
  0x000001dfa4289b70 JavaThread "Unconstrained build operations Thread 24" [_thread_blocked, id=25408, stack(0x0000007cb7300000,0x0000007cb7400000)]
  0x000001dfa428c0a0 JavaThread "Unconstrained build operations Thread 25" [_thread_blocked, id=30132, stack(0x0000007cb7400000,0x0000007cb7500000)]
  0x000001dfa428bb50 JavaThread "Unconstrained build operations Thread 26" [_thread_blocked, id=19716, stack(0x0000007cb7500000,0x0000007cb7600000)]
  0x000001dfa428a610 JavaThread "Unconstrained build operations Thread 27" [_thread_blocked, id=28044, stack(0x0000007cb7600000,0x0000007cb7700000)]
  0x000001dfa428b0b0 JavaThread "Unconstrained build operations Thread 28" [_thread_blocked, id=24864, stack(0x0000007cb7700000,0x0000007cb7800000)]
  0x000001dfa428b600 JavaThread "Unconstrained build operations Thread 29" [_thread_blocked, id=31268, stack(0x0000007cb7800000,0x0000007cb7900000)]
  0x000001dfa60bf650 JavaThread "Unconstrained build operations Thread 30" [_thread_blocked, id=23612, stack(0x0000007cb7900000,0x0000007cb7a00000)]
  0x000001dfa60c1630 JavaThread "Unconstrained build operations Thread 31" [_thread_blocked, id=31320, stack(0x0000007cb7a00000,0x0000007cb7b00000)]
  0x000001dfa60bfba0 JavaThread "Unconstrained build operations Thread 32" [_thread_blocked, id=28032, stack(0x0000007cb7b00000,0x0000007cb7c00000)]
  0x000001dfa60c40b0 JavaThread "Unconstrained build operations Thread 33" [_thread_blocked, id=26936, stack(0x0000007cb7c00000,0x0000007cb7d00000)]
  0x000001dfa60c1b80 JavaThread "jar transforms Thread 8" [_thread_blocked, id=19344, stack(0x0000007cb7d00000,0x0000007cb7e00000)]
  0x000001dfa60bcbd0 JavaThread "build event listener" [_thread_blocked, id=18728, stack(0x0000007cb7f00000,0x0000007cb8000000)]
  0x000001dfa60bd120 JavaThread "Memory manager" [_thread_blocked, id=27768, stack(0x0000007cb8000000,0x0000007cb8100000)]
  0x000001dfa5672a00 JavaThread "C2 CompilerThread1" daemon [_thread_blocked, id=26908, stack(0x0000007cb7e00000,0x0000007cb7f00000)]
  0x000001dfa60bdbc0 JavaThread "Cache worker for Build Output Cleanup Cache (C:\Users\mdaahmed\Desktop\Capstone\PokemonApps\android\.gradle\buildOutputCleanup)" [_thread_blocked, id=3124, stack(0x0000007cb8100000,0x0000007cb8200000)]
  0x000001dfa5670310 JavaThread "C2 CompilerThread2" daemon [_thread_blocked, id=26748, stack(0x0000007cb8200000,0x0000007cb8300000)]
  0x000001dfa60be110 JavaThread "included builds" [_thread_in_Java, id=22832, stack(0x0000007cb8300000,0x0000007cb8400000)]
  0x000001dfa60c3b60 JavaThread "Execution worker" [_thread_blocked, id=3700, stack(0x0000007cb8400000,0x0000007cb8500000)]
  0x000001dfa60bebb0 JavaThread "Execution worker Thread 2" [_thread_blocked, id=29284, stack(0x0000007cb8500000,0x0000007cb8600000)]
  0x000001dfa60c00f0 JavaThread "Execution worker Thread 3" [_thread_blocked, id=29664, stack(0x0000007cb8600000,0x0000007cb8700000)]
  0x000001dfa60c4600 JavaThread "Execution worker Thread 4" [_thread_blocked, id=18352, stack(0x0000007cb8700000,0x0000007cb8800000)]
  0x000001dfa60c0640 JavaThread "Execution worker Thread 5" [_thread_blocked, id=10532, stack(0x0000007cb8800000,0x0000007cb8900000)]
  0x000001dfa60be660 JavaThread "Execution worker Thread 6" [_thread_blocked, id=28772, stack(0x0000007cb8900000,0x0000007cb8a00000)]
  0x000001dfa60c2620 JavaThread "Execution worker Thread 7" [_thread_blocked, id=19952, stack(0x0000007cb8a00000,0x0000007cb8b00000)]
  0x000001dfa60c0b90 JavaThread "Cache worker for execution history cache (C:\Users\mdaahmed\Desktop\Capstone\PokemonApps\node_modules\react-native-gradle-plugin\.gradle\7.5.1\executionHistory)" [_thread_blocked, id=22672, stack(0x0000007cb8b00000,0x0000007cb8c00000)]
  0x000001dfa60c10e0 JavaThread "Unconstrained build operations Thread 34" [_thread_blocked, id=28692, stack(0x0000007cb8c00000,0x0000007cb8d00000)]
  0x000001dfa60c2b70 JavaThread "Unconstrained build operations Thread 35" [_thread_blocked, id=15420, stack(0x0000007cb8d00000,0x0000007cb8e00000)]
  0x000001dfa60c3610 JavaThread "Unconstrained build operations Thread 36" [_thread_blocked, id=17104, stack(0x0000007cb8e00000,0x0000007cb8f00000)]
  0x000001dfa50d95a0 JavaThread "Unconstrained build operations Thread 37" [_thread_blocked, id=30284, stack(0x0000007cb8f00000,0x0000007cb9000000)]
  0x000001dfa50d2610 JavaThread "Unconstrained build operations Thread 38" [_thread_blocked, id=31064, stack(0x0000007cb9000000,0x0000007cb9100000)]
  0x000001dfa39d4960 JavaThread "Unconstrained build operations Thread 39" [_thread_blocked, id=24608, stack(0x0000007cb9100000,0x0000007cb9200000)]
  0x000001dfa39d7930 JavaThread "Unconstrained build operations Thread 40" [_thread_blocked, id=24868, stack(0x0000007cb9200000,0x0000007cb9300000)]
  0x000001dfa39d3420 JavaThread "Unconstrained build operations Thread 41" [_thread_blocked, id=752, stack(0x0000007cb9300000,0x0000007cb9400000)]
  0x000001dfa39d5400 JavaThread "Unconstrained build operations Thread 42" [_thread_blocked, id=30532, stack(0x0000007cb9400000,0x0000007cb9500000)]
  0x000001dfa39d5950 JavaThread "Unconstrained build operations Thread 43" [_thread_blocked, id=19720, stack(0x0000007cb9500000,0x0000007cb9600000)]
  0x000001dfa39d8920 JavaThread "Unconstrained build operations Thread 44" [_thread_blocked, id=10288, stack(0x0000007cb9600000,0x0000007cb9700000)]
  0x000001dfa39d5ea0 JavaThread "Unconstrained build operations Thread 45" [_thread_blocked, id=24848, stack(0x0000007cb9700000,0x0000007cb9800000)]
  0x000001dfa39d1ee0 JavaThread "Unconstrained build operations Thread 46" [_thread_blocked, id=4560, stack(0x0000007cb9800000,0x0000007cb9900000)]
  0x000001dfa39d3970 JavaThread "Unconstrained build operations Thread 47" [_thread_blocked, id=31696, stack(0x0000007cb9900000,0x0000007cb9a00000)]
  0x000001dfa39d4eb0 JavaThread "Unconstrained build operations Thread 48" [_thread_blocked, id=23136, stack(0x0000007cb9a00000,0x0000007cb9b00000)]
  0x000001dfa39d7e80 JavaThread "Unconstrained build operations Thread 49" [_thread_blocked, id=32, stack(0x0000007cb9b00000,0x0000007cb9c00000)]
  0x000001dfa39d63f0 JavaThread "Unconstrained build operations Thread 50" [_thread_blocked, id=11604, stack(0x0000007cb9c00000,0x0000007cb9d00000)]
  0x000001dfa39d6940 JavaThread "Unconstrained build operations Thread 51" [_thread_blocked, id=19156, stack(0x0000007cb9d00000,0x0000007cb9e00000)]
  0x000001dfa39d6e90 JavaThread "Unconstrained build operations Thread 52" [_thread_blocked, id=14608, stack(0x0000007cb9e00000,0x0000007cb9f00000)]
  0x000001dfa39d8e70 JavaThread "Unconstrained build operations Thread 53" [_thread_blocked, id=5152, stack(0x0000007cb9f00000,0x0000007cba000000)]
  0x000001dfa39d93c0 JavaThread "Unconstrained build operations Thread 54" [_thread_blocked, id=31272, stack(0x0000007cba000000,0x0000007cba100000)]

Other Threads:
  0x000001df9d5734d0 VMThread "VM Thread" [stack: 0x0000007cb2800000,0x0000007cb2900000] [id=11408]
  0x000001dfa1989520 WatcherThread "VM Periodic Task Thread" [stack: 0x0000007cb3300000,0x0000007cb3400000] [id=8560]
  0x000001dffee97f50 WorkerThread "GC Thread#0" [stack: 0x0000007cb2300000,0x0000007cb2400000] [id=1672]
  0x000001dfa2354d70 WorkerThread "GC Thread#1" [stack: 0x0000007cb3500000,0x0000007cb3600000] [id=2292]
  0x000001dfa2713ce0 WorkerThread "GC Thread#2" [stack: 0x0000007cb3600000,0x0000007cb3700000] [id=3984]
  0x000001dfa25a6740 WorkerThread "GC Thread#3" [stack: 0x0000007cb3700000,0x0000007cb3800000] [id=7312]
  0x000001dfa24d42c0 WorkerThread "GC Thread#4" [stack: 0x0000007cb3800000,0x0000007cb3900000] [id=23424]
  0x000001dfa24d3ff0 WorkerThread "GC Thread#5" [stack: 0x0000007cb3900000,0x0000007cb3a00000] [id=19460]
  0x000001dfa515bac0 WorkerThread "GC Thread#6" [stack: 0x0000007cb4b00000,0x0000007cb4c00000] [id=15672]
  0x000001dfa515c600 WorkerThread "GC Thread#7" [stack: 0x0000007cb4c00000,0x0000007cb4d00000] [id=30388]
  0x000001dffeea9d80 ConcurrentGCThread "G1 Main Marker" [stack: 0x0000007cb2400000,0x0000007cb2500000] [id=30136]
  0x000001dffeeaa6c0 WorkerThread "G1 Conc#0" [stack: 0x0000007cb2500000,0x0000007cb2600000] [id=14224]
  0x000001dfa515ce70 WorkerThread "G1 Conc#1" [stack: 0x0000007cb4d00000,0x0000007cb4e00000] [id=12932]
  0x000001df9d4359f0 ConcurrentGCThread "G1 Refine#0" [stack: 0x0000007cb2600000,0x0000007cb2700000] [id=26880]
  0x000001df9d436140 ConcurrentGCThread "G1 Service" [stack: 0x0000007cb2700000,0x0000007cb2800000] [id=20632]

Threads with active compile tasks:
C2 CompilerThread0    18535 8052 %     4       org.gradle.internal.instantiation.generator.AbstractClassGenerator::inspectType @ 77 (560 bytes)

VM state: not at safepoint (normal execution)

VM Mutex/Monitor currently owned by a thread: None

Heap address: 0x0000000080000000, size: 2048 MB, Compressed Oops mode: 32-bit

CDS archive(s) mapped at: [0x0000000800000000-0x0000000800c60000-0x0000000800c60000), size 12976128, SharedBaseAddress: 0x0000000800000000, ArchiveRelocationMode: 0.
Compressed class space mapped at: 0x0000000801000000-0x000000081ac00000, reserved size: 432013312
Narrow klass base: 0x0000000800000000, Narrow klass shift: 0, Narrow klass range: 0x100000000

GC Precious Log:
 CardTable entry size: 512
 Card Set container configuration: InlinePtr #cards 5 size 8 Array Of Cards #cards 12 size 40 Howl #buckets 4 coarsen threshold 1843 Howl Bitmap #cards 512 size 80 coarsen threshold 460 Card regions per heap region 1 cards per card region 2048
 CPUs: 8 total, 8 available
 Memory: 16064M
 Large Page Support: Disabled
 NUMA Support: Disabled
 Compressed Oops: Enabled (32-bit)
 Heap Region Size: 1M
 Heap Min Capacity: 8M
 Heap Initial Capacity: 252M
 Heap Max Capacity: 2G
 Pre-touch: Disabled
 Parallel Workers: 8
 Concurrent Workers: 2
 Concurrent Refinement Workers: 8
 Periodic GC: Disabled

Heap:
 garbage-first heap   total 104448K, used 77264K [0x0000000080000000, 0x0000000100000000)
  region size 1024K, 22 young (22528K), 3 survivors (3072K)
 Metaspace       used 67764K, committed 69632K, reserved 487424K
  class space    used 9427K, committed 10304K, reserved 421888K

Heap Regions: E=young(eden), S=young(survivor), O=old, HS=humongous(starts), HC=humongous(continues), CS=collection set, F=free, OA=open archive, CA=closed archive, TAMS=top-at-mark-start, PB=parsable bottom
|   0|0x0000000080000000, 0x0000000080100000, 0x0000000080100000|100%| O|  |TAMS 0x0000000080000000| PB 0x0000000080000000| Untracked 
|   1|0x0000000080100000, 0x0000000080200000, 0x0000000080200000|100%| O|  |TAMS 0x0000000080100000| PB 0x0000000080100000| Untracked 
|   2|0x0000000080200000, 0x0000000080300000, 0x0000000080300000|100%| O|  |TAMS 0x0000000080200000| PB 0x0000000080200000| Untracked 
|   3|0x0000000080300000, 0x0000000080400000, 0x0000000080400000|100%|HS|  |TAMS 0x0000000080300000| PB 0x0000000080300000| Complete 
|   4|0x0000000080400000, 0x0000000080500000, 0x0000000080500000|100%|HC|  |TAMS 0x0000000080400000| PB 0x0000000080400000| Complete 
|   5|0x0000000080500000, 0x0000000080600000, 0x0000000080600000|100%|HC|  |TAMS 0x0000000080500000| PB 0x0000000080500000| Complete 
|   6|0x0000000080600000, 0x0000000080700000, 0x0000000080700000|100%| O|  |TAMS 0x0000000080600000| PB 0x0000000080600000| Untracked 
|   7|0x0000000080700000, 0x0000000080800000, 0x0000000080800000|100%| O|  |TAMS 0x0000000080700000| PB 0x0000000080700000| Untracked 
|   8|0x0000000080800000, 0x0000000080900000, 0x0000000080900000|100%| O|  |TAMS 0x0000000080800000| PB 0x0000000080800000| Untracked 
|   9|0x0000000080900000, 0x0000000080a00000, 0x0000000080a00000|100%| O|  |TAMS 0x0000000080900000| PB 0x0000000080900000| Untracked 
|  10|0x0000000080a00000, 0x0000000080b00000, 0x0000000080b00000|100%| O|  |TAMS 0x0000000080a00000| PB 0x0000000080a00000| Untracked 
|  11|0x0000000080b00000, 0x0000000080c00000, 0x0000000080c00000|100%| O|  |TAMS 0x0000000080b00000| PB 0x0000000080b00000| Untracked 
|  12|0x0000000080c00000, 0x0000000080d00000, 0x0000000080d00000|100%| O|  |TAMS 0x0000000080c00000| PB 0x0000000080c00000| Untracked 
|  13|0x0000000080d00000, 0x0000000080e00000, 0x0000000080e00000|100%| O|  |TAMS 0x0000000080d00000| PB 0x0000000080d00000| Untracked 
|  14|0x0000000080e00000, 0x0000000080f00000, 0x0000000080f00000|100%| O|  |TAMS 0x0000000080e00000| PB 0x0000000080e00000| Untracked 
|  15|0x0000000080f00000, 0x0000000081000000, 0x0000000081000000|100%| O|  |TAMS 0x0000000080f00000| PB 0x0000000080f00000| Untracked 
|  16|0x0000000081000000, 0x0000000081100000, 0x0000000081100000|100%| O|  |TAMS 0x0000000081000000| PB 0x0000000081000000| Untracked 
|  17|0x0000000081100000, 0x0000000081200000, 0x0000000081200000|100%| O|  |TAMS 0x0000000081100000| PB 0x0000000081100000| Untracked 
|  18|0x0000000081200000, 0x0000000081300000, 0x0000000081300000|100%| O|  |TAMS 0x0000000081200000| PB 0x0000000081200000| Untracked 
|  19|0x0000000081300000, 0x0000000081400000, 0x0000000081400000|100%| O|  |TAMS 0x0000000081300000| PB 0x0000000081300000| Untracked 
|  20|0x0000000081400000, 0x0000000081500000, 0x0000000081500000|100%| O|  |TAMS 0x0000000081400000| PB 0x0000000081400000| Untracked 
|  21|0x0000000081500000, 0x0000000081600000, 0x0000000081600000|100%| O|  |TAMS 0x0000000081500000| PB 0x0000000081500000| Untracked 
|  22|0x0000000081600000, 0x0000000081700000, 0x0000000081700000|100%| O|  |TAMS 0x0000000081600000| PB 0x0000000081600000| Untracked 
|  23|0x0000000081700000, 0x0000000081800000, 0x0000000081800000|100%| O|  |TAMS 0x0000000081700000| PB 0x0000000081700000| Untracked 
|  24|0x0000000081800000, 0x0000000081900000, 0x0000000081900000|100%| O|  |TAMS 0x0000000081800000| PB 0x0000000081800000| Untracked 
|  25|0x0000000081900000, 0x0000000081a00000, 0x0000000081a00000|100%| O|  |TAMS 0x0000000081900000| PB 0x0000000081900000| Untracked 
|  26|0x0000000081a00000, 0x0000000081b00000, 0x0000000081b00000|100%| O|  |TAMS 0x0000000081a00000| PB 0x0000000081a00000| Untracked 
|  27|0x0000000081b00000, 0x0000000081c00000, 0x0000000081c00000|100%| O|  |TAMS 0x0000000081b00000| PB 0x0000000081b00000| Untracked 
|  28|0x0000000081c00000, 0x0000000081d00000, 0x0000000081d00000|100%| O|  |TAMS 0x0000000081c00000| PB 0x0000000081c00000| Untracked 
|  29|0x0000000081d00000, 0x0000000081e00000, 0x0000000081e00000|100%| O|  |TAMS 0x0000000081d00000| PB 0x0000000081d00000| Untracked 
|  30|0x0000000081e00000, 0x0000000081f00000, 0x0000000081f00000|100%| O|  |TAMS 0x0000000081e00000| PB 0x0000000081e00000| Untracked 
|  31|0x0000000081f00000, 0x0000000082000000, 0x0000000082000000|100%| O|  |TAMS 0x0000000081f00000| PB 0x0000000081f00000| Untracked 
|  32|0x0000000082000000, 0x0000000082100000, 0x0000000082100000|100%| O|  |TAMS 0x0000000082000000| PB 0x0000000082000000| Complete 
|  33|0x0000000082100000, 0x0000000082200000, 0x0000000082200000|100%| O|  |TAMS 0x0000000082100000| PB 0x0000000082100000| Untracked 
|  34|0x0000000082200000, 0x0000000082300000, 0x0000000082300000|100%| O|  |TAMS 0x0000000082200000| PB 0x0000000082200000| Untracked 
|  35|0x0000000082300000, 0x0000000082400000, 0x0000000082400000|100%|HS|  |TAMS 0x0000000082300000| PB 0x0000000082300000| Complete 
|  36|0x0000000082400000, 0x0000000082500000, 0x0000000082500000|100%| O|  |TAMS 0x0000000082400000| PB 0x0000000082400000| Untracked 
|  37|0x0000000082500000, 0x0000000082600000, 0x0000000082600000|100%|HS|  |TAMS 0x0000000082500000| PB 0x0000000082500000| Complete 
|  38|0x0000000082600000, 0x0000000082700000, 0x0000000082700000|100%|HC|  |TAMS 0x0000000082600000| PB 0x0000000082600000| Complete 
|  39|0x0000000082700000, 0x0000000082800000, 0x0000000082800000|100%|HC|  |TAMS 0x0000000082700000| PB 0x0000000082700000| Complete 
|  40|0x0000000082800000, 0x0000000082900000, 0x0000000082900000|100%| O|  |TAMS 0x0000000082800000| PB 0x0000000082800000| Untracked 
|  41|0x0000000082900000, 0x0000000082a00000, 0x0000000082a00000|100%| O|  |TAMS 0x0000000082900000| PB 0x0000000082900000| Untracked 
|  42|0x0000000082a00000, 0x0000000082b00000, 0x0000000082b00000|100%| O|  |TAMS 0x0000000082a00000| PB 0x0000000082a00000| Untracked 
|  43|0x0000000082b00000, 0x0000000082c00000, 0x0000000082c00000|100%| O|  |TAMS 0x0000000082b00000| PB 0x0000000082b00000| Untracked 
|  44|0x0000000082c00000, 0x0000000082d00000, 0x0000000082d00000|100%| O|  |TAMS 0x0000000082c00000| PB 0x0000000082c00000| Untracked 
|  45|0x0000000082d00000, 0x0000000082e00000, 0x0000000082e00000|100%| O|  |TAMS 0x0000000082d00000| PB 0x0000000082d00000| Untracked 
|  46|0x0000000082e00000, 0x0000000082f00000, 0x0000000082f00000|100%| O|  |TAMS 0x0000000082e00000| PB 0x0000000082e00000| Untracked 
|  47|0x0000000082f00000, 0x0000000083000000, 0x0000000083000000|100%| O|  |TAMS 0x0000000082f00000| PB 0x0000000082f00000| Untracked 
|  48|0x0000000083000000, 0x0000000083100000, 0x0000000083100000|100%| O|  |TAMS 0x0000000083000000| PB 0x0000000083000000| Untracked 
|  49|0x0000000083100000, 0x0000000083200000, 0x0000000083200000|100%| O|  |TAMS 0x0000000083100000| PB 0x0000000083100000| Untracked 
|  50|0x0000000083200000, 0x0000000083300000, 0x0000000083300000|100%| O|  |TAMS 0x0000000083200000| PB 0x0000000083200000| Untracked 
|  51|0x0000000083300000, 0x0000000083400000, 0x0000000083400000|100%| O|  |TAMS 0x0000000083300000| PB 0x0000000083300000| Untracked 
|  52|0x0000000083400000, 0x0000000083500000, 0x0000000083500000|100%| O|  |TAMS 0x0000000083400000| PB 0x0000000083400000| Complete 
|  53|0x0000000083500000, 0x0000000083600000, 0x0000000083600000|100%| O|  |TAMS 0x0000000083500000| PB 0x0000000083500000| Untracked 
|  54|0x0000000083600000, 0x0000000083677800, 0x0000000083700000| 46%| O|  |TAMS 0x0000000083600000| PB 0x0000000083600000| Untracked 
|  55|0x0000000083700000, 0x0000000083700000, 0x0000000083800000|  0%| F|  |TAMS 0x0000000083700000| PB 0x0000000083700000| Untracked 
|  56|0x0000000083800000, 0x0000000083800000, 0x0000000083900000|  0%| F|  |TAMS 0x0000000083800000| PB 0x0000000083800000| Untracked 
|  57|0x0000000083900000, 0x0000000083900000, 0x0000000083a00000|  0%| F|  |TAMS 0x0000000083900000| PB 0x0000000083900000| Untracked 
|  58|0x0000000083a00000, 0x0000000083a00000, 0x0000000083b00000|  0%| F|  |TAMS 0x0000000083a00000| PB 0x0000000083a00000| Untracked 
|  59|0x0000000083b00000, 0x0000000083b00000, 0x0000000083c00000|  0%| F|  |TAMS 0x0000000083b00000| PB 0x0000000083b00000| Untracked 
|  60|0x0000000083c00000, 0x0000000083c00000, 0x0000000083d00000|  0%| F|  |TAMS 0x0000000083c00000| PB 0x0000000083c00000| Untracked 
|  61|0x0000000083d00000, 0x0000000083dfc9d0, 0x0000000083e00000| 98%| S|CS|TAMS 0x0000000083d00000| PB 0x0000000083d00000| Complete 
|  62|0x0000000083e00000, 0x0000000083f00000, 0x0000000083f00000|100%| S|CS|TAMS 0x0000000083e00000| PB 0x0000000083e00000| Complete 
|  63|0x0000000083f00000, 0x0000000084000000, 0x0000000084000000|100%| S|CS|TAMS 0x0000000083f00000| PB 0x0000000083f00000| Complete 
|  64|0x0000000084000000, 0x0000000084000000, 0x0000000084100000|  0%| F|  |TAMS 0x0000000084000000| PB 0x0000000084000000| Untracked 
|  65|0x0000000084100000, 0x0000000084100000, 0x0000000084200000|  0%| F|  |TAMS 0x0000000084100000| PB 0x0000000084100000| Untracked 
|  66|0x0000000084200000, 0x0000000084200000, 0x0000000084300000|  0%| F|  |TAMS 0x0000000084200000| PB 0x0000000084200000| Untracked 
|  67|0x0000000084300000, 0x0000000084300000, 0x0000000084400000|  0%| F|  |TAMS 0x0000000084300000| PB 0x0000000084300000| Untracked 
|  68|0x0000000084400000, 0x0000000084400000, 0x0000000084500000|  0%| F|  |TAMS 0x0000000084400000| PB 0x0000000084400000| Untracked 
|  69|0x0000000084500000, 0x0000000084500000, 0x0000000084600000|  0%| F|  |TAMS 0x0000000084500000| PB 0x0000000084500000| Untracked 
|  70|0x0000000084600000, 0x0000000084600000, 0x0000000084700000|  0%| F|  |TAMS 0x0000000084600000| PB 0x0000000084600000| Untracked 
|  71|0x0000000084700000, 0x0000000084700000, 0x0000000084800000|  0%| F|  |TAMS 0x0000000084700000| PB 0x0000000084700000| Untracked 
|  72|0x0000000084800000, 0x0000000084800000, 0x0000000084900000|  0%| F|  |TAMS 0x0000000084800000| PB 0x0000000084800000| Untracked 
|  73|0x0000000084900000, 0x0000000084900000, 0x0000000084a00000|  0%| F|  |TAMS 0x0000000084900000| PB 0x0000000084900000| Untracked 
|  74|0x0000000084a00000, 0x0000000084a00000, 0x0000000084b00000|  0%| F|  |TAMS 0x0000000084a00000| PB 0x0000000084a00000| Untracked 
|  75|0x0000000084b00000, 0x0000000084b00000, 0x0000000084c00000|  0%| F|  |TAMS 0x0000000084b00000| PB 0x0000000084b00000| Untracked 
|  76|0x0000000084c00000, 0x0000000084c00000, 0x0000000084d00000|  0%| F|  |TAMS 0x0000000084c00000| PB 0x0000000084c00000| Untracked 
|  77|0x0000000084d00000, 0x0000000084d00000, 0x0000000084e00000|  0%| F|  |TAMS 0x0000000084d00000| PB 0x0000000084d00000| Untracked 
|  78|0x0000000084e00000, 0x0000000084e00000, 0x0000000084f00000|  0%| F|  |TAMS 0x0000000084e00000| PB 0x0000000084e00000| Untracked 
|  79|0x0000000084f00000, 0x0000000084f00000, 0x0000000085000000|  0%| F|  |TAMS 0x0000000084f00000| PB 0x0000000084f00000| Untracked 
|  80|0x0000000085000000, 0x0000000085000000, 0x0000000085100000|  0%| F|  |TAMS 0x0000000085000000| PB 0x0000000085000000| Untracked 
|  81|0x0000000085100000, 0x0000000085100000, 0x0000000085200000|  0%| F|  |TAMS 0x0000000085100000| PB 0x0000000085100000| Untracked 
|  82|0x0000000085200000, 0x0000000085200000, 0x0000000085300000|  0%| F|  |TAMS 0x0000000085200000| PB 0x0000000085200000| Untracked 
|  83|0x0000000085300000, 0x00000000853854f0, 0x0000000085400000| 52%| E|  |TAMS 0x0000000085300000| PB 0x0000000085300000| Complete 
|  84|0x0000000085400000, 0x0000000085500000, 0x0000000085500000|100%| E|CS|TAMS 0x0000000085400000| PB 0x0000000085400000| Complete 
|  85|0x0000000085500000, 0x0000000085600000, 0x0000000085600000|100%| E|CS|TAMS 0x0000000085500000| PB 0x0000000085500000| Complete 
|  86|0x0000000085600000, 0x0000000085700000, 0x0000000085700000|100%| E|CS|TAMS 0x0000000085600000| PB 0x0000000085600000| Complete 
|  87|0x0000000085700000, 0x0000000085800000, 0x0000000085800000|100%| E|CS|TAMS 0x0000000085700000| PB 0x0000000085700000| Complete 
| 149|0x0000000089500000, 0x0000000089600000, 0x0000000089600000|100%| E|CS|TAMS 0x0000000089500000| PB 0x0000000089500000| Complete 
| 150|0x0000000089600000, 0x0000000089700000, 0x0000000089700000|100%| E|CS|TAMS 0x0000000089600000| PB 0x0000000089600000| Complete 
| 151|0x0000000089700000, 0x0000000089800000, 0x0000000089800000|100%| E|CS|TAMS 0x0000000089700000| PB 0x0000000089700000| Complete 
| 152|0x0000000089800000, 0x0000000089900000, 0x0000000089900000|100%| E|CS|TAMS 0x0000000089800000| PB 0x0000000089800000| Complete 
| 153|0x0000000089900000, 0x0000000089a00000, 0x0000000089a00000|100%| E|CS|TAMS 0x0000000089900000| PB 0x0000000089900000| Complete 
| 154|0x0000000089a00000, 0x0000000089b00000, 0x0000000089b00000|100%| E|CS|TAMS 0x0000000089a00000| PB 0x0000000089a00000| Complete 
| 155|0x0000000089b00000, 0x0000000089c00000, 0x0000000089c00000|100%| E|CS|TAMS 0x0000000089b00000| PB 0x0000000089b00000| Complete 
| 156|0x0000000089c00000, 0x0000000089d00000, 0x0000000089d00000|100%| E|CS|TAMS 0x0000000089c00000| PB 0x0000000089c00000| Complete 
| 157|0x0000000089d00000, 0x0000000089e00000, 0x0000000089e00000|100%| E|CS|TAMS 0x0000000089d00000| PB 0x0000000089d00000| Complete 
| 158|0x0000000089e00000, 0x0000000089f00000, 0x0000000089f00000|100%| E|CS|TAMS 0x0000000089e00000| PB 0x0000000089e00000| Complete 
| 159|0x0000000089f00000, 0x000000008a000000, 0x000000008a000000|100%| E|CS|TAMS 0x0000000089f00000| PB 0x0000000089f00000| Complete 
| 160|0x000000008a000000, 0x000000008a100000, 0x000000008a100000|100%| E|CS|TAMS 0x000000008a000000| PB 0x000000008a000000| Complete 
| 250|0x000000008fa00000, 0x000000008fb00000, 0x000000008fb00000|100%| E|CS|TAMS 0x000000008fa00000| PB 0x000000008fa00000| Complete 
| 251|0x000000008fb00000, 0x000000008fc00000, 0x000000008fc00000|100%| E|CS|TAMS 0x000000008fb00000| PB 0x000000008fb00000| Complete 

Card table byte_map: [0x000001df98400000,0x000001df98800000] _byte_map_base: 0x000001df98000000

Marking Bits: (CMBitMap*) 0x000001dffee994a0
 Bits: [0x000001df98c00000, 0x000001df9ac00000)

Polling page: 0x000001dffe950000

Metaspace:

Usage:
  Non-class:     56.98 MB used.
      Class:      9.21 MB used.
       Both:     66.19 MB used.

Virtual space:
  Non-class space:       64.00 MB reserved,      57.94 MB ( 91%) committed,  1 nodes.
      Class space:      412.00 MB reserved,      10.06 MB (  2%) committed,  1 nodes.
             Both:      476.00 MB reserved,      68.00 MB ( 14%) committed. 

Chunk freelists:
   Non-Class:  1.53 MB
       Class:  1.91 MB
        Both:  3.44 MB

MaxMetaspaceSize: 512.00 MB
CompressedClassSpaceSize: 412.00 MB
Initial GC threshold: 21.00 MB
Current GC threshold: 110.75 MB
CDS: on
MetaspaceReclaimPolicy: balanced
 - commit_granule_bytes: 65536.
 - commit_granule_words: 8192.
 - virtual_space_node_default_size: 8388608.
 - enlarge_chunks_in_place: 1.
 - new_chunks_are_fully_committed: 0.
 - uncommit_free_chunks: 1.
 - use_allocation_guard: 0.


Internal statistics:

num_allocs_failed_limit: 6.
num_arena_births: 3062.
num_arena_deaths: 0.
num_vsnodes_births: 2.
num_vsnodes_deaths: 0.
num_space_committed: 1088.
num_space_uncommitted: 0.
num_chunks_returned_to_freelist: 6.
num_chunks_taken_from_freelist: 5853.
num_chunk_merges: 6.
num_chunk_splits: 3861.
num_chunks_enlarged: 2474.
num_inconsistent_stats: 0.

CodeHeap 'non-profiled nmethods': size=120000Kb used=3613Kb max_used=3613Kb free=116386Kb
 bounds [0x000001df90ed0000, 0x000001df91260000, 0x000001df98400000]
CodeHeap 'profiled nmethods': size=120000Kb used=13084Kb max_used=13084Kb free=106916Kb
 bounds [0x000001df89400000, 0x000001df8a0d0000, 0x000001df90930000]
CodeHeap 'non-nmethods': size=5760Kb used=3137Kb max_used=3223Kb free=2622Kb
 bounds [0x000001df90930000, 0x000001df90c60000, 0x000001df90ed0000]
 total_blobs=8076 nmethods=7126 adapters=858
 compilation: enabled
              stopped_count=0, restarted_count=0
 full_count=0

Compilation events (20 events):
Event: 18.467 Thread 0x000001dfa183a730 8228       3       kotlin.reflect.jvm.internal.impl.protobuf.ByteString::copyTo (220 bytes)
Event: 18.468 Thread 0x000001dfa183a730 nmethod 8228 0x000001df8a0a8d90 code [0x000001df8a0a91c0, 0x000001df8a0aad30]
Event: 18.468 Thread 0x000001dfa183a730 8230       3       kotlin.reflect.jvm.internal.impl.metadata.jvm.JvmProtoBuf$JvmMethodSignature::getSerializedSize (73 bytes)
Event: 18.469 Thread 0x000001dfa183a730 nmethod 8230 0x000001df8a0ab890 code [0x000001df8a0abaa0, 0x000001df8a0ac1c8]
Event: 18.469 Thread 0x000001dfa183a730 8229       3       kotlin.reflect.jvm.internal.impl.protobuf.CodedOutputStream::writeMessageNoTag (18 bytes)
Event: 18.469 Thread 0x000001dfa183a730 nmethod 8229 0x000001df8a0ac490 code [0x000001df8a0ac680, 0x000001df8a0acb70]
Event: 18.469 Thread 0x000001dfa183a730 8222       3       kotlin.reflect.jvm.internal.impl.protobuf.CodedOutputStream::computeMessageSize (10 bytes)
Event: 18.469 Thread 0x000001dfa183a730 nmethod 8222 0x000001df8a0acd90 code [0x000001df8a0acf60, 0x000001df8a0ad290]
Event: 18.469 Thread 0x000001dfa183a730 8223       3       kotlin.reflect.jvm.internal.impl.protobuf.CodedOutputStream::writeMessage (12 bytes)
Event: 18.470 Thread 0x000001dfa183a730 nmethod 8223 0x000001df8a0ad410 code [0x000001df8a0ad5e0, 0x000001df8a0ad9f8]
Event: 18.470 Thread 0x000001dfa183a730 8224       3       kotlin.reflect.jvm.internal.impl.protobuf.SmallSortedMap::getArrayEntryAt (14 bytes)
Event: 18.470 Thread 0x000001dfa183a730 nmethod 8224 0x000001df8a0adb90 code [0x000001df8a0add40, 0x000001df8a0ae018]
Event: 18.470 Thread 0x000001dfa183a730 8231       1       kotlin.reflect.jvm.internal.impl.metadata.ProtoBuf$Property::getContextReceiverTypeIdList (5 bytes)
Event: 18.470 Thread 0x000001dfa183a730 nmethod 8231 0x000001df91246f90 code [0x000001df91247100, 0x000001df912471c8]
Event: 18.474 Thread 0x000001dfa5672a00 nmethod 8179 0x000001df91247290 code [0x000001df91247500, 0x000001df91248bb0]
Event: 18.474 Thread 0x000001dfa5672a00 8191       4       kotlin.reflect.jvm.internal.impl.metadata.ProtoBuf$Type::getDefaultInstance (4 bytes)
Event: 18.474 Thread 0x000001dfa5672a00 nmethod 8191 0x000001df91249c90 code [0x000001df91249e00, 0x000001df91249e70]
Event: 18.474 Thread 0x000001dfa5672a00 8198       4       kotlin.reflect.jvm.internal.impl.protobuf.CodedInputStream::readRawVarint32 (233 bytes)
Event: 18.476 Thread 0x000001dfa5672a00 nmethod 8198 0x000001df91249f90 code [0x000001df9124a120, 0x000001df9124a2f8]
Event: 18.476 Thread 0x000001dfa5672a00 8183       4       java.lang.StringBuilder::append (6 bytes)

GC Heap History (20 events):
Event: 12.593 GC heap before
{Heap before GC invocations=8 (full 0):
 garbage-first heap   total 81920K, used 67288K [0x0000000080000000, 0x0000000100000000)
  region size 1024K, 38 young (38912K), 5 survivors (5120K)
 Metaspace       used 37997K, committed 39360K, reserved 487424K
  class space    used 5296K, committed 5952K, reserved 421888K
}
Event: 12.597 GC heap after
{Heap after GC invocations=9 (full 0):
 garbage-first heap   total 81920K, used 35406K [0x0000000080000000, 0x0000000100000000)
  region size 1024K, 3 young (3072K), 3 survivors (3072K)
 Metaspace       used 37997K, committed 39360K, reserved 487424K
  class space    used 5296K, committed 5952K, reserved 421888K
}
Event: 13.392 GC heap before
{Heap before GC invocations=9 (full 0):
 garbage-first heap   total 81920K, used 69198K [0x0000000080000000, 0x0000000100000000)
  region size 1024K, 36 young (36864K), 3 survivors (3072K)
 Metaspace       used 42510K, committed 43968K, reserved 487424K
  class space    used 5991K, committed 6720K, reserved 421888K
}
Event: 13.397 GC heap after
{Heap after GC invocations=10 (full 0):
 garbage-first heap   total 81920K, used 37168K [0x0000000080000000, 0x0000000100000000)
  region size 1024K, 5 young (5120K), 5 survivors (5120K)
 Metaspace       used 42510K, committed 43968K, reserved 487424K
  class space    used 5991K, committed 6720K, reserved 421888K
}
Event: 14.803 GC heap before
{Heap before GC invocations=10 (full 0):
 garbage-first heap   total 81920K, used 69936K [0x0000000080000000, 0x0000000100000000)
  region size 1024K, 38 young (38912K), 5 survivors (5120K)
 Metaspace       used 50097K, committed 51648K, reserved 487424K
  class space    used 6929K, committed 7680K, reserved 421888K
}
Event: 14.808 GC heap after
{Heap after GC invocations=11 (full 0):
 garbage-first heap   total 81920K, used 40301K [0x0000000080000000, 0x0000000100000000)
  region size 1024K, 5 young (5120K), 5 survivors (5120K)
 Metaspace       used 50097K, committed 51648K, reserved 487424K
  class space    used 6929K, committed 7680K, reserved 421888K
}
Event: 14.925 GC heap before
{Heap before GC invocations=11 (full 0):
 garbage-first heap   total 81920K, used 45421K [0x0000000080000000, 0x0000000100000000)
  region size 1024K, 11 young (11264K), 5 survivors (5120K)
 Metaspace       used 50283K, committed 51776K, reserved 487424K
  class space    used 6947K, committed 7680K, reserved 421888K
}
Event: 14.929 GC heap after
{Heap after GC invocations=12 (full 0):
 garbage-first heap   total 81920K, used 43625K [0x0000000080000000, 0x0000000100000000)
  region size 1024K, 2 young (2048K), 2 survivors (2048K)
 Metaspace       used 50283K, committed 51776K, reserved 487424K
  class space    used 6947K, committed 7680K, reserved 421888K
}
Event: 15.531 GC heap before
{Heap before GC invocations=13 (full 0):
 garbage-first heap   total 81920K, used 73321K [0x0000000080000000, 0x0000000100000000)
  region size 1024K, 28 young (28672K), 2 survivors (2048K)
 Metaspace       used 54388K, committed 56064K, reserved 487424K
  class space    used 7521K, committed 8320K, reserved 421888K
}
Event: 15.534 GC heap after
{Heap after GC invocations=14 (full 0):
 garbage-first heap   total 81920K, used 49564K [0x0000000080000000, 0x0000000100000000)
  region size 1024K, 4 young (4096K), 4 survivors (4096K)
 Metaspace       used 54388K, committed 56064K, reserved 487424K
  class space    used 7521K, committed 8320K, reserved 421888K
}
Event: 15.930 GC heap before
{Heap before GC invocations=14 (full 0):
 garbage-first heap   total 81920K, used 72092K [0x0000000080000000, 0x0000000100000000)
  region size 1024K, 26 young (26624K), 4 survivors (4096K)
 Metaspace       used 57042K, committed 58752K, reserved 487424K
  class space    used 7922K, committed 8768K, reserved 421888K
}
Event: 15.934 GC heap after
{Heap after GC invocations=15 (full 0):
 garbage-first heap   total 81920K, used 50699K [0x0000000080000000, 0x0000000100000000)
  region size 1024K, 2 young (2048K), 2 survivors (2048K)
 Metaspace       used 57042K, committed 58752K, reserved 487424K
  class space    used 7922K, committed 8768K, reserved 421888K
}
Event: 16.412 GC heap before
{Heap before GC invocations=15 (full 0):
 garbage-first heap   total 81920K, used 72203K [0x0000000080000000, 0x0000000100000000)
  region size 1024K, 24 young (24576K), 2 survivors (2048K)
 Metaspace       used 60014K, committed 61760K, reserved 487424K
  class space    used 8352K, committed 9216K, reserved 421888K
}
Event: 16.414 GC heap after
{Heap after GC invocations=16 (full 0):
 garbage-first heap   total 81920K, used 51610K [0x0000000080000000, 0x0000000100000000)
  region size 1024K, 3 young (3072K), 3 survivors (3072K)
 Metaspace       used 60014K, committed 61760K, reserved 487424K
  class space    used 8352K, committed 9216K, reserved 421888K
}
Event: 16.820 GC heap before
{Heap before GC invocations=17 (full 0):
 garbage-first heap   total 92160K, used 71066K [0x0000000080000000, 0x0000000100000000)
  region size 1024K, 23 young (23552K), 3 survivors (3072K)
 Metaspace       used 61984K, committed 63744K, reserved 487424K
  class space    used 8582K, committed 9408K, reserved 421888K
}
Event: 16.823 GC heap after
{Heap after GC invocations=18 (full 0):
 garbage-first heap   total 92160K, used 54202K [0x0000000080000000, 0x0000000100000000)
  region size 1024K, 3 young (3072K), 3 survivors (3072K)
 Metaspace       used 61984K, committed 63744K, reserved 487424K
  class space    used 8582K, committed 9408K, reserved 421888K
}
Event: 17.385 GC heap before
{Heap before GC invocations=18 (full 0):
 garbage-first heap   total 92160K, used 81850K [0x0000000080000000, 0x0000000100000000)
  region size 1024K, 30 young (30720K), 3 survivors (3072K)
 Metaspace       used 64123K, committed 65856K, reserved 487424K
  class space    used 8878K, committed 9728K, reserved 421888K
}
Event: 17.389 GC heap after
{Heap after GC invocations=19 (full 0):
 garbage-first heap   total 92160K, used 55728K [0x0000000080000000, 0x0000000100000000)
  region size 1024K, 4 young (4096K), 4 survivors (4096K)
 Metaspace       used 64123K, committed 65856K, reserved 487424K
  class space    used 8878K, committed 9728K, reserved 421888K
}
Event: 18.057 GC heap before
{Heap before GC invocations=19 (full 0):
 garbage-first heap   total 92160K, used 82352K [0x0000000080000000, 0x0000000100000000)
  region size 1024K, 30 young (30720K), 4 survivors (4096K)
 Metaspace       used 66090K, committed 67840K, reserved 487424K
  class space    used 9155K, committed 9984K, reserved 421888K
}
Event: 18.061 GC heap after
{Heap after GC invocations=20 (full 0):
 garbage-first heap   total 92160K, used 58832K [0x0000000080000000, 0x0000000100000000)
  region size 1024K, 3 young (3072K), 3 survivors (3072K)
 Metaspace       used 66090K, committed 67840K, reserved 487424K
  class space    used 9155K, committed 9984K, reserved 421888K
}

Dll operation events (13 events):
Event: 0.019 Loaded shared library C:\Program Files\Java\jdk-20\bin\java.dll
Event: 0.036 Loaded shared library C:\Program Files\Java\jdk-20\bin\jsvml.dll
Event: 0.111 Loaded shared library C:\Program Files\Java\jdk-20\bin\net.dll
Event: 0.118 Loaded shared library C:\Program Files\Java\jdk-20\bin\nio.dll
Event: 0.126 Loaded shared library C:\Program Files\Java\jdk-20\bin\zip.dll
Event: 0.497 Loaded shared library C:\Program Files\Java\jdk-20\bin\jimage.dll
Event: 0.628 Loaded shared library C:\Program Files\Java\jdk-20\bin\verify.dll
Event: 0.977 Loaded shared library C:\Users\mdaahmed\.gradle\native\e1d6ef7f7dcc3fd88c89a11ec53ec762bb8ba0a96d01ffa2cd45eb1d1d8dd5c5\windows-amd64\native-platform.dll
Event: 0.984 Loaded shared library C:\Users\mdaahmed\.gradle\native\0d407fdbe67a94daf76414ababcb853783967236a71b16ec16e742cd7a986fd3\windows-amd64\native-platform-file-events.dll
Event: 2.186 Loaded shared library C:\Program Files\Java\jdk-20\bin\management.dll
Event: 2.190 Loaded shared library C:\Program Files\Java\jdk-20\bin\management_ext.dll
Event: 2.576 Loaded shared library C:\Program Files\Java\jdk-20\bin\extnet.dll
Event: 2.965 Loaded shared library C:\Program Files\Java\jdk-20\bin\sunmscapi.dll

Deoptimization events (20 events):
Event: 18.309 Thread 0x000001dfa60be110 DEOPT PACKING pc=0x000001df9103d5d0 sp=0x0000007cb83f9440
Event: 18.309 Thread 0x000001dfa60be110 DEOPT UNPACKING pc=0x000001df9094d2a2 sp=0x0000007cb83f93d8 mode 2
Event: 18.322 Thread 0x000001dfa60be110 Uncommon trap: trap_request=0xffffff45 fr.pc=0x000001df90f27870 relative=0x00000000000001f0
Event: 18.322 Thread 0x000001dfa60be110 Uncommon trap: reason=unstable_if action=reinterpret pc=0x000001df90f27870 method=com.google.common.collect.RegularImmutableSet.contains(Ljava/lang/Object;)Z @ 10 c2
Event: 18.322 Thread 0x000001dfa60be110 DEOPT PACKING pc=0x000001df90f27870 sp=0x0000007cb83f98f0
Event: 18.322 Thread 0x000001dfa60be110 DEOPT UNPACKING pc=0x000001df9094d2a2 sp=0x0000007cb83f9888 mode 2
Event: 18.324 Thread 0x000001dfa60be110 Uncommon trap: trap_request=0xffffff45 fr.pc=0x000001df91133b4c relative=0x000000000000038c
Event: 18.324 Thread 0x000001dfa60be110 Uncommon trap: reason=unstable_if action=reinterpret pc=0x000001df91133b4c method=org.gradle.internal.file.FileHierarchySet$Node.isChildOfOrThis(Ljava/lang/String;I)Z @ 89 c2
Event: 18.324 Thread 0x000001dfa60be110 DEOPT PACKING pc=0x000001df91133b4c sp=0x0000007cb83f9910
Event: 18.324 Thread 0x000001dfa60be110 DEOPT UNPACKING pc=0x000001df9094d2a2 sp=0x0000007cb83f9898 mode 2
Event: 18.350 Thread 0x000001dfa60be110 Uncommon trap: trap_request=0xffffff45 fr.pc=0x000001df91182534 relative=0x0000000000000614
Event: 18.350 Thread 0x000001dfa60be110 Uncommon trap: reason=unstable_if action=reinterpret pc=0x000001df91182534 method=java.lang.ThreadLocal$ThreadLocalMap.set(Ljava/lang/ThreadLocal;Ljava/lang/Object;)V @ 125 c2
Event: 18.350 Thread 0x000001dfa60be110 DEOPT PACKING pc=0x000001df91182534 sp=0x0000007cb83faea0
Event: 18.350 Thread 0x000001dfa60be110 DEOPT UNPACKING pc=0x000001df9094d2a2 sp=0x0000007cb83fae50 mode 2
Event: 18.439 Thread 0x000001dfa39d1ee0 DEOPT PACKING pc=0x000001df8982a2fe sp=0x0000007cb98fcf30
Event: 18.439 Thread 0x000001dfa39d1ee0 DEOPT UNPACKING pc=0x000001df9099e462 sp=0x0000007cb98fc4b0 mode 0
Event: 18.447 Thread 0x000001dfa60be110 Uncommon trap: trap_request=0xffffff45 fr.pc=0x000001df91238864 relative=0x00000000000007c4
Event: 18.447 Thread 0x000001dfa60be110 Uncommon trap: reason=unstable_if action=reinterpret pc=0x000001df91238864 method=java.util.concurrent.ConcurrentHashMap.replaceNode(Ljava/lang/Object;Ljava/lang/Object;Ljava/lang/Object;)Ljava/lang/Object; @ 136 c2
Event: 18.447 Thread 0x000001dfa60be110 DEOPT PACKING pc=0x000001df91238864 sp=0x0000007cb83fa380
Event: 18.447 Thread 0x000001dfa60be110 DEOPT UNPACKING pc=0x000001df9094d2a2 sp=0x0000007cb83fa308 mode 2

Classes loaded (20 events):
Event: 17.228 Loading class java/time/temporal/WeekFields
Event: 17.232 Loading class java/time/temporal/WeekFields done
Event: 17.232 Loading class java/time/temporal/WeekFields$ComputedDayOfField
Event: 17.234 Loading class java/time/temporal/WeekFields$ComputedDayOfField done
Event: 17.234 Loading class java/time/Month$1
Event: 17.234 Loading class java/time/Month$1 done
Event: 17.239 Loading class sun/nio/ch/ChannelOutputStream
Event: 17.239 Loading class sun/nio/ch/ChannelOutputStream done
Event: 18.080 Loading class java/util/TreeMap$DescendingSubMap
Event: 18.080 Loading class java/util/TreeMap$NavigableSubMap
Event: 18.081 Loading class java/util/TreeMap$NavigableSubMap done
Event: 18.081 Loading class java/util/TreeMap$DescendingSubMap done
Event: 18.081 Loading class java/util/TreeMap$NavigableSubMap$DescendingSubMapKeyIterator
Event: 18.082 Loading class java/util/TreeMap$NavigableSubMap$SubMapIterator
Event: 18.082 Loading class java/util/TreeMap$NavigableSubMap$SubMapIterator done
Event: 18.082 Loading class java/util/TreeMap$NavigableSubMap$DescendingSubMapKeyIterator done
Event: 18.282 Loading class java/util/TreeMap$KeySpliterator
Event: 18.282 Loading class java/util/TreeMap$TreeMapSpliterator
Event: 18.283 Loading class java/util/TreeMap$TreeMapSpliterator done
Event: 18.283 Loading class java/util/TreeMap$KeySpliterator done

Classes unloaded (0 events):
No events

Classes redefined (0 events):
No events

Internal exceptions (20 events):
Event: 17.326 Thread 0x000001dfa32aff30 Exception <a 'java/lang/ClassNotFoundException'{0x0000000083fe7f10}: org/gradle/api/internal/artifacts/dsl/DefaultRepositoryHandlerBeanInfo> (0x0000000083fe7f10) 
thrown [s\open\src\hotspot\share\classfile\systemDictionary.cpp, line 305]
Event: 17.327 Thread 0x000001dfa32aff30 Exception <a 'java/lang/ClassNotFoundException'{0x0000000083ffa948}: org/gradle/api/internal/artifacts/DefaultArtifactRepositoryContainerBeanInfo> (0x0000000083ffa948) 
thrown [s\open\src\hotspot\share\classfile\systemDictionary.cpp, line 305]
Event: 17.327 Thread 0x000001dfa32aff30 Exception <a 'java/lang/ClassNotFoundException'{0x0000000083e0c228}: org/gradle/api/internal/DefaultNamedDomainObjectListBeanInfo> (0x0000000083e0c228) 
thrown [s\open\src\hotspot\share\classfile\systemDictionary.cpp, line 305]
Event: 17.328 Thread 0x000001dfa32aff30 Exception <a 'java/lang/ClassNotFoundException'{0x0000000083e1de80}: org/gradle/api/internal/DefaultNamedDomainObjectCollectionBeanInfo> (0x0000000083e1de80) 
thrown [s\open\src\hotspot\share\classfile\systemDictionary.cpp, line 305]
Event: 17.329 Thread 0x000001dfa32aff30 Exception <a 'java/lang/ClassNotFoundException'{0x0000000083e2fc90}: org/gradle/api/internal/DefaultDomainObjectCollectionBeanInfo> (0x0000000083e2fc90) 
thrown [s\open\src\hotspot\share\classfile\systemDictionary.cpp, line 305]
Event: 17.330 Thread 0x000001dfa32aff30 Exception <a 'java/lang/ClassNotFoundException'{0x0000000083e41dd0}: org/gradle/api/internal/DefaultDomainObjectCollectionCustomizer> (0x0000000083e41dd0) 
thrown [s\open\src\hotspot\share\classfile\systemDictionary.cpp, line 305]
Event: 17.334 Thread 0x000001dfa32aff30 Exception <a 'java/lang/ClassNotFoundException'{0x0000000083e73690}: org/gradle/api/internal/DefaultNamedDomainObjectCollectionCustomizer> (0x0000000083e73690) 
thrown [s\open\src\hotspot\share\classfile\systemDictionary.cpp, line 305]
Event: 17.339 Thread 0x000001dfa32aff30 Exception <a 'java/lang/ClassNotFoundException'{0x0000000083eabc08}: org/gradle/api/internal/DefaultNamedDomainObjectListCustomizer> (0x0000000083eabc08) 
thrown [s\open\src\hotspot\share\classfile\systemDictionary.cpp, line 305]
Event: 17.343 Thread 0x000001dfa32aff30 Exception <a 'java/lang/ClassNotFoundException'{0x0000000083ed8a08}: org/gradle/api/internal/artifacts/DefaultArtifactRepositoryContainerCustomizer> (0x0000000083ed8a08) 
thrown [s\open\src\hotspot\share\classfile\systemDictionary.cpp, line 305]
Event: 17.345 Thread 0x000001dfa32aff30 Exception <a 'java/lang/ClassNotFoundException'{0x0000000083efd6b8}: org/gradle/api/internal/artifacts/dsl/DefaultRepositoryHandlerCustomizer> (0x0000000083efd6b8) 
thrown [s\open\src\hotspot\share\classfile\systemDictionary.cpp, line 305]
Event: 17.349 Thread 0x000001dfa32aff30 Exception <a 'java/lang/ClassNotFoundException'{0x0000000083d30210}: org/gradle/api/internal/artifacts/dsl/DefaultRepositoryHandler_DecoratedCustomizer> (0x0000000083d30210) 
thrown [s\open\src\hotspot\share\classfile\systemDictionary.cpp, line 305]
Event: 17.360 Thread 0x000001dfa32aff30 Exception <a 'java/lang/ClassNotFoundException'{0x0000000083dc3680}: org/gradle/api/internal/artifacts/dsl/dependencies/DefaultDependencyHandler_DecoratedBeanInfo> (0x0000000083dc3680) 
thrown [s\open\src\hotspot\share\classfile\systemDictionary.cpp, line 305]
Event: 17.361 Thread 0x000001dfa32aff30 Exception <a 'java/lang/ClassNotFoundException'{0x0000000083dd5d48}: org/gradle/api/internal/artifacts/dsl/dependencies/DefaultDependencyHandlerBeanInfo> (0x0000000083dd5d48) 
thrown [s\open\src\hotspot\share\classfile\systemDictionary.cpp, line 305]
Event: 17.362 Thread 0x000001dfa32aff30 Exception <a 'java/lang/ClassNotFoundException'{0x0000000083de83d0}: org/gradle/api/internal/artifacts/dsl/dependencies/DefaultDependencyHandlerCustomizer> (0x0000000083de83d0) 
thrown [s\open\src\hotspot\share\classfile\systemDictionary.cpp, line 305]
Event: 17.364 Thread 0x000001dfa32aff30 Exception <a 'java/lang/ClassNotFoundException'{0x0000000083c237f8}: org/gradle/api/internal/artifacts/dsl/dependencies/DefaultDependencyHandler_DecoratedCustomizer> (0x0000000083c237f8) 
thrown [s\open\src\hotspot\share\classfile\systemDictionary.cpp, line 305]
Event: 17.454 Thread 0x000001dfa32aff30 Exception <a 'java/lang/NoSuchMethodError'{0x0000000089e1f5d8}: 'java.lang.Object java.lang.invoke.DirectMethodHandle$Holder.newInvokeSpecial(java.lang.Object, java.lang.Object, int)'> (0x0000000089e1f5d8) 
thrown [s\open\src\hotspot\share\interpreter\linkResolver.cpp, line 773]
Event: 18.208 Thread 0x000001dfa32aff30 Implicit null exception at 0x000001df910c9bd9 to 0x000001df910c9bfc
Event: 18.249 Thread 0x000001dfa60c3b60 Exception <a 'java/lang/NoSuchMethodError'{0x0000000089a7f010}: 'java.lang.Object java.lang.invoke.Invokers$Holder.linkToTargetMethod(java.lang.Object, java.lang.Object, java.lang.Object, int, java.lang.Object, java.lang.Object)'> (0x0000000089a7f010) 
thrown [s\open\src\hotspot\share\interpreter\linkResolver.cpp, line 773]
Event: 18.322 Thread 0x000001dfa60be110 Implicit null exception at 0x000001df90f276c8 to 0x000001df90f27860
Event: 18.331 Thread 0x000001dfa60be110 Exception <a 'java/lang/NoSuchMethodError'{0x00000000897bc9c0}: 'int java.lang.invoke.DirectMethodHandle$Holder.invokeSpecial(java.lang.Object, java.lang.Object, java.lang.Object, java.lang.Object, java.lang.Object)'> (0x00000000897bc9c0) 
thrown [s\open\src\hotspot\share\interpreter\linkResolver.cpp, line 773]

VM Operations (20 events):
Event: 17.114 Executing VM operation: HandshakeAllThreads
Event: 17.114 Executing VM operation: HandshakeAllThreads done
Event: 17.385 Executing VM operation: G1CollectForAllocation
Event: 17.389 Executing VM operation: G1CollectForAllocation done
Event: 17.893 Executing VM operation: ICBufferFull
Event: 17.894 Executing VM operation: ICBufferFull done
Event: 18.057 Executing VM operation: G1CollectForAllocation
Event: 18.062 Executing VM operation: G1CollectForAllocation done
Event: 18.113 Executing VM operation: G1PauseRemark
Event: 18.117 Executing VM operation: G1PauseRemark done
Event: 18.141 Executing VM operation: G1PauseCleanup
Event: 18.141 Executing VM operation: G1PauseCleanup done
Event: 18.257 Executing VM operation: HandshakeAllThreads
Event: 18.257 Executing VM operation: HandshakeAllThreads done
Event: 18.287 Executing VM operation: HandshakeAllThreads
Event: 18.287 Executing VM operation: HandshakeAllThreads done
Event: 18.329 Executing VM operation: HandshakeAllThreads
Event: 18.330 Executing VM operation: HandshakeAllThreads done
Event: 18.346 Executing VM operation: ICBufferFull
Event: 18.347 Executing VM operation: ICBufferFull done

Events (20 events):
Event: 18.377 Thread 0x000001dfa60c2b70 Thread added: 0x000001dfa60c2b70
Event: 18.378 Thread 0x000001dfa60c3610 Thread added: 0x000001dfa60c3610
Event: 18.378 Thread 0x000001dfa50d95a0 Thread added: 0x000001dfa50d95a0
Event: 18.403 Thread 0x000001dfa50d2610 Thread added: 0x000001dfa50d2610
Event: 18.403 Thread 0x000001dfa39d4960 Thread added: 0x000001dfa39d4960
Event: 18.404 Thread 0x000001dfa39d7930 Thread added: 0x000001dfa39d7930
Event: 18.405 Thread 0x000001dfa39d3420 Thread added: 0x000001dfa39d3420
Event: 18.405 Thread 0x000001dfa39d5400 Thread added: 0x000001dfa39d5400
Event: 18.405 Thread 0x000001dfa39d5950 Thread added: 0x000001dfa39d5950
Event: 18.405 Thread 0x000001dfa39d8920 Thread added: 0x000001dfa39d8920
Event: 18.405 Thread 0x000001dfa39d5ea0 Thread added: 0x000001dfa39d5ea0
Event: 18.406 Thread 0x000001dfa39d1ee0 Thread added: 0x000001dfa39d1ee0
Event: 18.406 Thread 0x000001dfa39d3970 Thread added: 0x000001dfa39d3970
Event: 18.406 Thread 0x000001dfa39d4eb0 Thread added: 0x000001dfa39d4eb0
Event: 18.406 Thread 0x000001dfa39d7e80 Thread added: 0x000001dfa39d7e80
Event: 18.408 Thread 0x000001dfa39d63f0 Thread added: 0x000001dfa39d63f0
Event: 18.410 Thread 0x000001dfa39d6940 Thread added: 0x000001dfa39d6940
Event: 18.410 Thread 0x000001dfa39d6e90 Thread added: 0x000001dfa39d6e90
Event: 18.411 Thread 0x000001dfa39d8e70 Thread added: 0x000001dfa39d8e70
Event: 18.411 Thread 0x000001dfa39d93c0 Thread added: 0x000001dfa39d93c0


Dynamic libraries:
0x00007ff711700000 - 0x00007ff711710000 	C:\Program Files\Java\jdk-20\bin\java.exe
0x00007ffed0050000 - 0x00007ffed0248000 	C:\WINDOWS\SYSTEM32\ntdll.dll
0x00007ffece2e0000 - 0x00007ffece39f000 	C:\WINDOWS\System32\KERNEL32.DLL
0x00007ffecda40000 - 0x00007ffecdd12000 	C:\WINDOWS\System32\KERNELBASE.dll
0x00007ffecde10000 - 0x00007ffecdf10000 	C:\WINDOWS\System32\ucrtbase.dll
0x00007ffec4290000 - 0x00007ffec42a9000 	C:\Program Files\Java\jdk-20\bin\jli.dll
0x00007ffebb500000 - 0x00007ffebb51b000 	C:\Program Files\Java\jdk-20\bin\VCRUNTIME140.dll
0x00007ffece430000 - 0x00007ffece4de000 	C:\WINDOWS\System32\ADVAPI32.dll
0x00007ffecfec0000 - 0x00007ffecff5e000 	C:\WINDOWS\System32\msvcrt.dll
0x00007ffecfcc0000 - 0x00007ffecfd5c000 	C:\WINDOWS\System32\sechost.dll
0x00007ffecfd60000 - 0x00007ffecfe84000 	C:\WINDOWS\System32\RPCRT4.dll
0x00007ffecf6f0000 - 0x00007ffecf891000 	C:\WINDOWS\System32\USER32.dll
0x00007ffece070000 - 0x00007ffece092000 	C:\WINDOWS\System32\win32u.dll
0x00007ffeb3fd0000 - 0x00007ffeb426a000 	C:\WINDOWS\WinSxS\amd64_microsoft.windows.common-controls_6595b64144ccf1df_6.0.19041.1110_none_60b5254171f9507e\COMCTL32.dll
0x00007ffece1d0000 - 0x00007ffece1fb000 	C:\WINDOWS\System32\GDI32.dll
0x00007ffecd930000 - 0x00007ffecda3f000 	C:\WINDOWS\System32\gdi32full.dll
0x00007ffecdd70000 - 0x00007ffecde0d000 	C:\WINDOWS\System32\msvcp_win.dll
0x00007ffec3b30000 - 0x00007ffec3b3a000 	C:\WINDOWS\SYSTEM32\VERSION.dll
0x00007ffecfe90000 - 0x00007ffecfec0000 	C:\WINDOWS\System32\IMM32.DLL
0x000001dffe960000 - 0x000001dffe974000 	C:\WINDOWS\System32\umppc16606.dll
0x00007ffeca650000 - 0x00007ffeca65c000 	C:\Program Files\Java\jdk-20\bin\vcruntime140_1.dll
0x00007ffe8d980000 - 0x00007ffe8da0e000 	C:\Program Files\Java\jdk-20\bin\msvcp140.dll
0x00007ffe837b0000 - 0x00007ffe84447000 	C:\Program Files\Java\jdk-20\bin\server\jvm.dll
0x00007ffebc8c0000 - 0x00007ffebc8c9000 	C:\WINDOWS\SYSTEM32\WSOCK32.dll
0x00007ffece150000 - 0x00007ffece1bb000 	C:\WINDOWS\System32\WS2_32.dll
0x00007ffeaffd0000 - 0x00007ffeafff7000 	C:\WINDOWS\SYSTEM32\WINMM.dll
0x00007ffecbf60000 - 0x00007ffecbf72000 	C:\WINDOWS\SYSTEM32\kernel.appcore.dll
0x00007ffeca530000 - 0x00007ffeca53a000 	C:\Program Files\Java\jdk-20\bin\jimage.dll
0x00007ffecbc20000 - 0x00007ffecbe04000 	C:\WINDOWS\SYSTEM32\DBGHELP.DLL
0x00007ffeaa260000 - 0x00007ffeaa295000 	C:\WINDOWS\SYSTEM32\dbgcore.DLL
0x00007ffecd750000 - 0x00007ffecd7d2000 	C:\WINDOWS\System32\bcryptPrimitives.dll
0x00007ffeb2eb0000 - 0x00007ffeb2ed6000 	C:\Program Files\Java\jdk-20\bin\java.dll
0x00007ffe875d0000 - 0x00007ffe876a7000 	C:\Program Files\Java\jdk-20\bin\jsvml.dll
0x00007ffece540000 - 0x00007ffecec85000 	C:\WINDOWS\System32\SHELL32.dll
0x00007ffecb3b0000 - 0x00007ffecbb42000 	C:\WINDOWS\SYSTEM32\windows.storage.dll
0x00007ffecec90000 - 0x00007ffecefe5000 	C:\WINDOWS\System32\combase.dll
0x00007ffecd0d0000 - 0x00007ffecd100000 	C:\WINDOWS\SYSTEM32\Wldp.dll
0x00007ffece0a0000 - 0x00007ffece14d000 	C:\WINDOWS\System32\SHCORE.dll
0x00007ffecfb10000 - 0x00007ffecfb65000 	C:\WINDOWS\System32\shlwapi.dll
0x00007ffecd690000 - 0x00007ffecd6af000 	C:\WINDOWS\SYSTEM32\profapi.dll
0x00007ffeb3940000 - 0x00007ffeb3953000 	C:\Program Files\Java\jdk-20\bin\net.dll
0x00007ffec7630000 - 0x00007ffec773a000 	C:\WINDOWS\SYSTEM32\WINHTTP.dll
0x00007ffecceb0000 - 0x00007ffeccf1a000 	C:\WINDOWS\system32\mswsock.dll
0x00007ffeb2e90000 - 0x00007ffeb2ea6000 	C:\Program Files\Java\jdk-20\bin\nio.dll
0x00007ffeb2e70000 - 0x00007ffeb2e88000 	C:\Program Files\Java\jdk-20\bin\zip.dll
0x00007ffec4260000 - 0x00007ffec4270000 	C:\Program Files\Java\jdk-20\bin\verify.dll
0x00007ffe8dc20000 - 0x00007ffe8dc47000 	C:\Users\mdaahmed\.gradle\native\e1d6ef7f7dcc3fd88c89a11ec53ec762bb8ba0a96d01ffa2cd45eb1d1d8dd5c5\windows-amd64\native-platform.dll
0x00007ffe86d70000 - 0x00007ffe86eb4000 	C:\Users\mdaahmed\.gradle\native\0d407fdbe67a94daf76414ababcb853783967236a71b16ec16e742cd7a986fd3\windows-amd64\native-platform-file-events.dll
0x00007ffeb3af0000 - 0x00007ffeb3afa000 	C:\Program Files\Java\jdk-20\bin\management.dll
0x00007ffea6340000 - 0x00007ffea634b000 	C:\Program Files\Java\jdk-20\bin\management_ext.dll
0x00007ffecf6e0000 - 0x00007ffecf6e8000 	C:\WINDOWS\System32\PSAPI.DLL
0x00007ffecd110000 - 0x00007ffecd128000 	C:\WINDOWS\SYSTEM32\CRYPTSP.dll
0x00007ffecc780000 - 0x00007ffecc7b4000 	C:\WINDOWS\system32\rsaenh.dll
0x00007ffecd850000 - 0x00007ffecd877000 	C:\WINDOWS\System32\bcrypt.dll
0x00007ffecd650000 - 0x00007ffecd67e000 	C:\WINDOWS\SYSTEM32\USERENV.dll
0x00007ffecd040000 - 0x00007ffecd04c000 	C:\WINDOWS\SYSTEM32\CRYPTBASE.dll
0x00007ffeccb70000 - 0x00007ffeccbab000 	C:\WINDOWS\SYSTEM32\IPHLPAPI.DLL
0x00007ffece1c0000 - 0x00007ffece1c8000 	C:\WINDOWS\System32\NSI.dll
0x00007ffec5770000 - 0x00007ffec5787000 	C:\WINDOWS\SYSTEM32\dhcpcsvc6.DLL
0x00007ffec5750000 - 0x00007ffec576d000 	C:\WINDOWS\SYSTEM32\dhcpcsvc.DLL
0x00007ffeccbc0000 - 0x00007ffeccc8b000 	C:\WINDOWS\SYSTEM32\DNSAPI.dll
0x00007ffea6270000 - 0x00007ffea6277000 	C:\Program Files\Java\jdk-20\bin\extnet.dll
0x00007ffea6260000 - 0x00007ffea626e000 	C:\Program Files\Java\jdk-20\bin\sunmscapi.dll
0x00007ffecdf10000 - 0x00007ffece066000 	C:\WINDOWS\System32\CRYPT32.dll
0x00007ffecd220000 - 0x00007ffecd247000 	C:\WINDOWS\SYSTEM32\ncrypt.dll
0x00007ffecd1e0000 - 0x00007ffecd21b000 	C:\WINDOWS\SYSTEM32\NTASN1.dll
0x00007ffea60b0000 - 0x00007ffea60b7000 	C:\WINDOWS\system32\wshunix.dll
0x000000006cbd0000 - 0x000000006cbf6000 	C:\Program Files\Bonjour\mdnsNSP.dll
0x00007ffec6d80000 - 0x00007ffec6d8a000 	C:\Windows\System32\rasadhlp.dll
0x00007ffec6770000 - 0x00007ffec67f0000 	C:\WINDOWS\System32\fwpuclnt.dll

dbghelp: loaded successfully - version: 4.0.5 - missing functions: none
symbol engine: initialized successfully - sym options: 0x614 - pdb path: .;C:\Program Files\Java\jdk-20\bin;C:\WINDOWS\SYSTEM32;C:\WINDOWS\WinSxS\amd64_microsoft.windows.common-controls_6595b64144ccf1df_6.0.19041.1110_none_60b5254171f9507e;C:\Program Files\Java\jdk-20\bin\server;C:\Users\mdaahmed\.gradle\native\e1d6ef7f7dcc3fd88c89a11ec53ec762bb8ba0a96d01ffa2cd45eb1d1d8dd5c5\windows-amd64;C:\Users\mdaahmed\.gradle\native\0d407fdbe67a94daf76414ababcb853783967236a71b16ec16e742cd7a986fd3\windows-amd64;C:\Program Files\Bonjour

VM Arguments:
jvm_args: -XX:MaxMetaspaceSize=512m --add-opens=java.base/java.util=ALL-UNNAMED --add-opens=java.base/java.lang=ALL-UNNAMED --add-opens=java.base/java.lang.invoke=ALL-UNNAMED --add-opens=java.base/java.util=ALL-UNNAMED --add-opens=java.prefs/java.util.prefs=ALL-UNNAMED --add-opens=java.prefs/java.util.prefs=ALL-UNNAMED --add-opens=java.base/java.nio.charset=ALL-UNNAMED --add-opens=java.base/java.net=ALL-UNNAMED --add-opens=java.base/java.util.concurrent.atomic=ALL-UNNAMED -Xmx2048m -Dfile.encoding=UTF-8 -Duser.country=IN -Duser.language=en -Duser.variant 
java_command: org.gradle.launcher.daemon.bootstrap.GradleDaemon 7.5.1
java_class_path (initial): C:\Users\mdaahmed\.gradle\wrapper\dists\gradle-7.5.1-all\1ehga6e77gqps5uk2kc5kf1vc\gradle-7.5.1\lib\gradle-launcher-7.5.1.jar
Launcher Type: SUN_STANDARD

[Global flags]
     intx CICompilerCount                          = 4                                         {product} {ergonomic}
   size_t CompressedClassSpaceSize                 = 432013312                                 {product} {ergonomic}
     uint ConcGCThreads                            = 2                                         {product} {ergonomic}
     uint G1ConcRefinementThreads                  = 8                                         {product} {ergonomic}
   size_t G1HeapRegionSize                         = 1048576                                   {product} {ergonomic}
    uintx GCDrainStackTargetSize                   = 64                                        {product} {ergonomic}
   size_t InitialHeapSize                          = 264241152                                 {product} {ergonomic}
   size_t MarkStackSize                            = 4194304                                   {product} {ergonomic}
   size_t MaxHeapSize                              = 2147483648                                {product} {command line}
   size_t MaxMetaspaceSize                         = 536870912                                 {product} {command line}
   size_t MaxNewSize                               = 1287651328                                {product} {ergonomic}
   size_t MinHeapDeltaBytes                        = 1048576                                   {product} {ergonomic}
   size_t MinHeapSize                              = 8388608                                   {product} {ergonomic}
    uintx NonNMethodCodeHeapSize                   = 5839372                                {pd product} {ergonomic}
    uintx NonProfiledCodeHeapSize                  = 122909434                              {pd product} {ergonomic}
    uintx ProfiledCodeHeapSize                     = 122909434                              {pd product} {ergonomic}
    uintx ReservedCodeCacheSize                    = 251658240                              {pd product} {ergonomic}
     bool SegmentedCodeCache                       = true                                      {product} {ergonomic}
   size_t SoftMaxHeapSize                          = 2147483648                             {manageable} {ergonomic}
     bool UseCompressedClassPointers               = true                           {product lp64_product} {ergonomic}
     bool UseCompressedOops                        = true                           {product lp64_product} {ergonomic}
     bool UseG1GC                                  = true                                      {product} {ergonomic}
     bool UseLargePagesIndividualAllocation        = false                                  {pd product} {ergonomic}

Logging:
Log output configuration:
 #0: stdout all=warning uptime,level,tags foldmultilines=false
 #1: stderr all=off uptime,level,tags foldmultilines=false

Environment Variables:
CLASSPATH=C:\Users\mdaahmed\Desktop\Capstone\PokemonApps\android\\gradle\wrapper\gradle-wrapper.jar
PATH=C:\Users\mdaahmed\Desktop\Capstone\PokemonApps\android\node_modules\.bin;C:\Users\mdaahmed\Desktop\Capstone\PokemonApps\node_modules\.bin;C:\Users\mdaahmed\Desktop\Capstone\node_modules\.bin;C:\Users\mdaahmed\Desktop\node_modules\.bin;C:\Users\mdaahmed\node_modules\.bin;C:\Users\node_modules\.bin;C:\node_modules\.bin;C:\Program Files\nodejs;C:\Users\mdaahmed\Desktop\Capstone\PokemonApps\node_modules\.bin;C:\Users\mdaahmed\Desktop\Capstone\PokemonApps\node_modules\.bin;C:\Users\mdaahmed\Desktop\Capstone\node_modules\.bin;C:\Users\mdaahmed\Desktop\node_modules\.bin;C:\Users\mdaahmed\node_modules\.bin;C:\Users\node_modules\.bin;C:\node_modules\.bin;C:\Users\mdaahmed\AppData\Roaming\npm\node_modules\npm\node_modules\@npmcli\run-script\lib\node-gyp-bin;C:\Program Files\Common Files\Oracle\Java\javapath;C:\Program Files (x86)\Common Files\Oracle\Java\javapath;C:\WINDOWS\system32;C:\WINDOWS;C:\WINDOWS\System32\Wbem;C:\WINDOWS\System32\WindowsPowerShell\v1.0\;C:\WINDOWS\System32\OpenSSH\;C:\Program Files (x86)\Box\Box Edit\;C:\Program Files\Git\cmd;C:\Program Files\MongoDB\Server\5.0\bin;C:\Users\mdaahmed\AppData\Local\Android\Sdk;C:\Program Files\Java\jdk-20\bin;C:\Users\mdaahmed\AppData\Local\Android\Sdk;C:\Users\mdaahmed\AppData\Local\Android\Sdk\platform-tools;C:\Program Files\nodejs\;C:\Users\mdaahmed\AppData\Local\Android\Sdk\platforms;C:\Users\mdaahmed\AppData\Local\Microsoft\WindowsApps;C:\Users\mdaahmed\AppData\Local\Programs\Microsoft VS Code\bin;C:\Users\mdaahmed\AppData\Local\Android\Sdk;C:\Program Files\Java\jdk-20\bin;C:\Users\mdaahmed\AppData\Local\Android\Sdk\platform-tools;C:\Users\mdaahmed\AppData\Local\Android\Sdk;C:\Users\mdaahmed\AppData\Roaming\npm;C:\Users\mdaahmed\AppData\Local\Android\Sdk\platforms;
USERNAME=mdaahmed
OS=Windows_NT
PROCESSOR_IDENTIFIER=Intel64 Family 6 Model 140 Stepping 1, GenuineIntel
TMP=C:\Users\mdaahmed\AppData\Local\Temp
TEMP=C:\Users\mdaahmed\AppData\Local\Temp




---------------  S Y S T E M  ---------------

OS:
 Windows 10 , 64 bit Build 19041 (10.0.19041.2546)
OS uptime: 4 days 8:24 hours
Hyper-V role detected

CPU: total 8 (initial active 8) (4 cores per cpu, 2 threads per core) family 6 model 140 stepping 1 microcode 0x8a, cx8, cmov, fxsr, ht, mmx, 3dnowpref, sse, sse2, sse3, ssse3, sse4.1, sse4.2, popcnt, lzcnt, tsc, tscinvbit, avx, avx2, aes, erms, clmul, bmi1, bmi2, adx, avx512f, avx512dq, avx512cd, avx512bw, avx512vl, sha, fma, vzeroupper, avx512_vpopcntdq, avx512_vpclmulqdq, avx512_vaes, avx512_vnni, clflush, clflushopt, clwb, avx512_vbmi2, avx512_vbmi, hv, rdtscp, rdpid, fsrm, gfni, avx512_bitalg, f16c, cet_ibt, cet_ss, avx512_ifma

Memory: 4k page, system-wide physical 16064M (1648M free)
TotalPageFile size 46471M (AvailPageFile size 3M)
current process WorkingSet (physical memory assigned to process): 317M, peak: 317M
current process commit charge ("private bytes"): 367M, peak: 449M

vm_info: Java HotSpot(TM) 64-Bit Server VM (20+36-2344) for windows-amd64 JRE (20+36-2344), built on 2023-02-10T19:30:15Z by "mach5one" with MS VC++ 17.1 (VS2022)

END.
