#
# There is insufficient memory for the Java Runtime Environment to continue.
# Native memory allocation (malloc) failed to allocate 521776 bytes for Chunk::new
# Possible reasons:
#   The system is out of physical RAM or swap space
#   The process is running with CompressedOops enabled, and the Java Heap may be blocking the growth of the native heap
# Possible solutions:
#   Reduce memory load on the system
#   Increase physical memory or swap space
#   Check if swap backing store is full
#   Decrease Java heap size (-Xmx/-Xms)
#   Decrease number of Java threads
#   Decrease Java thread stack sizes (-Xss)
#   Set larger code cache with -XX:ReservedCodeCacheSize=
#   JVM is running with Unscaled Compressed Oops mode in which the Java heap is
#     placed in the first 4GB address space. The Java Heap base address is the
#     maximum limit for the native heap growth. Please use -XX:HeapBaseMinAddress
#     to set the Java Heap base and to place the Java Heap above 4GB virtual address.
# This output file may be truncated or incomplete.
#
#  Out of Memory Error (src/hotspot/share/memory/arena.cpp:197), pid=25496, tid=4952
#
# JRE version: OpenJDK Runtime Environment (11.0.15) (build 11.0.15+0-b2043.56-9505619)
# Java VM: OpenJDK 64-Bit Server VM (11.0.15+0-b2043.56-9505619, mixed mode, tiered, compressed oops, g1 gc, windows-amd64)
# No core dump will be written. Minidumps are not enabled by default on client versions of Windows
#

---------------  S U M M A R Y ------------

Command Line: -XX:MaxMetaspaceSize=512m --add-opens=java.base/java.util=ALL-UNNAMED --add-opens=java.base/java.lang=ALL-UNNAMED --add-opens=java.base/java.lang.invoke=ALL-UNNAMED --add-opens=java.base/java.util=ALL-UNNAMED --add-opens=java.prefs/java.util.prefs=ALL-UNNAMED --add-opens=java.prefs/java.util.prefs=ALL-UNNAMED --add-opens=java.base/java.nio.charset=ALL-UNNAMED --add-opens=java.base/java.net=ALL-UNNAMED --add-opens=java.base/java.util.concurrent.atomic=ALL-UNNAMED -Xmx2048m -Dfile.encoding=windows-1252 -Duser.country=IN -Duser.language=en -Duser.variant org.gradle.launcher.daemon.bootstrap.GradleDaemon 7.5.1

Host: 11th Gen Intel(R) Core(TM) i7-1185G7 @ 3.00GHz, 8 cores, 15G,  Windows 10 , 64 bit Build 19041 (10.0.19041.2546)
Time: Mon May  1 20:58:09 2023 India Standard Time elapsed time: 38.634571 seconds (0d 0h 0m 38s)

---------------  T H R E A D  ---------------

Current thread (0x00000225a3d00000):  JavaThread "C2 CompilerThread0" daemon [_thread_in_native, id=4952, stack(0x0000006a6e300000,0x0000006a6e400000)]


Current CompileTask:
C2:  38634 15847       4       org.gradle.internal.snapshot.DirectorySnapshot::<init> (41 bytes)

Stack: [0x0000006a6e300000,0x0000006a6e400000]
Native frames: (J=compiled Java code, j=interpreted, Vv=VM code, C=native code)
V  [jvm.dll+0x64135a]
V  [jvm.dll+0x7d39f9]
V  [jvm.dll+0x7d51b9]
V  [jvm.dll+0x7d58a3]
V  [jvm.dll+0x2691c5]
V  [jvm.dll+0xc1a5c]
V  [jvm.dll+0xc200c]
V  [jvm.dll+0x3774a7]
V  [jvm.dll+0x342495]
V  [jvm.dll+0x34186a]
V  [jvm.dll+0x2214bd]
V  [jvm.dll+0x220498]
V  [jvm.dll+0x19e851]
V  [jvm.dll+0x230479]
V  [jvm.dll+0x22e5ef]
V  [jvm.dll+0x794de1]
V  [jvm.dll+0x78dc24]
V  [jvm.dll+0x6400f6]
C  [ucrtbase.dll+0x21bb2]
C  [KERNEL32.DLL+0x17614]
C  [ntdll.dll+0x526a1]


---------------  P R O C E S S  ---------------

Threads class SMR info:
_java_thread_list=0x00000225aaad8c00, length=149, elements={
0x0000022588750800, 0x00000225a3c8c000, 0x00000225a3c95000, 0x00000225a3cf4800,
0x00000225a3cf5000, 0x00000225a3cf9000, 0x00000225a3d00000, 0x00000225a3d01000,
0x00000225a3d02000, 0x00000225a3e71000, 0x00000225a612c000, 0x00000225a4029000,
0x00000225a50f2000, 0x00000225a66b1800, 0x00000225a65d8000, 0x00000225a6fba000,
0x00000225a64ac000, 0x00000225a6413000, 0x00000225a614c800, 0x00000225a6809800,
0x00000225a698e000, 0x00000225a698b800, 0x00000225a698a000, 0x00000225a698f800,
0x00000225a698f000, 0x00000225a6990800, 0x00000225a698a800, 0x00000225a698c800,
0x00000225a698d000, 0x00000225a7594800, 0x00000225a7595000, 0x00000225a7596000,
0x00000225a7592000, 0x00000225a7597000, 0x00000225a7593000, 0x00000225a7591000,
0x00000225a7597800, 0x00000225a7598800, 0x00000225a7593800, 0x00000225a759a000,
0x00000225a759f000, 0x00000225a759d800, 0x00000225a759e000, 0x00000225a759c800,
0x00000225a759b000, 0x00000225a7599800, 0x00000225a759b800, 0x00000225a7859000,
0x00000225a785a800, 0x00000225a785a000, 0x00000225a7856800, 0x00000225a7857800,
0x00000225a7858800, 0x00000225a785b800, 0x00000225a7856000, 0x00000225a7862000,
0x00000225a785e000, 0x00000225a7861000, 0x00000225a785f800, 0x00000225a785c800,
0x00000225a7860800, 0x00000225a785f000, 0x00000225a7863000, 0x00000225a785d000,
0x00000225a7863800, 0x00000225a7864800, 0x00000225a78a6800, 0x00000225a78a4000,
0x00000225a78a4800, 0x00000225a78a7000, 0x00000225a78a5800, 0x00000225a78a2000,
0x00000225a78a8000, 0x00000225a78a8800, 0x00000225a78a3000, 0x00000225a78ad800,
0x00000225a78af800, 0x00000225a78ab000, 0x00000225a78ac000, 0x00000225a78ae800,
0x00000225a78a9800, 0x00000225a78ad000, 0x00000225a78b0000, 0x00000225a78aa800,
0x00000225a78b1000, 0x00000225a644f800, 0x00000225a6453000, 0x00000225a6451800,
0x00000225a6453800, 0x00000225a644e000, 0x00000225a6452000, 0x00000225a6450800,
0x00000225a6454800, 0x00000225a644f000, 0x00000225a6457000, 0x00000225a6458800,
0x00000225a6455800, 0x00000225a645a800, 0x00000225a6459800, 0x00000225a645b000,
0x00000225a645c000, 0x00000225a6456000, 0x00000225a6458000, 0x00000225a645c800,
0x00000225a481f800, 0x00000225a481e000, 0x00000225a4820800, 0x00000225a4821800,
0x00000225a481f000, 0x00000225a4822000, 0x00000225a4823000, 0x00000225a481d000,
0x00000225a4826000, 0x00000225a4828800, 0x00000225a4829800, 0x00000225a4825800,
0x00000225a4827000, 0x00000225a4828000, 0x00000225a4824000, 0x00000225a482a800,
0x00000225a4824800, 0x00000225a482b000, 0x00000225a7046800, 0x00000225a7048000,
0x00000225a704a000, 0x00000225a704d000, 0x00000225a704a800, 0x00000225a7047800,
0x00000225a704b800, 0x00000225a704e000, 0x00000225a704f000, 0x00000225a704c800,
0x00000225a7049000, 0x00000225a704f800, 0x00000225a7053800, 0x00000225a7054800,
0x00000225a7050800, 0x00000225a7053000, 0x00000225a7055800, 0x00000225a7052000,
0x00000225a7051000, 0x00000225a481c800, 0x00000225ac826800, 0x00000225ac825800,
0x00000225ac829000, 0x00000225ac825000, 0x00000225ac828000, 0x00000225ac829800,
0x00000225ac82a800
}

Java Threads: ( => current thread )
  0x0000022588750800 JavaThread "main" [_thread_blocked, id=8456, stack(0x0000006a6d700000,0x0000006a6d800000)]
  0x00000225a3c8c000 JavaThread "Reference Handler" daemon [_thread_blocked, id=22716, stack(0x0000006a6de00000,0x0000006a6df00000)]
  0x00000225a3c95000 JavaThread "Finalizer" daemon [_thread_blocked, id=19512, stack(0x0000006a6df00000,0x0000006a6e000000)]
  0x00000225a3cf4800 JavaThread "Signal Dispatcher" daemon [_thread_blocked, id=3092, stack(0x0000006a6e000000,0x0000006a6e100000)]
  0x00000225a3cf5000 JavaThread "Attach Listener" daemon [_thread_blocked, id=4024, stack(0x0000006a6e100000,0x0000006a6e200000)]
  0x00000225a3cf9000 JavaThread "Service Thread" daemon [_thread_blocked, id=11140, stack(0x0000006a6e200000,0x0000006a6e300000)]
=>0x00000225a3d00000 JavaThread "C2 CompilerThread0" daemon [_thread_in_native, id=4952, stack(0x0000006a6e300000,0x0000006a6e400000)]
  0x00000225a3d01000 JavaThread "C1 CompilerThread0" daemon [_thread_blocked, id=10504, stack(0x0000006a6e400000,0x0000006a6e500000)]
  0x00000225a3d02000 JavaThread "Sweeper thread" daemon [_thread_blocked, id=19284, stack(0x0000006a6e500000,0x0000006a6e600000)]
  0x00000225a3e71000 JavaThread "Common-Cleaner" daemon [_thread_blocked, id=20412, stack(0x0000006a6e600000,0x0000006a6e700000)]
  0x00000225a612c000 JavaThread "Daemon health stats" [_thread_blocked, id=26888, stack(0x0000006a6ef00000,0x0000006a6f000000)]
  0x00000225a4029000 JavaThread "Incoming local TCP Connector on port 55138" [_thread_in_native, id=18872, stack(0x0000006a6e800000,0x0000006a6e900000)]
  0x00000225a50f2000 JavaThread "Daemon periodic checks" [_thread_blocked, id=22248, stack(0x0000006a6e900000,0x0000006a6ea00000)]
  0x00000225a66b1800 JavaThread "Daemon" [_thread_blocked, id=18680, stack(0x0000006a6f000000,0x0000006a6f100000)]
  0x00000225a65d8000 JavaThread "Handler for socket connection from /127.0.0.1:55138 to /127.0.0.1:55139" [_thread_in_native, id=20024, stack(0x0000006a6f100000,0x0000006a6f200000)]
  0x00000225a6fba000 JavaThread "Cancel handler" [_thread_blocked, id=3236, stack(0x0000006a6f200000,0x0000006a6f300000)]
  0x00000225a64ac000 JavaThread "Daemon worker" [_thread_blocked, id=18596, stack(0x0000006a6f300000,0x0000006a6f400000)]
  0x00000225a6413000 JavaThread "Asynchronous log dispatcher for DefaultDaemonConnection: socket connection from /127.0.0.1:55138 to /127.0.0.1:55139" [_thread_blocked, id=23564, stack(0x0000006a6f400000,0x0000006a6f500000)]
  0x00000225a614c800 JavaThread "Stdin handler" [_thread_blocked, id=17816, stack(0x0000006a6f500000,0x0000006a6f600000)]
  0x00000225a6809800 JavaThread "Daemon client event forwarder" [_thread_blocked, id=19116, stack(0x0000006a6f600000,0x0000006a6f700000)]
  0x00000225a698e000 JavaThread "Cache worker for journal cache (C:\Users\mdaahmed\.gradle\caches\journal-1)" [_thread_blocked, id=15388, stack(0x0000006a6f700000,0x0000006a6f800000)]
  0x00000225a698b800 JavaThread "File lock request listener" [_thread_in_native, id=1276, stack(0x0000006a6f800000,0x0000006a6f900000)]
  0x00000225a698a000 JavaThread "Cache worker for file hash cache (C:\Users\mdaahmed\.gradle\caches\7.5.1\fileHashes)" [_thread_blocked, id=10244, stack(0x0000006a6f900000,0x0000006a6fa00000)]
  0x00000225a698f800 JavaThread "File watcher server" daemon [_thread_in_native, id=23500, stack(0x0000006a6ff00000,0x0000006a70000000)]
  0x00000225a698f000 JavaThread "File watcher consumer" daemon [_thread_blocked, id=5244, stack(0x0000006a70000000,0x0000006a70100000)]
  0x00000225a6990800 JavaThread "Cache worker for checksums cache (C:\Users\mdaahmed\Desktop\Capstone\PokemonApps\android\.gradle\7.5.1\checksums)" [_thread_blocked, id=9696, stack(0x0000006a70100000,0x0000006a70200000)]
  0x00000225a698a800 JavaThread "Cache worker for cache directory md-rule (C:\Users\mdaahmed\.gradle\caches\7.5.1\md-rule)" [_thread_blocked, id=11948, stack(0x0000006a70200000,0x0000006a70300000)]
  0x00000225a698c800 JavaThread "Cache worker for file content cache (C:\Users\mdaahmed\.gradle\caches\7.5.1\fileContent)" [_thread_blocked, id=13736, stack(0x0000006a70300000,0x0000006a70400000)]
  0x00000225a698d000 JavaThread "Cache worker for file hash cache (C:\Users\mdaahmed\Desktop\Capstone\PokemonApps\android\.gradle\7.5.1\fileHashes)" [_thread_blocked, id=27728, stack(0x0000006a70400000,0x0000006a70500000)]
  0x00000225a7594800 JavaThread "Cache worker for cache directory md-supplier (C:\Users\mdaahmed\.gradle\caches\7.5.1\md-supplier)" [_thread_blocked, id=9824, stack(0x0000006a70500000,0x0000006a70600000)]
  0x00000225a7595000 JavaThread "Cache worker for execution history cache (C:\Users\mdaahmed\.gradle\caches\7.5.1\executionHistory)" [_thread_blocked, id=752, stack(0x0000006a70600000,0x0000006a70700000)]
  0x00000225a7596000 JavaThread "jar transforms" [_thread_blocked, id=19964, stack(0x0000006a70700000,0x0000006a70800000)]
  0x00000225a7592000 JavaThread "jar transforms Thread 2" [_thread_blocked, id=20136, stack(0x0000006a70800000,0x0000006a70900000)]
  0x00000225a7597000 JavaThread "jar transforms Thread 3" [_thread_blocked, id=31616, stack(0x0000006a70900000,0x0000006a70a00000)]
  0x00000225a7593000 JavaThread "jar transforms Thread 4" [_thread_blocked, id=28160, stack(0x0000006a70a00000,0x0000006a70b00000)]
  0x00000225a7591000 JavaThread "jar transforms Thread 5" [_thread_blocked, id=14908, stack(0x0000006a70b00000,0x0000006a70c00000)]
  0x00000225a7597800 JavaThread "jar transforms Thread 6" [_thread_blocked, id=8224, stack(0x0000006a70c00000,0x0000006a70d00000)]
  0x00000225a7598800 JavaThread "Cache worker for kotlin-dsl (C:\Users\mdaahmed\.gradle\caches\7.5.1\kotlin-dsl)" [_thread_blocked, id=12252, stack(0x0000006a70d00000,0x0000006a70e00000)]
  0x00000225a7593800 JavaThread "jar transforms Thread 7" [_thread_blocked, id=11556, stack(0x0000006a70e00000,0x0000006a70f00000)]
  0x00000225a759a000 JavaThread "jar transforms Thread 8" [_thread_blocked, id=30860, stack(0x0000006a70f00000,0x0000006a71000000)]
  0x00000225a759f000 JavaThread "Cache worker for dependencies-accessors (C:\Users\mdaahmed\Desktop\Capstone\PokemonApps\android\.gradle\7.5.1\dependencies-accessors)" [_thread_blocked, id=26044, stack(0x0000006a71000000,0x0000006a71100000)]
  0x00000225a759d800 JavaThread "Cache worker for Build Output Cleanup Cache (C:\Users\mdaahmed\Desktop\Capstone\PokemonApps\node_modules\react-native-gradle-plugin\.gradle\buildOutputCleanup)" [_thread_blocked, id=8800, stack(0x0000006a71100000,0x0000006a71200000)]
  0x00000225a759e000 JavaThread "Unconstrained build operations" [_thread_blocked, id=21212, stack(0x0000006a71200000,0x0000006a71300000)]
  0x00000225a759c800 JavaThread "Unconstrained build operations Thread 2" [_thread_blocked, id=14536, stack(0x0000006a71300000,0x0000006a71400000)]
  0x00000225a759b000 JavaThread "Unconstrained build operations Thread 3" [_thread_blocked, id=6548, stack(0x0000006a71400000,0x0000006a71500000)]
  0x00000225a7599800 JavaThread "Unconstrained build operations Thread 4" [_thread_blocked, id=28740, stack(0x0000006a71500000,0x0000006a71600000)]
  0x00000225a759b800 JavaThread "Unconstrained build operations Thread 5" [_thread_blocked, id=17092, stack(0x0000006a71600000,0x0000006a71700000)]
  0x00000225a7859000 JavaThread "Unconstrained build operations Thread 6" [_thread_blocked, id=5296, stack(0x0000006a71700000,0x0000006a71800000)]
  0x00000225a785a800 JavaThread "Unconstrained build operations Thread 7" [_thread_blocked, id=14856, stack(0x0000006a71800000,0x0000006a71900000)]
  0x00000225a785a000 JavaThread "Unconstrained build operations Thread 8" [_thread_blocked, id=11768, stack(0x0000006a71900000,0x0000006a71a00000)]
  0x00000225a7856800 JavaThread "Unconstrained build operations Thread 9" [_thread_blocked, id=11764, stack(0x0000006a71a00000,0x0000006a71b00000)]
  0x00000225a7857800 JavaThread "Unconstrained build operations Thread 10" [_thread_blocked, id=23712, stack(0x0000006a71b00000,0x0000006a71c00000)]
  0x00000225a7858800 JavaThread "Unconstrained build operations Thread 11" [_thread_blocked, id=17060, stack(0x0000006a71c00000,0x0000006a71d00000)]
  0x00000225a785b800 JavaThread "Unconstrained build operations Thread 12" [_thread_blocked, id=23480, stack(0x0000006a71d00000,0x0000006a71e00000)]
  0x00000225a7856000 JavaThread "Unconstrained build operations Thread 13" [_thread_blocked, id=10616, stack(0x0000006a71e00000,0x0000006a71f00000)]
  0x00000225a7862000 JavaThread "Unconstrained build operations Thread 14" [_thread_blocked, id=25916, stack(0x0000006a71f00000,0x0000006a72000000)]
  0x00000225a785e000 JavaThread "Unconstrained build operations Thread 15" [_thread_blocked, id=16124, stack(0x0000006a72000000,0x0000006a72100000)]
  0x00000225a7861000 JavaThread "Unconstrained build operations Thread 16" [_thread_blocked, id=25936, stack(0x0000006a72100000,0x0000006a72200000)]
  0x00000225a785f800 JavaThread "Unconstrained build operations Thread 17" [_thread_blocked, id=20324, stack(0x0000006a72200000,0x0000006a72300000)]
  0x00000225a785c800 JavaThread "Unconstrained build operations Thread 18" [_thread_blocked, id=30264, stack(0x0000006a72300000,0x0000006a72400000)]
  0x00000225a7860800 JavaThread "Unconstrained build operations Thread 19" [_thread_blocked, id=21820, stack(0x0000006a72400000,0x0000006a72500000)]
  0x00000225a785f000 JavaThread "Unconstrained build operations Thread 20" [_thread_blocked, id=31464, stack(0x0000006a72500000,0x0000006a72600000)]
  0x00000225a7863000 JavaThread "Unconstrained build operations Thread 21" [_thread_blocked, id=23624, stack(0x0000006a72600000,0x0000006a72700000)]
  0x00000225a785d000 JavaThread "Unconstrained build operations Thread 22" [_thread_blocked, id=8416, stack(0x0000006a72700000,0x0000006a72800000)]
  0x00000225a7863800 JavaThread "Unconstrained build operations Thread 23" [_thread_blocked, id=17860, stack(0x0000006a72800000,0x0000006a72900000)]
  0x00000225a7864800 JavaThread "Unconstrained build operations Thread 24" [_thread_blocked, id=22656, stack(0x0000006a72900000,0x0000006a72a00000)]
  0x00000225a78a6800 JavaThread "Unconstrained build operations Thread 25" [_thread_in_native, id=5152, stack(0x0000006a72a00000,0x0000006a72b00000)]
  0x00000225a78a4000 JavaThread "Unconstrained build operations Thread 26" [_thread_blocked, id=15536, stack(0x0000006a72b00000,0x0000006a72c00000)]
  0x00000225a78a4800 JavaThread "Unconstrained build operations Thread 27" [_thread_blocked, id=24588, stack(0x0000006a72c00000,0x0000006a72d00000)]
  0x00000225a78a7000 JavaThread "Unconstrained build operations Thread 28" [_thread_blocked, id=31716, stack(0x0000006a72d00000,0x0000006a72e00000)]
  0x00000225a78a5800 JavaThread "Unconstrained build operations Thread 29" [_thread_blocked, id=8512, stack(0x0000006a72e00000,0x0000006a72f00000)]
  0x00000225a78a2000 JavaThread "Unconstrained build operations Thread 30" [_thread_blocked, id=10424, stack(0x0000006a72f00000,0x0000006a73000000)]
  0x00000225a78a8000 JavaThread "Unconstrained build operations Thread 31" [_thread_blocked, id=12204, stack(0x0000006a73000000,0x0000006a73100000)]
  0x00000225a78a8800 JavaThread "Unconstrained build operations Thread 32" [_thread_blocked, id=23196, stack(0x0000006a73100000,0x0000006a73200000)]
  0x00000225a78a3000 JavaThread "Unconstrained build operations Thread 33" [_thread_blocked, id=7312, stack(0x0000006a73200000,0x0000006a73300000)]
  0x00000225a78ad800 JavaThread "build event listener" [_thread_blocked, id=28004, stack(0x0000006a73300000,0x0000006a73400000)]
  0x00000225a78af800 JavaThread "Memory manager" [_thread_blocked, id=21740, stack(0x0000006a73400000,0x0000006a73500000)]
  0x00000225a78ab000 JavaThread "Cache worker for Build Output Cleanup Cache (C:\Users\mdaahmed\Desktop\Capstone\PokemonApps\android\.gradle\buildOutputCleanup)" [_thread_blocked, id=3268, stack(0x0000006a6fe00000,0x0000006a6ff00000)]
  0x00000225a78ac000 JavaThread "included builds" [_thread_blocked, id=29444, stack(0x0000006a73500000,0x0000006a73600000)]
  0x00000225a78ae800 JavaThread "Execution worker" [_thread_blocked, id=15932, stack(0x0000006a73600000,0x0000006a73700000)]
  0x00000225a78a9800 JavaThread "Execution worker Thread 2" [_thread_blocked, id=11000, stack(0x0000006a73700000,0x0000006a73800000)]
  0x00000225a78ad000 JavaThread "Execution worker Thread 3" [_thread_blocked, id=27304, stack(0x0000006a73800000,0x0000006a73900000)]
  0x00000225a78b0000 JavaThread "Execution worker Thread 4" [_thread_blocked, id=30556, stack(0x0000006a73900000,0x0000006a73a00000)]
  0x00000225a78aa800 JavaThread "Execution worker Thread 5" [_thread_blocked, id=18812, stack(0x0000006a73a00000,0x0000006a73b00000)]
  0x00000225a78b1000 JavaThread "Execution worker Thread 6" [_thread_blocked, id=18412, stack(0x0000006a73b00000,0x0000006a73c00000)]
  0x00000225a644f800 JavaThread "Execution worker Thread 7" [_thread_blocked, id=11740, stack(0x0000006a73c00000,0x0000006a73d00000)]
  0x00000225a6453000 JavaThread "Cache worker for execution history cache (C:\Users\mdaahmed\Desktop\Capstone\PokemonApps\node_modules\react-native-gradle-plugin\.gradle\7.5.1\executionHistory)" [_thread_blocked, id=6544, stack(0x0000006a73d00000,0x0000006a73e00000)]
  0x00000225a6451800 JavaThread "Unconstrained build operations Thread 34" [_thread_blocked, id=28536, stack(0x0000006a73e00000,0x0000006a73f00000)]
  0x00000225a6453800 JavaThread "Unconstrained build operations Thread 35" [_thread_blocked, id=14604, stack(0x0000006a73f00000,0x0000006a74000000)]
  0x00000225a644e000 JavaThread "Unconstrained build operations Thread 36" [_thread_blocked, id=9800, stack(0x0000006a74000000,0x0000006a74100000)]
  0x00000225a6452000 JavaThread "Unconstrained build operations Thread 37" [_thread_blocked, id=30772, stack(0x0000006a74100000,0x0000006a74200000)]
  0x00000225a6450800 JavaThread "Unconstrained build operations Thread 38" [_thread_blocked, id=27800, stack(0x0000006a74200000,0x0000006a74300000)]
  0x00000225a6454800 JavaThread "Unconstrained build operations Thread 39" [_thread_blocked, id=26096, stack(0x0000006a74300000,0x0000006a74400000)]
  0x00000225a644f000 JavaThread "Unconstrained build operations Thread 40" [_thread_blocked, id=10168, stack(0x0000006a74400000,0x0000006a74500000)]
  0x00000225a6457000 JavaThread "Unconstrained build operations Thread 41" [_thread_blocked, id=25212, stack(0x0000006a74500000,0x0000006a74600000)]
  0x00000225a6458800 JavaThread "Unconstrained build operations Thread 42" [_thread_blocked, id=23144, stack(0x0000006a74600000,0x0000006a74700000)]
  0x00000225a6455800 JavaThread "Unconstrained build operations Thread 43" [_thread_blocked, id=14440, stack(0x0000006a74700000,0x0000006a74800000)]
  0x00000225a645a800 JavaThread "Unconstrained build operations Thread 44" [_thread_blocked, id=23412, stack(0x0000006a74800000,0x0000006a74900000)]
  0x00000225a6459800 JavaThread "Unconstrained build operations Thread 45" [_thread_blocked, id=8196, stack(0x0000006a74900000,0x0000006a74a00000)]
  0x00000225a645b000 JavaThread "Unconstrained build operations Thread 46" [_thread_blocked, id=8948, stack(0x0000006a74a00000,0x0000006a74b00000)]
  0x00000225a645c000 JavaThread "Unconstrained build operations Thread 47" [_thread_blocked, id=24764, stack(0x0000006a74b00000,0x0000006a74c00000)]
  0x00000225a6456000 JavaThread "Unconstrained build operations Thread 48" [_thread_blocked, id=15488, stack(0x0000006a74c00000,0x0000006a74d00000)]
  0x00000225a6458000 JavaThread "Unconstrained build operations Thread 49" [_thread_blocked, id=1532, stack(0x0000006a74d00000,0x0000006a74e00000)]
  0x00000225a645c800 JavaThread "Unconstrained build operations Thread 50" [_thread_blocked, id=14176, stack(0x0000006a74e00000,0x0000006a74f00000)]
  0x00000225a481f800 JavaThread "Unconstrained build operations Thread 51" [_thread_blocked, id=20536, stack(0x0000006a74f00000,0x0000006a75000000)]
  0x00000225a481e000 JavaThread "Unconstrained build operations Thread 52" [_thread_blocked, id=19956, stack(0x0000006a75000000,0x0000006a75100000)]
  0x00000225a4820800 JavaThread "Unconstrained build operations Thread 53" [_thread_blocked, id=26896, stack(0x0000006a75100000,0x0000006a75200000)]
  0x00000225a4821800 JavaThread "Unconstrained build operations Thread 54" [_thread_blocked, id=25748, stack(0x0000006a75200000,0x0000006a75300000)]
  0x00000225a481f000 JavaThread "Unconstrained build operations Thread 55" [_thread_blocked, id=15376, stack(0x0000006a75300000,0x0000006a75400000)]
  0x00000225a4822000 JavaThread "RMI Scheduler(0)" daemon [_thread_blocked, id=25188, stack(0x0000006a75400000,0x0000006a75500000)]
  0x00000225a4823000 JavaThread "RMI GC Daemon" daemon [_thread_blocked, id=9932, stack(0x0000006a75600000,0x0000006a75700000)]
  0x00000225a481d000 JavaThread "RMI TCP Accept-0" daemon [_thread_in_native, id=3984, stack(0x0000006a75700000,0x0000006a75800000)]
  0x00000225a4826000 JavaThread "RMI Reaper" [_thread_blocked, id=2544, stack(0x0000006a75800000,0x0000006a75900000)]
  0x00000225a4828800 JavaThread "RMI TCP Connection(1)-127.0.0.1" daemon [_thread_in_native, id=7648, stack(0x0000006a75900000,0x0000006a75a00000)]
  0x00000225a4829800 JavaThread "Unconstrained build operations Thread 56" [_thread_blocked, id=1716, stack(0x0000006a75a00000,0x0000006a75b00000)]
  0x00000225a4825800 JavaThread "Unconstrained build operations Thread 57" [_thread_blocked, id=29116, stack(0x0000006a75b00000,0x0000006a75c00000)]
  0x00000225a4827000 JavaThread "Unconstrained build operations Thread 58" [_thread_blocked, id=14528, stack(0x0000006a75c00000,0x0000006a75d00000)]
  0x00000225a4828000 JavaThread "Unconstrained build operations Thread 59" [_thread_blocked, id=16108, stack(0x0000006a75d00000,0x0000006a75e00000)]
  0x00000225a4824000 JavaThread "Unconstrained build operations Thread 60" [_thread_blocked, id=31712, stack(0x0000006a75e00000,0x0000006a75f00000)]
  0x00000225a482a800 JavaThread "Unconstrained build operations Thread 61" [_thread_blocked, id=23672, stack(0x0000006a75f00000,0x0000006a76000000)]
  0x00000225a4824800 JavaThread "Unconstrained build operations Thread 62" [_thread_blocked, id=29588, stack(0x0000006a76000000,0x0000006a76100000)]
  0x00000225a482b000 JavaThread "Unconstrained build operations Thread 63" [_thread_blocked, id=3324, stack(0x0000006a76100000,0x0000006a76200000)]
  0x00000225a7046800 JavaThread "Unconstrained build operations Thread 64" [_thread_blocked, id=11404, stack(0x0000006a76200000,0x0000006a76300000)]
  0x00000225a7048000 JavaThread "Unconstrained build operations Thread 65" [_thread_blocked, id=24768, stack(0x0000006a76300000,0x0000006a76400000)]
  0x00000225a704a000 JavaThread "Unconstrained build operations Thread 66" [_thread_blocked, id=20044, stack(0x0000006a76400000,0x0000006a76500000)]
  0x00000225a704d000 JavaThread "Unconstrained build operations Thread 67" [_thread_blocked, id=4776, stack(0x0000006a76500000,0x0000006a76600000)]
  0x00000225a704a800 JavaThread "Unconstrained build operations Thread 68" [_thread_blocked, id=25360, stack(0x0000006a76600000,0x0000006a76700000)]
  0x00000225a7047800 JavaThread "Unconstrained build operations Thread 69" [_thread_blocked, id=12196, stack(0x0000006a76700000,0x0000006a76800000)]
  0x00000225a704b800 JavaThread "Unconstrained build operations Thread 70" [_thread_blocked, id=23316, stack(0x0000006a76800000,0x0000006a76900000)]
  0x00000225a704e000 JavaThread "Unconstrained build operations Thread 71" [_thread_blocked, id=23372, stack(0x0000006a76900000,0x0000006a76a00000)]
  0x00000225a704f000 JavaThread "Unconstrained build operations Thread 72" [_thread_blocked, id=26112, stack(0x0000006a76a00000,0x0000006a76b00000)]
  0x00000225a704c800 JavaThread "Unconstrained build operations Thread 73" [_thread_blocked, id=29676, stack(0x0000006a76b00000,0x0000006a76c00000)]
  0x00000225a7049000 JavaThread "Unconstrained build operations Thread 74" [_thread_blocked, id=6388, stack(0x0000006a76c00000,0x0000006a76d00000)]
  0x00000225a704f800 JavaThread "Unconstrained build operations Thread 75" [_thread_blocked, id=22244, stack(0x0000006a76d00000,0x0000006a76e00000)]
  0x00000225a7053800 JavaThread "Unconstrained build operations Thread 76" [_thread_blocked, id=25904, stack(0x0000006a76e00000,0x0000006a76f00000)]
  0x00000225a7054800 JavaThread "Unconstrained build operations Thread 77" [_thread_blocked, id=3396, stack(0x0000006a76f00000,0x0000006a77000000)]
  0x00000225a7050800 JavaThread "Unconstrained build operations Thread 78" [_thread_blocked, id=20128, stack(0x0000006a77000000,0x0000006a77100000)]
  0x00000225a7053000 JavaThread "Unconstrained build operations Thread 79" [_thread_blocked, id=16840, stack(0x0000006a77100000,0x0000006a77200000)]
  0x00000225a7055800 JavaThread "Unconstrained build operations Thread 80" [_thread_blocked, id=25492, stack(0x0000006a77200000,0x0000006a77300000)]
  0x00000225a7052000 JavaThread "build event listener" [_thread_blocked, id=7052, stack(0x0000006a77300000,0x0000006a77400000)]
  0x00000225a7051000 JavaThread "Cache worker for execution history cache (C:\Users\mdaahmed\Desktop\Capstone\PokemonApps\android\.gradle\7.5.1\executionHistory)" [_thread_blocked, id=17264, stack(0x0000006a75500000,0x0000006a75600000)]
  0x00000225a481c800 JavaThread "WorkerExecutor Queue" [_thread_blocked, id=20700, stack(0x0000006a6d600000,0x0000006a6d700000)]
  0x00000225ac826800 JavaThread "pool-3-thread-1" [_thread_blocked, id=5404, stack(0x0000006a77600000,0x0000006a77700000)]
  0x00000225ac825800 JavaThread "stderr" [_thread_in_native, id=23592, stack(0x0000006a77700000,0x0000006a77800000)]
  0x00000225ac829000 JavaThread "stdout" [_thread_in_native, id=16000, stack(0x0000006a77800000,0x0000006a77900000)]
  0x00000225ac825000 JavaThread "WorkerExecutor Queue Thread 2" [_thread_blocked, id=14340, stack(0x0000006a77900000,0x0000006a77a00000)]
  0x00000225ac828000 JavaThread "Thread-126" [_thread_in_native, id=20940, stack(0x0000006a77a00000,0x0000006a77b00000)]
  0x00000225ac829800 JavaThread "WorkerExecutor Queue Thread 3" [_thread_in_native, id=25536, stack(0x0000006a77b00000,0x0000006a77c00000)]
  0x00000225ac82a800 Thread [stack: 0x0000006a77400000,0x0000006a77500000] [id=8844]

Other Threads:
  0x00000225a3c88000 VMThread "VM Thread" [stack: 0x0000006a6dd00000,0x0000006a6de00000] [id=23072]
  0x00000225a3e72000 WatcherThread [stack: 0x0000006a6e700000,0x0000006a6e800000] [id=24012]
  0x0000022586dae000 GCTaskThread "GC Thread#0" [stack: 0x0000006a6d800000,0x0000006a6d900000] [id=25668]
  0x00000225a4fb8000 GCTaskThread "GC Thread#1" [stack: 0x0000006a6ea00000,0x0000006a6eb00000] [id=11932]
  0x00000225a4bcf800 GCTaskThread "GC Thread#2" [stack: 0x0000006a6eb00000,0x0000006a6ec00000] [id=16236]
  0x00000225a4c2a800 GCTaskThread "GC Thread#3" [stack: 0x0000006a6ec00000,0x0000006a6ed00000] [id=29896]
  0x00000225a5253800 GCTaskThread "GC Thread#4" [stack: 0x0000006a6ed00000,0x0000006a6ee00000] [id=19516]
  0x00000225a4efb800 GCTaskThread "GC Thread#5" [stack: 0x0000006a6ee00000,0x0000006a6ef00000] [id=12388]
  0x00000225a6802800 GCTaskThread "GC Thread#6" [stack: 0x0000006a6fa00000,0x0000006a6fb00000] [id=28492]
  0x00000225a64ab000 GCTaskThread "GC Thread#7" [stack: 0x0000006a6fb00000,0x0000006a6fc00000] [id=11936]
  0x0000022588796000 ConcurrentGCThread "G1 Main Marker" [stack: 0x0000006a6d900000,0x0000006a6da00000] [id=25408]
  0x0000022588797800 ConcurrentGCThread "G1 Conc#0" [stack: 0x0000006a6da00000,0x0000006a6db00000] [id=17008]
  0x00000225a5226800 ConcurrentGCThread "G1 Conc#1" [stack: 0x0000006a6fc00000,0x0000006a6fd00000] [id=12156]
  0x00000225a32f6800 ConcurrentGCThread "G1 Refine#0" [stack: 0x0000006a6db00000,0x0000006a6dc00000] [id=4080]
  0x00000225ac963800 ConcurrentGCThread "G1 Refine#1" [stack: 0x0000006a77500000,0x0000006a77600000] [id=24016]
  0x00000225a32f7800 ConcurrentGCThread "G1 Young RemSet Sampling" [stack: 0x0000006a6dc00000,0x0000006a6dd00000] [id=17440]

Threads with active compile tasks:
C2 CompilerThread0    38684 15847       4       org.gradle.internal.snapshot.DirectorySnapshot::<init> (41 bytes)

VM state:not at safepoint (normal execution)

VM Mutex/Monitor currently owned by a thread: None

Heap address: 0x0000000080000000, size: 2048 MB, Compressed Oops mode: 32-bit
Narrow klass base: 0x0000000000000000, Narrow klass shift: 3
Compressed class space size: 528482304 Address: 0x0000000100000000

Heap:
 garbage-first heap   total 258048K, used 175443K [0x0000000080000000, 0x0000000100000000)
  region size 1024K, 5 young (5120K), 4 survivors (4096K)
 Metaspace       used 115841K, capacity 119812K, committed 120144K, reserved 620544K
  class space    used 15075K, capacity 16532K, committed 16664K, reserved 516096K
Heap Regions: E=young(eden), S=young(survivor), O=old, HS=humongous(starts), HC=humongous(continues), CS=collection set, F=free, A=archive, TAMS=top-at-mark-start (previous, next)
|   0|0x0000000080000000, 0x0000000080100000, 0x0000000080100000|100%| O|  |TAMS 0x0000000080100000, 0x0000000080100000| Untracked 
|   1|0x0000000080100000, 0x0000000080200000, 0x0000000080200000|100%| O|  |TAMS 0x0000000080200000, 0x0000000080200000| Untracked 
|   2|0x0000000080200000, 0x0000000080300000, 0x0000000080300000|100%| O|  |TAMS 0x0000000080300000, 0x0000000080300000| Untracked 
|   3|0x0000000080300000, 0x0000000080400000, 0x0000000080400000|100%|HS|  |TAMS 0x0000000080400000, 0x0000000080400000| Complete 
|   4|0x0000000080400000, 0x0000000080500000, 0x0000000080500000|100%|HC|  |TAMS 0x0000000080500000, 0x0000000080500000| Complete 
|   5|0x0000000080500000, 0x0000000080600000, 0x0000000080600000|100%|HC|  |TAMS 0x0000000080600000, 0x0000000080600000| Complete 
|   6|0x0000000080600000, 0x0000000080700000, 0x0000000080700000|100%| O|  |TAMS 0x0000000080700000, 0x0000000080700000| Untracked 
|   7|0x0000000080700000, 0x0000000080800000, 0x0000000080800000|100%| O|  |TAMS 0x0000000080800000, 0x0000000080800000| Untracked 
|   8|0x0000000080800000, 0x0000000080900000, 0x0000000080900000|100%| O|  |TAMS 0x0000000080900000, 0x0000000080900000| Untracked 
|   9|0x0000000080900000, 0x0000000080a00000, 0x0000000080a00000|100%| O|  |TAMS 0x0000000080a00000, 0x0000000080a00000| Untracked 
|  10|0x0000000080a00000, 0x0000000080b00000, 0x0000000080b00000|100%| O|  |TAMS 0x0000000080b00000, 0x0000000080b00000| Untracked 
|  11|0x0000000080b00000, 0x0000000080c00000, 0x0000000080c00000|100%| O|  |TAMS 0x0000000080c00000, 0x0000000080c00000| Untracked 
|  12|0x0000000080c00000, 0x0000000080d00000, 0x0000000080d00000|100%| O|  |TAMS 0x0000000080d00000, 0x0000000080d00000| Untracked 
|  13|0x0000000080d00000, 0x0000000080e00000, 0x0000000080e00000|100%| O|  |TAMS 0x0000000080e00000, 0x0000000080e00000| Untracked 
|  14|0x0000000080e00000, 0x0000000080f00000, 0x0000000080f00000|100%| O|  |TAMS 0x0000000080f00000, 0x0000000080f00000| Untracked 
|  15|0x0000000080f00000, 0x0000000081000000, 0x0000000081000000|100%| O|  |TAMS 0x0000000081000000, 0x0000000081000000| Untracked 
|  16|0x0000000081000000, 0x0000000081100000, 0x0000000081100000|100%| O|  |TAMS 0x0000000081100000, 0x0000000081100000| Untracked 
|  17|0x0000000081100000, 0x0000000081200000, 0x0000000081200000|100%|HS|  |TAMS 0x0000000081200000, 0x0000000081200000| Complete 
|  18|0x0000000081200000, 0x0000000081300000, 0x0000000081300000|100%|HS|  |TAMS 0x0000000081300000, 0x0000000081300000| Complete 
|  19|0x0000000081300000, 0x0000000081400000, 0x0000000081400000|100%|HC|  |TAMS 0x0000000081400000, 0x0000000081400000| Complete 
|  20|0x0000000081400000, 0x0000000081500000, 0x0000000081500000|100%|HC|  |TAMS 0x0000000081500000, 0x0000000081500000| Complete 
|  21|0x0000000081500000, 0x0000000081600000, 0x0000000081600000|100%| O|  |TAMS 0x0000000081600000, 0x0000000081600000| Untracked 
|  22|0x0000000081600000, 0x0000000081700000, 0x0000000081700000|100%| O|  |TAMS 0x0000000081700000, 0x0000000081700000| Untracked 
|  23|0x0000000081700000, 0x0000000081800000, 0x0000000081800000|100%| O|  |TAMS 0x0000000081800000, 0x0000000081800000| Untracked 
|  24|0x0000000081800000, 0x0000000081900000, 0x0000000081900000|100%| O|  |TAMS 0x0000000081900000, 0x0000000081900000| Untracked 
|  25|0x0000000081900000, 0x0000000081a00000, 0x0000000081a00000|100%| O|  |TAMS 0x0000000081a00000, 0x0000000081a00000| Untracked 
|  26|0x0000000081a00000, 0x0000000081b00000, 0x0000000081b00000|100%| O|  |TAMS 0x0000000081b00000, 0x0000000081b00000| Untracked 
|  27|0x0000000081b00000, 0x0000000081c00000, 0x0000000081c00000|100%| O|  |TAMS 0x0000000081c00000, 0x0000000081c00000| Untracked 
|  28|0x0000000081c00000, 0x0000000081d00000, 0x0000000081d00000|100%| O|  |TAMS 0x0000000081d00000, 0x0000000081d00000| Untracked 
|  29|0x0000000081d00000, 0x0000000081e00000, 0x0000000081e00000|100%| O|  |TAMS 0x0000000081e00000, 0x0000000081e00000| Untracked 
|  30|0x0000000081e00000, 0x0000000081f00000, 0x0000000081f00000|100%| O|  |TAMS 0x0000000081f00000, 0x0000000081f00000| Untracked 
|  31|0x0000000081f00000, 0x0000000082000000, 0x0000000082000000|100%| O|  |TAMS 0x0000000082000000, 0x0000000082000000| Untracked 
|  32|0x0000000082000000, 0x0000000082100000, 0x0000000082100000|100%| O|  |TAMS 0x0000000082100000, 0x0000000082100000| Untracked 
|  33|0x0000000082100000, 0x0000000082200000, 0x0000000082200000|100%| O|  |TAMS 0x0000000082200000, 0x0000000082200000| Untracked 
|  34|0x0000000082200000, 0x0000000082300000, 0x0000000082300000|100%| O|  |TAMS 0x0000000082300000, 0x0000000082300000| Untracked 
|  35|0x0000000082300000, 0x0000000082400000, 0x0000000082400000|100%| O|  |TAMS 0x0000000082400000, 0x0000000082400000| Untracked 
|  36|0x0000000082400000, 0x0000000082500000, 0x0000000082500000|100%| O|  |TAMS 0x0000000082500000, 0x0000000082500000| Untracked 
|  37|0x0000000082500000, 0x0000000082600000, 0x0000000082600000|100%| O|  |TAMS 0x0000000082600000, 0x0000000082600000| Untracked 
|  38|0x0000000082600000, 0x0000000082700000, 0x0000000082700000|100%| O|  |TAMS 0x0000000082700000, 0x0000000082700000| Untracked 
|  39|0x0000000082700000, 0x0000000082800000, 0x0000000082800000|100%| O|  |TAMS 0x0000000082800000, 0x0000000082800000| Untracked 
|  40|0x0000000082800000, 0x0000000082900000, 0x0000000082900000|100%|HS|  |TAMS 0x0000000082900000, 0x0000000082900000| Complete 
|  41|0x0000000082900000, 0x0000000082a00000, 0x0000000082a00000|100%|HS|  |TAMS 0x0000000082a00000, 0x0000000082a00000| Complete 
|  42|0x0000000082a00000, 0x0000000082b00000, 0x0000000082b00000|100%|HS|  |TAMS 0x0000000082b00000, 0x0000000082b00000| Complete 
|  43|0x0000000082b00000, 0x0000000082c00000, 0x0000000082c00000|100%| O|  |TAMS 0x0000000082c00000, 0x0000000082c00000| Untracked 
|  44|0x0000000082c00000, 0x0000000082d00000, 0x0000000082d00000|100%| O|  |TAMS 0x0000000082d00000, 0x0000000082d00000| Untracked 
|  45|0x0000000082d00000, 0x0000000082e00000, 0x0000000082e00000|100%| O|  |TAMS 0x0000000082e00000, 0x0000000082e00000| Untracked 
|  46|0x0000000082e00000, 0x0000000082f00000, 0x0000000082f00000|100%| O|  |TAMS 0x0000000082f00000, 0x0000000082f00000| Untracked 
|  47|0x0000000082f00000, 0x0000000083000000, 0x0000000083000000|100%| O|  |TAMS 0x0000000083000000, 0x0000000083000000| Untracked 
|  48|0x0000000083000000, 0x0000000083100000, 0x0000000083100000|100%| O|  |TAMS 0x0000000083100000, 0x0000000083100000| Untracked 
|  49|0x0000000083100000, 0x0000000083200000, 0x0000000083200000|100%| O|  |TAMS 0x0000000083200000, 0x0000000083200000| Untracked 
|  50|0x0000000083200000, 0x0000000083300000, 0x0000000083300000|100%| O|  |TAMS 0x0000000083300000, 0x0000000083300000| Untracked 
|  51|0x0000000083300000, 0x0000000083400000, 0x0000000083400000|100%| O|  |TAMS 0x0000000083400000, 0x0000000083400000| Untracked 
|  52|0x0000000083400000, 0x0000000083500000, 0x0000000083500000|100%| O|  |TAMS 0x0000000083500000, 0x0000000083500000| Untracked 
|  53|0x0000000083500000, 0x0000000083600000, 0x0000000083600000|100%| O|  |TAMS 0x0000000083600000, 0x0000000083600000| Untracked 
|  54|0x0000000083600000, 0x0000000083700000, 0x0000000083700000|100%| O|  |TAMS 0x0000000083700000, 0x0000000083700000| Untracked 
|  55|0x0000000083700000, 0x0000000083800000, 0x0000000083800000|100%| O|  |TAMS 0x0000000083800000, 0x0000000083800000| Untracked 
|  56|0x0000000083800000, 0x0000000083900000, 0x0000000083900000|100%| O|  |TAMS 0x0000000083900000, 0x0000000083900000| Untracked 
|  57|0x0000000083900000, 0x0000000083a00000, 0x0000000083a00000|100%| O|  |TAMS 0x0000000083a00000, 0x0000000083a00000| Untracked 
|  58|0x0000000083a00000, 0x0000000083b00000, 0x0000000083b00000|100%| O|  |TAMS 0x0000000083b00000, 0x0000000083b00000| Untracked 
|  59|0x0000000083b00000, 0x0000000083c00000, 0x0000000083c00000|100%| O|  |TAMS 0x0000000083c00000, 0x0000000083c00000| Untracked 
|  60|0x0000000083c00000, 0x0000000083d00000, 0x0000000083d00000|100%| O|  |TAMS 0x0000000083d00000, 0x0000000083d00000| Untracked 
|  61|0x0000000083d00000, 0x0000000083e00000, 0x0000000083e00000|100%| O|  |TAMS 0x0000000083e00000, 0x0000000083e00000| Untracked 
|  62|0x0000000083e00000, 0x0000000083f00000, 0x0000000083f00000|100%| O|  |TAMS 0x0000000083f00000, 0x0000000083f00000| Untracked 
|  63|0x0000000083f00000, 0x0000000084000000, 0x0000000084000000|100%| O|  |TAMS 0x0000000084000000, 0x0000000084000000| Untracked 
|  64|0x0000000084000000, 0x0000000084100000, 0x0000000084100000|100%| O|  |TAMS 0x0000000084100000, 0x0000000084100000| Untracked 
|  65|0x0000000084100000, 0x0000000084200000, 0x0000000084200000|100%| O|  |TAMS 0x0000000084200000, 0x0000000084200000| Untracked 
|  66|0x0000000084200000, 0x0000000084300000, 0x0000000084300000|100%| O|  |TAMS 0x0000000084300000, 0x0000000084300000| Untracked 
|  67|0x0000000084300000, 0x0000000084400000, 0x0000000084400000|100%| O|  |TAMS 0x0000000084400000, 0x0000000084400000| Untracked 
|  68|0x0000000084400000, 0x0000000084500000, 0x0000000084500000|100%| O|  |TAMS 0x0000000084500000, 0x0000000084500000| Untracked 
|  69|0x0000000084500000, 0x0000000084600000, 0x0000000084600000|100%| O|  |TAMS 0x0000000084600000, 0x0000000084600000| Untracked 
|  70|0x0000000084600000, 0x0000000084700000, 0x0000000084700000|100%| O|  |TAMS 0x0000000084700000, 0x0000000084700000| Untracked 
|  71|0x0000000084700000, 0x0000000084800000, 0x0000000084800000|100%| O|  |TAMS 0x0000000084800000, 0x0000000084800000| Untracked 
|  72|0x0000000084800000, 0x0000000084900000, 0x0000000084900000|100%|HS|  |TAMS 0x0000000084900000, 0x0000000084900000| Complete 
|  73|0x0000000084900000, 0x0000000084a00000, 0x0000000084a00000|100%|HC|  |TAMS 0x0000000084a00000, 0x0000000084a00000| Complete 
|  74|0x0000000084a00000, 0x0000000084b00000, 0x0000000084b00000|100%|HC|  |TAMS 0x0000000084b00000, 0x0000000084b00000| Complete 
|  75|0x0000000084b00000, 0x0000000084c00000, 0x0000000084c00000|100%| O|  |TAMS 0x0000000084c00000, 0x0000000084c00000| Untracked 
|  76|0x0000000084c00000, 0x0000000084d00000, 0x0000000084d00000|100%| O|  |TAMS 0x0000000084d00000, 0x0000000084d00000| Untracked 
|  77|0x0000000084d00000, 0x0000000084d00000, 0x0000000084e00000|  0%| F|  |TAMS 0x0000000084d00000, 0x0000000084d00000| Untracked 
|  78|0x0000000084e00000, 0x0000000084f00000, 0x0000000084f00000|100%|HS|  |TAMS 0x0000000084f00000, 0x0000000084f00000| Complete 
|  79|0x0000000084f00000, 0x0000000085000000, 0x0000000085000000|100%|HS|  |TAMS 0x0000000085000000, 0x0000000085000000| Complete 
|  80|0x0000000085000000, 0x0000000085100000, 0x0000000085100000|100%|HS|  |TAMS 0x0000000085100000, 0x0000000085100000| Complete 
|  81|0x0000000085100000, 0x0000000085200000, 0x0000000085200000|100%|HC|  |TAMS 0x0000000085200000, 0x0000000085200000| Complete 
|  82|0x0000000085200000, 0x0000000085300000, 0x0000000085300000|100%|HC|  |TAMS 0x0000000085300000, 0x0000000085300000| Complete 
|  83|0x0000000085300000, 0x0000000085400000, 0x0000000085400000|100%|HS|  |TAMS 0x0000000085400000, 0x0000000085400000| Complete 
|  84|0x0000000085400000, 0x0000000085500000, 0x0000000085500000|100%|HC|  |TAMS 0x0000000085500000, 0x0000000085500000| Complete 
|  85|0x0000000085500000, 0x0000000085600000, 0x0000000085600000|100%| O|  |TAMS 0x0000000085600000, 0x0000000085600000| Untracked 
|  86|0x0000000085600000, 0x0000000085700000, 0x0000000085700000|100%| O|  |TAMS 0x0000000085700000, 0x0000000085700000| Untracked 
|  87|0x0000000085700000, 0x0000000085800000, 0x0000000085800000|100%| O|  |TAMS 0x0000000085800000, 0x0000000085800000| Untracked 
|  88|0x0000000085800000, 0x0000000085900000, 0x0000000085900000|100%| O|  |TAMS 0x0000000085900000, 0x0000000085900000| Untracked 
|  89|0x0000000085900000, 0x0000000085a00000, 0x0000000085a00000|100%| O|  |TAMS 0x0000000085a00000, 0x0000000085a00000| Untracked 
|  90|0x0000000085a00000, 0x0000000085b00000, 0x0000000085b00000|100%| O|  |TAMS 0x0000000085b00000, 0x0000000085b00000| Untracked 
|  91|0x0000000085b00000, 0x0000000085c00000, 0x0000000085c00000|100%| O|  |TAMS 0x0000000085c00000, 0x0000000085c00000| Untracked 
|  92|0x0000000085c00000, 0x0000000085d00000, 0x0000000085d00000|100%| O|  |TAMS 0x0000000085d00000, 0x0000000085d00000| Untracked 
|  93|0x0000000085d00000, 0x0000000085e00000, 0x0000000085e00000|100%| O|  |TAMS 0x0000000085e00000, 0x0000000085e00000| Untracked 
|  94|0x0000000085e00000, 0x0000000085f00000, 0x0000000085f00000|100%| O|  |TAMS 0x0000000085f00000, 0x0000000085f00000| Untracked 
|  95|0x0000000085f00000, 0x0000000086000000, 0x0000000086000000|100%| O|  |TAMS 0x0000000086000000, 0x0000000086000000| Untracked 
|  96|0x0000000086000000, 0x0000000086100000, 0x0000000086100000|100%| O|  |TAMS 0x0000000086100000, 0x0000000086100000| Untracked 
|  97|0x0000000086100000, 0x0000000086200000, 0x0000000086200000|100%| O|  |TAMS 0x0000000086200000, 0x0000000086200000| Untracked 
|  98|0x0000000086200000, 0x0000000086300000, 0x0000000086300000|100%| O|  |TAMS 0x0000000086300000, 0x0000000086300000| Untracked 
|  99|0x0000000086300000, 0x0000000086400000, 0x0000000086400000|100%| O|  |TAMS 0x0000000086400000, 0x0000000086400000| Untracked 
| 100|0x0000000086400000, 0x0000000086500000, 0x0000000086500000|100%| O|  |TAMS 0x0000000086500000, 0x0000000086500000| Untracked 
| 101|0x0000000086500000, 0x0000000086600000, 0x0000000086600000|100%| O|  |TAMS 0x0000000086600000, 0x0000000086600000| Untracked 
| 102|0x0000000086600000, 0x0000000086700000, 0x0000000086700000|100%| O|  |TAMS 0x0000000086700000, 0x0000000086700000| Untracked 
| 103|0x0000000086700000, 0x0000000086800000, 0x0000000086800000|100%| O|  |TAMS 0x0000000086800000, 0x0000000086800000| Untracked 
| 104|0x0000000086800000, 0x0000000086800000, 0x0000000086900000|  0%| F|  |TAMS 0x0000000086800000, 0x0000000086800000| Untracked 
| 105|0x0000000086900000, 0x0000000086a00000, 0x0000000086a00000|100%| O|  |TAMS 0x0000000086a00000, 0x0000000086a00000| Untracked 
| 106|0x0000000086a00000, 0x0000000086b00000, 0x0000000086b00000|100%| O|  |TAMS 0x0000000086b00000, 0x0000000086b00000| Untracked 
| 107|0x0000000086b00000, 0x0000000086c00000, 0x0000000086c00000|100%| O|  |TAMS 0x0000000086c00000, 0x0000000086c00000| Untracked 
| 108|0x0000000086c00000, 0x0000000086d00000, 0x0000000086d00000|100%| O|  |TAMS 0x0000000086d00000, 0x0000000086d00000| Untracked 
| 109|0x0000000086d00000, 0x0000000086e00000, 0x0000000086e00000|100%| O|  |TAMS 0x0000000086e00000, 0x0000000086e00000| Untracked 
| 110|0x0000000086e00000, 0x0000000086f00000, 0x0000000086f00000|100%| O|  |TAMS 0x0000000086f00000, 0x0000000086f00000| Untracked 
| 111|0x0000000086f00000, 0x0000000087000000, 0x0000000087000000|100%| O|  |TAMS 0x0000000087000000, 0x0000000087000000| Untracked 
| 112|0x0000000087000000, 0x0000000087100000, 0x0000000087100000|100%| O|  |TAMS 0x0000000087100000, 0x0000000087100000| Untracked 
| 113|0x0000000087100000, 0x0000000087200000, 0x0000000087200000|100%| O|  |TAMS 0x0000000087200000, 0x0000000087200000| Untracked 
| 114|0x0000000087200000, 0x0000000087300000, 0x0000000087300000|100%| O|  |TAMS 0x0000000087300000, 0x0000000087300000| Untracked 
| 115|0x0000000087300000, 0x0000000087400000, 0x0000000087400000|100%| O|  |TAMS 0x0000000087400000, 0x0000000087400000| Untracked 
| 116|0x0000000087400000, 0x0000000087500000, 0x0000000087500000|100%| O|  |TAMS 0x0000000087500000, 0x0000000087500000| Untracked 
| 117|0x0000000087500000, 0x0000000087600000, 0x0000000087600000|100%| O|  |TAMS 0x0000000087600000, 0x0000000087600000| Untracked 
| 118|0x0000000087600000, 0x0000000087700000, 0x0000000087700000|100%| O|  |TAMS 0x0000000087700000, 0x0000000087700000| Untracked 
| 119|0x0000000087700000, 0x0000000087800000, 0x0000000087800000|100%| O|  |TAMS 0x0000000087800000, 0x0000000087800000| Untracked 
| 120|0x0000000087800000, 0x0000000087900000, 0x0000000087900000|100%| O|  |TAMS 0x0000000087900000, 0x0000000087900000| Untracked 
| 121|0x0000000087900000, 0x0000000087a00000, 0x0000000087a00000|100%| O|  |TAMS 0x0000000087a00000, 0x0000000087a00000| Untracked 
| 122|0x0000000087a00000, 0x0000000087b00000, 0x0000000087b00000|100%| O|  |TAMS 0x0000000087b00000, 0x0000000087b00000| Untracked 
| 123|0x0000000087b00000, 0x0000000087c00000, 0x0000000087c00000|100%| O|  |TAMS 0x0000000087c00000, 0x0000000087c00000| Untracked 
| 124|0x0000000087c00000, 0x0000000087d00000, 0x0000000087d00000|100%| O|  |TAMS 0x0000000087d00000, 0x0000000087d00000| Untracked 
| 125|0x0000000087d00000, 0x0000000087e00000, 0x0000000087e00000|100%| O|  |TAMS 0x0000000087e00000, 0x0000000087e00000| Untracked 
| 126|0x0000000087e00000, 0x0000000087f00000, 0x0000000087f00000|100%| O|  |TAMS 0x0000000087f00000, 0x0000000087f00000| Untracked 
| 127|0x0000000087f00000, 0x0000000088000000, 0x0000000088000000|100%| O|  |TAMS 0x0000000088000000, 0x0000000088000000| Untracked 
| 128|0x0000000088000000, 0x0000000088100000, 0x0000000088100000|100%| O|  |TAMS 0x0000000088100000, 0x0000000088100000| Untracked 
| 129|0x0000000088100000, 0x0000000088200000, 0x0000000088200000|100%| O|  |TAMS 0x0000000088200000, 0x0000000088200000| Untracked 
| 130|0x0000000088200000, 0x0000000088300000, 0x0000000088300000|100%| O|  |TAMS 0x0000000088300000, 0x0000000088300000| Untracked 
| 131|0x0000000088300000, 0x0000000088400000, 0x0000000088400000|100%| O|  |TAMS 0x0000000088400000, 0x0000000088400000| Untracked 
| 132|0x0000000088400000, 0x0000000088500000, 0x0000000088500000|100%| O|  |TAMS 0x0000000088400000, 0x0000000088500000| Untracked 
| 133|0x0000000088500000, 0x0000000088600000, 0x0000000088600000|100%| O|  |TAMS 0x0000000088600000, 0x0000000088600000| Untracked 
| 134|0x0000000088600000, 0x0000000088700000, 0x0000000088700000|100%| O|  |TAMS 0x0000000088700000, 0x0000000088700000| Untracked 
| 135|0x0000000088700000, 0x0000000088800000, 0x0000000088800000|100%| O|  |TAMS 0x0000000088800000, 0x0000000088800000| Untracked 
| 136|0x0000000088800000, 0x0000000088900000, 0x0000000088900000|100%| O|  |TAMS 0x0000000088900000, 0x0000000088900000| Untracked 
| 137|0x0000000088900000, 0x0000000088a00000, 0x0000000088a00000|100%| O|  |TAMS 0x0000000088a00000, 0x0000000088a00000| Untracked 
| 138|0x0000000088a00000, 0x0000000088b00000, 0x0000000088b00000|100%| O|  |TAMS 0x0000000088b00000, 0x0000000088b00000| Untracked 
| 139|0x0000000088b00000, 0x0000000088c00000, 0x0000000088c00000|100%| O|  |TAMS 0x0000000088c00000, 0x0000000088c00000| Untracked 
| 140|0x0000000088c00000, 0x0000000088d00000, 0x0000000088d00000|100%| O|  |TAMS 0x0000000088d00000, 0x0000000088d00000| Untracked 
| 141|0x0000000088d00000, 0x0000000088e00000, 0x0000000088e00000|100%| O|  |TAMS 0x0000000088e00000, 0x0000000088e00000| Untracked 
| 142|0x0000000088e00000, 0x0000000088f00000, 0x0000000088f00000|100%| O|  |TAMS 0x0000000088f00000, 0x0000000088f00000| Untracked 
| 143|0x0000000088f00000, 0x0000000089000000, 0x0000000089000000|100%| O|  |TAMS 0x0000000089000000, 0x0000000089000000| Untracked 
| 144|0x0000000089000000, 0x0000000089100000, 0x0000000089100000|100%| O|  |TAMS 0x0000000089100000, 0x0000000089100000| Untracked 
| 145|0x0000000089100000, 0x0000000089200000, 0x0000000089200000|100%| O|  |TAMS 0x0000000089200000, 0x0000000089200000| Untracked 
| 146|0x0000000089200000, 0x0000000089300000, 0x0000000089300000|100%| O|  |TAMS 0x0000000089300000, 0x0000000089300000| Untracked 
| 147|0x0000000089300000, 0x0000000089400000, 0x0000000089400000|100%| O|  |TAMS 0x0000000089400000, 0x0000000089400000| Untracked 
| 148|0x0000000089400000, 0x0000000089500000, 0x0000000089500000|100%| O|  |TAMS 0x0000000089500000, 0x0000000089500000| Untracked 
| 149|0x0000000089500000, 0x0000000089600000, 0x0000000089600000|100%| O|  |TAMS 0x0000000089600000, 0x0000000089600000| Untracked 
| 150|0x0000000089600000, 0x0000000089700000, 0x0000000089700000|100%| O|  |TAMS 0x0000000089700000, 0x0000000089700000| Untracked 
| 151|0x0000000089700000, 0x0000000089800000, 0x0000000089800000|100%| O|  |TAMS 0x0000000089800000, 0x0000000089800000| Untracked 
| 152|0x0000000089800000, 0x0000000089900000, 0x0000000089900000|100%| O|  |TAMS 0x0000000089900000, 0x0000000089900000| Untracked 
| 153|0x0000000089900000, 0x0000000089a00000, 0x0000000089a00000|100%| O|  |TAMS 0x0000000089a00000, 0x0000000089a00000| Untracked 
| 154|0x0000000089a00000, 0x0000000089b00000, 0x0000000089b00000|100%| O|  |TAMS 0x0000000089b00000, 0x0000000089b00000| Untracked 
| 155|0x0000000089b00000, 0x0000000089c00000, 0x0000000089c00000|100%| O|  |TAMS 0x0000000089c00000, 0x0000000089c00000| Untracked 
| 156|0x0000000089c00000, 0x0000000089d00000, 0x0000000089d00000|100%| O|  |TAMS 0x0000000089d00000, 0x0000000089d00000| Untracked 
| 157|0x0000000089d00000, 0x0000000089e00000, 0x0000000089e00000|100%| O|  |TAMS 0x0000000089e00000, 0x0000000089e00000| Untracked 
| 158|0x0000000089e00000, 0x0000000089f00000, 0x0000000089f00000|100%| O|  |TAMS 0x0000000089f00000, 0x0000000089f00000| Untracked 
| 159|0x0000000089f00000, 0x000000008a000000, 0x000000008a000000|100%| O|  |TAMS 0x000000008a000000, 0x000000008a000000| Untracked 
| 160|0x000000008a000000, 0x000000008a100000, 0x000000008a100000|100%| O|  |TAMS 0x000000008a03da00, 0x000000008a100000| Untracked 
| 161|0x000000008a100000, 0x000000008a200000, 0x000000008a200000|100%| O|  |TAMS 0x000000008a100000, 0x000000008a200000| Untracked 
| 162|0x000000008a200000, 0x000000008a300000, 0x000000008a300000|100%| O|  |TAMS 0x000000008a200000, 0x000000008a300000| Untracked 
| 163|0x000000008a300000, 0x000000008a400000, 0x000000008a400000|100%| O|  |TAMS 0x000000008a300000, 0x000000008a400000| Untracked 
| 164|0x000000008a400000, 0x000000008a500000, 0x000000008a500000|100%| O|  |TAMS 0x000000008a400000, 0x000000008a500000| Untracked 
| 165|0x000000008a500000, 0x000000008a500000, 0x000000008a600000|  0%| F|  |TAMS 0x000000008a500000, 0x000000008a500000| Untracked 
| 166|0x000000008a600000, 0x000000008a600000, 0x000000008a700000|  0%| F|  |TAMS 0x000000008a600000, 0x000000008a600000| Untracked 
| 167|0x000000008a700000, 0x000000008a700000, 0x000000008a800000|  0%| F|  |TAMS 0x000000008a700000, 0x000000008a700000| Untracked 
| 168|0x000000008a800000, 0x000000008a800000, 0x000000008a900000|  0%| F|  |TAMS 0x000000008a800000, 0x000000008a800000| Untracked 
| 169|0x000000008a900000, 0x000000008aa00000, 0x000000008aa00000|100%| O|  |TAMS 0x000000008a900000, 0x000000008aa00000| Untracked 
| 170|0x000000008aa00000, 0x000000008ab00000, 0x000000008ab00000|100%| O|  |TAMS 0x000000008aa00000, 0x000000008ab00000| Untracked 
| 171|0x000000008ab00000, 0x000000008ac00000, 0x000000008ac00000|100%| O|  |TAMS 0x000000008ab00000, 0x000000008ac00000| Untracked 
| 172|0x000000008ac00000, 0x000000008ad00000, 0x000000008ad00000|100%| O|  |TAMS 0x000000008ac00000, 0x000000008ad00000| Untracked 
| 173|0x000000008ad00000, 0x000000008ad54c00, 0x000000008ae00000| 33%| O|  |TAMS 0x000000008ad00000, 0x000000008ad54c00| Untracked 
| 174|0x000000008ae00000, 0x000000008ae00000, 0x000000008af00000|  0%| F|  |TAMS 0x000000008ae00000, 0x000000008ae00000| Untracked 
| 175|0x000000008af00000, 0x000000008af00000, 0x000000008b000000|  0%| F|  |TAMS 0x000000008af00000, 0x000000008af00000| Untracked 
| 176|0x000000008b000000, 0x000000008b000000, 0x000000008b100000|  0%| F|  |TAMS 0x000000008b000000, 0x000000008b000000| Untracked 
| 177|0x000000008b100000, 0x000000008b100000, 0x000000008b200000|  0%| F|  |TAMS 0x000000008b100000, 0x000000008b100000| Untracked 
| 178|0x000000008b200000, 0x000000008b200000, 0x000000008b300000|  0%| F|  |TAMS 0x000000008b200000, 0x000000008b200000| Untracked 
| 179|0x000000008b300000, 0x000000008b300000, 0x000000008b400000|  0%| F|  |TAMS 0x000000008b300000, 0x000000008b300000| Untracked 
| 180|0x000000008b400000, 0x000000008b400000, 0x000000008b500000|  0%| F|  |TAMS 0x000000008b400000, 0x000000008b400000| Untracked 
| 181|0x000000008b500000, 0x000000008b500000, 0x000000008b600000|  0%| F|  |TAMS 0x000000008b500000, 0x000000008b500000| Untracked 
| 182|0x000000008b600000, 0x000000008b600000, 0x000000008b700000|  0%| F|  |TAMS 0x000000008b600000, 0x000000008b600000| Untracked 
| 183|0x000000008b700000, 0x000000008b700000, 0x000000008b800000|  0%| F|  |TAMS 0x000000008b700000, 0x000000008b700000| Untracked 
| 184|0x000000008b800000, 0x000000008b800000, 0x000000008b900000|  0%| F|  |TAMS 0x000000008b800000, 0x000000008b800000| Untracked 
| 185|0x000000008b900000, 0x000000008b900000, 0x000000008ba00000|  0%| F|  |TAMS 0x000000008b900000, 0x000000008b900000| Untracked 
| 186|0x000000008ba00000, 0x000000008ba00000, 0x000000008bb00000|  0%| F|  |TAMS 0x000000008ba00000, 0x000000008ba00000| Untracked 
| 187|0x000000008bb00000, 0x000000008bb00000, 0x000000008bc00000|  0%| F|  |TAMS 0x000000008bb00000, 0x000000008bb00000| Untracked 
| 188|0x000000008bc00000, 0x000000008bc00000, 0x000000008bd00000|  0%| F|  |TAMS 0x000000008bc00000, 0x000000008bc00000| Untracked 
| 189|0x000000008bd00000, 0x000000008bd00000, 0x000000008be00000|  0%| F|  |TAMS 0x000000008bd00000, 0x000000008bd00000| Untracked 
| 190|0x000000008be00000, 0x000000008be00000, 0x000000008bf00000|  0%| F|  |TAMS 0x000000008be00000, 0x000000008be00000| Untracked 
| 191|0x000000008bf00000, 0x000000008bf00000, 0x000000008c000000|  0%| F|  |TAMS 0x000000008bf00000, 0x000000008bf00000| Untracked 
| 192|0x000000008c000000, 0x000000008c000000, 0x000000008c100000|  0%| F|  |TAMS 0x000000008c000000, 0x000000008c000000| Untracked 
| 193|0x000000008c100000, 0x000000008c100000, 0x000000008c200000|  0%| F|  |TAMS 0x000000008c100000, 0x000000008c100000| Untracked 
| 194|0x000000008c200000, 0x000000008c200000, 0x000000008c300000|  0%| F|  |TAMS 0x000000008c200000, 0x000000008c200000| Untracked 
| 195|0x000000008c300000, 0x000000008c300000, 0x000000008c400000|  0%| F|  |TAMS 0x000000008c300000, 0x000000008c300000| Untracked 
| 196|0x000000008c400000, 0x000000008c400000, 0x000000008c500000|  0%| F|  |TAMS 0x000000008c400000, 0x000000008c400000| Untracked 
| 197|0x000000008c500000, 0x000000008c500000, 0x000000008c600000|  0%| F|  |TAMS 0x000000008c500000, 0x000000008c500000| Untracked 
| 198|0x000000008c600000, 0x000000008c600000, 0x000000008c700000|  0%| F|  |TAMS 0x000000008c600000, 0x000000008c600000| Untracked 
| 199|0x000000008c700000, 0x000000008c700000, 0x000000008c800000|  0%| F|  |TAMS 0x000000008c700000, 0x000000008c700000| Untracked 
| 200|0x000000008c800000, 0x000000008c800000, 0x000000008c900000|  0%| F|  |TAMS 0x000000008c800000, 0x000000008c800000| Untracked 
| 201|0x000000008c900000, 0x000000008c900000, 0x000000008ca00000|  0%| F|  |TAMS 0x000000008c900000, 0x000000008c900000| Untracked 
| 202|0x000000008ca00000, 0x000000008ca00000, 0x000000008cb00000|  0%| F|  |TAMS 0x000000008ca00000, 0x000000008ca00000| Untracked 
| 203|0x000000008cb00000, 0x000000008cb00000, 0x000000008cc00000|  0%| F|  |TAMS 0x000000008cb00000, 0x000000008cb00000| Untracked 
| 204|0x000000008cc00000, 0x000000008cc00000, 0x000000008cd00000|  0%| F|  |TAMS 0x000000008cc00000, 0x000000008cc00000| Untracked 
| 205|0x000000008cd00000, 0x000000008cd00000, 0x000000008ce00000|  0%| F|  |TAMS 0x000000008cd00000, 0x000000008cd00000| Untracked 
| 206|0x000000008ce00000, 0x000000008cf00000, 0x000000008cf00000|100%| S|CS|TAMS 0x000000008ce00000, 0x000000008ce00000| Complete 
| 207|0x000000008cf00000, 0x000000008d000000, 0x000000008d000000|100%| S|CS|TAMS 0x000000008cf00000, 0x000000008cf00000| Complete 
| 208|0x000000008d000000, 0x000000008d100000, 0x000000008d100000|100%| S|CS|TAMS 0x000000008d000000, 0x000000008d000000| Complete 
| 209|0x000000008d100000, 0x000000008d200000, 0x000000008d200000|100%| S|CS|TAMS 0x000000008d100000, 0x000000008d100000| Complete 
| 210|0x000000008d200000, 0x000000008d200000, 0x000000008d300000|  0%| F|  |TAMS 0x000000008d200000, 0x000000008d200000| Untracked 
| 211|0x000000008d300000, 0x000000008d300000, 0x000000008d400000|  0%| F|  |TAMS 0x000000008d300000, 0x000000008d300000| Untracked 
| 212|0x000000008d400000, 0x000000008d400000, 0x000000008d500000|  0%| F|  |TAMS 0x000000008d400000, 0x000000008d400000| Untracked 
| 213|0x000000008d500000, 0x000000008d500000, 0x000000008d600000|  0%| F|  |TAMS 0x000000008d500000, 0x000000008d500000| Untracked 
| 214|0x000000008d600000, 0x000000008d600000, 0x000000008d700000|  0%| F|  |TAMS 0x000000008d600000, 0x000000008d600000| Untracked 
| 215|0x000000008d700000, 0x000000008d700000, 0x000000008d800000|  0%| F|  |TAMS 0x000000008d700000, 0x000000008d700000| Untracked 
| 216|0x000000008d800000, 0x000000008d800000, 0x000000008d900000|  0%| F|  |TAMS 0x000000008d800000, 0x000000008d800000| Untracked 
| 217|0x000000008d900000, 0x000000008d900000, 0x000000008da00000|  0%| F|  |TAMS 0x000000008d900000, 0x000000008d900000| Untracked 
| 218|0x000000008da00000, 0x000000008da00000, 0x000000008db00000|  0%| F|  |TAMS 0x000000008da00000, 0x000000008da00000| Untracked 
| 219|0x000000008db00000, 0x000000008db00000, 0x000000008dc00000|  0%| F|  |TAMS 0x000000008db00000, 0x000000008db00000| Untracked 
| 220|0x000000008dc00000, 0x000000008dc00000, 0x000000008dd00000|  0%| F|  |TAMS 0x000000008dc00000, 0x000000008dc00000| Untracked 
| 221|0x000000008dd00000, 0x000000008dd00000, 0x000000008de00000|  0%| F|  |TAMS 0x000000008dd00000, 0x000000008dd00000| Untracked 
| 222|0x000000008de00000, 0x000000008de00000, 0x000000008df00000|  0%| F|  |TAMS 0x000000008de00000, 0x000000008de00000| Untracked 
| 223|0x000000008df00000, 0x000000008df00000, 0x000000008e000000|  0%| F|  |TAMS 0x000000008df00000, 0x000000008df00000| Untracked 
| 224|0x000000008e000000, 0x000000008e000000, 0x000000008e100000|  0%| F|  |TAMS 0x000000008e000000, 0x000000008e000000| Untracked 
| 225|0x000000008e100000, 0x000000008e100000, 0x000000008e200000|  0%| F|  |TAMS 0x000000008e100000, 0x000000008e100000| Untracked 
| 226|0x000000008e200000, 0x000000008e200000, 0x000000008e300000|  0%| F|  |TAMS 0x000000008e200000, 0x000000008e200000| Untracked 
| 227|0x000000008e300000, 0x000000008e300000, 0x000000008e400000|  0%| F|  |TAMS 0x000000008e300000, 0x000000008e300000| Untracked 
| 228|0x000000008e400000, 0x000000008e400000, 0x000000008e500000|  0%| F|  |TAMS 0x000000008e400000, 0x000000008e400000| Untracked 
| 229|0x000000008e500000, 0x000000008e500000, 0x000000008e600000|  0%| F|  |TAMS 0x000000008e500000, 0x000000008e500000| Untracked 
| 230|0x000000008e600000, 0x000000008e600000, 0x000000008e700000|  0%| F|  |TAMS 0x000000008e600000, 0x000000008e600000| Untracked 
| 231|0x000000008e700000, 0x000000008e700000, 0x000000008e800000|  0%| F|  |TAMS 0x000000008e700000, 0x000000008e700000| Untracked 
| 232|0x000000008e800000, 0x000000008e800000, 0x000000008e900000|  0%| F|  |TAMS 0x000000008e800000, 0x000000008e800000| Untracked 
| 233|0x000000008e900000, 0x000000008e900000, 0x000000008ea00000|  0%| F|  |TAMS 0x000000008e900000, 0x000000008e900000| Untracked 
| 234|0x000000008ea00000, 0x000000008ea00000, 0x000000008eb00000|  0%| F|  |TAMS 0x000000008ea00000, 0x000000008ea00000| Untracked 
| 235|0x000000008eb00000, 0x000000008eb00000, 0x000000008ec00000|  0%| F|  |TAMS 0x000000008eb00000, 0x000000008eb00000| Untracked 
| 236|0x000000008ec00000, 0x000000008ec00000, 0x000000008ed00000|  0%| F|  |TAMS 0x000000008ec00000, 0x000000008ec00000| Untracked 
| 237|0x000000008ed00000, 0x000000008ed00000, 0x000000008ee00000|  0%| F|  |TAMS 0x000000008ed00000, 0x000000008ed00000| Untracked 
| 238|0x000000008ee00000, 0x000000008ee00000, 0x000000008ef00000|  0%| F|  |TAMS 0x000000008ee00000, 0x000000008ee00000| Untracked 
| 239|0x000000008ef00000, 0x000000008ef00000, 0x000000008f000000|  0%| F|  |TAMS 0x000000008ef00000, 0x000000008ef00000| Untracked 
| 240|0x000000008f000000, 0x000000008f000000, 0x000000008f100000|  0%| F|  |TAMS 0x000000008f000000, 0x000000008f000000| Untracked 
| 241|0x000000008f100000, 0x000000008f100000, 0x000000008f200000|  0%| F|  |TAMS 0x000000008f100000, 0x000000008f100000| Untracked 
| 242|0x000000008f200000, 0x000000008f200000, 0x000000008f300000|  0%| F|  |TAMS 0x000000008f200000, 0x000000008f200000| Untracked 
| 243|0x000000008f300000, 0x000000008f300000, 0x000000008f400000|  0%| F|  |TAMS 0x000000008f300000, 0x000000008f300000| Untracked 
| 244|0x000000008f400000, 0x000000008f400000, 0x000000008f500000|  0%| F|  |TAMS 0x000000008f400000, 0x000000008f400000| Untracked 
| 245|0x000000008f500000, 0x000000008f500000, 0x000000008f600000|  0%| F|  |TAMS 0x000000008f500000, 0x000000008f500000| Untracked 
| 246|0x000000008f600000, 0x000000008f600000, 0x000000008f700000|  0%| F|  |TAMS 0x000000008f600000, 0x000000008f600000| Untracked 
| 247|0x000000008f700000, 0x000000008f700000, 0x000000008f800000|  0%| F|  |TAMS 0x000000008f700000, 0x000000008f700000| Untracked 
| 248|0x000000008f800000, 0x000000008f800000, 0x000000008f900000|  0%| F|  |TAMS 0x000000008f800000, 0x000000008f800000| Untracked 
| 249|0x000000008f900000, 0x000000008f9b6380, 0x000000008fa00000| 71%| E|  |TAMS 0x000000008f900000, 0x000000008f900000| Complete 
| 250|0x000000008fa00000, 0x000000008fb00000, 0x000000008fb00000|100%| E|  |TAMS 0x000000008fa00000, 0x000000008fa00000| Complete 
| 251|0x000000008fb00000, 0x000000008fc00000, 0x000000008fc00000|100%| E|CS|TAMS 0x000000008fb00000, 0x000000008fb00000| Complete 

Card table byte_map: [0x000002259c190000,0x000002259c590000] _byte_map_base: 0x000002259bd90000

Marking Bits (Prev, Next): (CMBitMap*) 0x000002258878d568, (CMBitMap*) 0x000002258878d5a0
 Prev Bits: [0x000002259c990000, 0x000002259e990000)
 Next Bits: [0x000002259e990000, 0x00000225a0990000)

Polling page: 0x0000022586e70000

Metaspace:

Usage:
  Non-class:    100.86 MB capacity,    98.41 MB ( 98%) used,     2.06 MB (  2%) free+waste,   393.88 KB ( <1%) overhead. 
      Class:     16.14 MB capacity,    14.72 MB ( 91%) used,     1.25 MB (  8%) free+waste,   178.44 KB (  1%) overhead. 
       Both:    117.01 MB capacity,   113.14 MB ( 97%) used,     3.31 MB (  3%) free+waste,   572.31 KB ( <1%) overhead. 

Virtual space:
  Non-class space:      102.00 MB reserved,     101.05 MB (>99%) committed 
      Class space:      504.00 MB reserved,      16.27 MB (  3%) committed 
             Both:      606.00 MB reserved,     117.33 MB ( 19%) committed 

Chunk freelists:
   Non-Class:  5.00 KB
       Class:  12.00 KB
        Both:  17.00 KB

MaxMetaspaceSize: 512.00 MB
CompressedClassSpaceSize: 504.00 MB
Initial GC threshold: 20.80 MB
Current GC threshold: 193.05 MB
CDS: off

CodeHeap 'non-profiled nmethods': size=120000Kb used=11241Kb max_used=11241Kb free=108758Kb
 bounds [0x0000022593e00000, 0x0000022594900000, 0x000002259b330000]
CodeHeap 'profiled nmethods': size=120000Kb used=35366Kb max_used=35366Kb free=84633Kb
 bounds [0x000002258c8d0000, 0x000002258eb60000, 0x0000022593e00000]
CodeHeap 'non-nmethods': size=5760Kb used=2455Kb max_used=2514Kb free=3304Kb
 bounds [0x000002258c330000, 0x000002258c5b0000, 0x000002258c8d0000]
 total_blobs=16725 nmethods=15745 adapters=891
 compilation: enabled
              stopped_count=0, restarted_count=0
 full_count=0

Compilation events (20 events):
Event: 35.479 Thread 0x00000225a3d00000 nmethod 15742 0x00000225948ea090 code [0x00000225948ea600, 0x00000225948f0850]
Event: 38.145 Thread 0x00000225a7a70000 15838       4       java.util.ArrayDeque::spliterator (9 bytes)
Event: 38.147 Thread 0x00000225a7a70000 nmethod 15838 0x00000225948f5690 code [0x00000225948f5820, 0x00000225948f58f8]
Event: 38.147 Thread 0x00000225a3d00000 15839       4       java.math.BigInteger::<init> (93 bytes)
Event: 38.148 Thread 0x00000225a7a70000 15840       4       com.google.common.collect.ImmutableSortedMap::createEntrySet (22 bytes)
Event: 38.150 Thread 0x00000225a7a70000 nmethod 15840 0x00000225948f5990 code [0x00000225948f5b40, 0x00000225948f5c98]
Event: 38.161 Thread 0x00000225a7a70000 15841       4       com.google.common.collect.ImmutableMapEntrySet$RegularEntrySet::iterator (8 bytes)
Event: 38.164 Thread 0x00000225a7a70000 nmethod 15841 0x00000225948f5e10 code [0x00000225948f5fc0, 0x00000225948f6198]
Event: 38.169 Thread 0x00000225a3d00000 nmethod 15839 0x00000225948f6310 code [0x00000225948f6500, 0x00000225948f7338]
Event: 38.176 Thread 0x00000225a7a70000 15842       4       org.gradle.api.internal.file.AbstractOpaqueFileCollection::visitContents (11 bytes)
Event: 38.177 Thread 0x00000225a7a70000 nmethod 15842 0x00000225948f7b10 code [0x00000225948f7ca0, 0x00000225948f7d38]
Event: 38.300 Thread 0x00000225a3d01000 15843       3       org.gradle.internal.fingerprint.impl.NameOnlyFingerprintingStrategy::getHashingStrategy (4 bytes)
Event: 38.300 Thread 0x00000225a3d01000 nmethod 15843 0x000002258eb4b890 code [0x000002258eb4ba40, 0x000002258eb4bb58]
Event: 38.474 Thread 0x00000225a3d00000 15844       4       org.gradle.cache.internal.btree.FileBackedBlockStore::flush (1 bytes)
Event: 38.474 Thread 0x00000225a3d00000 nmethod 15844 0x00000225948f7e10 code [0x00000225948f7fa0, 0x00000225948f7ff8]
Event: 38.579 Thread 0x00000225a3d00000 15845       4       com.google.common.collect.ImmutableMap$Builder::<init> (23 bytes)
Event: 38.581 Thread 0x00000225a3d00000 nmethod 15845 0x00000225948f8110 code [0x00000225948f82a0, 0x00000225948f8498]
Event: 38.581 Thread 0x00000225a3d00000 15846       4       org.gradle.internal.fingerprint.impl.DefaultFileCollectionSnapshotter::snapshot (54 bytes)
Event: 38.591 Thread 0x00000225a3d00000 nmethod 15846 0x00000225948f8590 code [0x00000225948f87a0, 0x00000225948f8ee8]
Event: 38.612 Thread 0x00000225a3d00000 15847       4       org.gradle.internal.snapshot.DirectorySnapshot::<init> (41 bytes)

GC Heap History (20 events):
Event: 30.948 GC heap before
{Heap before GC invocations=22 (full 0):
 garbage-first heap   total 258048K, used 192465K [0x0000000080000000, 0x0000000100000000)
  region size 1024K, 46 young (47104K), 5 survivors (5120K)
 Metaspace       used 110207K, capacity 114176K, committed 114384K, reserved 616448K
  class space    used 14522K, capacity 15994K, committed 16024K, reserved 516096K
}
Event: 30.953 GC heap after
{Heap after GC invocations=23 (full 0):
 garbage-first heap   total 258048K, used 151753K [0x0000000080000000, 0x0000000100000000)
  region size 1024K, 5 young (5120K), 5 survivors (5120K)
 Metaspace       used 110207K, capacity 114176K, committed 114384K, reserved 616448K
  class space    used 14522K, capacity 15994K, committed 16024K, reserved 516096K
}
Event: 31.546 GC heap before
{Heap before GC invocations=24 (full 0):
 garbage-first heap   total 258048K, used 200905K [0x0000000080000000, 0x0000000100000000)
  region size 1024K, 51 young (52224K), 5 survivors (5120K)
 Metaspace       used 110224K, capacity 114012K, committed 114640K, reserved 616448K
  class space    used 14460K, capacity 15863K, committed 16024K, reserved 516096K
}
Event: 31.553 GC heap after
{Heap after GC invocations=25 (full 0):
 garbage-first heap   total 258048K, used 154279K [0x0000000080000000, 0x0000000100000000)
  region size 1024K, 8 young (8192K), 8 survivors (8192K)
 Metaspace       used 110224K, capacity 114012K, committed 114640K, reserved 616448K
  class space    used 14460K, capacity 15863K, committed 16024K, reserved 516096K
}
Event: 32.074 GC heap before
{Heap before GC invocations=26 (full 0):
 garbage-first heap   total 258048K, used 181927K [0x0000000080000000, 0x0000000100000000)
  region size 1024K, 33 young (33792K), 8 survivors (8192K)
 Metaspace       used 110483K, capacity 114243K, committed 114640K, reserved 616448K
  class space    used 14475K, capacity 15883K, committed 16024K, reserved 516096K
}
Event: 32.083 GC heap after
{Heap after GC invocations=27 (full 0):
 garbage-first heap   total 258048K, used 156133K [0x0000000080000000, 0x0000000100000000)
  region size 1024K, 3 young (3072K), 3 survivors (3072K)
 Metaspace       used 110483K, capacity 114243K, committed 114640K, reserved 616448K
  class space    used 14475K, capacity 15883K, committed 16024K, reserved 516096K
}
Event: 32.464 GC heap before
{Heap before GC invocations=28 (full 0):
 garbage-first heap   total 258048K, used 171493K [0x0000000080000000, 0x0000000100000000)
  region size 1024K, 16 young (16384K), 3 survivors (3072K)
 Metaspace       used 110532K, capacity 114316K, committed 114640K, reserved 616448K
  class space    used 14476K, capacity 15883K, committed 16024K, reserved 516096K
}
Event: 32.470 GC heap after
{Heap after GC invocations=29 (full 0):
 garbage-first heap   total 258048K, used 157021K [0x0000000080000000, 0x0000000100000000)
  region size 1024K, 4 young (4096K), 4 survivors (4096K)
 Metaspace       used 110532K, capacity 114316K, committed 114640K, reserved 616448K
  class space    used 14476K, capacity 15883K, committed 16024K, reserved 516096K
}
Event: 32.935 GC heap before
{Heap before GC invocations=30 (full 0):
 garbage-first heap   total 258048K, used 200029K [0x0000000080000000, 0x0000000100000000)
  region size 1024K, 40 young (40960K), 4 survivors (4096K)
 Metaspace       used 110755K, capacity 114544K, committed 114896K, reserved 616448K
  class space    used 14491K, capacity 15899K, committed 16024K, reserved 516096K
}
Event: 32.944 GC heap after
{Heap after GC invocations=31 (full 0):
 garbage-first heap   total 258048K, used 161174K [0x0000000080000000, 0x0000000100000000)
  region size 1024K, 6 young (6144K), 6 survivors (6144K)
 Metaspace       used 110755K, capacity 114544K, committed 114896K, reserved 616448K
  class space    used 14491K, capacity 15899K, committed 16024K, reserved 516096K
}
Event: 33.381 GC heap before
{Heap before GC invocations=32 (full 0):
 garbage-first heap   total 258048K, used 208278K [0x0000000080000000, 0x0000000100000000)
  region size 1024K, 49 young (50176K), 6 survivors (6144K)
 Metaspace       used 111945K, capacity 115838K, committed 116048K, reserved 616448K
  class space    used 14577K, capacity 16015K, committed 16152K, reserved 516096K
}
Event: 33.390 GC heap after
{Heap after GC invocations=33 (full 0):
 garbage-first heap   total 258048K, used 164603K [0x0000000080000000, 0x0000000100000000)
  region size 1024K, 6 young (6144K), 6 survivors (6144K)
 Metaspace       used 111945K, capacity 115838K, committed 116048K, reserved 616448K
  class space    used 14577K, capacity 16015K, committed 16152K, reserved 516096K
}
Event: 33.438 GC heap before
{Heap before GC invocations=33 (full 0):
 garbage-first heap   total 258048K, used 169723K [0x0000000080000000, 0x0000000100000000)
  region size 1024K, 12 young (12288K), 6 survivors (6144K)
 Metaspace       used 111991K, capacity 115904K, committed 116048K, reserved 616448K
  class space    used 14577K, capacity 16015K, committed 16152K, reserved 516096K
}
Event: 33.444 GC heap after
{Heap after GC invocations=34 (full 0):
 garbage-first heap   total 258048K, used 164829K [0x0000000080000000, 0x0000000100000000)
  region size 1024K, 2 young (2048K), 2 survivors (2048K)
 Metaspace       used 111991K, capacity 115904K, committed 116048K, reserved 616448K
  class space    used 14577K, capacity 16015K, committed 16152K, reserved 516096K
}
Event: 34.185 GC heap before
{Heap before GC invocations=34 (full 0):
 garbage-first heap   total 258048K, used 206813K [0x0000000080000000, 0x0000000100000000)
  region size 1024K, 44 young (45056K), 2 survivors (2048K)
 Metaspace       used 113743K, capacity 117692K, committed 117968K, reserved 618496K
  class space    used 14777K, capacity 16208K, committed 16280K, reserved 516096K
}
Event: 34.193 GC heap after
{Heap after GC invocations=35 (full 0):
 garbage-first heap   total 258048K, used 169206K [0x0000000080000000, 0x0000000100000000)
  region size 1024K, 6 young (6144K), 6 survivors (6144K)
 Metaspace       used 113743K, capacity 117692K, committed 117968K, reserved 618496K
  class space    used 14777K, capacity 16208K, committed 16280K, reserved 516096K
}
Event: 35.049 GC heap before
{Heap before GC invocations=36 (full 0):
 garbage-first heap   total 258048K, used 210166K [0x0000000080000000, 0x0000000100000000)
  region size 1024K, 47 young (48128K), 6 survivors (6144K)
 Metaspace       used 115343K, capacity 119320K, committed 119504K, reserved 620544K
  class space    used 14991K, capacity 16434K, committed 16536K, reserved 516096K
}
Event: 35.058 GC heap after
{Heap after GC invocations=37 (full 0):
 garbage-first heap   total 258048K, used 172735K [0x0000000080000000, 0x0000000100000000)
  region size 1024K, 4 young (4096K), 4 survivors (4096K)
 Metaspace       used 115343K, capacity 119320K, committed 119504K, reserved 620544K
  class space    used 14991K, capacity 16434K, committed 16536K, reserved 516096K
}
Event: 35.183 GC heap before
{Heap before GC invocations=37 (full 0):
 garbage-first heap   total 258048K, used 185023K [0x0000000080000000, 0x0000000100000000)
  region size 1024K, 12 young (12288K), 4 survivors (4096K)
 Metaspace       used 115428K, capacity 119388K, committed 119504K, reserved 620544K
  class space    used 15004K, capacity 16435K, committed 16536K, reserved 516096K
}
Event: 35.189 GC heap after
{Heap after GC invocations=38 (full 0):
 garbage-first heap   total 258048K, used 172714K [0x0000000080000000, 0x0000000100000000)
  region size 1024K, 2 young (2048K), 2 survivors (2048K)
 Metaspace       used 115428K, capacity 119388K, committed 119504K, reserved 620544K
  class space    used 15004K, capacity 16435K, committed 16536K, reserved 516096K
}

Deoptimization events (20 events):
Event: 35.014 Thread 0x00000225a78ad000 Uncommon trap: trap_request=0xffffffc6 fr.pc=0x00000225941ac188 relative=0x00000000000000c8
Event: 35.014 Thread 0x00000225a78ad000 Uncommon trap: reason=bimorphic_or_optimized_type_check action=maybe_recompile pc=0x00000225941ac188 method=com.google.common.collect.RegularImmutableMap.checkNoConflictInKeyBucket(Ljava/lang/Object;Ljava/util/Map$Entry;Lcom/google/common/collect/Immutabl
Event: 35.014 Thread 0x00000225a78ad000 DEOPT PACKING pc=0x00000225941ac188 sp=0x0000006a738fcd00
Event: 35.014 Thread 0x00000225a78ad000 DEOPT UNPACKING pc=0x000002258c3385af sp=0x0000006a738fcca8 mode 2
Event: 35.034 Thread 0x00000225a78ad000 Uncommon trap: trap_request=0xffffff4d fr.pc=0x00000225942befe0 relative=0x0000000000000660
Event: 35.034 Thread 0x00000225a78ad000 Uncommon trap: reason=unstable_if action=reinterpret pc=0x00000225942befe0 method=org.gradle.internal.snapshot.PathUtil.equalChars(CCLorg/gradle/internal/snapshot/CaseSensitivity;)Z @ 40 c2
Event: 35.034 Thread 0x00000225a78ad000 DEOPT PACKING pc=0x00000225942befe0 sp=0x0000006a738fc2d0
Event: 35.034 Thread 0x00000225a78ad000 DEOPT UNPACKING pc=0x000002258c3385af sp=0x0000006a738fc1e0 mode 2
Event: 35.072 Thread 0x00000225a78ad000 Uncommon trap: trap_request=0xffffff4d fr.pc=0x00000225940ed3a4 relative=0x0000000000000264
Event: 35.072 Thread 0x00000225a78ad000 Uncommon trap: reason=unstable_if action=reinterpret pc=0x00000225940ed3a4 method=org.gradle.internal.snapshot.PathUtil.equalChars(CCLorg/gradle/internal/snapshot/CaseSensitivity;)Z @ 40 c2
Event: 35.072 Thread 0x00000225a78ad000 DEOPT PACKING pc=0x00000225940ed3a4 sp=0x0000006a738fc1f0
Event: 35.072 Thread 0x00000225a78ad000 DEOPT UNPACKING pc=0x000002258c3385af sp=0x0000006a738fc180 mode 2
Event: 35.211 Thread 0x00000225ac829800 Uncommon trap: trap_request=0xffffffbe fr.pc=0x000002259458908c relative=0x0000000000000aec
Event: 35.211 Thread 0x00000225ac829800 Uncommon trap: reason=profile_predicate action=maybe_recompile pc=0x000002259458908c method=java.util.regex.Pattern$BnM.optimize(Ljava/util/regex/Pattern$Node;)Ljava/util/regex/Pattern$Node; @ 67 c2
Event: 35.211 Thread 0x00000225ac829800 DEOPT PACKING pc=0x000002259458908c sp=0x0000006a77bfd4b0
Event: 35.211 Thread 0x00000225ac829800 DEOPT UNPACKING pc=0x000002258c3385af sp=0x0000006a77bfd408 mode 2
Event: 35.330 Thread 0x00000225a78ad800 DEOPT PACKING pc=0x000002258d8beec2 sp=0x0000006a733fe0f0
Event: 35.330 Thread 0x00000225a78ad800 DEOPT UNPACKING pc=0x000002258c379d0e sp=0x0000006a733fd548 mode 0
Event: 38.596 Thread 0x00000225a785a000 DEOPT PACKING pc=0x000002258e8238f6 sp=0x0000006a719fd9e0
Event: 38.596 Thread 0x00000225a785a000 DEOPT UNPACKING pc=0x000002258c379d0e sp=0x0000006a719fcf00 mode 0

Classes redefined (0 events):
No events

Internal exceptions (20 events):
Event: 34.123 Thread 0x00000225a78aa800 Exception <a 'java/lang/reflect/InvocationTargetException'{0x000000008d3731b8}> (0x000000008d3731b8) thrown at [src/hotspot/share/runtime/reflection.cpp, line 1247]
Event: 34.151 Thread 0x00000225a78aa800 Exception <a 'java/lang/NoSuchMethodError'{0x000000008d2f8a68}: <clinit>> (0x000000008d2f8a68) thrown at [src/hotspot/share/prims/jni.cpp, line 1367]
Event: 34.152 Thread 0x00000225a78aa800 Exception <a 'java/lang/NoSuchMethodError'{0x000000008d114968}: <clinit>> (0x000000008d114968) thrown at [src/hotspot/share/prims/jni.cpp, line 1367]
Event: 34.152 Thread 0x00000225a78aa800 Exception <a 'java/lang/NoSuchMethodError'{0x000000008d1161e0}: <clinit>> (0x000000008d1161e0) thrown at [src/hotspot/share/prims/jni.cpp, line 1367]
Event: 34.289 Thread 0x00000225ac825000 Exception <a 'java/net/ConnectException'{0x000000008f39fd60}: Connection refused: connect> (0x000000008f39fd60) thrown at [src/hotspot/share/prims/jni.cpp, line 638]
Event: 34.308 Thread 0x00000225ac825000 Exception <a 'java/net/ConnectException'{0x000000008f3a0cc0}: Connection refused: connect> (0x000000008f3a0cc0) thrown at [src/hotspot/share/prims/jni.cpp, line 638]
Event: 34.324 Thread 0x00000225ac825000 Exception <a 'java/net/ConnectException'{0x000000008f3a19f0}: Connection refused: connect> (0x000000008f3a19f0) thrown at [src/hotspot/share/prims/jni.cpp, line 638]
Event: 34.326 Thread 0x00000225ac825000 Exception <a 'java/net/ConnectException'{0x000000008f2ecb00}: Connection refused: connect> (0x000000008f2ecb00) thrown at [src/hotspot/share/prims/jni.cpp, line 638]
Event: 34.339 Thread 0x00000225ac825000 Exception <a 'java/net/ConnectException'{0x000000008f2ed830}: Connection refused: connect> (0x000000008f2ed830) thrown at [src/hotspot/share/prims/jni.cpp, line 638]
Event: 34.354 Thread 0x00000225ac825000 Exception <a 'java/net/ConnectException'{0x000000008f2ee560}: Connection refused: connect> (0x000000008f2ee560) thrown at [src/hotspot/share/prims/jni.cpp, line 638]
Event: 34.943 Thread 0x00000225a78ac000 Exception <a 'java/lang/reflect/InvocationTargetException'{0x000000008d609608}> (0x000000008d609608) thrown at [src/hotspot/share/runtime/reflection.cpp, line 1247]
Event: 34.981 Thread 0x00000225a78ac000 Exception <a 'java/lang/NoSuchMethodError'{0x000000008d5adda0}: <clinit>> (0x000000008d5adda0) thrown at [src/hotspot/share/prims/jni.cpp, line 1367]
Event: 34.982 Thread 0x00000225a78ac000 Exception <a 'java/lang/NoSuchMethodError'{0x000000008d5ce8a0}: <clinit>> (0x000000008d5ce8a0) thrown at [src/hotspot/share/prims/jni.cpp, line 1367]
Event: 34.982 Thread 0x00000225a78ac000 Exception <a 'java/lang/NoSuchMethodError'{0x000000008d5d0358}: <clinit>> (0x000000008d5d0358) thrown at [src/hotspot/share/prims/jni.cpp, line 1367]
Event: 35.224 Thread 0x00000225ac829800 Exception <a 'java/net/ConnectException'{0x000000008f5512e0}: Connection refused: connect> (0x000000008f5512e0) thrown at [src/hotspot/share/prims/jni.cpp, line 638]
Event: 35.246 Thread 0x00000225ac829800 Exception <a 'java/net/ConnectException'{0x000000008f552130}: Connection refused: connect> (0x000000008f552130) thrown at [src/hotspot/share/prims/jni.cpp, line 638]
Event: 35.262 Thread 0x00000225ac829800 Exception <a 'java/net/ConnectException'{0x000000008f1dc388}: Connection refused: connect> (0x000000008f1dc388) thrown at [src/hotspot/share/prims/jni.cpp, line 638]
Event: 35.264 Thread 0x00000225ac829800 Exception <a 'java/net/ConnectException'{0x000000008f1de310}: Connection refused: connect> (0x000000008f1de310) thrown at [src/hotspot/share/prims/jni.cpp, line 638]
Event: 35.278 Thread 0x00000225ac829800 Exception <a 'java/net/ConnectException'{0x000000008f1df040}: Connection refused: connect> (0x000000008f1df040) thrown at [src/hotspot/share/prims/jni.cpp, line 638]
Event: 35.294 Thread 0x00000225ac829800 Exception <a 'java/net/ConnectException'{0x000000008f1dfd70}: Connection refused: connect> (0x000000008f1dfd70) thrown at [src/hotspot/share/prims/jni.cpp, line 638]

Events (20 events):
Event: 34.950 Executing VM operation: RevokeBias done
Event: 34.973 Executing VM operation: RevokeBias
Event: 34.973 Executing VM operation: RevokeBias done
Event: 34.976 Executing VM operation: RevokeBias
Event: 34.976 Executing VM operation: RevokeBias done
Event: 34.978 Executing VM operation: RevokeBias
Event: 34.978 Executing VM operation: RevokeBias done
Event: 34.987 Thread 0x00000225ac829800 Thread added: 0x00000225ac829800
Event: 35.029 Executing VM operation: RevokeBias
Event: 35.029 Executing VM operation: RevokeBias done
Event: 35.030 Executing VM operation: RevokeBias
Event: 35.030 Executing VM operation: RevokeBias done
Event: 35.049 Executing VM operation: G1CollectForAllocation
Event: 35.058 Executing VM operation: G1CollectForAllocation done
Event: 35.183 Executing VM operation: G1CollectForAllocation
Event: 35.189 Executing VM operation: G1CollectForAllocation done
Event: 37.321 Loaded shared library C:\Users\mdaahmed\AppData\Local\Temp\native-platform16322962335847246380dir\native-platform.dll
Event: 38.145 Thread 0x00000225ace0f800 Thread exited: 0x00000225ace0f800
Event: 38.201 Thread 0x00000225ac82a800 Thread added: 0x00000225ac82a800
Event: 38.300 Thread 0x00000225a7a70000 Thread exited: 0x00000225a7a70000


Dynamic libraries:
0x00007ff6096b0000 - 0x00007ff6096ba000 	C:\Program Files\Android\Android Studio\jbr\bin\java.exe
0x00007ffed0050000 - 0x00007ffed0248000 	C:\WINDOWS\SYSTEM32\ntdll.dll
0x00007ffece2e0000 - 0x00007ffece39f000 	C:\WINDOWS\System32\KERNEL32.DLL
0x00007ffecda40000 - 0x00007ffecdd12000 	C:\WINDOWS\System32\KERNELBASE.dll
0x00007ffecde10000 - 0x00007ffecdf10000 	C:\WINDOWS\System32\ucrtbase.dll
0x00007ffea6260000 - 0x00007ffea6277000 	C:\Program Files\Android\Android Studio\jbr\bin\jli.dll
0x00007ffea6210000 - 0x00007ffea622b000 	C:\Program Files\Android\Android Studio\jbr\bin\VCRUNTIME140.dll
0x00007ffecf6f0000 - 0x00007ffecf891000 	C:\WINDOWS\System32\USER32.dll
0x00007ffece070000 - 0x00007ffece092000 	C:\WINDOWS\System32\win32u.dll
0x00007ffeb3fd0000 - 0x00007ffeb426a000 	C:\WINDOWS\WinSxS\amd64_microsoft.windows.common-controls_6595b64144ccf1df_6.0.19041.1110_none_60b5254171f9507e\COMCTL32.dll
0x00007ffece1d0000 - 0x00007ffece1fb000 	C:\WINDOWS\System32\GDI32.dll
0x00007ffecfec0000 - 0x00007ffecff5e000 	C:\WINDOWS\System32\msvcrt.dll
0x00007ffecd930000 - 0x00007ffecda3f000 	C:\WINDOWS\System32\gdi32full.dll
0x00007ffecdd70000 - 0x00007ffecde0d000 	C:\WINDOWS\System32\msvcp_win.dll
0x00007ffecfe90000 - 0x00007ffecfec0000 	C:\WINDOWS\System32\IMM32.DLL
0x0000022586e90000 - 0x0000022586ea4000 	C:\WINDOWS\System32\umppc16606.dll
0x00007ffeb4280000 - 0x00007ffeb428c000 	C:\Program Files\Android\Android Studio\jbr\bin\vcruntime140_1.dll
0x00007ffe8bca0000 - 0x00007ffe8bd2d000 	C:\Program Files\Android\Android Studio\jbr\bin\msvcp140.dll
0x00007ffe4ed20000 - 0x00007ffe4f8dc000 	C:\Program Files\Android\Android Studio\jbr\bin\server\jvm.dll
0x00007ffece430000 - 0x00007ffece4de000 	C:\WINDOWS\System32\ADVAPI32.dll
0x00007ffecfcc0000 - 0x00007ffecfd5c000 	C:\WINDOWS\System32\sechost.dll
0x00007ffecfd60000 - 0x00007ffecfe84000 	C:\WINDOWS\System32\RPCRT4.dll
0x00007ffecf6e0000 - 0x00007ffecf6e8000 	C:\WINDOWS\System32\PSAPI.DLL
0x00007ffebc8c0000 - 0x00007ffebc8c9000 	C:\WINDOWS\SYSTEM32\WSOCK32.dll
0x00007ffece150000 - 0x00007ffece1bb000 	C:\WINDOWS\System32\WS2_32.dll
0x00007ffeaffd0000 - 0x00007ffeafff7000 	C:\WINDOWS\SYSTEM32\WINMM.dll
0x00007ffec3b30000 - 0x00007ffec3b3a000 	C:\WINDOWS\SYSTEM32\VERSION.dll
0x00007ffecbf60000 - 0x00007ffecbf72000 	C:\WINDOWS\SYSTEM32\kernel.appcore.dll
0x00007ffebb4f0000 - 0x00007ffebb500000 	C:\Program Files\Android\Android Studio\jbr\bin\verify.dll
0x00007ffecbc20000 - 0x00007ffecbe04000 	C:\WINDOWS\SYSTEM32\DBGHELP.DLL
0x00007ffeaa260000 - 0x00007ffeaa295000 	C:\WINDOWS\SYSTEM32\dbgcore.DLL
0x00007ffecd750000 - 0x00007ffecd7d2000 	C:\WINDOWS\System32\bcryptPrimitives.dll
0x00007ffe55040000 - 0x00007ffe55068000 	C:\Program Files\Android\Android Studio\jbr\bin\java.dll
0x00007ffe8dbc0000 - 0x00007ffe8dbca000 	C:\Program Files\Android\Android Studio\jbr\bin\jimage.dll
0x00007ffe51660000 - 0x00007ffe51678000 	C:\Program Files\Android\Android Studio\jbr\bin\zip.dll
0x00007ffece540000 - 0x00007ffecec85000 	C:\WINDOWS\System32\SHELL32.dll
0x00007ffecb3b0000 - 0x00007ffecbb42000 	C:\WINDOWS\SYSTEM32\windows.storage.dll
0x00007ffecec90000 - 0x00007ffecefe5000 	C:\WINDOWS\System32\combase.dll
0x00007ffecd0d0000 - 0x00007ffecd100000 	C:\WINDOWS\SYSTEM32\Wldp.dll
0x00007ffece0a0000 - 0x00007ffece14d000 	C:\WINDOWS\System32\SHCORE.dll
0x00007ffecfb10000 - 0x00007ffecfb65000 	C:\WINDOWS\System32\shlwapi.dll
0x00007ffecd690000 - 0x00007ffecd6af000 	C:\WINDOWS\SYSTEM32\profapi.dll
0x00007ffe51640000 - 0x00007ffe51659000 	C:\Program Files\Android\Android Studio\jbr\bin\net.dll
0x00007ffec7630000 - 0x00007ffec773a000 	C:\WINDOWS\SYSTEM32\WINHTTP.dll
0x00007ffecceb0000 - 0x00007ffeccf1a000 	C:\WINDOWS\system32\mswsock.dll
0x00007ffe515b0000 - 0x00007ffe515c3000 	C:\Program Files\Android\Android Studio\jbr\bin\nio.dll
0x00007ffe8dc20000 - 0x00007ffe8dc47000 	C:\Users\mdaahmed\.gradle\native\e1d6ef7f7dcc3fd88c89a11ec53ec762bb8ba0a96d01ffa2cd45eb1d1d8dd5c5\windows-amd64\native-platform.dll
0x00007ffe88050000 - 0x00007ffe88194000 	C:\Users\mdaahmed\.gradle\native\0d407fdbe67a94daf76414ababcb853783967236a71b16ec16e742cd7a986fd3\windows-amd64\native-platform-file-events.dll
0x00007ffe8bf70000 - 0x00007ffe8bf7a000 	C:\Program Files\Android\Android Studio\jbr\bin\management.dll
0x00007ffe51630000 - 0x00007ffe5163b000 	C:\Program Files\Android\Android Studio\jbr\bin\management_ext.dll
0x00007ffecd110000 - 0x00007ffecd128000 	C:\WINDOWS\SYSTEM32\CRYPTSP.dll
0x00007ffecc780000 - 0x00007ffecc7b4000 	C:\WINDOWS\system32\rsaenh.dll
0x00007ffecd850000 - 0x00007ffecd877000 	C:\WINDOWS\System32\bcrypt.dll
0x00007ffecd650000 - 0x00007ffecd67e000 	C:\WINDOWS\SYSTEM32\USERENV.dll
0x00007ffecd040000 - 0x00007ffecd04c000 	C:\WINDOWS\SYSTEM32\CRYPTBASE.dll
0x00007ffeccb70000 - 0x00007ffeccbab000 	C:\WINDOWS\SYSTEM32\IPHLPAPI.DLL
0x00007ffece1c0000 - 0x00007ffece1c8000 	C:\WINDOWS\System32\NSI.dll
0x00007ffec5770000 - 0x00007ffec5787000 	C:\WINDOWS\SYSTEM32\dhcpcsvc6.DLL
0x00007ffec5750000 - 0x00007ffec576d000 	C:\WINDOWS\SYSTEM32\dhcpcsvc.DLL
0x00007ffeccbc0000 - 0x00007ffeccc8b000 	C:\WINDOWS\SYSTEM32\DNSAPI.dll
0x00007ffebb640000 - 0x00007ffebb647000 	C:\Program Files\Android\Android Studio\jbr\bin\rmi.dll
0x00007ffec4290000 - 0x00007ffec42ae000 	C:\Users\mdaahmed\AppData\Local\Temp\native-platform6939290479513477824dir\native-platform.dll
0x00007ffeac560000 - 0x00007ffeac57e000 	C:\Users\mdaahmed\AppData\Local\Temp\native-platform16322962335847246380dir\native-platform.dll

dbghelp: loaded successfully - version: 4.0.5 - missing functions: none
symbol engine: initialized successfully - sym options: 0x614 - pdb path: .;C:\Program Files\Android\Android Studio\jbr\bin;C:\WINDOWS\SYSTEM32;C:\WINDOWS\WinSxS\amd64_microsoft.windows.common-controls_6595b64144ccf1df_6.0.19041.1110_none_60b5254171f9507e;C:\Program Files\Android\Android Studio\jbr\bin\server;C:\Users\mdaahmed\.gradle\native\e1d6ef7f7dcc3fd88c89a11ec53ec762bb8ba0a96d01ffa2cd45eb1d1d8dd5c5\windows-amd64;C:\Users\mdaahmed\.gradle\native\0d407fdbe67a94daf76414ababcb853783967236a71b16ec16e742cd7a986fd3\windows-amd64;C:\Users\mdaahmed\AppData\Local\Temp\native-platform6939290479513477824dir;C:\Users\mdaahmed\AppData\Local\Temp\native-platform16322962335847246380dir

VM Arguments:
jvm_args: -XX:MaxMetaspaceSize=512m --add-opens=java.base/java.util=ALL-UNNAMED --add-opens=java.base/java.lang=ALL-UNNAMED --add-opens=java.base/java.lang.invoke=ALL-UNNAMED --add-opens=java.base/java.util=ALL-UNNAMED --add-opens=java.prefs/java.util.prefs=ALL-UNNAMED --add-opens=java.prefs/java.util.prefs=ALL-UNNAMED --add-opens=java.base/java.nio.charset=ALL-UNNAMED --add-opens=java.base/java.net=ALL-UNNAMED --add-opens=java.base/java.util.concurrent.atomic=ALL-UNNAMED -Xmx2048m -Dfile.encoding=windows-1252 -Duser.country=IN -Duser.language=en -Duser.variant 
java_command: org.gradle.launcher.daemon.bootstrap.GradleDaemon 7.5.1
java_class_path (initial): C:\Users\mdaahmed\.gradle\wrapper\dists\gradle-7.5.1-all\1ehga6e77gqps5uk2kc5kf1vc\gradle-7.5.1\lib\gradle-launcher-7.5.1.jar
Launcher Type: SUN_STANDARD

[Global flags]
     intx CICompilerCount                          = 4                                         {product} {ergonomic}
   size_t CompressedClassSpaceSize                 = 528482304                                 {product} {ergonomic}
     uint ConcGCThreads                            = 2                                         {product} {ergonomic}
     uint G1ConcRefinementThreads                  = 8                                         {product} {ergonomic}
   size_t G1HeapRegionSize                         = 1048576                                   {product} {ergonomic}
    uintx GCDrainStackTargetSize                   = 64                                        {product} {ergonomic}
   size_t InitialHeapSize                          = 264241152                                 {product} {ergonomic}
   size_t MarkStackSize                            = 4194304                                   {product} {ergonomic}
   size_t MaxHeapSize                              = 2147483648                                {product} {command line}
   size_t MaxMetaspaceSize                         = 536870912                                 {product} {command line}
   size_t MaxNewSize                               = 1287651328                                {product} {ergonomic}
   size_t MinHeapDeltaBytes                        = 1048576                                   {product} {ergonomic}
    uintx NonNMethodCodeHeapSize                   = 5836300                                {pd product} {ergonomic}
    uintx NonProfiledCodeHeapSize                  = 122910970                              {pd product} {ergonomic}
    uintx ProfiledCodeHeapSize                     = 122910970                              {pd product} {ergonomic}
    uintx ReservedCodeCacheSize                    = 251658240                              {pd product} {ergonomic}
     bool SegmentedCodeCache                       = true                                      {product} {ergonomic}
     bool UseCompressedClassPointers               = true                                 {lp64_product} {ergonomic}
     bool UseCompressedOops                        = true                                 {lp64_product} {ergonomic}
     bool UseG1GC                                  = true                                      {product} {ergonomic}
     bool UseLargePagesIndividualAllocation        = false                                  {pd product} {ergonomic}

Logging:
Log output configuration:
 #0: stdout all=warning uptime,level,tags
 #1: stderr all=off uptime,level,tags

Environment Variables:
PATH=C:\Program Files\Common Files\Oracle\Java\javapath;C:\Program Files (x86)\Common Files\Oracle\Java\javapath;C:\WINDOWS\system32;C:\WINDOWS;C:\WINDOWS\System32\Wbem;C:\WINDOWS\System32\WindowsPowerShell\v1.0\;C:\WINDOWS\System32\OpenSSH\;C:\Program Files (x86)\Box\Box Edit\;C:\Program Files\Git\cmd;C:\Program Files\MongoDB\Server\5.0\bin;C:\Users\mdaahmed\AppData\Local\Android\Sdk;C:\Program Files\Java\jdk-20\bin;C:\Users\mdaahmed\AppData\Local\Android\Sdk;C:\Users\mdaahmed\AppData\Local\Android\Sdk\platform-tools;C:\Program Files\nodejs\;C:\Users\mdaahmed\AppData\Local\Android\Sdk\platforms;C:\Users\mdaahmed\AppData\Local\Microsoft\WindowsApps;C:\Users\mdaahmed\AppData\Local\Programs\Microsoft VS Code\bin;C:\Users\mdaahmed\AppData\Local\Android\Sdk;C:\Program Files\Java\jdk-20\bin;C:\Users\mdaahmed\AppData\Local\Android\Sdk\platform-tools;C:\Users\mdaahmed\AppData\Local\Android\Sdk;C:\Users\mdaahmed\AppData\Roaming\npm;C:\Users\mdaahmed\AppData\Local\Android\Sdk\platforms;
USERNAME=mdaahmed
OS=Windows_NT
PROCESSOR_IDENTIFIER=Intel64 Family 6 Model 140 Stepping 1, GenuineIntel



---------------  S Y S T E M  ---------------

OS: Windows 10 , 64 bit Build 19041 (10.0.19041.2546)
OS uptime: 4 days 8:30 hours
Hyper-V role detected

CPU:total 8 (initial active 8) (4 cores per cpu, 2 threads per core) family 6 model 140 stepping 1 microcode 0x8a, cmov, cx8, fxsr, mmx, sse, sse2, sse3, ssse3, sse4.1, sse4.2, popcnt, avx, avx2, aes, clmul, erms, 3dnowpref, lzcnt, ht, tsc, tscinvbit, bmi1, bmi2, adx, evex, sha, fma

Memory: 4k page, system-wide physical 16064M (548M free)
TotalPageFile size 46471M (AvailPageFile size 51M)
current process WorkingSet (physical memory assigned to process): 554M, peak: 601M
current process commit charge ("private bytes"): 601M, peak: 643M

vm_info: OpenJDK 64-Bit Server VM (11.0.15+0-b2043.56-9505619) for windows-amd64 JRE (11.0.15+0-b2043.56-9505619), built on Jan 19 2023 02:48:00 by "builduser" with unknown MS VC++:1929

END.
