#
# There is insufficient memory for the Java Runtime Environment to continue.
# Native memory allocation (malloc) failed to allocate 1749456 bytes for Chunk::new
# Possible reasons:
#   The system is out of physical RAM or swap space
#   The process is running with CompressedOops enabled, and the Java Heap may be blocking the growth of the native heap
# Possible solutions:
#   Reduce memory load on the system
#   Increase physical memory or swap space
#   Check if swap backing store is full
#   Decrease Java heap size (-Xmx/-Xms)
#   Decrease number of Java threads
#   Decrease Java thread stack sizes (-Xss)
#   Set larger code cache with -XX:ReservedCodeCacheSize=
#   JVM is running with Unscaled Compressed Oops mode in which the Java heap is
#     placed in the first 4GB address space. The Java Heap base address is the
#     maximum limit for the native heap growth. Please use -XX:HeapBaseMinAddress
#     to set the Java Heap base and to place the Java Heap above 4GB virtual address.
# This output file may be truncated or incomplete.
#
#  Out of Memory Error (arena.cpp:184), pid=8560, tid=22156
#
# JRE version: Java(TM) SE Runtime Environment (20.0+36) (build 20+36-2344)
# Java VM: Java HotSpot(TM) 64-Bit Server VM (20+36-2344, mixed mode, sharing, tiered, compressed oops, compressed class ptrs, g1 gc, windows-amd64)
# No core dump will be written. Minidumps are not enabled by default on client versions of Windows
#

---------------  S U M M A R Y ------------

Command Line: -XX:MaxMetaspaceSize=512m --add-opens=java.base/java.util=ALL-UNNAMED --add-opens=java.base/java.lang=ALL-UNNAMED --add-opens=java.base/java.lang.invoke=ALL-UNNAMED --add-opens=java.base/java.util=ALL-UNNAMED --add-opens=java.prefs/java.util.prefs=ALL-UNNAMED --add-opens=java.prefs/java.util.prefs=ALL-UNNAMED --add-opens=java.base/java.nio.charset=ALL-UNNAMED --add-opens=java.base/java.net=ALL-UNNAMED --add-opens=java.base/java.util.concurrent.atomic=ALL-UNNAMED -Xmx2048m -Dfile.encoding=UTF-8 -Duser.country=IN -Duser.language=en -Duser.variant org.gradle.launcher.daemon.bootstrap.GradleDaemon 7.5.1

Host: 11th Gen Intel(R) Core(TM) i7-1185G7 @ 3.00GHz, 8 cores, 15G,  Windows 10 , 64 bit Build 19041 (10.0.19041.2788)
Time: Wed May 10 15:04:35 2023 India Standard Time elapsed time: 26.195644 seconds (0d 0h 0m 26s)

---------------  T H R E A D  ---------------

Current thread (0x000001c2bd7a52f0):  JavaThread "C2 CompilerThread1" daemon [_thread_in_native, id=22156, stack(0x0000002267300000,0x0000002267400000)]


Current CompileTask:
C2:  26195 11611       4       org.gradle.internal.operations.DefaultBuildOperationRunner::execute (23 bytes)

Stack: [0x0000002267300000,0x0000002267400000]
Native frames: (J=compiled Java code, j=interpreted, Vv=VM code, C=native code)
V  [jvm.dll+0x6bb95a]
V  [jvm.dll+0x8483aa]
V  [jvm.dll+0x849fa5]
V  [jvm.dll+0x84a6a3]
V  [jvm.dll+0x280b0f]
V  [jvm.dll+0xc2b11]
V  [jvm.dll+0xc2e35]
V  [jvm.dll+0x3bb17c]
V  [jvm.dll+0x3857f5]
V  [jvm.dll+0x384c6a]
V  [jvm.dll+0x24b259]
V  [jvm.dll+0x24a651]
V  [jvm.dll+0x1ce491]
V  [jvm.dll+0x259e1b]
V  [jvm.dll+0x2584f0]
V  [jvm.dll+0x3f2895]
V  [jvm.dll+0x7f4906]
V  [jvm.dll+0x6ba5cb]
C  [ucrtbase.dll+0x21bb2]
C  [KERNEL32.DLL+0x17604]
C  [ntdll.dll+0x526a1]


---------------  P R O C E S S  ---------------

Threads class SMR info:
_java_thread_list=0x000001c2bc7b53b0, length=136, elements={
0x000001c2966fa650, 0x000001c2b7c1c4e0, 0x000001c2b7c1d020, 0x000001c2b7c21200,
0x000001c2b7c21d40, 0x000001c2b7c24690, 0x000001c2b7c24fd0, 0x000001c2b7c2b150,
0x000001c2b7c35af0, 0x000001c2b7d7f4b0, 0x000001c2b7da0630, 0x000001c2b9122bb0,
0x000001c2b9305350, 0x000001c2b95563e0, 0x000001c2b964a700, 0x000001c2b964ac50,
0x000001c2b92b9500, 0x000001c2b97e0f60, 0x000001c2b97e29f0, 0x000001c2b97e1a00,
0x000001c2b97e24a0, 0x000001c2b97e39e0, 0x000001c2b97e14b0, 0x000001c2b97e0a10,
0x000001c2b97e1f50, 0x000001c2b97e3f30, 0x000001c2b9aa0830, 0x000001c2b9aa22c0,
0x000001c2b9aa3800, 0x000001c2b9aa3d50, 0x000001c2b9aa2d60, 0x000001c2b9aa1d70,
0x000001c2b9aa47f0, 0x000001c2b9aa4d40, 0x000001c2b9a9d860, 0x000001c2b9aa02e0,
0x000001c2b9a9eda0, 0x000001c2b9a9ddb0, 0x000001c2b9aa1820, 0x000001c2b9a9e300,
0x000001c2bc11fc90, 0x000001c2bc1231b0, 0x000001c2bc1241a0, 0x000001c2bc120c80,
0x000001c2bc124c40, 0x000001c2bc123c50, 0x000001c2bc127170, 0x000001c2bc1246f0,
0x000001c2bc1276c0, 0x000001c2bc1211d0, 0x000001c2bc126c20, 0x000001c2bc1201e0,
0x000001c2bc122c60, 0x000001c2bc125190, 0x000001c2bc125c30, 0x000001c2bc120730,
0x000001c2bc123700, 0x000001c2bc1256e0, 0x000001c2bc126180, 0x000001c2bc1266d0,
0x000001c2bc121720, 0x000001c2bc121c70, 0x000001c2bc1221c0, 0x000001c2badca480,
0x000001c2badc99e0, 0x000001c2badcbf10, 0x000001c2badca9d0, 0x000001c2badcd450,
0x000001c2badc89f0, 0x000001c2badcc460, 0x000001c2badc9f30, 0x000001c2badcc9b0,
0x000001c2badcd9a0, 0x000001c2badc9490, 0x000001c2badcdef0, 0x000001c2badcaf20,
0x000001c2badccf00, 0x000001c2badc7a00, 0x000001c2badc74b0, 0x000001c2badc7f50,
0x000001c2badc84a0, 0x000001c2b9aa42a0, 0x000001c2b8224320, 0x000001c2b8225db0,
0x000001c2b8225860, 0x000001c2b8220e00, 0x000001c2b82282e0, 0x000001c2b8227d90,
0x000001c2b8221350, 0x000001c2b8226850, 0x000001c2b8224dc0, 0x000001c2b8222890,
0x000001c2b8223880, 0x000001c2b8222de0, 0x000001c2b8223dd0, 0x000001c2b8226300,
0x000001c2b8223330, 0x000001c2b8226da0, 0x000001c2b8225310, 0x000001c2b8224870,
0x000001c2b82272f0, 0x000001c2b82218a0, 0x000001c2b8227840, 0x000001c2b82208b0,
0x000001c2b8221df0, 0x000001c2b8222340, 0x000001c2bd489ae0, 0x000001c2bd489590,
0x000001c2bd48cab0, 0x000001c2bd48b570, 0x000001c2bd487060, 0x000001c2bd488af0,
0x000001c2bd48c010, 0x000001c2bd48a030, 0x000001c2bd4865c0, 0x000001c2bd48a580,
0x000001c2bd486b10, 0x000001c2bd487b00, 0x000001c2bd48bac0, 0x000001c2bd48dff0,
0x000001c2bd4875b0, 0x000001c2bd48c560, 0x000001c2bd48b020, 0x000001c2bd488050,
0x000001c2bd48d000, 0x000001c2bd48d550, 0x000001c2bd48daa0, 0x000001c2bd4885a0,
0x000001c2bd48aad0, 0x000001c2bae86fa0, 0x000001c2bae894d0, 0x000001c2bae8aa10,
0x000001c2bae86500, 0x000001c2bae8d490, 0x000001c2bae87f90, 0x000001c2bd7a52f0
}

Java Threads: ( => current thread )
  0x000001c2966fa650 JavaThread "main" [_thread_blocked, id=1564, stack(0x0000002263d00000,0x0000002263e00000)]
  0x000001c2b7c1c4e0 JavaThread "Reference Handler" daemon [_thread_blocked, id=32508, stack(0x0000002264400000,0x0000002264500000)]
  0x000001c2b7c1d020 JavaThread "Finalizer" daemon [_thread_blocked, id=11564, stack(0x0000002264500000,0x0000002264600000)]
  0x000001c2b7c21200 JavaThread "Signal Dispatcher" daemon [_thread_blocked, id=4984, stack(0x0000002264600000,0x0000002264700000)]
  0x000001c2b7c21d40 JavaThread "Attach Listener" daemon [_thread_blocked, id=30836, stack(0x0000002264700000,0x0000002264800000)]
  0x000001c2b7c24690 JavaThread "Service Thread" daemon [_thread_blocked, id=18876, stack(0x0000002264800000,0x0000002264900000)]
  0x000001c2b7c24fd0 JavaThread "Monitor Deflation Thread" daemon [_thread_blocked, id=11592, stack(0x0000002264900000,0x0000002264a00000)]
  0x000001c2b7c2b150 JavaThread "C2 CompilerThread0" daemon [_thread_blocked, id=16676, stack(0x0000002264a00000,0x0000002264b00000)]
  0x000001c2b7c35af0 JavaThread "C1 CompilerThread0" daemon [_thread_blocked, id=14860, stack(0x0000002264b00000,0x0000002264c00000)]
  0x000001c2b7d7f4b0 JavaThread "Common-Cleaner" daemon [_thread_blocked, id=32392, stack(0x0000002264c00000,0x0000002264d00000)]
  0x000001c2b7da0630 JavaThread "Notification Thread" daemon [_thread_blocked, id=11216, stack(0x0000002264d00000,0x0000002264e00000)]
  0x000001c2b9122bb0 JavaThread "Daemon health stats" [_thread_blocked, id=22204, stack(0x0000002265500000,0x0000002265600000)]
  0x000001c2b9305350 JavaThread "Incoming local TCP Connector on port 54194" [_thread_in_native, id=21828, stack(0x0000002264f00000,0x0000002265000000)]
  0x000001c2b95563e0 JavaThread "Daemon periodic checks" [_thread_blocked, id=23108, stack(0x0000002265600000,0x0000002265700000)]
  0x000001c2b964a700 JavaThread "Daemon" [_thread_blocked, id=16560, stack(0x0000002265800000,0x0000002265900000)]
  0x000001c2b964ac50 JavaThread "Handler for socket connection from /127.0.0.1:54194 to /127.0.0.1:54195" [_thread_in_native, id=31780, stack(0x0000002265900000,0x0000002265a00000)]
  0x000001c2b92b9500 JavaThread "Cancel handler" [_thread_blocked, id=29048, stack(0x0000002265a00000,0x0000002265b00000)]
  0x000001c2b97e0f60 JavaThread "Daemon worker" [_thread_in_vm, id=27372, stack(0x0000002265b00000,0x0000002265c00000)]
  0x000001c2b97e29f0 JavaThread "Asynchronous log dispatcher for DefaultDaemonConnection: socket connection from /127.0.0.1:54194 to /127.0.0.1:54195" [_thread_blocked, id=16728, stack(0x0000002265700000,0x0000002265800000)]
  0x000001c2b97e1a00 JavaThread "Stdin handler" [_thread_blocked, id=5200, stack(0x0000002265c00000,0x0000002265d00000)]
  0x000001c2b97e24a0 JavaThread "Daemon client event forwarder" [_thread_blocked, id=15476, stack(0x0000002265d00000,0x0000002265e00000)]
  0x000001c2b97e39e0 JavaThread "Cache worker for journal cache (C:\Users\mdaahmed\.gradle\caches\journal-1)" [_thread_blocked, id=30420, stack(0x0000002265e00000,0x0000002265f00000)]
  0x000001c2b97e14b0 JavaThread "File lock request listener" [_thread_in_native, id=19852, stack(0x0000002265f00000,0x0000002266000000)]
  0x000001c2b97e0a10 JavaThread "Cache worker for file hash cache (C:\Users\mdaahmed\.gradle\caches\7.5.1\fileHashes)" [_thread_blocked, id=29640, stack(0x0000002266100000,0x0000002266200000)]
  0x000001c2b97e1f50 JavaThread "File watcher server" daemon [_thread_in_native, id=14216, stack(0x0000002266300000,0x0000002266400000)]
  0x000001c2b97e3f30 JavaThread "File watcher consumer" daemon [_thread_blocked, id=31964, stack(0x0000002266400000,0x0000002266500000)]
  0x000001c2b9aa0830 JavaThread "Cache worker for checksums cache (C:\Users\mdaahmed\Desktop\Capstone\PokemonApps\android\.gradle\7.5.1\checksums)" [_thread_blocked, id=21324, stack(0x0000002266500000,0x0000002266600000)]
  0x000001c2b9aa22c0 JavaThread "Cache worker for cache directory md-rule (C:\Users\mdaahmed\.gradle\caches\7.5.1\md-rule)" [_thread_blocked, id=25540, stack(0x0000002266900000,0x0000002266a00000)]
  0x000001c2b9aa3800 JavaThread "Cache worker for file content cache (C:\Users\mdaahmed\.gradle\caches\7.5.1\fileContent)" [_thread_blocked, id=15912, stack(0x0000002266a00000,0x0000002266b00000)]
  0x000001c2b9aa3d50 JavaThread "Cache worker for file hash cache (C:\Users\mdaahmed\Desktop\Capstone\PokemonApps\android\.gradle\7.5.1\fileHashes)" [_thread_blocked, id=11276, stack(0x0000002266b00000,0x0000002266c00000)]
  0x000001c2b9aa2d60 JavaThread "Cache worker for cache directory md-supplier (C:\Users\mdaahmed\.gradle\caches\7.5.1\md-supplier)" [_thread_blocked, id=21112, stack(0x0000002266c00000,0x0000002266d00000)]
  0x000001c2b9aa1d70 JavaThread "Cache worker for execution history cache (C:\Users\mdaahmed\.gradle\caches\7.5.1\executionHistory)" [_thread_blocked, id=31152, stack(0x0000002266d00000,0x0000002266e00000)]
  0x000001c2b9aa47f0 JavaThread "jar transforms" [_thread_blocked, id=21424, stack(0x0000002266e00000,0x0000002266f00000)]
  0x000001c2b9aa4d40 JavaThread "jar transforms Thread 2" [_thread_blocked, id=15784, stack(0x0000002266f00000,0x0000002267000000)]
  0x000001c2b9a9d860 JavaThread "jar transforms Thread 3" [_thread_blocked, id=30796, stack(0x0000002267000000,0x0000002267100000)]
  0x000001c2b9aa02e0 JavaThread "jar transforms Thread 4" [_thread_blocked, id=32736, stack(0x0000002267100000,0x0000002267200000)]
  0x000001c2b9a9eda0 JavaThread "Cache worker for kotlin-dsl (C:\Users\mdaahmed\.gradle\caches\7.5.1\kotlin-dsl)" [_thread_blocked, id=24432, stack(0x0000002266200000,0x0000002266300000)]
  0x000001c2b9a9ddb0 JavaThread "jar transforms Thread 5" [_thread_blocked, id=14900, stack(0x0000002267200000,0x0000002267300000)]
  0x000001c2b9aa1820 JavaThread "jar transforms Thread 6" [_thread_blocked, id=11424, stack(0x0000002267400000,0x0000002267500000)]
  0x000001c2b9a9e300 JavaThread "Cache worker for dependencies-accessors (C:\Users\mdaahmed\Desktop\Capstone\PokemonApps\android\.gradle\7.5.1\dependencies-accessors)" [_thread_blocked, id=26100, stack(0x0000002267500000,0x0000002267600000)]
  0x000001c2bc11fc90 JavaThread "Cache worker for Build Output Cleanup Cache (C:\Users\mdaahmed\Desktop\Capstone\PokemonApps\node_modules\react-native-gradle-plugin\.gradle\buildOutputCleanup)" [_thread_blocked, id=8984, stack(0x0000002267600000,0x0000002267700000)]
  0x000001c2bc1231b0 JavaThread "jar transforms Thread 7" [_thread_blocked, id=23352, stack(0x0000002267700000,0x0000002267800000)]
  0x000001c2bc1241a0 JavaThread "Unconstrained build operations" [_thread_blocked, id=16632, stack(0x0000002267800000,0x0000002267900000)]
  0x000001c2bc120c80 JavaThread "Unconstrained build operations Thread 2" [_thread_blocked, id=25116, stack(0x0000002267900000,0x0000002267a00000)]
  0x000001c2bc124c40 JavaThread "Unconstrained build operations Thread 3" [_thread_blocked, id=28764, stack(0x0000002267a00000,0x0000002267b00000)]
  0x000001c2bc123c50 JavaThread "Unconstrained build operations Thread 4" [_thread_blocked, id=4056, stack(0x0000002267b00000,0x0000002267c00000)]
  0x000001c2bc127170 JavaThread "Unconstrained build operations Thread 5" [_thread_blocked, id=27964, stack(0x0000002267c00000,0x0000002267d00000)]
  0x000001c2bc1246f0 JavaThread "Unconstrained build operations Thread 6" [_thread_blocked, id=15996, stack(0x0000002267d00000,0x0000002267e00000)]
  0x000001c2bc1276c0 JavaThread "Unconstrained build operations Thread 7" [_thread_blocked, id=31748, stack(0x0000002267e00000,0x0000002267f00000)]
  0x000001c2bc1211d0 JavaThread "Unconstrained build operations Thread 8" [_thread_blocked, id=22004, stack(0x0000002267f00000,0x0000002268000000)]
  0x000001c2bc126c20 JavaThread "Unconstrained build operations Thread 9" [_thread_blocked, id=30056, stack(0x0000002268000000,0x0000002268100000)]
  0x000001c2bc1201e0 JavaThread "Unconstrained build operations Thread 10" [_thread_blocked, id=21532, stack(0x0000002268100000,0x0000002268200000)]
  0x000001c2bc122c60 JavaThread "Unconstrained build operations Thread 11" [_thread_blocked, id=29760, stack(0x0000002268200000,0x0000002268300000)]
  0x000001c2bc125190 JavaThread "Unconstrained build operations Thread 12" [_thread_blocked, id=19944, stack(0x0000002268300000,0x0000002268400000)]
  0x000001c2bc125c30 JavaThread "Unconstrained build operations Thread 13" [_thread_blocked, id=31096, stack(0x0000002268400000,0x0000002268500000)]
  0x000001c2bc120730 JavaThread "Unconstrained build operations Thread 14" [_thread_blocked, id=29000, stack(0x0000002268500000,0x0000002268600000)]
  0x000001c2bc123700 JavaThread "Unconstrained build operations Thread 15" [_thread_blocked, id=20704, stack(0x0000002268600000,0x0000002268700000)]
  0x000001c2bc1256e0 JavaThread "Unconstrained build operations Thread 16" [_thread_blocked, id=16936, stack(0x0000002268700000,0x0000002268800000)]
  0x000001c2bc126180 JavaThread "Unconstrained build operations Thread 17" [_thread_blocked, id=27188, stack(0x0000002268800000,0x0000002268900000)]
  0x000001c2bc1266d0 JavaThread "Unconstrained build operations Thread 18" [_thread_blocked, id=31984, stack(0x0000002268900000,0x0000002268a00000)]
  0x000001c2bc121720 JavaThread "Unconstrained build operations Thread 19" [_thread_blocked, id=32576, stack(0x0000002268a00000,0x0000002268b00000)]
  0x000001c2bc121c70 JavaThread "Unconstrained build operations Thread 20" [_thread_blocked, id=13936, stack(0x0000002268b00000,0x0000002268c00000)]
  0x000001c2bc1221c0 JavaThread "Unconstrained build operations Thread 21" [_thread_blocked, id=13132, stack(0x0000002268c00000,0x0000002268d00000)]
  0x000001c2badca480 JavaThread "Unconstrained build operations Thread 22" [_thread_blocked, id=13164, stack(0x0000002268d00000,0x0000002268e00000)]
  0x000001c2badc99e0 JavaThread "Unconstrained build operations Thread 23" [_thread_blocked, id=11640, stack(0x0000002268e00000,0x0000002268f00000)]
  0x000001c2badcbf10 JavaThread "Unconstrained build operations Thread 24" [_thread_blocked, id=30432, stack(0x0000002268f00000,0x0000002269000000)]
  0x000001c2badca9d0 JavaThread "Unconstrained build operations Thread 25" [_thread_blocked, id=23764, stack(0x0000002269000000,0x0000002269100000)]
  0x000001c2badcd450 JavaThread "Unconstrained build operations Thread 26" [_thread_blocked, id=30936, stack(0x0000002269100000,0x0000002269200000)]
  0x000001c2badc89f0 JavaThread "Unconstrained build operations Thread 27" [_thread_blocked, id=31712, stack(0x0000002269200000,0x0000002269300000)]
  0x000001c2badcc460 JavaThread "Unconstrained build operations Thread 28" [_thread_blocked, id=11724, stack(0x0000002269300000,0x0000002269400000)]
  0x000001c2badc9f30 JavaThread "Unconstrained build operations Thread 29" [_thread_blocked, id=29900, stack(0x0000002269400000,0x0000002269500000)]
  0x000001c2badcc9b0 JavaThread "Unconstrained build operations Thread 30" [_thread_blocked, id=22764, stack(0x0000002269500000,0x0000002269600000)]
  0x000001c2badcd9a0 JavaThread "Unconstrained build operations Thread 31" [_thread_blocked, id=2176, stack(0x0000002269600000,0x0000002269700000)]
  0x000001c2badc9490 JavaThread "Unconstrained build operations Thread 32" [_thread_blocked, id=19636, stack(0x0000002269700000,0x0000002269800000)]
  0x000001c2badcdef0 JavaThread "Unconstrained build operations Thread 33" [_thread_blocked, id=21452, stack(0x0000002269800000,0x0000002269900000)]
  0x000001c2badcaf20 JavaThread "jar transforms Thread 8" [_thread_blocked, id=31004, stack(0x0000002269900000,0x0000002269a00000)]
  0x000001c2badccf00 JavaThread "build event listener" [_thread_blocked, id=24212, stack(0x0000002269a00000,0x0000002269b00000)]
  0x000001c2badc7a00 JavaThread "Memory manager" [_thread_blocked, id=19316, stack(0x0000002269b00000,0x0000002269c00000)]
  0x000001c2badc74b0 JavaThread "Cache worker for Build Output Cleanup Cache (C:\Users\mdaahmed\Desktop\Capstone\PokemonApps\android\.gradle\buildOutputCleanup)" [_thread_blocked, id=26640, stack(0x0000002266000000,0x0000002266100000)]
  0x000001c2badc7f50 JavaThread "included builds" [_thread_blocked, id=14656, stack(0x0000002269d00000,0x0000002269e00000)]
  0x000001c2badc84a0 JavaThread "Execution worker" [_thread_blocked, id=2356, stack(0x0000002269e00000,0x0000002269f00000)]
  0x000001c2b9aa42a0 JavaThread "Execution worker Thread 2" [_thread_blocked, id=16892, stack(0x0000002269f00000,0x000000226a000000)]
  0x000001c2b8224320 JavaThread "Execution worker Thread 3" [_thread_blocked, id=19104, stack(0x000000226a000000,0x000000226a100000)]
  0x000001c2b8225db0 JavaThread "Execution worker Thread 4" [_thread_blocked, id=24716, stack(0x000000226a100000,0x000000226a200000)]
  0x000001c2b8225860 JavaThread "Execution worker Thread 5" [_thread_blocked, id=13284, stack(0x000000226a200000,0x000000226a300000)]
  0x000001c2b8220e00 JavaThread "Execution worker Thread 6" [_thread_blocked, id=28752, stack(0x000000226a300000,0x000000226a400000)]
  0x000001c2b82282e0 JavaThread "Execution worker Thread 7" [_thread_blocked, id=29364, stack(0x000000226a400000,0x000000226a500000)]
  0x000001c2b8227d90 JavaThread "Cache worker for execution history cache (C:\Users\mdaahmed\Desktop\Capstone\PokemonApps\node_modules\react-native-gradle-plugin\.gradle\7.5.1\executionHistory)" [_thread_blocked, id=30840, stack(0x000000226a500000,0x000000226a600000)]
  0x000001c2b8221350 JavaThread "Unconstrained build operations Thread 34" [_thread_blocked, id=23940, stack(0x000000226a600000,0x000000226a700000)]
  0x000001c2b8226850 JavaThread "Unconstrained build operations Thread 35" [_thread_blocked, id=29016, stack(0x000000226a700000,0x000000226a800000)]
  0x000001c2b8224dc0 JavaThread "Unconstrained build operations Thread 36" [_thread_blocked, id=13228, stack(0x000000226a800000,0x000000226a900000)]
  0x000001c2b8222890 JavaThread "Unconstrained build operations Thread 37" [_thread_blocked, id=15156, stack(0x000000226a900000,0x000000226aa00000)]
  0x000001c2b8223880 JavaThread "Unconstrained build operations Thread 38" [_thread_blocked, id=18888, stack(0x000000226aa00000,0x000000226ab00000)]
  0x000001c2b8222de0 JavaThread "Unconstrained build operations Thread 39" [_thread_blocked, id=4672, stack(0x000000226ab00000,0x000000226ac00000)]
  0x000001c2b8223dd0 JavaThread "Unconstrained build operations Thread 40" [_thread_blocked, id=14384, stack(0x000000226ac00000,0x000000226ad00000)]
  0x000001c2b8226300 JavaThread "Unconstrained build operations Thread 41" [_thread_blocked, id=22760, stack(0x000000226ad00000,0x000000226ae00000)]
  0x000001c2b8223330 JavaThread "Unconstrained build operations Thread 42" [_thread_blocked, id=12360, stack(0x000000226ae00000,0x000000226af00000)]
  0x000001c2b8226da0 JavaThread "Unconstrained build operations Thread 43" [_thread_blocked, id=31436, stack(0x000000226af00000,0x000000226b000000)]
  0x000001c2b8225310 JavaThread "Unconstrained build operations Thread 44" [_thread_blocked, id=32464, stack(0x000000226b000000,0x000000226b100000)]
  0x000001c2b8224870 JavaThread "Unconstrained build operations Thread 45" [_thread_blocked, id=23796, stack(0x000000226b100000,0x000000226b200000)]
  0x000001c2b82272f0 JavaThread "Unconstrained build operations Thread 46" [_thread_blocked, id=17468, stack(0x000000226b200000,0x000000226b300000)]
  0x000001c2b82218a0 JavaThread "Unconstrained build operations Thread 47" [_thread_blocked, id=29388, stack(0x000000226b300000,0x000000226b400000)]
  0x000001c2b8227840 JavaThread "Unconstrained build operations Thread 48" [_thread_blocked, id=12988, stack(0x000000226b400000,0x000000226b500000)]
  0x000001c2b82208b0 JavaThread "Unconstrained build operations Thread 49" [_thread_blocked, id=28972, stack(0x000000226b500000,0x000000226b600000)]
  0x000001c2b8221df0 JavaThread "Unconstrained build operations Thread 50" [_thread_blocked, id=16816, stack(0x000000226b600000,0x000000226b700000)]
  0x000001c2b8222340 JavaThread "Unconstrained build operations Thread 51" [_thread_blocked, id=29560, stack(0x000000226b700000,0x000000226b800000)]
  0x000001c2bd489ae0 JavaThread "Unconstrained build operations Thread 52" [_thread_blocked, id=15312, stack(0x000000226b800000,0x000000226b900000)]
  0x000001c2bd489590 JavaThread "Unconstrained build operations Thread 53" [_thread_blocked, id=22052, stack(0x000000226b900000,0x000000226ba00000)]
  0x000001c2bd48cab0 JavaThread "Unconstrained build operations Thread 54" [_thread_blocked, id=17360, stack(0x000000226ba00000,0x000000226bb00000)]
  0x000001c2bd48b570 JavaThread "Unconstrained build operations Thread 55" [_thread_blocked, id=27404, stack(0x0000002269c00000,0x0000002269d00000)]
  0x000001c2bd487060 JavaThread "Unconstrained build operations Thread 56" [_thread_blocked, id=12964, stack(0x000000226bb00000,0x000000226bc00000)]
  0x000001c2bd488af0 JavaThread "Unconstrained build operations Thread 57" [_thread_blocked, id=16700, stack(0x000000226bc00000,0x000000226bd00000)]
  0x000001c2bd48c010 JavaThread "Unconstrained build operations Thread 58" [_thread_blocked, id=30144, stack(0x000000226bd00000,0x000000226be00000)]
  0x000001c2bd48a030 JavaThread "Unconstrained build operations Thread 59" [_thread_blocked, id=16120, stack(0x000000226be00000,0x000000226bf00000)]
  0x000001c2bd4865c0 JavaThread "Unconstrained build operations Thread 60" [_thread_blocked, id=22316, stack(0x000000226bf00000,0x000000226c000000)]
  0x000001c2bd48a580 JavaThread "Unconstrained build operations Thread 61" [_thread_blocked, id=14844, stack(0x000000226c000000,0x000000226c100000)]
  0x000001c2bd486b10 JavaThread "Unconstrained build operations Thread 62" [_thread_blocked, id=14556, stack(0x000000226c100000,0x000000226c200000)]
  0x000001c2bd487b00 JavaThread "Unconstrained build operations Thread 63" [_thread_blocked, id=18424, stack(0x000000226c200000,0x000000226c300000)]
  0x000001c2bd48bac0 JavaThread "Unconstrained build operations Thread 64" [_thread_blocked, id=18768, stack(0x000000226c300000,0x000000226c400000)]
  0x000001c2bd48dff0 JavaThread "Unconstrained build operations Thread 65" [_thread_blocked, id=11452, stack(0x000000226c400000,0x000000226c500000)]
  0x000001c2bd4875b0 JavaThread "Unconstrained build operations Thread 66" [_thread_blocked, id=12380, stack(0x000000226c500000,0x000000226c600000)]
  0x000001c2bd48c560 JavaThread "Unconstrained build operations Thread 67" [_thread_blocked, id=16428, stack(0x000000226c600000,0x000000226c700000)]
  0x000001c2bd48b020 JavaThread "Unconstrained build operations Thread 68" [_thread_blocked, id=22420, stack(0x000000226c700000,0x000000226c800000)]
  0x000001c2bd488050 JavaThread "Unconstrained build operations Thread 69" [_thread_blocked, id=2552, stack(0x000000226c800000,0x000000226c900000)]
  0x000001c2bd48d000 JavaThread "Unconstrained build operations Thread 70" [_thread_blocked, id=11856, stack(0x000000226c900000,0x000000226ca00000)]
  0x000001c2bd48d550 JavaThread "Unconstrained build operations Thread 71" [_thread_blocked, id=22324, stack(0x000000226ca00000,0x000000226cb00000)]
  0x000001c2bd48daa0 JavaThread "Unconstrained build operations Thread 72" [_thread_blocked, id=14268, stack(0x000000226cb00000,0x000000226cc00000)]
  0x000001c2bd4885a0 JavaThread "Unconstrained build operations Thread 73" [_thread_blocked, id=27808, stack(0x000000226cc00000,0x000000226cd00000)]
  0x000001c2bd48aad0 JavaThread "Unconstrained build operations Thread 74" [_thread_blocked, id=748, stack(0x000000226cd00000,0x000000226ce00000)]
  0x000001c2bae86fa0 JavaThread "Unconstrained build operations Thread 75" [_thread_blocked, id=31760, stack(0x000000226ce00000,0x000000226cf00000)]
  0x000001c2bae894d0 JavaThread "Unconstrained build operations Thread 76" [_thread_blocked, id=21628, stack(0x000000226cf00000,0x000000226d000000)]
  0x000001c2bae8aa10 JavaThread "Unconstrained build operations Thread 77" [_thread_blocked, id=14964, stack(0x000000226d000000,0x000000226d100000)]
  0x000001c2bae86500 JavaThread "Unconstrained build operations Thread 78" [_thread_blocked, id=13572, stack(0x000000226d100000,0x000000226d200000)]
  0x000001c2bae8d490 JavaThread "Unconstrained build operations Thread 79" [_thread_blocked, id=28392, stack(0x000000226d200000,0x000000226d300000)]
  0x000001c2bae87f90 JavaThread "Unconstrained build operations Thread 80" [_thread_blocked, id=19892, stack(0x000000226d300000,0x000000226d400000)]
=>0x000001c2bd7a52f0 JavaThread "C2 CompilerThread1" daemon [_thread_in_native, id=22156, stack(0x0000002267300000,0x0000002267400000)]

Other Threads:
  0x000001c2b39674f0 VMThread "VM Thread" [stack: 0x0000002264300000,0x0000002264400000] [id=12832]
  0x000001c2b7da2fb0 WatcherThread "VM Periodic Task Thread" [stack: 0x0000002264e00000,0x0000002264f00000] [id=23292]
  0x000001c296757a70 WorkerThread "GC Thread#0" [stack: 0x0000002263e00000,0x0000002263f00000] [id=31960]
  0x000001c2b8693be0 WorkerThread "GC Thread#1" [stack: 0x0000002265000000,0x0000002265100000] [id=13644]
  0x000001c2b8693eb0 WorkerThread "GC Thread#2" [stack: 0x0000002265100000,0x0000002265200000] [id=29160]
  0x000001c2b86a9980 WorkerThread "GC Thread#3" [stack: 0x0000002265200000,0x0000002265300000] [id=1720]
  0x000001c2b86a9c50 WorkerThread "GC Thread#4" [stack: 0x0000002265300000,0x0000002265400000] [id=10824]
  0x000001c2b86a9f20 WorkerThread "GC Thread#5" [stack: 0x0000002265400000,0x0000002265500000] [id=10912]
  0x000001c2b9b52050 WorkerThread "GC Thread#6" [stack: 0x0000002266600000,0x0000002266700000] [id=12164]
  0x000001c2b9b509d0 WorkerThread "GC Thread#7" [stack: 0x0000002266700000,0x0000002266800000] [id=19060]
  0x000001c29676a8f0 ConcurrentGCThread "G1 Main Marker" [stack: 0x0000002263f00000,0x0000002264000000] [id=32608]
  0x000001c29676b870 WorkerThread "G1 Conc#0" [stack: 0x0000002264000000,0x0000002264100000] [id=28088]
  0x000001c2b9b52b90 WorkerThread "G1 Conc#1" [stack: 0x0000002266800000,0x0000002266900000] [id=2188]
  0x000001c2967be430 ConcurrentGCThread "G1 Refine#0" [stack: 0x0000002264100000,0x0000002264200000] [id=14288]
  0x000001c2967bec80 ConcurrentGCThread "G1 Service" [stack: 0x0000002264200000,0x0000002264300000] [id=21464]

Threads with active compile tasks:
C2 CompilerThread1    26255 11611       4       org.gradle.internal.operations.DefaultBuildOperationRunner::execute (23 bytes)

VM state: not at safepoint (normal execution)

VM Mutex/Monitor currently owned by a thread: None

Heap address: 0x0000000080000000, size: 2048 MB, Compressed Oops mode: 32-bit

CDS archive(s) mapped at: [0x0000000800000000-0x0000000800c60000-0x0000000800c60000), size 12976128, SharedBaseAddress: 0x0000000800000000, ArchiveRelocationMode: 0.
Compressed class space mapped at: 0x0000000801000000-0x000000081ac00000, reserved size: 432013312
Narrow klass base: 0x0000000800000000, Narrow klass shift: 0, Narrow klass range: 0x100000000

GC Precious Log:
 CardTable entry size: 512
 Card Set container configuration: InlinePtr #cards 5 size 8 Array Of Cards #cards 12 size 40 Howl #buckets 4 coarsen threshold 1843 Howl Bitmap #cards 512 size 80 coarsen threshold 460 Card regions per heap region 1 cards per card region 2048
 CPUs: 8 total, 8 available
 Memory: 16064M
 Large Page Support: Disabled
 NUMA Support: Disabled
 Compressed Oops: Enabled (32-bit)
 Heap Region Size: 1M
 Heap Min Capacity: 8M
 Heap Initial Capacity: 252M
 Heap Max Capacity: 2G
 Pre-touch: Disabled
 Parallel Workers: 8
 Concurrent Workers: 2
 Concurrent Refinement Workers: 8
 Periodic GC: Disabled

Heap:
 garbage-first heap   total 199680K, used 129024K [0x0000000080000000, 0x0000000100000000)
  region size 1024K, 8 young (8192K), 4 survivors (4096K)
 Metaspace       used 86760K, committed 88960K, reserved 552960K
  class space    used 12055K, committed 13120K, reserved 421888K

Heap Regions: E=young(eden), S=young(survivor), O=old, HS=humongous(starts), HC=humongous(continues), CS=collection set, F=free, OA=open archive, CA=closed archive, TAMS=top-at-mark-start, PB=parsable bottom
|   0|0x0000000080000000, 0x0000000080100000, 0x0000000080100000|100%| O|  |TAMS 0x0000000080000000| PB 0x0000000080000000| Untracked 
|   1|0x0000000080100000, 0x0000000080200000, 0x0000000080200000|100%| O|  |TAMS 0x0000000080100000| PB 0x0000000080100000| Untracked 
|   2|0x0000000080200000, 0x0000000080300000, 0x0000000080300000|100%| O|  |TAMS 0x0000000080200000| PB 0x0000000080200000| Untracked 
|   3|0x0000000080300000, 0x0000000080400000, 0x0000000080400000|100%|HS|  |TAMS 0x0000000080300000| PB 0x0000000080300000| Complete 
|   4|0x0000000080400000, 0x0000000080500000, 0x0000000080500000|100%|HC|  |TAMS 0x0000000080400000| PB 0x0000000080400000| Complete 
|   5|0x0000000080500000, 0x0000000080600000, 0x0000000080600000|100%|HC|  |TAMS 0x0000000080500000| PB 0x0000000080500000| Complete 
|   6|0x0000000080600000, 0x0000000080700000, 0x0000000080700000|100%| O|  |TAMS 0x0000000080600000| PB 0x0000000080600000| Untracked 
|   7|0x0000000080700000, 0x0000000080800000, 0x0000000080800000|100%| O|  |TAMS 0x0000000080700000| PB 0x0000000080700000| Untracked 
|   8|0x0000000080800000, 0x0000000080900000, 0x0000000080900000|100%| O|  |TAMS 0x0000000080800000| PB 0x0000000080800000| Untracked 
|   9|0x0000000080900000, 0x0000000080a00000, 0x0000000080a00000|100%| O|  |TAMS 0x0000000080900000| PB 0x0000000080900000| Untracked 
|  10|0x0000000080a00000, 0x0000000080b00000, 0x0000000080b00000|100%| O|  |TAMS 0x0000000080a00000| PB 0x0000000080a00000| Untracked 
|  11|0x0000000080b00000, 0x0000000080c00000, 0x0000000080c00000|100%| O|  |TAMS 0x0000000080b00000| PB 0x0000000080b00000| Untracked 
|  12|0x0000000080c00000, 0x0000000080d00000, 0x0000000080d00000|100%| O|  |TAMS 0x0000000080c00000| PB 0x0000000080c00000| Untracked 
|  13|0x0000000080d00000, 0x0000000080e00000, 0x0000000080e00000|100%| O|  |TAMS 0x0000000080d00000| PB 0x0000000080d00000| Untracked 
|  14|0x0000000080e00000, 0x0000000080f00000, 0x0000000080f00000|100%| O|  |TAMS 0x0000000080e00000| PB 0x0000000080e00000| Untracked 
|  15|0x0000000080f00000, 0x0000000081000000, 0x0000000081000000|100%| O|  |TAMS 0x0000000080f00000| PB 0x0000000080f00000| Untracked 
|  16|0x0000000081000000, 0x0000000081100000, 0x0000000081100000|100%| O|  |TAMS 0x0000000081000000| PB 0x0000000081000000| Untracked 
|  17|0x0000000081100000, 0x0000000081200000, 0x0000000081200000|100%| O|  |TAMS 0x0000000081100000| PB 0x0000000081100000| Untracked 
|  18|0x0000000081200000, 0x0000000081300000, 0x0000000081300000|100%| O|  |TAMS 0x0000000081200000| PB 0x0000000081200000| Untracked 
|  19|0x0000000081300000, 0x0000000081400000, 0x0000000081400000|100%| O|  |TAMS 0x0000000081300000| PB 0x0000000081300000| Untracked 
|  20|0x0000000081400000, 0x0000000081500000, 0x0000000081500000|100%|HS|  |TAMS 0x0000000081400000| PB 0x0000000081400000| Complete 
|  21|0x0000000081500000, 0x0000000081600000, 0x0000000081600000|100%|HS|  |TAMS 0x0000000081500000| PB 0x0000000081500000| Complete 
|  22|0x0000000081600000, 0x0000000081700000, 0x0000000081700000|100%|HC|  |TAMS 0x0000000081600000| PB 0x0000000081600000| Complete 
|  23|0x0000000081700000, 0x0000000081800000, 0x0000000081800000|100%|HC|  |TAMS 0x0000000081700000| PB 0x0000000081700000| Complete 
|  24|0x0000000081800000, 0x0000000081900000, 0x0000000081900000|100%| O|  |TAMS 0x0000000081800000| PB 0x0000000081800000| Untracked 
|  25|0x0000000081900000, 0x0000000081a00000, 0x0000000081a00000|100%| O|  |TAMS 0x0000000081900000| PB 0x0000000081900000| Untracked 
|  26|0x0000000081a00000, 0x0000000081b00000, 0x0000000081b00000|100%| O|  |TAMS 0x0000000081a00000| PB 0x0000000081a00000| Untracked 
|  27|0x0000000081b00000, 0x0000000081c00000, 0x0000000081c00000|100%| O|  |TAMS 0x0000000081b00000| PB 0x0000000081b00000| Untracked 
|  28|0x0000000081c00000, 0x0000000081d00000, 0x0000000081d00000|100%| O|  |TAMS 0x0000000081c00000| PB 0x0000000081c00000| Untracked 
|  29|0x0000000081d00000, 0x0000000081e00000, 0x0000000081e00000|100%| O|  |TAMS 0x0000000081d00000| PB 0x0000000081d00000| Untracked 
|  30|0x0000000081e00000, 0x0000000081f00000, 0x0000000081f00000|100%| O|  |TAMS 0x0000000081e00000| PB 0x0000000081e00000| Untracked 
|  31|0x0000000081f00000, 0x0000000082000000, 0x0000000082000000|100%| O|  |TAMS 0x0000000081f00000| PB 0x0000000081f00000| Untracked 
|  32|0x0000000082000000, 0x0000000082100000, 0x0000000082100000|100%| O|  |TAMS 0x0000000082000000| PB 0x0000000082000000| Untracked 
|  33|0x0000000082100000, 0x0000000082200000, 0x0000000082200000|100%| O|  |TAMS 0x0000000082100000| PB 0x0000000082100000| Untracked 
|  34|0x0000000082200000, 0x0000000082300000, 0x0000000082300000|100%| O|  |TAMS 0x0000000082200000| PB 0x0000000082200000| Untracked 
|  35|0x0000000082300000, 0x0000000082400000, 0x0000000082400000|100%| O|  |TAMS 0x0000000082300000| PB 0x0000000082300000| Untracked 
|  36|0x0000000082400000, 0x0000000082500000, 0x0000000082500000|100%| O|  |TAMS 0x0000000082400000| PB 0x0000000082400000| Untracked 
|  37|0x0000000082500000, 0x0000000082600000, 0x0000000082600000|100%| O|  |TAMS 0x0000000082500000| PB 0x0000000082500000| Untracked 
|  38|0x0000000082600000, 0x0000000082700000, 0x0000000082700000|100%| O|  |TAMS 0x0000000082600000| PB 0x0000000082600000| Untracked 
|  39|0x0000000082700000, 0x0000000082800000, 0x0000000082800000|100%| O|  |TAMS 0x0000000082700000| PB 0x0000000082700000| Untracked 
|  40|0x0000000082800000, 0x0000000082900000, 0x0000000082900000|100%| O|  |TAMS 0x0000000082800000| PB 0x0000000082800000| Untracked 
|  41|0x0000000082900000, 0x0000000082a00000, 0x0000000082a00000|100%| O|  |TAMS 0x0000000082900000| PB 0x0000000082900000| Untracked 
|  42|0x0000000082a00000, 0x0000000082b00000, 0x0000000082b00000|100%| O|  |TAMS 0x0000000082a00000| PB 0x0000000082a00000| Untracked 
|  43|0x0000000082b00000, 0x0000000082c00000, 0x0000000082c00000|100%|HS|  |TAMS 0x0000000082b00000| PB 0x0000000082b00000| Complete 
|  44|0x0000000082c00000, 0x0000000082d00000, 0x0000000082d00000|100%|HS|  |TAMS 0x0000000082c00000| PB 0x0000000082c00000| Complete 
|  45|0x0000000082d00000, 0x0000000082e00000, 0x0000000082e00000|100%| O|  |TAMS 0x0000000082d00000| PB 0x0000000082d00000| Untracked 
|  46|0x0000000082e00000, 0x0000000082f00000, 0x0000000082f00000|100%| O|  |TAMS 0x0000000082e00000| PB 0x0000000082e00000| Untracked 
|  47|0x0000000082f00000, 0x0000000083000000, 0x0000000083000000|100%| O|  |TAMS 0x0000000082f00000| PB 0x0000000082f00000| Untracked 
|  48|0x0000000083000000, 0x0000000083100000, 0x0000000083100000|100%| O|  |TAMS 0x0000000083000000| PB 0x0000000083000000| Complete 
|  49|0x0000000083100000, 0x0000000083200000, 0x0000000083200000|100%| O|  |TAMS 0x0000000083100000| PB 0x0000000083100000| Untracked 
|  50|0x0000000083200000, 0x0000000083300000, 0x0000000083300000|100%| O|  |TAMS 0x0000000083200000| PB 0x0000000083200000| Untracked 
|  51|0x0000000083300000, 0x0000000083400000, 0x0000000083400000|100%| O|  |TAMS 0x0000000083300000| PB 0x0000000083300000| Untracked 
|  52|0x0000000083400000, 0x0000000083500000, 0x0000000083500000|100%| O|  |TAMS 0x0000000083400000| PB 0x0000000083400000| Untracked 
|  53|0x0000000083500000, 0x0000000083600000, 0x0000000083600000|100%| O|  |TAMS 0x0000000083500000| PB 0x0000000083500000| Untracked 
|  54|0x0000000083600000, 0x0000000083700000, 0x0000000083700000|100%| O|  |TAMS 0x0000000083600000| PB 0x0000000083600000| Untracked 
|  55|0x0000000083700000, 0x0000000083800000, 0x0000000083800000|100%| O|  |TAMS 0x0000000083700000| PB 0x0000000083700000| Untracked 
|  56|0x0000000083800000, 0x0000000083900000, 0x0000000083900000|100%| O|  |TAMS 0x0000000083800000| PB 0x0000000083800000| Untracked 
|  57|0x0000000083900000, 0x0000000083a00000, 0x0000000083a00000|100%| O|  |TAMS 0x0000000083900000| PB 0x0000000083900000| Untracked 
|  58|0x0000000083a00000, 0x0000000083b00000, 0x0000000083b00000|100%| O|  |TAMS 0x0000000083a00000| PB 0x0000000083a00000| Untracked 
|  59|0x0000000083b00000, 0x0000000083c00000, 0x0000000083c00000|100%| O|  |TAMS 0x0000000083b00000| PB 0x0000000083b00000| Untracked 
|  60|0x0000000083c00000, 0x0000000083d00000, 0x0000000083d00000|100%| O|  |TAMS 0x0000000083c00000| PB 0x0000000083c00000| Untracked 
|  61|0x0000000083d00000, 0x0000000083e00000, 0x0000000083e00000|100%| O|  |TAMS 0x0000000083d00000| PB 0x0000000083d00000| Untracked 
|  62|0x0000000083e00000, 0x0000000083f00000, 0x0000000083f00000|100%| O|  |TAMS 0x0000000083e00000| PB 0x0000000083e00000| Untracked 
|  63|0x0000000083f00000, 0x0000000084000000, 0x0000000084000000|100%| O|  |TAMS 0x0000000083f00000| PB 0x0000000083f00000| Untracked 
|  64|0x0000000084000000, 0x0000000084100000, 0x0000000084100000|100%| O|  |TAMS 0x0000000084000000| PB 0x0000000084000000| Untracked 
|  65|0x0000000084100000, 0x0000000084200000, 0x0000000084200000|100%|HS|  |TAMS 0x0000000084100000| PB 0x0000000084100000| Complete 
|  66|0x0000000084200000, 0x0000000084300000, 0x0000000084300000|100%|HC|  |TAMS 0x0000000084200000| PB 0x0000000084200000| Complete 
|  67|0x0000000084300000, 0x0000000084400000, 0x0000000084400000|100%|HC|  |TAMS 0x0000000084300000| PB 0x0000000084300000| Complete 
|  68|0x0000000084400000, 0x0000000084500000, 0x0000000084500000|100%|HS|  |TAMS 0x0000000084400000| PB 0x0000000084400000| Complete 
|  69|0x0000000084500000, 0x0000000084600000, 0x0000000084600000|100%|HC|  |TAMS 0x0000000084500000| PB 0x0000000084500000| Complete 
|  70|0x0000000084600000, 0x0000000084700000, 0x0000000084700000|100%| O|  |TAMS 0x0000000084600000| PB 0x0000000084600000| Untracked 
|  71|0x0000000084700000, 0x0000000084800000, 0x0000000084800000|100%| O|  |TAMS 0x0000000084700000| PB 0x0000000084700000| Untracked 
|  72|0x0000000084800000, 0x0000000084900000, 0x0000000084900000|100%| O|  |TAMS 0x0000000084800000| PB 0x0000000084800000| Untracked 
|  73|0x0000000084900000, 0x0000000084a00000, 0x0000000084a00000|100%| O|  |TAMS 0x0000000084900000| PB 0x0000000084900000| Untracked 
|  74|0x0000000084a00000, 0x0000000084b00000, 0x0000000084b00000|100%|HS|  |TAMS 0x0000000084a00000| PB 0x0000000084a00000| Complete 
|  75|0x0000000084b00000, 0x0000000084c00000, 0x0000000084c00000|100%|HS|  |TAMS 0x0000000084b00000| PB 0x0000000084b00000| Complete 
|  76|0x0000000084c00000, 0x0000000084d00000, 0x0000000084d00000|100%|HC|  |TAMS 0x0000000084c00000| PB 0x0000000084c00000| Complete 
|  77|0x0000000084d00000, 0x0000000084e00000, 0x0000000084e00000|100%|HC|  |TAMS 0x0000000084d00000| PB 0x0000000084d00000| Complete 
|  78|0x0000000084e00000, 0x0000000084f00000, 0x0000000084f00000|100%| O|  |TAMS 0x0000000084e00000| PB 0x0000000084e00000| Untracked 
|  79|0x0000000084f00000, 0x0000000085000000, 0x0000000085000000|100%| O|  |TAMS 0x0000000084f00000| PB 0x0000000084f00000| Complete 
|  80|0x0000000085000000, 0x0000000085100000, 0x0000000085100000|100%| O|  |TAMS 0x0000000085000000| PB 0x0000000085000000| Untracked 
|  81|0x0000000085100000, 0x0000000085200000, 0x0000000085200000|100%| O|  |TAMS 0x0000000085100000| PB 0x0000000085100000| Untracked 
|  82|0x0000000085200000, 0x0000000085300000, 0x0000000085300000|100%| O|  |TAMS 0x0000000085200000| PB 0x0000000085200000| Untracked 
|  83|0x0000000085300000, 0x0000000085400000, 0x0000000085400000|100%| O|  |TAMS 0x0000000085300000| PB 0x0000000085300000| Untracked 
|  84|0x0000000085400000, 0x0000000085500000, 0x0000000085500000|100%| O|  |TAMS 0x0000000085400000| PB 0x0000000085400000| Untracked 
|  85|0x0000000085500000, 0x0000000085600000, 0x0000000085600000|100%| O|  |TAMS 0x0000000085500000| PB 0x0000000085500000| Untracked 
|  86|0x0000000085600000, 0x0000000085700000, 0x0000000085700000|100%|HS|  |TAMS 0x0000000085600000| PB 0x0000000085600000| Complete 
|  87|0x0000000085700000, 0x0000000085800000, 0x0000000085800000|100%|HS|  |TAMS 0x0000000085700000| PB 0x0000000085700000| Complete 
|  88|0x0000000085800000, 0x0000000085900000, 0x0000000085900000|100%| O|  |TAMS 0x0000000085800000| PB 0x0000000085800000| Untracked 
|  89|0x0000000085900000, 0x0000000085a00000, 0x0000000085a00000|100%| O|  |TAMS 0x0000000085900000| PB 0x0000000085900000| Untracked 
|  90|0x0000000085a00000, 0x0000000085b00000, 0x0000000085b00000|100%| O|  |TAMS 0x0000000085a00000| PB 0x0000000085a00000| Untracked 
|  91|0x0000000085b00000, 0x0000000085c00000, 0x0000000085c00000|100%|HS|  |TAMS 0x0000000085b00000| PB 0x0000000085b00000| Complete 
|  92|0x0000000085c00000, 0x0000000085d00000, 0x0000000085d00000|100%|HC|  |TAMS 0x0000000085c00000| PB 0x0000000085c00000| Complete 
|  93|0x0000000085d00000, 0x0000000085e00000, 0x0000000085e00000|100%|HC|  |TAMS 0x0000000085d00000| PB 0x0000000085d00000| Complete 
|  94|0x0000000085e00000, 0x0000000085f00000, 0x0000000085f00000|100%|HS|  |TAMS 0x0000000085e00000| PB 0x0000000085e00000| Complete 
|  95|0x0000000085f00000, 0x0000000086000000, 0x0000000086000000|100%|HC|  |TAMS 0x0000000085f00000| PB 0x0000000085f00000| Complete 
|  96|0x0000000086000000, 0x0000000086100000, 0x0000000086100000|100%| O|  |TAMS 0x0000000086000000| PB 0x0000000086000000| Untracked 
|  97|0x0000000086100000, 0x0000000086200000, 0x0000000086200000|100%| O|  |TAMS 0x0000000086100000| PB 0x0000000086100000| Untracked 
|  98|0x0000000086200000, 0x0000000086200000, 0x0000000086300000|  0%| F|  |TAMS 0x0000000086200000| PB 0x0000000086200000| Untracked 
|  99|0x0000000086300000, 0x0000000086300000, 0x0000000086400000|  0%| F|  |TAMS 0x0000000086300000| PB 0x0000000086300000| Untracked 
| 100|0x0000000086400000, 0x0000000086400000, 0x0000000086500000|  0%| F|  |TAMS 0x0000000086400000| PB 0x0000000086400000| Untracked 
| 101|0x0000000086500000, 0x0000000086500000, 0x0000000086600000|  0%| F|  |TAMS 0x0000000086500000| PB 0x0000000086500000| Untracked 
| 102|0x0000000086600000, 0x0000000086700000, 0x0000000086700000|100%| O|  |TAMS 0x0000000086600000| PB 0x0000000086600000| Untracked 
| 103|0x0000000086700000, 0x0000000086800000, 0x0000000086800000|100%| O|  |TAMS 0x0000000086700000| PB 0x0000000086700000| Untracked 
| 104|0x0000000086800000, 0x0000000086900000, 0x0000000086900000|100%| O|  |TAMS 0x0000000086800000| PB 0x0000000086800000| Untracked 
| 105|0x0000000086900000, 0x0000000086a00000, 0x0000000086a00000|100%| O|  |TAMS 0x0000000086900000| PB 0x0000000086900000| Untracked 
| 106|0x0000000086a00000, 0x0000000086b00000, 0x0000000086b00000|100%| O|  |TAMS 0x0000000086a00000| PB 0x0000000086a00000| Untracked 
| 107|0x0000000086b00000, 0x0000000086b00000, 0x0000000086c00000|  0%| F|  |TAMS 0x0000000086b00000| PB 0x0000000086b00000| Untracked 
| 108|0x0000000086c00000, 0x0000000086c00000, 0x0000000086d00000|  0%| F|  |TAMS 0x0000000086c00000| PB 0x0000000086c00000| Untracked 
| 109|0x0000000086d00000, 0x0000000086d00000, 0x0000000086e00000|  0%| F|  |TAMS 0x0000000086d00000| PB 0x0000000086d00000| Untracked 
| 110|0x0000000086e00000, 0x0000000086e00000, 0x0000000086f00000|  0%| F|  |TAMS 0x0000000086e00000| PB 0x0000000086e00000| Untracked 
| 111|0x0000000086f00000, 0x0000000086f00000, 0x0000000087000000|  0%| F|  |TAMS 0x0000000086f00000| PB 0x0000000086f00000| Untracked 
| 112|0x0000000087000000, 0x0000000087000000, 0x0000000087100000|  0%| F|  |TAMS 0x0000000087000000| PB 0x0000000087000000| Untracked 
| 113|0x0000000087100000, 0x0000000087100000, 0x0000000087200000|  0%| F|  |TAMS 0x0000000087100000| PB 0x0000000087100000| Untracked 
| 114|0x0000000087200000, 0x0000000087200000, 0x0000000087300000|  0%| F|  |TAMS 0x0000000087200000| PB 0x0000000087200000| Untracked 
| 115|0x0000000087300000, 0x0000000087300000, 0x0000000087400000|  0%| F|  |TAMS 0x0000000087300000| PB 0x0000000087300000| Untracked 
| 116|0x0000000087400000, 0x0000000087400000, 0x0000000087500000|  0%| F|  |TAMS 0x0000000087400000| PB 0x0000000087400000| Untracked 
| 117|0x0000000087500000, 0x0000000087500000, 0x0000000087600000|  0%| F|  |TAMS 0x0000000087500000| PB 0x0000000087500000| Untracked 
| 118|0x0000000087600000, 0x0000000087600000, 0x0000000087700000|  0%| F|  |TAMS 0x0000000087600000| PB 0x0000000087600000| Untracked 
| 119|0x0000000087700000, 0x0000000087700000, 0x0000000087800000|  0%| F|  |TAMS 0x0000000087700000| PB 0x0000000087700000| Untracked 
| 120|0x0000000087800000, 0x0000000087800000, 0x0000000087900000|  0%| F|  |TAMS 0x0000000087800000| PB 0x0000000087800000| Untracked 
| 121|0x0000000087900000, 0x0000000087900000, 0x0000000087a00000|  0%| F|  |TAMS 0x0000000087900000| PB 0x0000000087900000| Untracked 
| 122|0x0000000087a00000, 0x0000000087a00000, 0x0000000087b00000|  0%| F|  |TAMS 0x0000000087a00000| PB 0x0000000087a00000| Untracked 
| 123|0x0000000087b00000, 0x0000000087b00000, 0x0000000087c00000|  0%| F|  |TAMS 0x0000000087b00000| PB 0x0000000087b00000| Untracked 
| 124|0x0000000087c00000, 0x0000000087c00000, 0x0000000087d00000|  0%| F|  |TAMS 0x0000000087c00000| PB 0x0000000087c00000| Untracked 
| 125|0x0000000087d00000, 0x0000000087d00000, 0x0000000087e00000|  0%| F|  |TAMS 0x0000000087d00000| PB 0x0000000087d00000| Untracked 
| 126|0x0000000087e00000, 0x0000000087e00000, 0x0000000087f00000|  0%| F|  |TAMS 0x0000000087e00000| PB 0x0000000087e00000| Untracked 
| 127|0x0000000087f00000, 0x0000000087f00000, 0x0000000088000000|  0%| F|  |TAMS 0x0000000087f00000| PB 0x0000000087f00000| Untracked 
| 128|0x0000000088000000, 0x0000000088000000, 0x0000000088100000|  0%| F|  |TAMS 0x0000000088000000| PB 0x0000000088000000| Untracked 
| 129|0x0000000088100000, 0x0000000088100000, 0x0000000088200000|  0%| F|  |TAMS 0x0000000088100000| PB 0x0000000088100000| Untracked 
| 130|0x0000000088200000, 0x0000000088200000, 0x0000000088300000|  0%| F|  |TAMS 0x0000000088200000| PB 0x0000000088200000| Untracked 
| 131|0x0000000088300000, 0x0000000088300000, 0x0000000088400000|  0%| F|  |TAMS 0x0000000088300000| PB 0x0000000088300000| Untracked 
| 132|0x0000000088400000, 0x0000000088400000, 0x0000000088500000|  0%| F|  |TAMS 0x0000000088400000| PB 0x0000000088400000| Untracked 
| 133|0x0000000088500000, 0x0000000088500000, 0x0000000088600000|  0%| F|  |TAMS 0x0000000088500000| PB 0x0000000088500000| Untracked 
| 134|0x0000000088600000, 0x0000000088600000, 0x0000000088700000|  0%| F|  |TAMS 0x0000000088600000| PB 0x0000000088600000| Untracked 
| 135|0x0000000088700000, 0x0000000088700000, 0x0000000088800000|  0%| F|  |TAMS 0x0000000088700000| PB 0x0000000088700000| Untracked 
| 136|0x0000000088800000, 0x0000000088800000, 0x0000000088900000|  0%| F|  |TAMS 0x0000000088800000| PB 0x0000000088800000| Untracked 
| 137|0x0000000088900000, 0x0000000088900000, 0x0000000088a00000|  0%| F|  |TAMS 0x0000000088900000| PB 0x0000000088900000| Untracked 
| 138|0x0000000088a00000, 0x0000000088a00000, 0x0000000088b00000|  0%| F|  |TAMS 0x0000000088a00000| PB 0x0000000088a00000| Untracked 
| 139|0x0000000088b00000, 0x0000000088b00000, 0x0000000088c00000|  0%| F|  |TAMS 0x0000000088b00000| PB 0x0000000088b00000| Untracked 
| 140|0x0000000088c00000, 0x0000000088c00000, 0x0000000088d00000|  0%| F|  |TAMS 0x0000000088c00000| PB 0x0000000088c00000| Untracked 
| 141|0x0000000088d00000, 0x0000000088d00000, 0x0000000088e00000|  0%| F|  |TAMS 0x0000000088d00000| PB 0x0000000088d00000| Untracked 
| 142|0x0000000088e00000, 0x0000000088e00000, 0x0000000088f00000|  0%| F|  |TAMS 0x0000000088e00000| PB 0x0000000088e00000| Untracked 
| 143|0x0000000088f00000, 0x0000000088f00000, 0x0000000089000000|  0%| F|  |TAMS 0x0000000088f00000| PB 0x0000000088f00000| Untracked 
| 144|0x0000000089000000, 0x0000000089000000, 0x0000000089100000|  0%| F|  |TAMS 0x0000000089000000| PB 0x0000000089000000| Untracked 
| 145|0x0000000089100000, 0x0000000089100000, 0x0000000089200000|  0%| F|  |TAMS 0x0000000089100000| PB 0x0000000089100000| Untracked 
| 146|0x0000000089200000, 0x0000000089200000, 0x0000000089300000|  0%| F|  |TAMS 0x0000000089200000| PB 0x0000000089200000| Untracked 
| 147|0x0000000089300000, 0x0000000089300000, 0x0000000089400000|  0%| F|  |TAMS 0x0000000089300000| PB 0x0000000089300000| Untracked 
| 148|0x0000000089400000, 0x0000000089400000, 0x0000000089500000|  0%| F|  |TAMS 0x0000000089400000| PB 0x0000000089400000| Untracked 
| 149|0x0000000089500000, 0x0000000089500000, 0x0000000089600000|  0%| F|  |TAMS 0x0000000089500000| PB 0x0000000089500000| Untracked 
| 150|0x0000000089600000, 0x0000000089600000, 0x0000000089700000|  0%| F|  |TAMS 0x0000000089600000| PB 0x0000000089600000| Untracked 
| 151|0x0000000089700000, 0x0000000089700000, 0x0000000089800000|  0%| F|  |TAMS 0x0000000089700000| PB 0x0000000089700000| Untracked 
| 152|0x0000000089800000, 0x0000000089800000, 0x0000000089900000|  0%| F|  |TAMS 0x0000000089800000| PB 0x0000000089800000| Untracked 
| 153|0x0000000089900000, 0x0000000089a00000, 0x0000000089a00000|100%| S|CS|TAMS 0x0000000089900000| PB 0x0000000089900000| Complete 
| 154|0x0000000089a00000, 0x0000000089b00000, 0x0000000089b00000|100%| S|CS|TAMS 0x0000000089a00000| PB 0x0000000089a00000| Complete 
| 155|0x0000000089b00000, 0x0000000089c00000, 0x0000000089c00000|100%| S|CS|TAMS 0x0000000089b00000| PB 0x0000000089b00000| Complete 
| 156|0x0000000089c00000, 0x0000000089d00000, 0x0000000089d00000|100%| S|CS|TAMS 0x0000000089c00000| PB 0x0000000089c00000| Complete 
| 157|0x0000000089d00000, 0x0000000089d00000, 0x0000000089e00000|  0%| F|  |TAMS 0x0000000089d00000| PB 0x0000000089d00000| Untracked 
| 158|0x0000000089e00000, 0x0000000089e00000, 0x0000000089f00000|  0%| F|  |TAMS 0x0000000089e00000| PB 0x0000000089e00000| Untracked 
| 159|0x0000000089f00000, 0x0000000089f00000, 0x000000008a000000|  0%| F|  |TAMS 0x0000000089f00000| PB 0x0000000089f00000| Untracked 
| 160|0x000000008a000000, 0x000000008a000000, 0x000000008a100000|  0%| F|  |TAMS 0x000000008a000000| PB 0x000000008a000000| Untracked 
| 161|0x000000008a100000, 0x000000008a100000, 0x000000008a200000|  0%| F|  |TAMS 0x000000008a100000| PB 0x000000008a100000| Untracked 
| 162|0x000000008a200000, 0x000000008a200000, 0x000000008a300000|  0%| F|  |TAMS 0x000000008a200000| PB 0x000000008a200000| Untracked 
| 163|0x000000008a300000, 0x000000008a300000, 0x000000008a400000|  0%| F|  |TAMS 0x000000008a300000| PB 0x000000008a300000| Untracked 
| 164|0x000000008a400000, 0x000000008a400000, 0x000000008a500000|  0%| F|  |TAMS 0x000000008a400000| PB 0x000000008a400000| Untracked 
| 165|0x000000008a500000, 0x000000008a500000, 0x000000008a600000|  0%| F|  |TAMS 0x000000008a500000| PB 0x000000008a500000| Untracked 
| 166|0x000000008a600000, 0x000000008a600000, 0x000000008a700000|  0%| F|  |TAMS 0x000000008a600000| PB 0x000000008a600000| Untracked 
| 167|0x000000008a700000, 0x000000008a700000, 0x000000008a800000|  0%| F|  |TAMS 0x000000008a700000| PB 0x000000008a700000| Untracked 
| 168|0x000000008a800000, 0x000000008a800000, 0x000000008a900000|  0%| F|  |TAMS 0x000000008a800000| PB 0x000000008a800000| Untracked 
| 169|0x000000008a900000, 0x000000008a900000, 0x000000008aa00000|  0%| F|  |TAMS 0x000000008a900000| PB 0x000000008a900000| Untracked 
| 170|0x000000008aa00000, 0x000000008aa00000, 0x000000008ab00000|  0%| F|  |TAMS 0x000000008aa00000| PB 0x000000008aa00000| Untracked 
| 171|0x000000008ab00000, 0x000000008ab00000, 0x000000008ac00000|  0%| F|  |TAMS 0x000000008ab00000| PB 0x000000008ab00000| Untracked 
| 172|0x000000008ac00000, 0x000000008ac00000, 0x000000008ad00000|  0%| F|  |TAMS 0x000000008ac00000| PB 0x000000008ac00000| Untracked 
| 250|0x000000008fa00000, 0x000000008fa00000, 0x000000008fb00000|  0%| F|  |TAMS 0x000000008fa00000| PB 0x000000008fa00000| Untracked 
| 251|0x000000008fb00000, 0x000000008fb65b70, 0x000000008fc00000| 39%| E|  |TAMS 0x000000008fb00000| PB 0x000000008fb00000| Complete 
|2028|0x00000000fec00000, 0x00000000fed00000, 0x00000000fed00000|100%| O|  |TAMS 0x00000000fec00000| PB 0x00000000fec00000| Complete 
|2029|0x00000000fed00000, 0x00000000fee00000, 0x00000000fee00000|100%| O|  |TAMS 0x00000000fed00000| PB 0x00000000fed00000| Untracked 
|2030|0x00000000fee00000, 0x00000000fef00000, 0x00000000fef00000|100%| O|  |TAMS 0x00000000fee00000| PB 0x00000000fee00000| Untracked 
|2031|0x00000000fef00000, 0x00000000ff000000, 0x00000000ff000000|100%| O|  |TAMS 0x00000000fef00000| PB 0x00000000fef00000| Untracked 
|2032|0x00000000ff000000, 0x00000000ff100000, 0x00000000ff100000|100%| E|CS|TAMS 0x00000000ff000000| PB 0x00000000ff000000| Complete 
|2033|0x00000000ff100000, 0x00000000ff200000, 0x00000000ff200000|100%| E|CS|TAMS 0x00000000ff100000| PB 0x00000000ff100000| Complete 
|2034|0x00000000ff200000, 0x00000000ff300000, 0x00000000ff300000|100%| E|CS|TAMS 0x00000000ff200000| PB 0x00000000ff200000| Complete 
|2035|0x00000000ff300000, 0x00000000ff400000, 0x00000000ff400000|100%| O|  |TAMS 0x00000000ff300000| PB 0x00000000ff300000| Untracked 
|2036|0x00000000ff400000, 0x00000000ff500000, 0x00000000ff500000|100%| E|CS|TAMS 0x00000000ff400000| PB 0x00000000ff400000| Complete 
|2037|0x00000000ff500000, 0x00000000ff600000, 0x00000000ff600000|100%| O|  |TAMS 0x00000000ff500000| PB 0x00000000ff500000| Untracked 
|2038|0x00000000ff600000, 0x00000000ff700000, 0x00000000ff700000|100%| O|  |TAMS 0x00000000ff600000| PB 0x00000000ff600000| Untracked 
|2039|0x00000000ff700000, 0x00000000ff800000, 0x00000000ff800000|100%| O|  |TAMS 0x00000000ff700000| PB 0x00000000ff700000| Untracked 
|2040|0x00000000ff800000, 0x00000000ff900000, 0x00000000ff900000|100%| O|  |TAMS 0x00000000ff800000| PB 0x00000000ff800000| Untracked 
|2041|0x00000000ff900000, 0x00000000ffa00000, 0x00000000ffa00000|100%| O|  |TAMS 0x00000000ff900000| PB 0x00000000ff900000| Untracked 
|2042|0x00000000ffa00000, 0x00000000ffb00000, 0x00000000ffb00000|100%| O|  |TAMS 0x00000000ffa00000| PB 0x00000000ffa00000| Untracked 
|2043|0x00000000ffb00000, 0x00000000ffc00000, 0x00000000ffc00000|100%| O|  |TAMS 0x00000000ffb00000| PB 0x00000000ffb00000| Untracked 
|2044|0x00000000ffc00000, 0x00000000ffd00000, 0x00000000ffd00000|100%| O|  |TAMS 0x00000000ffc00000| PB 0x00000000ffc00000| Untracked 
|2045|0x00000000ffd00000, 0x00000000ffe00000, 0x00000000ffe00000|100%| O|  |TAMS 0x00000000ffd00000| PB 0x00000000ffd00000| Untracked 
|2046|0x00000000ffe00000, 0x00000000fff00000, 0x00000000fff00000|100%| O|  |TAMS 0x00000000ffe00000| PB 0x00000000ffe00000| Untracked 
|2047|0x00000000fff00000, 0x0000000100000000, 0x0000000100000000|100%| O|  |TAMS 0x00000000fff00000| PB 0x00000000fff00000| Untracked 

Card table byte_map: [0x000001c2ae6f0000,0x000001c2aeaf0000] _byte_map_base: 0x000001c2ae2f0000

Marking Bits: (CMBitMap*) 0x000001c296757e50
 Bits: [0x000001c2aeef0000, 0x000001c2b0ef0000)

Polling page: 0x000001c294ed0000

Metaspace:

Usage:
  Non-class:     72.96 MB used.
      Class:     11.77 MB used.
       Both:     84.73 MB used.

Virtual space:
  Non-class space:      128.00 MB reserved,      74.06 MB ( 58%) committed,  2 nodes.
      Class space:      412.00 MB reserved,      12.81 MB (  3%) committed,  1 nodes.
             Both:      540.00 MB reserved,      86.88 MB ( 16%) committed. 

Chunk freelists:
   Non-Class:  1.97 MB
       Class:  3.22 MB
        Both:  5.19 MB

MaxMetaspaceSize: 512.00 MB
CompressedClassSpaceSize: 412.00 MB
Initial GC threshold: 21.00 MB
Current GC threshold: 142.44 MB
CDS: on
MetaspaceReclaimPolicy: balanced
 - commit_granule_bytes: 65536.
 - commit_granule_words: 8192.
 - virtual_space_node_default_size: 8388608.
 - enlarge_chunks_in_place: 1.
 - new_chunks_are_fully_committed: 0.
 - uncommit_free_chunks: 1.
 - use_allocation_guard: 0.


Internal statistics:

num_allocs_failed_limit: 9.
num_arena_births: 3528.
num_arena_deaths: 0.
num_vsnodes_births: 3.
num_vsnodes_deaths: 0.
num_space_committed: 1390.
num_space_uncommitted: 0.
num_chunks_returned_to_freelist: 9.
num_chunks_taken_from_freelist: 7392.
num_chunk_merges: 9.
num_chunk_splits: 4906.
num_chunks_enlarged: 3217.
num_inconsistent_stats: 0.

CodeHeap 'non-profiled nmethods': size=120000Kb used=5495Kb max_used=5495Kb free=114504Kb
 bounds [0x000001c2a6360000, 0x000001c2a68c0000, 0x000001c2ad890000]
CodeHeap 'profiled nmethods': size=120000Kb used=19212Kb max_used=19690Kb free=100788Kb
 bounds [0x000001c29e890000, 0x000001c29fbd0000, 0x000001c2a5dc0000]
CodeHeap 'non-nmethods': size=5760Kb used=3116Kb max_used=3201Kb free=2643Kb
 bounds [0x000001c2a5dc0000, 0x000001c2a60f0000, 0x000001c2a6360000]
 total_blobs=10919 nmethods=9979 adapters=850
 compilation: enabled
              stopped_count=0, restarted_count=0
 full_count=0

Compilation events (20 events):
Event: 26.167 Thread 0x000001c2b7c2b150 11643       4       java.lang.invoke.DelegatingMethodHandle::makeReinvokerForm (10 bytes)
Event: 26.168 Thread 0x000001c2b7c2b150 nmethod 11643 0x000001c2a65d8090 code [0x000001c2a65d8200, 0x000001c2a65d8298]
Event: 26.175 Thread 0x000001c2b7c35af0 11645   !   3       org.gradle.internal.classloader.CachingClassLoader::loadClass (85 bytes)
Event: 26.175 Thread 0x000001c2b7c35af0 nmethod 11645 0x000001c29f093690 code [0x000001c29f093880, 0x000001c29f093fc8]
Event: 26.178 Thread 0x000001c2b7c35af0 11646       3       org.gradle.api.internal.DefaultNamedDomainObjectSet::<init> (32 bytes)
Event: 26.178 Thread 0x000001c2b7c35af0 nmethod 11646 0x000001c29eefd010 code [0x000001c29eefd1e0, 0x000001c29eefd638]
Event: 26.178 Thread 0x000001c2b7c35af0 11647       3       org.gradle.api.Namer$Comparator::<init> (10 bytes)
Event: 26.178 Thread 0x000001c2b7c35af0 nmethod 11647 0x000001c29f2fd090 code [0x000001c29f2fd220, 0x000001c29f2fd3d8]
Event: 26.178 Thread 0x000001c2b7c35af0 11648       3       org.gradle.api.internal.collections.SortedSetElementSource::<init> (39 bytes)
Event: 26.179 Thread 0x000001c2b7c35af0 nmethod 11648 0x000001c29ec27490 code [0x000001c29ec27720, 0x000001c29ec286b8]
Event: 26.180 Thread 0x000001c2b7c35af0 11649       3       org.gradle.api.internal.artifacts.dependencies.DefaultExternalModuleDependency_Decorated::getGroup (39 bytes)
Event: 26.181 Thread 0x000001c2b7c35af0 nmethod 11649 0x000001c29eb7d290 code [0x000001c29eb7d460, 0x000001c29eb7d918]
Event: 26.181 Thread 0x000001c2b7c35af0 11650       3       com.google.common.base.Platform::stringIsNullOrEmpty (17 bytes)
Event: 26.181 Thread 0x000001c2b7c35af0 nmethod 11650 0x000001c29ec30390 code [0x000001c29ec30520, 0x000001c29ec30770]
Event: 26.182 Thread 0x000001c2b7c35af0 11651       1       com.google.common.cache.LocalCache$WeakEntry::getNext (5 bytes)
Event: 26.182 Thread 0x000001c2b7c35af0 nmethod 11651 0x000001c2a65d7d90 code [0x000001c2a65d7f00, 0x000001c2a65d7fc8]
Event: 26.186 Thread 0x000001c2b7c35af0 11652       3       org.gradle.api.internal.file.collections.UnpackingVisitor$SingleFileResolvingFileCollection::getIntrinsicFiles (37 bytes)
Event: 26.186 Thread 0x000001c2b7c35af0 nmethod 11652 0x000001c29f17c710 code [0x000001c29f17c900, 0x000001c29f17d018]
Event: 26.187 Thread 0x000001c2b7c35af0 11653       3       com.google.common.collect.ImmutableSet$RegularSetBuilderImpl::insertInHashTable (125 bytes)
Event: 26.188 Thread 0x000001c2b7c35af0 nmethod 11653 0x000001c29f02a610 code [0x000001c29f02a860, 0x000001c29f02b250]

GC Heap History (20 events):
Event: 18.118 GC heap before
{Heap before GC invocations=17 (full 0):
 garbage-first heap   total 116736K, used 106930K [0x0000000080000000, 0x0000000100000000)
  region size 1024K, 47 young (48128K), 6 survivors (6144K)
 Metaspace       used 69465K, committed 71296K, reserved 487424K
  class space    used 9590K, committed 10496K, reserved 421888K
}
Event: 18.127 GC heap after
{Heap after GC invocations=18 (full 0):
 garbage-first heap   total 119808K, used 70415K [0x0000000080000000, 0x0000000100000000)
  region size 1024K, 6 young (6144K), 6 survivors (6144K)
 Metaspace       used 69465K, committed 71296K, reserved 487424K
  class space    used 9590K, committed 10496K, reserved 421888K
}
Event: 18.651 GC heap before
{Heap before GC invocations=18 (full 0):
 garbage-first heap   total 119808K, used 111375K [0x0000000080000000, 0x0000000100000000)
  region size 1024K, 41 young (41984K), 6 survivors (6144K)
 Metaspace       used 71762K, committed 73536K, reserved 487424K
  class space    used 9881K, committed 10752K, reserved 421888K
}
Event: 18.657 GC heap after
{Heap after GC invocations=19 (full 0):
 garbage-first heap   total 125952K, used 74245K [0x0000000080000000, 0x0000000100000000)
  region size 1024K, 6 young (6144K), 6 survivors (6144K)
 Metaspace       used 71762K, committed 73536K, reserved 487424K
  class space    used 9881K, committed 10752K, reserved 421888K
}
Event: 18.869 GC heap before
{Heap before GC invocations=19 (full 0):
 garbage-first heap   total 125952K, used 89605K [0x0000000080000000, 0x0000000100000000)
  region size 1024K, 22 young (22528K), 6 survivors (6144K)
 Metaspace       used 73424K, committed 75328K, reserved 487424K
  class space    used 10070K, committed 11008K, reserved 421888K
}
Event: 18.873 GC heap after
{Heap after GC invocations=20 (full 0):
 garbage-first heap   total 125952K, used 75537K [0x0000000080000000, 0x0000000100000000)
  region size 1024K, 2 young (2048K), 2 survivors (2048K)
 Metaspace       used 73424K, committed 75328K, reserved 487424K
  class space    used 10070K, committed 11008K, reserved 421888K
}
Event: 19.365 GC heap before
{Heap before GC invocations=21 (full 0):
 garbage-first heap   total 133120K, used 112401K [0x0000000080000000, 0x0000000100000000)
  region size 1024K, 37 young (37888K), 2 survivors (2048K)
 Metaspace       used 74591K, committed 76480K, reserved 487424K
  class space    used 10262K, committed 11200K, reserved 421888K
}
Event: 19.369 GC heap after
{Heap after GC invocations=22 (full 0):
 garbage-first heap   total 133120K, used 78018K [0x0000000080000000, 0x0000000100000000)
  region size 1024K, 4 young (4096K), 4 survivors (4096K)
 Metaspace       used 74591K, committed 76480K, reserved 487424K
  class space    used 10262K, committed 11200K, reserved 421888K
}
Event: 23.401 GC heap before
{Heap before GC invocations=22 (full 0):
 garbage-first heap   total 133120K, used 117954K [0x0000000080000000, 0x0000000100000000)
  region size 1024K, 43 young (44032K), 4 survivors (4096K)
 Metaspace       used 77174K, committed 79168K, reserved 552960K
  class space    used 10647K, committed 11648K, reserved 421888K
}
Event: 23.407 GC heap after
{Heap after GC invocations=23 (full 0):
 garbage-first heap   total 133120K, used 80202K [0x0000000080000000, 0x0000000100000000)
  region size 1024K, 6 young (6144K), 6 survivors (6144K)
 Metaspace       used 77174K, committed 79168K, reserved 552960K
  class space    used 10647K, committed 11648K, reserved 421888K
}
Event: 23.994 GC heap before
{Heap before GC invocations=23 (full 0):
 garbage-first heap   total 133120K, used 119114K [0x0000000080000000, 0x0000000100000000)
  region size 1024K, 44 young (45056K), 6 survivors (6144K)
 Metaspace       used 81187K, committed 83200K, reserved 552960K
  class space    used 11359K, committed 12352K, reserved 421888K
}
Event: 24.001 GC heap after
{Heap after GC invocations=24 (full 0):
 garbage-first heap   total 133120K, used 83766K [0x0000000080000000, 0x0000000100000000)
  region size 1024K, 4 young (4096K), 4 survivors (4096K)
 Metaspace       used 81187K, committed 83200K, reserved 552960K
  class space    used 11359K, committed 12352K, reserved 421888K
}
Event: 24.712 GC heap before
{Heap before GC invocations=25 (full 0):
 garbage-first heap   total 145408K, used 123702K [0x0000000080000000, 0x0000000100000000)
  region size 1024K, 39 young (39936K), 4 survivors (4096K)
 Metaspace       used 82510K, committed 84480K, reserved 552960K
  class space    used 11557K, committed 12544K, reserved 421888K
}
Event: 24.718 GC heap after
{Heap after GC invocations=26 (full 0):
 garbage-first heap   total 145408K, used 97280K [0x0000000080000000, 0x0000000100000000)
  region size 1024K, 5 young (5120K), 5 survivors (5120K)
 Metaspace       used 82510K, committed 84480K, reserved 552960K
  class space    used 11557K, committed 12544K, reserved 421888K
}
Event: 25.263 GC heap before
{Heap before GC invocations=26 (full 0):
 garbage-first heap   total 145408K, used 134144K [0x0000000080000000, 0x0000000100000000)
  region size 1024K, 38 young (38912K), 5 survivors (5120K)
 Metaspace       used 84426K, committed 86592K, reserved 552960K
  class space    used 11787K, committed 12864K, reserved 421888K
}
Event: 25.270 GC heap after
{Heap after GC invocations=27 (full 0):
 garbage-first heap   total 149504K, used 107302K [0x0000000080000000, 0x0000000100000000)
  region size 1024K, 5 young (5120K), 5 survivors (5120K)
 Metaspace       used 84426K, committed 86592K, reserved 552960K
  class space    used 11787K, committed 12864K, reserved 421888K
}
Event: 25.696 GC heap before
{Heap before GC invocations=27 (full 0):
 garbage-first heap   total 149504K, used 133926K [0x0000000080000000, 0x0000000100000000)
  region size 1024K, 32 young (32768K), 5 survivors (5120K)
 Metaspace       used 85244K, committed 87360K, reserved 552960K
  class space    used 11873K, committed 12928K, reserved 421888K
}
Event: 25.703 GC heap after
{Heap after GC invocations=28 (full 0):
 garbage-first heap   total 149504K, used 111427K [0x0000000080000000, 0x0000000100000000)
  region size 1024K, 4 young (4096K), 4 survivors (4096K)
 Metaspace       used 85244K, committed 87360K, reserved 552960K
  class space    used 11873K, committed 12928K, reserved 421888K
}
Event: 26.121 GC heap before
{Heap before GC invocations=29 (full 0):
 garbage-first heap   total 199680K, used 140099K [0x0000000080000000, 0x0000000100000000)
  region size 1024K, 26 young (26624K), 4 survivors (4096K)
 Metaspace       used 86605K, committed 88832K, reserved 552960K
  class space    used 12036K, committed 13120K, reserved 421888K
}
Event: 26.125 GC heap after
{Heap after GC invocations=30 (full 0):
 garbage-first heap   total 199680K, used 125952K [0x0000000080000000, 0x0000000100000000)
  region size 1024K, 4 young (4096K), 4 survivors (4096K)
 Metaspace       used 86605K, committed 88832K, reserved 552960K
  class space    used 12036K, committed 13120K, reserved 421888K
}

Dll operation events (13 events):
Event: 0.009 Loaded shared library C:\Program Files\Java\jdk-20\bin\java.dll
Event: 0.023 Loaded shared library C:\Program Files\Java\jdk-20\bin\jsvml.dll
Event: 0.071 Loaded shared library C:\Program Files\Java\jdk-20\bin\net.dll
Event: 0.074 Loaded shared library C:\Program Files\Java\jdk-20\bin\nio.dll
Event: 0.079 Loaded shared library C:\Program Files\Java\jdk-20\bin\zip.dll
Event: 0.248 Loaded shared library C:\Program Files\Java\jdk-20\bin\jimage.dll
Event: 0.312 Loaded shared library C:\Program Files\Java\jdk-20\bin\verify.dll
Event: 0.474 Loaded shared library C:\Users\mdaahmed\.gradle\native\e1d6ef7f7dcc3fd88c89a11ec53ec762bb8ba0a96d01ffa2cd45eb1d1d8dd5c5\windows-amd64\native-platform.dll
Event: 0.480 Loaded shared library C:\Users\mdaahmed\.gradle\native\0d407fdbe67a94daf76414ababcb853783967236a71b16ec16e742cd7a986fd3\windows-amd64\native-platform-file-events.dll
Event: 1.310 Loaded shared library C:\Program Files\Java\jdk-20\bin\management.dll
Event: 1.313 Loaded shared library C:\Program Files\Java\jdk-20\bin\management_ext.dll
Event: 1.717 Loaded shared library C:\Program Files\Java\jdk-20\bin\extnet.dll
Event: 2.475 Loaded shared library C:\Program Files\Java\jdk-20\bin\sunmscapi.dll

Deoptimization events (20 events):
Event: 25.533 Thread 0x000001c2b97e0f60 DEOPT PACKING pc=0x000001c2a67bff00 sp=0x0000002265bf86b0
Event: 25.533 Thread 0x000001c2b97e0f60 DEOPT UNPACKING pc=0x000001c2a5ddd2a2 sp=0x0000002265bf8658 mode 2
Event: 25.711 Thread 0x000001c2b97e0f60 DEOPT PACKING pc=0x000001c29f14a6be sp=0x0000002265bf9210
Event: 25.711 Thread 0x000001c2b97e0f60 DEOPT UNPACKING pc=0x000001c2a5e2e462 sp=0x0000002265bf86f8 mode 0
Event: 25.845 Thread 0x000001c2b97e0f60 DEOPT PACKING pc=0x000001c29f9607a4 sp=0x0000002265bf8c20
Event: 25.845 Thread 0x000001c2b97e0f60 DEOPT UNPACKING pc=0x000001c2a5e2e462 sp=0x0000002265bf8090 mode 0
Event: 25.846 Thread 0x000001c2b97e0f60 DEOPT PACKING pc=0x000001c29f9607a4 sp=0x0000002265bf8c20
Event: 25.846 Thread 0x000001c2b97e0f60 DEOPT UNPACKING pc=0x000001c2a5e2e462 sp=0x0000002265bf8090 mode 0
Event: 25.851 Thread 0x000001c2b97e0f60 DEOPT PACKING pc=0x000001c29f9607a4 sp=0x0000002265bf8c20
Event: 25.851 Thread 0x000001c2b97e0f60 DEOPT UNPACKING pc=0x000001c2a5e2e462 sp=0x0000002265bf8090 mode 0
Event: 25.853 Thread 0x000001c2b97e0f60 DEOPT PACKING pc=0x000001c29f9607a4 sp=0x0000002265bf8c20
Event: 25.853 Thread 0x000001c2b97e0f60 DEOPT UNPACKING pc=0x000001c2a5e2e462 sp=0x0000002265bf8090 mode 0
Event: 25.854 Thread 0x000001c2b97e0f60 DEOPT PACKING pc=0x000001c29f9607a4 sp=0x0000002265bf8c20
Event: 25.854 Thread 0x000001c2b97e0f60 DEOPT UNPACKING pc=0x000001c2a5e2e462 sp=0x0000002265bf8090 mode 0
Event: 25.883 Thread 0x000001c2b97e0f60 DEOPT PACKING pc=0x000001c29ec98385 sp=0x0000002265bf84e0
Event: 25.883 Thread 0x000001c2b97e0f60 DEOPT UNPACKING pc=0x000001c2a5e2e462 sp=0x0000002265bf79a8 mode 0
Event: 26.032 Thread 0x000001c2b97e0f60 Uncommon trap: trap_request=0xffffff45 fr.pc=0x000001c2a689a104 relative=0x00000000000009a4
Event: 26.032 Thread 0x000001c2b97e0f60 Uncommon trap: reason=unstable_if action=reinterpret pc=0x000001c2a689a104 method=com.google.common.collect.MapMakerInternalMap$Segment.postReadCleanup()V @ 10 c2
Event: 26.032 Thread 0x000001c2b97e0f60 DEOPT PACKING pc=0x000001c2a689a104 sp=0x0000002265bf43e0
Event: 26.032 Thread 0x000001c2b97e0f60 DEOPT UNPACKING pc=0x000001c2a5ddd2a2 sp=0x0000002265bf4240 mode 2

Classes loaded (20 events):
Event: 25.258 Loading class java/lang/BooleanBeanInfo
Event: 25.258 Loading class java/lang/BooleanBeanInfo done
Event: 25.258 Loading class java/lang/BooleanBeanInfo
Event: 25.258 Loading class java/lang/BooleanBeanInfo done
Event: 25.258 Loading class java/lang/BooleanCustomizer
Event: 25.258 Loading class java/lang/BooleanCustomizer done
Event: 25.258 Loading class java/lang/BooleanCustomizer
Event: 25.258 Loading class java/lang/BooleanCustomizer done
Event: 25.258 Loading class jdk/internal/ValueBased
Event: 25.258 Loading class jdk/internal/ValueBased done
Event: 25.708 Loading class java/lang/foreign/MemorySegment
Event: 25.709 Loading class java/lang/foreign/MemorySegment done
Event: 26.149 Loading class java/lang/EnumBeanInfo
Event: 26.149 Loading class java/lang/EnumBeanInfo done
Event: 26.151 Loading class java/lang/EnumBeanInfo
Event: 26.151 Loading class java/lang/EnumBeanInfo done
Event: 26.151 Loading class java/lang/EnumCustomizer
Event: 26.151 Loading class java/lang/EnumCustomizer done
Event: 26.151 Loading class java/lang/EnumCustomizer
Event: 26.151 Loading class java/lang/EnumCustomizer done

Classes unloaded (0 events):
No events

Classes redefined (0 events):
No events

Internal exceptions (20 events):
Event: 26.114 Thread 0x000001c2b97e0f60 Exception <a 'java/lang/ClassNotFoundException'{0x0000000089d53470}: org/jetbrains/kotlin/gradle/targets/js/npm/DefaultDevNpmDependencyExtensionBeanInfo> (0x0000000089d53470) 
thrown [s\open\src\hotspot\share\classfile\systemDictionary.cpp, line 305]
Event: 26.114 Thread 0x000001c2b97e0f60 Exception <a 'java/lang/ClassNotFoundException'{0x0000000089d5d148}: org/jetbrains/kotlin/gradle/targets/js/npm/DefaultDevNpmDependencyExtensionCustomizer> (0x0000000089d5d148) 
thrown [s\open\src\hotspot\share\classfile\systemDictionary.cpp, line 305]
Event: 26.117 Thread 0x000001c2b97e0f60 Exception <a 'java/lang/ClassNotFoundException'{0x0000000089d98208}: org/jetbrains/kotlin/gradle/targets/js/npm/DefaultPeerNpmDependencyExtensionBeanInfo> (0x0000000089d98208) 
thrown [s\open\src\hotspot\share\classfile\systemDictionary.cpp, line 305]
Event: 26.117 Thread 0x000001c2b97e0f60 Exception <a 'java/lang/ClassNotFoundException'{0x0000000089da1f08}: org/jetbrains/kotlin/gradle/targets/js/npm/DefaultPeerNpmDependencyExtensionCustomizer> (0x0000000089da1f08) 
thrown [s\open\src\hotspot\share\classfile\systemDictionary.cpp, line 305]
Event: 26.120 Thread 0x000001c2b97e0f60 Exception <a 'java/lang/ClassNotFoundException'{0x0000000089de86f8}: org/jetbrains/kotlin/gradle/targets/js/npm/DefaultPeerNpmDependencyExtension$delegate$1BeanInfo> (0x0000000089de86f8) 
thrown [s\open\src\hotspot\share\classfile\systemDictionary.cpp, line 305]
Event: 26.120 Thread 0x000001c2b97e0f60 Exception <a 'java/lang/ClassNotFoundException'{0x0000000089df2950}: org/jetbrains/kotlin/gradle/targets/js/npm/DefaultPeerNpmDependencyExtension$delegate$1Customizer> (0x0000000089df2950) 
thrown [s\open\src\hotspot\share\classfile\systemDictionary.cpp, line 305]
Event: 26.136 Thread 0x000001c2b97e0f60 Exception <a 'java/lang/ClassNotFoundException'{0x00000000ff469288}: build_b3788qz427rl7uwady1ul7a05$_run_closure1BeanInfo> (0x00000000ff469288) 
thrown [s\open\src\hotspot\share\classfile\systemDictionary.cpp, line 305]
Event: 26.137 Thread 0x000001c2b97e0f60 Exception <a 'java/lang/ClassNotFoundException'{0x00000000ff470970}: build_b3788qz427rl7uwady1ul7a05$_run_closure1Customizer> (0x00000000ff470970) 
thrown [s\open\src\hotspot\share\classfile\systemDictionary.cpp, line 305]
Event: 26.149 Thread 0x000001c2b97e0f60 Exception <a 'java/lang/ClassNotFoundException'{0x00000000ff4e9398}: org/gradle/api/JavaVersionBeanInfo> (0x00000000ff4e9398) 
thrown [s\open\src\hotspot\share\classfile\systemDictionary.cpp, line 305]
Event: 26.151 Thread 0x000001c2b97e0f60 Exception <a 'java/lang/ClassNotFoundException'{0x00000000ff4f1f10}: java/lang/EnumBeanInfo> (0x00000000ff4f1f10) 
thrown [s\open\src\hotspot\share\classfile\systemDictionary.cpp, line 305]
Event: 26.151 Thread 0x000001c2b97e0f60 Exception <a 'java/lang/ClassNotFoundException'{0x00000000ff4fab08}: java/lang/EnumCustomizer> (0x00000000ff4fab08) 
thrown [s\open\src\hotspot\share\classfile\systemDictionary.cpp, line 305]
Event: 26.152 Thread 0x000001c2b97e0f60 Exception <a 'java/lang/ClassNotFoundException'{0x00000000ff2162e0}: org/gradle/api/JavaVersionCustomizer> (0x00000000ff2162e0) 
thrown [s\open\src\hotspot\share\classfile\systemDictionary.cpp, line 305]
Event: 26.161 Thread 0x000001c2b97e0f60 Exception <a 'java/lang/ClassNotFoundException'{0x00000000ff268820}: com/android/build/gradle/internal/CompileOptions$AgpDecorated_DecoratedBeanInfo> (0x00000000ff268820) 
thrown [s\open\src\hotspot\share\classfile\systemDictionary.cpp, line 305]
Event: 26.161 Thread 0x000001c2b97e0f60 Exception <a 'java/lang/ClassNotFoundException'{0x00000000ff275cf8}: com/android/build/gradle/internal/CompileOptions$AgpDecoratedBeanInfo> (0x00000000ff275cf8) 
thrown [s\open\src\hotspot\share\classfile\systemDictionary.cpp, line 305]
Event: 26.162 Thread 0x000001c2b97e0f60 Exception <a 'java/lang/ClassNotFoundException'{0x00000000ff2832f0}: com/android/build/gradle/internal/CompileOptionsBeanInfo> (0x00000000ff2832f0) 
thrown [s\open\src\hotspot\share\classfile\systemDictionary.cpp, line 305]
Event: 26.163 Thread 0x000001c2b97e0f60 Exception <a 'java/lang/ClassNotFoundException'{0x00000000ff2908e8}: com/android/build/gradle/internal/CompileOptionsCustomizer> (0x00000000ff2908e8) 
thrown [s\open\src\hotspot\share\classfile\systemDictionary.cpp, line 305]
Event: 26.163 Thread 0x000001c2b97e0f60 Exception <a 'java/lang/ClassNotFoundException'{0x00000000ff2aa4b8}: com/android/build/gradle/internal/CompileOptions$AgpDecoratedCustomizer> (0x00000000ff2aa4b8) 
thrown [s\open\src\hotspot\share\classfile\systemDictionary.cpp, line 305]
Event: 26.164 Thread 0x000001c2b97e0f60 Exception <a 'java/lang/ClassNotFoundException'{0x00000000ff2c64d8}: com/android/build/gradle/internal/CompileOptions$AgpDecorated_DecoratedCustomizer> (0x00000000ff2c64d8) 
thrown [s\open\src\hotspot\share\classfile\systemDictionary.cpp, line 305]
Event: 26.171 Thread 0x000001c2b97e0f60 Exception <a 'java/lang/ClassNotFoundException'{0x00000000ff137288}: org/jetbrains/kotlin/gradle/plugin/sources/DefaultKotlinSourceSetBeanInfo> (0x00000000ff137288) 
thrown [s\open\src\hotspot\share\classfile\systemDictionary.cpp, line 305]
Event: 26.171 Thread 0x000001c2b97e0f60 Exception <a 'java/lang/ClassNotFoundException'{0x00000000ff1433b8}: org/jetbrains/kotlin/gradle/plugin/sources/DefaultKotlinSourceSetCustomizer> (0x00000000ff1433b8) 
thrown [s\open\src\hotspot\share\classfile\systemDictionary.cpp, line 305]

VM Operations (20 events):
Event: 24.123 Executing VM operation: G1PauseCleanup
Event: 24.123 Executing VM operation: G1PauseCleanup done
Event: 24.675 Executing VM operation: ICBufferFull
Event: 24.675 Executing VM operation: ICBufferFull done
Event: 24.712 Executing VM operation: G1CollectForAllocation
Event: 24.718 Executing VM operation: G1CollectForAllocation done
Event: 24.920 Executing VM operation: ICBufferFull
Event: 24.921 Executing VM operation: ICBufferFull done
Event: 25.263 Executing VM operation: G1CollectForAllocation
Event: 25.270 Executing VM operation: G1CollectForAllocation done
Event: 25.542 Executing VM operation: ICBufferFull
Event: 25.543 Executing VM operation: ICBufferFull done
Event: 25.696 Executing VM operation: G1CollectForAllocation
Event: 25.703 Executing VM operation: G1CollectForAllocation done
Event: 25.790 Executing VM operation: G1PauseRemark
Event: 25.795 Executing VM operation: G1PauseRemark done
Event: 25.829 Executing VM operation: G1PauseCleanup
Event: 25.829 Executing VM operation: G1PauseCleanup done
Event: 26.121 Executing VM operation: G1CollectForAllocation
Event: 26.126 Executing VM operation: G1CollectForAllocation done

Events (20 events):
Event: 25.794 Thread 0x000001c2b39674f0 flushing nmethod 0x000001c29e948f90
Event: 25.794 Thread 0x000001c2b39674f0 flushing nmethod 0x000001c29e927310
Event: 25.794 Thread 0x000001c2b39674f0 flushing nmethod 0x000001c29e8f4210
Event: 25.794 Thread 0x000001c2b39674f0 flushing nmethod 0x000001c29e8fdf90
Event: 25.794 Thread 0x000001c2b39674f0 flushing nmethod 0x000001c29e8e0f90
Event: 25.794 Thread 0x000001c2b39674f0 flushing nmethod 0x000001c29e8c0710
Event: 25.794 Thread 0x000001c2b39674f0 flushing nmethod 0x000001c29e8c0290
Event: 25.794 Thread 0x000001c2b39674f0 flushing nmethod 0x000001c29e8b2010
Event: 25.794 Thread 0x000001c2b39674f0 flushing nmethod 0x000001c29e8c4f10
Event: 25.794 Thread 0x000001c2b39674f0 flushing nmethod 0x000001c2a681e410
Event: 25.794 Thread 0x000001c2b39674f0 flushing nmethod 0x000001c2a6822d90
Event: 25.794 Thread 0x000001c2b39674f0 flushing nmethod 0x000001c2a66de990
Event: 25.794 Thread 0x000001c2b39674f0 flushing nmethod 0x000001c2a6687490
Event: 25.794 Thread 0x000001c2b39674f0 flushing nmethod 0x000001c2a65d7a10
Event: 25.794 Thread 0x000001c2b39674f0 flushing nmethod 0x000001c2a6666990
Event: 25.794 Thread 0x000001c2b39674f0 flushing nmethod 0x000001c2a6634190
Event: 25.794 Thread 0x000001c2b39674f0 flushing nmethod 0x000001c2a6548a90
Event: 25.794 Thread 0x000001c2b39674f0 flushing nmethod 0x000001c2a6533c90
Event: 25.794 Thread 0x000001c2b39674f0 flushing nmethod 0x000001c2a6514690
Event: 25.794 Thread 0x000001c2b39674f0 flushing nmethod 0x000001c2a6513c90


Dynamic libraries:
0x00007ff7bea40000 - 0x00007ff7bea50000 	C:\Program Files\Java\jdk-20\bin\java.exe
0x00007ff8e7870000 - 0x00007ff8e7a68000 	C:\WINDOWS\SYSTEM32\ntdll.dll
0x00007ff8e5d00000 - 0x00007ff8e5dbf000 	C:\WINDOWS\System32\KERNEL32.DLL
0x00007ff8e5360000 - 0x00007ff8e563a000 	C:\WINDOWS\System32\KERNELBASE.dll
0x00007ff8e5720000 - 0x00007ff8e5820000 	C:\WINDOWS\System32\ucrtbase.dll
0x00007ff8de140000 - 0x00007ff8de159000 	C:\Program Files\Java\jdk-20\bin\jli.dll
0x00007ff8dcdd0000 - 0x00007ff8dcdeb000 	C:\Program Files\Java\jdk-20\bin\VCRUNTIME140.dll
0x00007ff8e7450000 - 0x00007ff8e74fe000 	C:\WINDOWS\System32\ADVAPI32.dll
0x00007ff8e7150000 - 0x00007ff8e71ee000 	C:\WINDOWS\System32\msvcrt.dll
0x00007ff8e75e0000 - 0x00007ff8e767c000 	C:\WINDOWS\System32\sechost.dll
0x00007ff8e5f40000 - 0x00007ff8e6066000 	C:\WINDOWS\System32\RPCRT4.dll
0x00007ff8e7680000 - 0x00007ff8e781d000 	C:\WINDOWS\System32\USER32.dll
0x00007ff8e4fb0000 - 0x00007ff8e4fd2000 	C:\WINDOWS\System32\win32u.dll
0x00007ff8e60d0000 - 0x00007ff8e60fb000 	C:\WINDOWS\System32\GDI32.dll
0x00007ff8cc7b0000 - 0x00007ff8cca4a000 	C:\WINDOWS\WinSxS\amd64_microsoft.windows.common-controls_6595b64144ccf1df_6.0.19041.1110_none_60b5254171f9507e\COMCTL32.dll
0x00007ff8e5250000 - 0x00007ff8e5360000 	C:\WINDOWS\System32\gdi32full.dll
0x00007ff8e5050000 - 0x00007ff8e50ed000 	C:\WINDOWS\System32\msvcp_win.dll
0x00007ff8ddab0000 - 0x00007ff8ddaba000 	C:\WINDOWS\SYSTEM32\VERSION.dll
0x00007ff8e5e90000 - 0x00007ff8e5ec0000 	C:\WINDOWS\System32\IMM32.DLL
0x000001c294ef0000 - 0x000001c294f04000 	C:\WINDOWS\System32\umppc16606.dll
0x00007ff8e2250000 - 0x00007ff8e225c000 	C:\Program Files\Java\jdk-20\bin\vcruntime140_1.dll
0x00007ff8a1c90000 - 0x00007ff8a1d1e000 	C:\Program Files\Java\jdk-20\bin\msvcp140.dll
0x00007ff88c7a0000 - 0x00007ff88d437000 	C:\Program Files\Java\jdk-20\bin\server\jvm.dll
0x00007ff8c5c00000 - 0x00007ff8c5c09000 	C:\WINDOWS\SYSTEM32\WSOCK32.dll
0x00007ff8e63c0000 - 0x00007ff8e642b000 	C:\WINDOWS\System32\WS2_32.dll
0x00007ff8c8ef0000 - 0x00007ff8c8f17000 	C:\WINDOWS\SYSTEM32\WINMM.dll
0x00007ff8e3710000 - 0x00007ff8e3722000 	C:\WINDOWS\SYSTEM32\kernel.appcore.dll
0x00007ff8e1c30000 - 0x00007ff8e1c3a000 	C:\Program Files\Java\jdk-20\bin\jimage.dll
0x00007ff8e33d0000 - 0x00007ff8e35b4000 	C:\WINDOWS\SYSTEM32\DBGHELP.DLL
0x00007ff8c4cf0000 - 0x00007ff8c4d24000 	C:\WINDOWS\SYSTEM32\dbgcore.DLL
0x00007ff8e5690000 - 0x00007ff8e5712000 	C:\WINDOWS\System32\bcryptPrimitives.dll
0x00007ff8dca70000 - 0x00007ff8dca96000 	C:\Program Files\Java\jdk-20\bin\java.dll
0x00007ff89dc40000 - 0x00007ff89dd17000 	C:\Program Files\Java\jdk-20\bin\jsvml.dll
0x00007ff8e6960000 - 0x00007ff8e70a4000 	C:\WINDOWS\System32\SHELL32.dll
0x00007ff8e2b60000 - 0x00007ff8e32f3000 	C:\WINDOWS\SYSTEM32\windows.storage.dll
0x00007ff8e59a0000 - 0x00007ff8e5cf4000 	C:\WINDOWS\System32\combase.dll
0x00007ff8e4900000 - 0x00007ff8e492e000 	C:\WINDOWS\SYSTEM32\Wldp.dll
0x00007ff8e6160000 - 0x00007ff8e620d000 	C:\WINDOWS\System32\SHCORE.dll
0x00007ff8e6100000 - 0x00007ff8e6155000 	C:\WINDOWS\System32\shlwapi.dll
0x00007ff8e4ec0000 - 0x00007ff8e4edf000 	C:\WINDOWS\SYSTEM32\profapi.dll
0x00007ff8dc380000 - 0x00007ff8dc393000 	C:\Program Files\Java\jdk-20\bin\net.dll
0x00007ff8dfda0000 - 0x00007ff8dfeaa000 	C:\WINDOWS\SYSTEM32\WINHTTP.dll
0x00007ff8e46e0000 - 0x00007ff8e474a000 	C:\WINDOWS\system32\mswsock.dll
0x00007ff8d38b0000 - 0x00007ff8d38c6000 	C:\Program Files\Java\jdk-20\bin\nio.dll
0x00007ff8d2bf0000 - 0x00007ff8d2c08000 	C:\Program Files\Java\jdk-20\bin\zip.dll
0x00007ff8df9c0000 - 0x00007ff8df9d0000 	C:\Program Files\Java\jdk-20\bin\verify.dll
0x00007ff8946f0000 - 0x00007ff894717000 	C:\Users\mdaahmed\.gradle\native\e1d6ef7f7dcc3fd88c89a11ec53ec762bb8ba0a96d01ffa2cd45eb1d1d8dd5c5\windows-amd64\native-platform.dll
0x00007ff89c8e0000 - 0x00007ff89ca24000 	C:\Users\mdaahmed\.gradle\native\0d407fdbe67a94daf76414ababcb853783967236a71b16ec16e742cd7a986fd3\windows-amd64\native-platform-file-events.dll
0x00007ff8dec40000 - 0x00007ff8dec4a000 	C:\Program Files\Java\jdk-20\bin\management.dll
0x00007ff8dcf90000 - 0x00007ff8dcf9b000 	C:\Program Files\Java\jdk-20\bin\management_ext.dll
0x00007ff8e7140000 - 0x00007ff8e7148000 	C:\WINDOWS\System32\PSAPI.DLL
0x00007ff8e4940000 - 0x00007ff8e4958000 	C:\WINDOWS\SYSTEM32\CRYPTSP.dll
0x00007ff8e3fb0000 - 0x00007ff8e3fe4000 	C:\WINDOWS\system32\rsaenh.dll
0x00007ff8e4f80000 - 0x00007ff8e4fa7000 	C:\WINDOWS\System32\bcrypt.dll
0x00007ff8e4e40000 - 0x00007ff8e4e6e000 	C:\WINDOWS\SYSTEM32\USERENV.dll
0x00007ff8e4870000 - 0x00007ff8e487c000 	C:\WINDOWS\SYSTEM32\CRYPTBASE.dll
0x00007ff8e43a0000 - 0x00007ff8e43dc000 	C:\WINDOWS\SYSTEM32\IPHLPAPI.DLL
0x00007ff8e7820000 - 0x00007ff8e7828000 	C:\WINDOWS\System32\NSI.dll
0x00007ff8df350000 - 0x00007ff8df367000 	C:\WINDOWS\SYSTEM32\dhcpcsvc6.DLL
0x00007ff8df330000 - 0x00007ff8df34d000 	C:\WINDOWS\SYSTEM32\dhcpcsvc.DLL
0x00007ff8e4430000 - 0x00007ff8e44fb000 	C:\WINDOWS\SYSTEM32\DNSAPI.dll
0x00007ff8dcd30000 - 0x00007ff8dcd37000 	C:\Program Files\Java\jdk-20\bin\extnet.dll
0x00007ff8dcd10000 - 0x00007ff8dcd1e000 	C:\Program Files\Java\jdk-20\bin\sunmscapi.dll
0x00007ff8e50f0000 - 0x00007ff8e5246000 	C:\WINDOWS\System32\CRYPT32.dll
0x00007ff8e4a50000 - 0x00007ff8e4a78000 	C:\WINDOWS\SYSTEM32\ncrypt.dll
0x00007ff8e4a10000 - 0x00007ff8e4a4b000 	C:\WINDOWS\SYSTEM32\NTASN1.dll
0x00007ff8dcce0000 - 0x00007ff8dcce7000 	C:\WINDOWS\system32\wshunix.dll

dbghelp: loaded successfully - version: 4.0.5 - missing functions: none
symbol engine: initialized successfully - sym options: 0x614 - pdb path: .;C:\Program Files\Java\jdk-20\bin;C:\WINDOWS\SYSTEM32;C:\WINDOWS\WinSxS\amd64_microsoft.windows.common-controls_6595b64144ccf1df_6.0.19041.1110_none_60b5254171f9507e;C:\Program Files\Java\jdk-20\bin\server;C:\Users\mdaahmed\.gradle\native\e1d6ef7f7dcc3fd88c89a11ec53ec762bb8ba0a96d01ffa2cd45eb1d1d8dd5c5\windows-amd64;C:\Users\mdaahmed\.gradle\native\0d407fdbe67a94daf76414ababcb853783967236a71b16ec16e742cd7a986fd3\windows-amd64

VM Arguments:
jvm_args: -XX:MaxMetaspaceSize=512m --add-opens=java.base/java.util=ALL-UNNAMED --add-opens=java.base/java.lang=ALL-UNNAMED --add-opens=java.base/java.lang.invoke=ALL-UNNAMED --add-opens=java.base/java.util=ALL-UNNAMED --add-opens=java.prefs/java.util.prefs=ALL-UNNAMED --add-opens=java.prefs/java.util.prefs=ALL-UNNAMED --add-opens=java.base/java.nio.charset=ALL-UNNAMED --add-opens=java.base/java.net=ALL-UNNAMED --add-opens=java.base/java.util.concurrent.atomic=ALL-UNNAMED -Xmx2048m -Dfile.encoding=UTF-8 -Duser.country=IN -Duser.language=en -Duser.variant 
java_command: org.gradle.launcher.daemon.bootstrap.GradleDaemon 7.5.1
java_class_path (initial): C:\Users\mdaahmed\.gradle\wrapper\dists\gradle-7.5.1-all\1ehga6e77gqps5uk2kc5kf1vc\gradle-7.5.1\lib\gradle-launcher-7.5.1.jar
Launcher Type: SUN_STANDARD

[Global flags]
     intx CICompilerCount                          = 4                                         {product} {ergonomic}
   size_t CompressedClassSpaceSize                 = 432013312                                 {product} {ergonomic}
     uint ConcGCThreads                            = 2                                         {product} {ergonomic}
     uint G1ConcRefinementThreads                  = 8                                         {product} {ergonomic}
   size_t G1HeapRegionSize                         = 1048576                                   {product} {ergonomic}
    uintx GCDrainStackTargetSize                   = 64                                        {product} {ergonomic}
   size_t InitialHeapSize                          = 264241152                                 {product} {ergonomic}
   size_t MarkStackSize                            = 4194304                                   {product} {ergonomic}
   size_t MaxHeapSize                              = 2147483648                                {product} {command line}
   size_t MaxMetaspaceSize                         = 536870912                                 {product} {command line}
   size_t MaxNewSize                               = 1287651328                                {product} {ergonomic}
   size_t MinHeapDeltaBytes                        = 1048576                                   {product} {ergonomic}
   size_t MinHeapSize                              = 8388608                                   {product} {ergonomic}
    uintx NonNMethodCodeHeapSize                   = 5839372                                {pd product} {ergonomic}
    uintx NonProfiledCodeHeapSize                  = 122909434                              {pd product} {ergonomic}
    uintx ProfiledCodeHeapSize                     = 122909434                              {pd product} {ergonomic}
    uintx ReservedCodeCacheSize                    = 251658240                              {pd product} {ergonomic}
     bool SegmentedCodeCache                       = true                                      {product} {ergonomic}
   size_t SoftMaxHeapSize                          = 2147483648                             {manageable} {ergonomic}
     bool UseCompressedClassPointers               = true                           {product lp64_product} {ergonomic}
     bool UseCompressedOops                        = true                           {product lp64_product} {ergonomic}
     bool UseG1GC                                  = true                                      {product} {ergonomic}
     bool UseLargePagesIndividualAllocation        = false                                  {pd product} {ergonomic}

Logging:
Log output configuration:
 #0: stdout all=warning uptime,level,tags foldmultilines=false
 #1: stderr all=off uptime,level,tags foldmultilines=false

Environment Variables:
CLASSPATH=C:\Users\mdaahmed\Desktop\Capstone\PokemonApps\android\\gradle\wrapper\gradle-wrapper.jar
PATH=C:\Users\mdaahmed\Desktop\Capstone\PokemonApps\android\node_modules\.bin;C:\Users\mdaahmed\Desktop\Capstone\PokemonApps\node_modules\.bin;C:\Users\mdaahmed\Desktop\Capstone\node_modules\.bin;C:\Users\mdaahmed\Desktop\node_modules\.bin;C:\Users\mdaahmed\node_modules\.bin;C:\Users\node_modules\.bin;C:\node_modules\.bin;C:\Program Files\nodejs;C:\Users\mdaahmed\Desktop\Capstone\PokemonApps\node_modules\.bin;C:\Users\mdaahmed\Desktop\Capstone\PokemonApps\node_modules\.bin;C:\Users\mdaahmed\Desktop\Capstone\node_modules\.bin;C:\Users\mdaahmed\Desktop\node_modules\.bin;C:\Users\mdaahmed\node_modules\.bin;C:\Users\node_modules\.bin;C:\node_modules\.bin;C:\Users\mdaahmed\AppData\Roaming\npm\node_modules\npm\node_modules\@npmcli\run-script\lib\node-gyp-bin;C:\Program Files\Common Files\Oracle\Java\javapath;C:\Program Files (x86)\Common Files\Oracle\Java\javapath;C:\WINDOWS\system32;C:\WINDOWS;C:\WINDOWS\System32\Wbem;C:\WINDOWS\System32\WindowsPowerShell\v1.0\;C:\WINDOWS\System32\OpenSSH\;C:\Program Files (x86)\Box\Box Edit\;C:\Program Files\Git\cmd;C:\Program Files\MongoDB\Server\5.0\bin;C:\Users\mdaahmed\AppData\Local\Android\Sdk;C:\Program Files\Java\jdk-20\bin;C:\Users\mdaahmed\AppData\Local\Android\Sdk;C:\Users\mdaahmed\AppData\Local\Android\Sdk\platform-tools;C:\Program Files\nodejs\;C:\Users\mdaahmed\AppData\Local\Android\Sdk\platforms;C:\Users\mdaahmed\AppData\Local\Microsoft\WindowsApps;C:\Users\mdaahmed\AppData\Local\Programs\Microsoft VS Code\bin;C:\Users\mdaahmed\AppData\Local\Android\Sdk;C:\Program Files\Java\jdk-20\bin;C:\Users\mdaahmed\AppData\Local\Android\Sdk\platform-tools;C:\Users\mdaahmed\AppData\Local\Android\Sdk;C:\Users\mdaahmed\AppData\Roaming\npm;C:\Users\mdaahmed\AppData\Local\Android\Sdk\platforms;
USERNAME=mdaahmed
OS=Windows_NT
PROCESSOR_IDENTIFIER=Intel64 Family 6 Model 140 Stepping 1, GenuineIntel
TMP=C:\Users\mdaahmed\AppData\Local\Temp
TEMP=C:\Users\mdaahmed\AppData\Local\Temp




---------------  S Y S T E M  ---------------

OS:
 Windows 10 , 64 bit Build 19041 (10.0.19041.2788)
OS uptime: 5 days 9:07 hours
Hyper-V role detected

CPU: total 8 (initial active 8) (4 cores per cpu, 2 threads per core) family 6 model 140 stepping 1 microcode 0x8a, cx8, cmov, fxsr, ht, mmx, 3dnowpref, sse, sse2, sse3, ssse3, sse4.1, sse4.2, popcnt, lzcnt, tsc, tscinvbit, avx, avx2, aes, erms, clmul, bmi1, bmi2, adx, avx512f, avx512dq, avx512cd, avx512bw, avx512vl, sha, fma, vzeroupper, avx512_vpopcntdq, avx512_vpclmulqdq, avx512_vaes, avx512_vnni, clflush, clflushopt, clwb, avx512_vbmi2, avx512_vbmi, hv, rdtscp, rdpid, fsrm, gfni, avx512_bitalg, f16c, cet_ibt, cet_ss, avx512_ifma

Memory: 4k page, system-wide physical 16064M (1598M free)
TotalPageFile size 46471M (AvailPageFile size 21M)
current process WorkingSet (physical memory assigned to process): 409M, peak: 409M
current process commit charge ("private bytes"): 494M, peak: 496M

vm_info: Java HotSpot(TM) 64-Bit Server VM (20+36-2344) for windows-amd64 JRE (20+36-2344), built on 2023-02-10T19:30:15Z by "mach5one" with MS VC++ 17.1 (VS2022)

END.
