#
# There is insufficient memory for the Java Runtime Environment to continue.
# Native memory allocation (mmap) failed to map 264241152 bytes for G1 virtual space
# Possible reasons:
#   The system is out of physical RAM or swap space
#   The process is running with CompressedOops enabled, and the Java Heap may be blocking the growth of the native heap
# Possible solutions:
#   Reduce memory load on the system
#   Increase physical memory or swap space
#   Check if swap backing store is full
#   Decrease Java heap size (-Xmx/-Xms)
#   Decrease number of Java threads
#   Decrease Java thread stack sizes (-Xss)
#   Set larger code cache with -XX:ReservedCodeCacheSize=
#   JVM is running with Zero Based Compressed Oops mode in which the Java heap is
#     placed in the first 32GB address space. The Java Heap base address is the
#     maximum limit for the native heap growth. Please use -XX:HeapBaseMinAddress
#     to set the Java Heap base and to place the Java Heap above 32GB virtual address.
# This output file may be truncated or incomplete.
#
#  Out of Memory Error (os_windows.cpp:3528), pid=14784, tid=21892
#
# JRE version:  (20.0+36) (build )
# Java VM: Java HotSpot(TM) 64-Bit Server VM (20+36-2344, mixed mode, sharing, tiered, compressed oops, compressed class ptrs, g1 gc, windows-amd64)
# No core dump will be written. Minidumps are not enabled by default on client versions of Windows
#

---------------  S U M M A R Y ------------

Command Line: 

Host: 11th Gen Intel(R) Core(TM) i7-1185G7 @ 3.00GHz, 8 cores, 15G,  Windows 10 , 64 bit Build 19041 (10.0.19041.2546)
Time: Mon May  1 20:50:43 2023 India Standard Time elapsed time: 0.022117 seconds (0d 0h 0m 0s)

---------------  T H R E A D  ---------------

Current thread (0x000001be55895b40):  JavaThread "Unknown thread" [_thread_in_vm, id=21892, stack(0x0000009fb0300000,0x0000009fb0400000)]

Stack: [0x0000009fb0300000,0x0000009fb0400000]
Native frames: (J=compiled Java code, j=interpreted, Vv=VM code, C=native code)
V  [jvm.dll+0x6bb95a]
V  [jvm.dll+0x8483aa]
V  [jvm.dll+0x849fa5]
V  [jvm.dll+0x84a6a3]
V  [jvm.dll+0x280b0f]
V  [jvm.dll+0x6b86e9]
V  [jvm.dll+0x6ad2da]
V  [jvm.dll+0x35adf5]
V  [jvm.dll+0x363016]
V  [jvm.dll+0x3b3b3e]
V  [jvm.dll+0x3b3dc5]
V  [jvm.dll+0x32b50a]
V  [jvm.dll+0x32c32b]
V  [jvm.dll+0x81106f]
V  [jvm.dll+0x3c0d91]
V  [jvm.dll+0x7fcd93]
V  [jvm.dll+0x44c76f]
V  [jvm.dll+0x44e0e1]
C  [jli.dll+0x5287]
C  [ucrtbase.dll+0x21bb2]
C  [KERNEL32.DLL+0x17614]
C  [ntdll.dll+0x526a1]


---------------  P R O C E S S  ---------------

Threads class SMR info:
_java_thread_list=0x00007ffe8430a098, length=0, elements={
}

Java Threads: ( => current thread )

Other Threads:
  0x000001be55903390 WorkerThread "GC Thread#0" [stack: 0x0000009fb0400000,0x0000009fb0500000] [id=19492]
  0x000001be55913db0 ConcurrentGCThread "G1 Main Marker" [stack: 0x0000009fb0500000,0x0000009fb0600000] [id=5376]
  0x000001be559147e0 WorkerThread "G1 Conc#0" [stack: 0x0000009fb0600000,0x0000009fb0700000] [id=23660]

[error occurred during error reporting (printing all threads), id 0xc0000005, EXCEPTION_ACCESS_VIOLATION (0xc0000005) at pc=0x00007ffe83aeeb47]
VM state: not at safepoint (not fully initialized)

VM Mutex/Monitor currently owned by a thread:  ([mutex/lock_event])
[0x000001be55890c00] Heap_lock - owner thread: 0x000001be55895b40

Heap address: 0x0000000704e00000, size: 4018 MB, Compressed Oops mode: Zero based, Oop shift amount: 3

CDS archive(s) mapped at: [0x0000000000000000-0x0000000000000000-0x0000000000000000), size 0, SharedBaseAddress: 0x0000000800000000, ArchiveRelocationMode: 0.
Narrow klass base: 0x0000000000000000, Narrow klass shift: 0, Narrow klass range: 0x0

GC Precious Log:
 CardTable entry size: 512
 Card Set container configuration: InlinePtr #cards 4 size 8 Array Of Cards #cards 16 size 48 Howl #buckets 8 coarsen threshold 3686 Howl Bitmap #cards 512 size 80 coarsen threshold 460 Card regions per heap region 1 cards per card region 4096

Heap:
 garbage-first heap   total 0K, used 0K [0x0000000704e00000, 0x0000000800000000)
  region size 2048K, 0 young (0K), 0 survivors (0K)

[error occurred during error reporting (printing heap information), id 0xc0000005, EXCEPTION_ACCESS_VIOLATION (0xc0000005) at pc=0x00007ffe83ec3c59]
GC Heap History (0 events):
No events

Dll operation events (1 events):
Event: 0.010 Loaded shared library C:\Program Files\Java\jdk-20\bin\java.dll

Deoptimization events (0 events):
No events

Classes loaded (0 events):
No events

Classes unloaded (0 events):
No events

Classes redefined (0 events):
No events

Internal exceptions (0 events):
No events

VM Operations (0 events):
No events

Events (0 events):
No events


Dynamic libraries:
0x00007ff711700000 - 0x00007ff711710000 	C:\Program Files\Java\jdk-20\bin\java.exe
0x00007ffed0050000 - 0x00007ffed0248000 	C:\WINDOWS\SYSTEM32\ntdll.dll
0x00007ffece2e0000 - 0x00007ffece39f000 	C:\WINDOWS\System32\KERNEL32.DLL
0x00007ffecda40000 - 0x00007ffecdd12000 	C:\WINDOWS\System32\KERNELBASE.dll
0x00007ffecde10000 - 0x00007ffecdf10000 	C:\WINDOWS\System32\ucrtbase.dll
0x00007ffebb500000 - 0x00007ffebb519000 	C:\Program Files\Java\jdk-20\bin\jli.dll
0x00007ffec6390000 - 0x00007ffec63ab000 	C:\Program Files\Java\jdk-20\bin\VCRUNTIME140.dll
0x00007ffece430000 - 0x00007ffece4de000 	C:\WINDOWS\System32\ADVAPI32.dll
0x00007ffecfec0000 - 0x00007ffecff5e000 	C:\WINDOWS\System32\msvcrt.dll
0x00007ffecfcc0000 - 0x00007ffecfd5c000 	C:\WINDOWS\System32\sechost.dll
0x00007ffecfd60000 - 0x00007ffecfe84000 	C:\WINDOWS\System32\RPCRT4.dll
0x00007ffecf6f0000 - 0x00007ffecf891000 	C:\WINDOWS\System32\USER32.dll
0x00007ffece070000 - 0x00007ffece092000 	C:\WINDOWS\System32\win32u.dll
0x00007ffece1d0000 - 0x00007ffece1fb000 	C:\WINDOWS\System32\GDI32.dll
0x00007ffeb3fd0000 - 0x00007ffeb426a000 	C:\WINDOWS\WinSxS\amd64_microsoft.windows.common-controls_6595b64144ccf1df_6.0.19041.1110_none_60b5254171f9507e\COMCTL32.dll
0x00007ffecd930000 - 0x00007ffecda3f000 	C:\WINDOWS\System32\gdi32full.dll
0x00007ffecdd70000 - 0x00007ffecde0d000 	C:\WINDOWS\System32\msvcp_win.dll
0x00007ffec3b30000 - 0x00007ffec3b3a000 	C:\WINDOWS\SYSTEM32\VERSION.dll
0x00007ffecfe90000 - 0x00007ffecfec0000 	C:\WINDOWS\System32\IMM32.DLL
0x000001be54030000 - 0x000001be54044000 	C:\WINDOWS\System32\umppc16606.dll
0x00007ffeca650000 - 0x00007ffeca65c000 	C:\Program Files\Java\jdk-20\bin\vcruntime140_1.dll
0x00007ffe8c430000 - 0x00007ffe8c4be000 	C:\Program Files\Java\jdk-20\bin\msvcp140.dll
0x00007ffe837b0000 - 0x00007ffe84447000 	C:\Program Files\Java\jdk-20\bin\server\jvm.dll
0x00007ffebc8c0000 - 0x00007ffebc8c9000 	C:\WINDOWS\SYSTEM32\WSOCK32.dll
0x00007ffece150000 - 0x00007ffece1bb000 	C:\WINDOWS\System32\WS2_32.dll
0x00007ffeaffd0000 - 0x00007ffeafff7000 	C:\WINDOWS\SYSTEM32\WINMM.dll
0x00007ffecbf60000 - 0x00007ffecbf72000 	C:\WINDOWS\SYSTEM32\kernel.appcore.dll
0x00007ffeca530000 - 0x00007ffeca53a000 	C:\Program Files\Java\jdk-20\bin\jimage.dll
0x00007ffecbc20000 - 0x00007ffecbe04000 	C:\WINDOWS\SYSTEM32\DBGHELP.DLL
0x00007ffeaa260000 - 0x00007ffeaa295000 	C:\WINDOWS\SYSTEM32\dbgcore.DLL
0x00007ffecd750000 - 0x00007ffecd7d2000 	C:\WINDOWS\System32\bcryptPrimitives.dll
0x00007ffeb2e70000 - 0x00007ffeb2e96000 	C:\Program Files\Java\jdk-20\bin\java.dll

dbghelp: loaded successfully - version: 4.0.5 - missing functions: none
symbol engine: initialized successfully - sym options: 0x614 - pdb path: .;C:\Program Files\Java\jdk-20\bin;C:\WINDOWS\SYSTEM32;C:\WINDOWS\WinSxS\amd64_microsoft.windows.common-controls_6595b64144ccf1df_6.0.19041.1110_none_60b5254171f9507e;C:\Program Files\Java\jdk-20\bin\server

VM Arguments:
java_command: <unknown>
java_class_path (initial): <not set>
Launcher Type: SUN_STANDARD

[Global flags]
     intx CICompilerCount                          = 4                                         {product} {ergonomic}
     uint ConcGCThreads                            = 2                                         {product} {ergonomic}
     uint G1ConcRefinementThreads                  = 8                                         {product} {ergonomic}
   size_t G1HeapRegionSize                         = 2097152                                   {product} {ergonomic}
    uintx GCDrainStackTargetSize                   = 64                                        {product} {ergonomic}
   size_t InitialHeapSize                          = 264241152                                 {product} {ergonomic}
   size_t MarkStackSize                            = 4194304                                   {product} {ergonomic}
   size_t MaxHeapSize                              = 4213178368                                {product} {ergonomic}
   size_t MinHeapDeltaBytes                        = 2097152                                   {product} {ergonomic}
   size_t MinHeapSize                              = 8388608                                   {product} {ergonomic}
    uintx NonNMethodCodeHeapSize                   = 5839372                                {pd product} {ergonomic}
    uintx NonProfiledCodeHeapSize                  = 122909434                              {pd product} {ergonomic}
    uintx ProfiledCodeHeapSize                     = 122909434                              {pd product} {ergonomic}
    uintx ReservedCodeCacheSize                    = 251658240                              {pd product} {ergonomic}
     bool SegmentedCodeCache                       = true                                      {product} {ergonomic}
   size_t SoftMaxHeapSize                          = 4213178368                             {manageable} {ergonomic}
     bool UseCompressedClassPointers               = true                           {product lp64_product} {ergonomic}
     bool UseCompressedOops                        = true                           {product lp64_product} {ergonomic}
     bool UseG1GC                                  = true                                      {product} {ergonomic}
     bool UseLargePagesIndividualAllocation        = false                                  {pd product} {ergonomic}

Logging:
Log output configuration:
 #0: stdout all=warning uptime,level,tags foldmultilines=false
 #1: stderr all=off uptime,level,tags foldmultilines=false

Environment Variables:
PATH=C:\Users\mdaahmed\Desktop\Capstone\PokemonApps\android\node_modules\.bin;C:\Users\mdaahmed\Desktop\Capstone\PokemonApps\node_modules\.bin;C:\Users\mdaahmed\Desktop\Capstone\node_modules\.bin;C:\Users\mdaahmed\Desktop\node_modules\.bin;C:\Users\mdaahmed\node_modules\.bin;C:\Users\node_modules\.bin;C:\node_modules\.bin;C:\Program Files\nodejs;C:\Users\mdaahmed\Desktop\Capstone\PokemonApps\node_modules\.bin;C:\Users\mdaahmed\Desktop\Capstone\PokemonApps\node_modules\.bin;C:\Users\mdaahmed\Desktop\Capstone\node_modules\.bin;C:\Users\mdaahmed\Desktop\node_modules\.bin;C:\Users\mdaahmed\node_modules\.bin;C:\Users\node_modules\.bin;C:\node_modules\.bin;C:\Users\mdaahmed\AppData\Roaming\npm\node_modules\npm\node_modules\@npmcli\run-script\lib\node-gyp-bin;C:\Program Files\Common Files\Oracle\Java\javapath;C:\Program Files (x86)\Common Files\Oracle\Java\javapath;C:\WINDOWS\system32;C:\WINDOWS;C:\WINDOWS\System32\Wbem;C:\WINDOWS\System32\WindowsPowerShell\v1.0\;C:\WINDOWS\System32\OpenSSH\;C:\Program Files (x86)\Box\Box Edit\;C:\Program Files\Git\cmd;C:\Program Files\MongoDB\Server\5.0\bin;C:\Users\mdaahmed\AppData\Local\Android\Sdk;C:\Program Files\Java\jdk-20\bin;C:\Users\mdaahmed\AppData\Local\Android\Sdk;C:\Users\mdaahmed\AppData\Local\Android\Sdk\platform-tools;C:\Program Files\nodejs\;C:\Users\mdaahmed\AppData\Local\Android\Sdk\platforms;C:\Users\mdaahmed\AppData\Local\Microsoft\WindowsApps;C:\Users\mdaahmed\AppData\Local\Programs\Microsoft VS Code\bin;C:\Users\mdaahmed\AppData\Local\Android\Sdk;C:\Program Files\Java\jdk-20\bin;C:\Users\mdaahmed\AppData\Local\Android\Sdk\platform-tools;C:\Users\mdaahmed\AppData\Local\Android\Sdk;C:\Users\mdaahmed\AppData\Roaming\npm;C:\Users\mdaahmed\AppData\Local\Android\Sdk\platforms;
USERNAME=mdaahmed
OS=Windows_NT
PROCESSOR_IDENTIFIER=Intel64 Family 6 Model 140 Stepping 1, GenuineIntel
TMP=C:\Users\mdaahmed\AppData\Local\Temp
TEMP=C:\Users\mdaahmed\AppData\Local\Temp




---------------  S Y S T E M  ---------------

OS:
 Windows 10 , 64 bit Build 19041 (10.0.19041.2546)
OS uptime: 4 days 8:22 hours
Hyper-V role detected

CPU: total 8 (initial active 8) (4 cores per cpu, 2 threads per core) family 6 model 140 stepping 1 microcode 0x8a, cx8, cmov, fxsr, ht, mmx, 3dnowpref, sse, sse2, sse3, ssse3, sse4.1, sse4.2, popcnt, lzcnt, tsc, tscinvbit, avx, avx2, aes, erms, clmul, bmi1, bmi2, adx, avx512f, avx512dq, avx512cd, avx512bw, avx512vl, sha, fma, vzeroupper, avx512_vpopcntdq, avx512_vpclmulqdq, avx512_vaes, avx512_vnni, clflush, clflushopt, clwb, avx512_vbmi2, avx512_vbmi, hv, rdtscp, rdpid, fsrm, gfni, avx512_bitalg, f16c, cet_ibt, cet_ss, avx512_ifma

Memory: 4k page, system-wide physical 16064M (2180M free)
TotalPageFile size 46471M (AvailPageFile size 209M)
current process WorkingSet (physical memory assigned to process): 10M, peak: 10M
current process commit charge ("private bytes"): 60M, peak: 312M

vm_info: Java HotSpot(TM) 64-Bit Server VM (20+36-2344) for windows-amd64 JRE (20+36-2344), built on 2023-02-10T19:30:15Z by "mach5one" with MS VC++ 17.1 (VS2022)

END.
