#
# There is insufficient memory for the Java Runtime Environment to continue.
# Native memory allocation (mmap) failed to map 18874368 bytes for G1 virtual space
# Possible reasons:
#   The system is out of physical RAM or swap space
#   The process is running with CompressedOops enabled, and the Java Heap may be blocking the growth of the native heap
# Possible solutions:
#   Reduce memory load on the system
#   Increase physical memory or swap space
#   Check if swap backing store is full
#   Decrease Java heap size (-Xmx/-Xms)
#   Decrease number of Java threads
#   Decrease Java thread stack sizes (-Xss)
#   Set larger code cache with -XX:ReservedCodeCacheSize=
#   JVM is running with Unscaled Compressed Oops mode in which the Java heap is
#     placed in the first 4GB address space. The Java Heap base address is the
#     maximum limit for the native heap growth. Please use -XX:HeapBaseMinAddress
#     to set the Java Heap base and to place the Java Heap above 4GB virtual address.
# This output file may be truncated or incomplete.
#
#  Out of Memory Error (os_windows.cpp:3528), pid=29596, tid=14932
#
# JRE version: Java(TM) SE Runtime Environment (20.0+36) (build 20+36-2344)
# Java VM: Java HotSpot(TM) 64-Bit Server VM (20+36-2344, mixed mode, sharing, tiered, compressed oops, compressed class ptrs, g1 gc, windows-amd64)
# No core dump will be written. Minidumps are not enabled by default on client versions of Windows
#

---------------  S U M M A R Y ------------

Command Line: -XX:MaxMetaspaceSize=512m --add-opens=java.base/java.util=ALL-UNNAMED --add-opens=java.base/java.lang=ALL-UNNAMED --add-opens=java.base/java.lang.invoke=ALL-UNNAMED --add-opens=java.base/java.util=ALL-UNNAMED --add-opens=java.prefs/java.util.prefs=ALL-UNNAMED --add-opens=java.prefs/java.util.prefs=ALL-UNNAMED --add-opens=java.base/java.nio.charset=ALL-UNNAMED --add-opens=java.base/java.net=ALL-UNNAMED --add-opens=java.base/java.util.concurrent.atomic=ALL-UNNAMED -Xmx2048m -Dfile.encoding=UTF-8 -Duser.country=IN -Duser.language=en -Duser.variant org.gradle.launcher.daemon.bootstrap.GradleDaemon 7.5.1

Host: 11th Gen Intel(R) Core(TM) i7-1185G7 @ 3.00GHz, 8 cores, 15G,  Windows 10 , 64 bit Build 19041 (10.0.19041.2546)
Time: Mon May  1 20:56:58 2023 India Standard Time elapsed time: 23.587495 seconds (0d 0h 0m 23s)

---------------  T H R E A D  ---------------

Current thread (0x0000013e1d679150):  VMThread "VM Thread" [stack: 0x0000000aaa800000,0x0000000aaa900000] [id=14932]

Stack: [0x0000000aaa800000,0x0000000aaa900000]
Native frames: (J=compiled Java code, j=interpreted, Vv=VM code, C=native code)
V  [jvm.dll+0x6bb95a]
V  [jvm.dll+0x8483aa]
V  [jvm.dll+0x849fa5]
V  [jvm.dll+0x84a6a3]
V  [jvm.dll+0x280b0f]
V  [jvm.dll+0x6b86e9]
V  [jvm.dll+0x6ad2da]
V  [jvm.dll+0x35adf5]
V  [jvm.dll+0x363016]
V  [jvm.dll+0x3b3b3e]
V  [jvm.dll+0x3b3dc5]
V  [jvm.dll+0x32b50a]
V  [jvm.dll+0x32e126]
V  [jvm.dll+0x3381ee]
V  [jvm.dll+0x371a5a]
V  [jvm.dll+0x84ffee]
V  [jvm.dll+0x851101]
V  [jvm.dll+0x851609]
V  [jvm.dll+0x851883]
V  [jvm.dll+0x7f4906]
V  [jvm.dll+0x6ba5cb]
C  [ucrtbase.dll+0x21bb2]
C  [KERNEL32.DLL+0x17614]
C  [ntdll.dll+0x526a1]

VM_Operation (0x0000000aaa4ff6c0): G1PauseRemark, mode: safepoint, requested by thread 0x0000013e7efdbbc0


---------------  P R O C E S S  ---------------

Threads class SMR info:
_java_thread_list=0x0000013e26005dd0, length=140, elements={
0x0000013e7ef6b200, 0x0000013e1d67e210, 0x0000013e21820ea0, 0x0000013e21821d20,
0x0000013e218237d0, 0x0000013e21825120, 0x0000013e21825a60, 0x0000013e2182dbf0,
0x0000013e2182e570, 0x0000013e219838d0, 0x0000013e21996260, 0x0000013e22afc9b0,
0x0000013e22ecd9b0, 0x0000013e22cfafe0, 0x0000013e2324d060, 0x0000013e2324d5b0,
0x0000013e2324f590, 0x0000013e2324fae0, 0x0000013e2324e050, 0x0000013e2324f040,
0x0000013e2324c5c0, 0x0000013e2324db00, 0x0000013e2324e5a0, 0x0000013e2324eaf0,
0x0000013e25b98770, 0x0000013e25b9ec60, 0x0000013e25b9aca0, 0x0000013e25b99210,
0x0000013e25b9b1f0, 0x0000013e25b9d1d0, 0x0000013e25b98cc0, 0x0000013e25b98220,
0x0000013e25b9e1c0, 0x0000013e25b9d720, 0x0000013e25b97cd0, 0x0000013e25b9dc70,
0x0000013e25b9e710, 0x0000013e25b9bc90, 0x0000013e25b9c1e0, 0x0000013e25b99760,
0x0000013e25b99cb0, 0x0000013e25b9a200, 0x0000013e25b9c730, 0x0000013e25b9a750,
0x0000013e25b9b740, 0x0000013e25b9cc80, 0x0000013e21a6eb90, 0x0000013e21a71610,
0x0000013e21a6f0e0, 0x0000013e21a70b70, 0x0000013e21a6fb80, 0x0000013e21a710c0,
0x0000013e21a720b0, 0x0000013e21a71b60, 0x0000013e21a70620, 0x0000013e21a6f630,
0x0000013e21a700d0, 0x0000013e253cfb00, 0x0000013e253cd080, 0x0000013e253cdb20,
0x0000013e253d3ac0, 0x0000013e253cc090, 0x0000013e253d2ad0, 0x0000013e253cd5d0,
0x0000013e253ceb10, 0x0000013e253ce5c0, 0x0000013e253d1040, 0x0000013e253cf060,
0x0000013e253d1590, 0x0000013e253cf5b0, 0x0000013e253ce070, 0x0000013e253d05a0,
0x0000013e253d0050, 0x0000013e253d2580, 0x0000013e253cc5e0, 0x0000013e253d0af0,
0x0000013e253d2030, 0x0000013e253d3020, 0x0000013e25fcbb00, 0x0000013e25fca5c0,
0x0000013e25fc95d0, 0x0000013e25fcb060, 0x0000013e25fcb5b0, 0x0000013e25fcdae0,
0x0000013e25fcd590, 0x0000013e25fcead0, 0x0000013e25fccaf0, 0x0000013e25fd0010,
0x0000013e25fcf020, 0x0000013e25fcc050, 0x0000013e25fcfac0, 0x0000013e25fcf570,
0x0000013e25fc9b20, 0x0000013e25fc85e0, 0x0000013e25fc8b30, 0x0000013e25fce580,
0x0000013e25fc9080, 0x0000013e25fcc5a0, 0x0000013e25fcd040, 0x0000013e25fca070,
0x0000013e25fce030, 0x0000013e25fcab10, 0x0000013e25b97780, 0x0000013e250cec30,
0x0000013e250c7ca0, 0x0000013e250c9c80, 0x0000013e250ce190, 0x0000013e250c7200,
0x0000013e250cb1c0, 0x0000013e250c7750, 0x0000013e250ca1d0, 0x0000013e250ccc50,
0x0000013e250ca720, 0x0000013e250ce6e0, 0x0000013e250cac70, 0x0000013e250c91e0,
0x0000013e250c81f0, 0x0000013e250cb710, 0x0000013e250cbc60, 0x0000013e250c8740,
0x0000013e250cd6f0, 0x0000013e250c9730, 0x0000013e250cc1b0, 0x0000013e250c8c90,
0x0000013e250cc700, 0x0000013e250cdc40, 0x0000013e250cd1a0, 0x0000013e2248f780,
0x0000013e22490770, 0x0000013e22491cb0, 0x0000013e22493c90, 0x0000013e22490cc0,
0x0000013e224941e0, 0x0000013e224951d0, 0x0000013e22491760, 0x0000013e22491210,
0x0000013e22492200, 0x0000013e22492750, 0x0000013e22492ca0, 0x0000013e224931f0
}

Java Threads: ( => current thread )
  0x0000013e7ef6b200 JavaThread "main" [_thread_blocked, id=15328, stack(0x0000000aaa200000,0x0000000aaa300000)]
  0x0000013e1d67e210 JavaThread "Reference Handler" daemon [_thread_blocked, id=17840, stack(0x0000000aaa900000,0x0000000aaaa00000)]
  0x0000013e21820ea0 JavaThread "Finalizer" daemon [_thread_blocked, id=18760, stack(0x0000000aaaa00000,0x0000000aaab00000)]
  0x0000013e21821d20 JavaThread "Signal Dispatcher" daemon [_thread_blocked, id=4472, stack(0x0000000aaab00000,0x0000000aaac00000)]
  0x0000013e218237d0 JavaThread "Attach Listener" daemon [_thread_blocked, id=15060, stack(0x0000000aaac00000,0x0000000aaad00000)]
  0x0000013e21825120 JavaThread "Service Thread" daemon [_thread_blocked, id=10540, stack(0x0000000aaad00000,0x0000000aaae00000)]
  0x0000013e21825a60 JavaThread "Monitor Deflation Thread" daemon [_thread_blocked, id=10608, stack(0x0000000aaae00000,0x0000000aaaf00000)]
  0x0000013e2182dbf0 JavaThread "C2 CompilerThread0" daemon [_thread_blocked, id=8716, stack(0x0000000aaaf00000,0x0000000aab000000)]
  0x0000013e2182e570 JavaThread "C1 CompilerThread0" daemon [_thread_blocked, id=25220, stack(0x0000000aab000000,0x0000000aab100000)]
  0x0000013e219838d0 JavaThread "Common-Cleaner" daemon [_thread_blocked, id=19572, stack(0x0000000aab100000,0x0000000aab200000)]
  0x0000013e21996260 JavaThread "Notification Thread" daemon [_thread_blocked, id=20584, stack(0x0000000aab200000,0x0000000aab300000)]
  0x0000013e22afc9b0 JavaThread "Daemon health stats" [_thread_blocked, id=30928, stack(0x0000000aaba00000,0x0000000aabb00000)]
  0x0000013e22ecd9b0 JavaThread "Incoming local TCP Connector on port 55059" [_thread_in_native, id=29556, stack(0x0000000aab400000,0x0000000aab500000)]
  0x0000013e22cfafe0 JavaThread "Daemon periodic checks" [_thread_blocked, id=31252, stack(0x0000000aabc00000,0x0000000aabd00000)]
  0x0000013e2324d060 JavaThread "Daemon" [_thread_blocked, id=4964, stack(0x0000000aabd00000,0x0000000aabe00000)]
  0x0000013e2324d5b0 JavaThread "Handler for socket connection from /127.0.0.1:55059 to /127.0.0.1:55060" [_thread_in_native, id=17148, stack(0x0000000aabe00000,0x0000000aabf00000)]
  0x0000013e2324f590 JavaThread "Cancel handler" [_thread_blocked, id=14464, stack(0x0000000aabf00000,0x0000000aac000000)]
  0x0000013e2324fae0 JavaThread "Daemon worker" [_thread_blocked, id=2924, stack(0x0000000aac000000,0x0000000aac100000)]
  0x0000013e2324e050 JavaThread "Asynchronous log dispatcher for DefaultDaemonConnection: socket connection from /127.0.0.1:55059 to /127.0.0.1:55060" [_thread_blocked, id=27932, stack(0x0000000aac100000,0x0000000aac200000)]
  0x0000013e2324f040 JavaThread "Stdin handler" [_thread_blocked, id=12272, stack(0x0000000aac200000,0x0000000aac300000)]
  0x0000013e2324c5c0 JavaThread "Daemon client event forwarder" [_thread_blocked, id=4592, stack(0x0000000aac300000,0x0000000aac400000)]
  0x0000013e2324db00 JavaThread "Cache worker for journal cache (C:\Users\mdaahmed\.gradle\caches\journal-1)" [_thread_blocked, id=31664, stack(0x0000000aac400000,0x0000000aac500000)]
  0x0000013e2324e5a0 JavaThread "File lock request listener" [_thread_in_native, id=21160, stack(0x0000000aac500000,0x0000000aac600000)]
  0x0000013e2324eaf0 JavaThread "Cache worker for file hash cache (C:\Users\mdaahmed\.gradle\caches\7.5.1\fileHashes)" [_thread_blocked, id=22464, stack(0x0000000aac600000,0x0000000aac700000)]
  0x0000013e25b98770 JavaThread "File watcher server" daemon [_thread_in_native, id=14532, stack(0x0000000aac700000,0x0000000aac800000)]
  0x0000013e25b9ec60 JavaThread "File watcher consumer" daemon [_thread_blocked, id=7588, stack(0x0000000aac800000,0x0000000aac900000)]
  0x0000013e25b9aca0 JavaThread "Cache worker for checksums cache (C:\Users\mdaahmed\Desktop\Capstone\PokemonApps\android\.gradle\7.5.1\checksums)" [_thread_blocked, id=21256, stack(0x0000000aac900000,0x0000000aaca00000)]
  0x0000013e25b99210 JavaThread "Cache worker for cache directory md-rule (C:\Users\mdaahmed\.gradle\caches\7.5.1\md-rule)" [_thread_blocked, id=4260, stack(0x0000000aacd00000,0x0000000aace00000)]
  0x0000013e25b9b1f0 JavaThread "Cache worker for file content cache (C:\Users\mdaahmed\.gradle\caches\7.5.1\fileContent)" [_thread_blocked, id=24820, stack(0x0000000aace00000,0x0000000aacf00000)]
  0x0000013e25b9d1d0 JavaThread "Cache worker for file hash cache (C:\Users\mdaahmed\Desktop\Capstone\PokemonApps\android\.gradle\7.5.1\fileHashes)" [_thread_blocked, id=22544, stack(0x0000000aacf00000,0x0000000aad000000)]
  0x0000013e25b98cc0 JavaThread "Cache worker for cache directory md-supplier (C:\Users\mdaahmed\.gradle\caches\7.5.1\md-supplier)" [_thread_blocked, id=13780, stack(0x0000000aad000000,0x0000000aad100000)]
  0x0000013e25b98220 JavaThread "Cache worker for execution history cache (C:\Users\mdaahmed\.gradle\caches\7.5.1\executionHistory)" [_thread_blocked, id=26972, stack(0x0000000aad100000,0x0000000aad200000)]
  0x0000013e25b9e1c0 JavaThread "jar transforms" [_thread_blocked, id=26452, stack(0x0000000aad200000,0x0000000aad300000)]
  0x0000013e25b9d720 JavaThread "jar transforms Thread 2" [_thread_blocked, id=27196, stack(0x0000000aad300000,0x0000000aad400000)]
  0x0000013e25b97cd0 JavaThread "jar transforms Thread 3" [_thread_blocked, id=29124, stack(0x0000000aad400000,0x0000000aad500000)]
  0x0000013e25b9dc70 JavaThread "jar transforms Thread 4" [_thread_blocked, id=6720, stack(0x0000000aad500000,0x0000000aad600000)]
  0x0000013e25b9e710 JavaThread "Cache worker for kotlin-dsl (C:\Users\mdaahmed\.gradle\caches\7.5.1\kotlin-dsl)" [_thread_blocked, id=18184, stack(0x0000000aad600000,0x0000000aad700000)]
  0x0000013e25b9bc90 JavaThread "jar transforms Thread 5" [_thread_blocked, id=9628, stack(0x0000000aad700000,0x0000000aad800000)]
  0x0000013e25b9c1e0 JavaThread "jar transforms Thread 6" [_thread_blocked, id=24008, stack(0x0000000aad800000,0x0000000aad900000)]
  0x0000013e25b99760 JavaThread "Cache worker for dependencies-accessors (C:\Users\mdaahmed\Desktop\Capstone\PokemonApps\android\.gradle\7.5.1\dependencies-accessors)" [_thread_blocked, id=448, stack(0x0000000aad900000,0x0000000aada00000)]
  0x0000013e25b99cb0 JavaThread "Cache worker for Build Output Cleanup Cache (C:\Users\mdaahmed\Desktop\Capstone\PokemonApps\node_modules\react-native-gradle-plugin\.gradle\buildOutputCleanup)" [_thread_blocked, id=24216, stack(0x0000000aada00000,0x0000000aadb00000)]
  0x0000013e25b9a200 JavaThread "jar transforms Thread 7" [_thread_blocked, id=11584, stack(0x0000000aadb00000,0x0000000aadc00000)]
  0x0000013e25b9c730 JavaThread "Unconstrained build operations" [_thread_blocked, id=21712, stack(0x0000000aabb00000,0x0000000aabc00000)]
  0x0000013e25b9a750 JavaThread "Unconstrained build operations Thread 2" [_thread_blocked, id=21556, stack(0x0000000aadc00000,0x0000000aadd00000)]
  0x0000013e25b9b740 JavaThread "Unconstrained build operations Thread 3" [_thread_blocked, id=25104, stack(0x0000000aadd00000,0x0000000aade00000)]
  0x0000013e25b9cc80 JavaThread "Unconstrained build operations Thread 4" [_thread_blocked, id=15900, stack(0x0000000aade00000,0x0000000aadf00000)]
  0x0000013e21a6eb90 JavaThread "Unconstrained build operations Thread 5" [_thread_blocked, id=26284, stack(0x0000000aadf00000,0x0000000aae000000)]
  0x0000013e21a71610 JavaThread "Unconstrained build operations Thread 6" [_thread_blocked, id=13860, stack(0x0000000aae000000,0x0000000aae100000)]
  0x0000013e21a6f0e0 JavaThread "Unconstrained build operations Thread 7" [_thread_blocked, id=18224, stack(0x0000000aae100000,0x0000000aae200000)]
  0x0000013e21a70b70 JavaThread "Unconstrained build operations Thread 8" [_thread_blocked, id=9380, stack(0x0000000aae200000,0x0000000aae300000)]
  0x0000013e21a6fb80 JavaThread "Unconstrained build operations Thread 9" [_thread_blocked, id=9548, stack(0x0000000aae300000,0x0000000aae400000)]
  0x0000013e21a710c0 JavaThread "Unconstrained build operations Thread 10" [_thread_blocked, id=13500, stack(0x0000000aae400000,0x0000000aae500000)]
  0x0000013e21a720b0 JavaThread "Unconstrained build operations Thread 11" [_thread_blocked, id=10948, stack(0x0000000aae500000,0x0000000aae600000)]
  0x0000013e21a71b60 JavaThread "Unconstrained build operations Thread 12" [_thread_blocked, id=28712, stack(0x0000000aae600000,0x0000000aae700000)]
  0x0000013e21a70620 JavaThread "Unconstrained build operations Thread 13" [_thread_blocked, id=15724, stack(0x0000000aae700000,0x0000000aae800000)]
  0x0000013e21a6f630 JavaThread "Unconstrained build operations Thread 14" [_thread_blocked, id=22908, stack(0x0000000aae800000,0x0000000aae900000)]
  0x0000013e21a700d0 JavaThread "Unconstrained build operations Thread 15" [_thread_blocked, id=20448, stack(0x0000000aae900000,0x0000000aaea00000)]
  0x0000013e253cfb00 JavaThread "Unconstrained build operations Thread 16" [_thread_blocked, id=22748, stack(0x0000000aaea00000,0x0000000aaeb00000)]
  0x0000013e253cd080 JavaThread "Unconstrained build operations Thread 17" [_thread_blocked, id=23784, stack(0x0000000aaeb00000,0x0000000aaec00000)]
  0x0000013e253cdb20 JavaThread "Unconstrained build operations Thread 18" [_thread_blocked, id=31688, stack(0x0000000aaec00000,0x0000000aaed00000)]
  0x0000013e253d3ac0 JavaThread "Unconstrained build operations Thread 19" [_thread_blocked, id=22092, stack(0x0000000aaed00000,0x0000000aaee00000)]
  0x0000013e253cc090 JavaThread "Unconstrained build operations Thread 20" [_thread_blocked, id=10060, stack(0x0000000aaee00000,0x0000000aaef00000)]
  0x0000013e253d2ad0 JavaThread "Unconstrained build operations Thread 21" [_thread_blocked, id=21620, stack(0x0000000aaef00000,0x0000000aaf000000)]
  0x0000013e253cd5d0 JavaThread "Unconstrained build operations Thread 22" [_thread_blocked, id=18956, stack(0x0000000aaf000000,0x0000000aaf100000)]
  0x0000013e253ceb10 JavaThread "Unconstrained build operations Thread 23" [_thread_blocked, id=28284, stack(0x0000000aaf100000,0x0000000aaf200000)]
  0x0000013e253ce5c0 JavaThread "Unconstrained build operations Thread 24" [_thread_blocked, id=25088, stack(0x0000000aaf200000,0x0000000aaf300000)]
  0x0000013e253d1040 JavaThread "Unconstrained build operations Thread 25" [_thread_blocked, id=9508, stack(0x0000000aaf300000,0x0000000aaf400000)]
  0x0000013e253cf060 JavaThread "Unconstrained build operations Thread 26" [_thread_blocked, id=15988, stack(0x0000000aaf400000,0x0000000aaf500000)]
  0x0000013e253d1590 JavaThread "Unconstrained build operations Thread 27" [_thread_blocked, id=16096, stack(0x0000000aaf500000,0x0000000aaf600000)]
  0x0000013e253cf5b0 JavaThread "Unconstrained build operations Thread 28" [_thread_blocked, id=14008, stack(0x0000000aaf600000,0x0000000aaf700000)]
  0x0000013e253ce070 JavaThread "Unconstrained build operations Thread 29" [_thread_blocked, id=29648, stack(0x0000000aaf700000,0x0000000aaf800000)]
  0x0000013e253d05a0 JavaThread "Unconstrained build operations Thread 30" [_thread_blocked, id=16240, stack(0x0000000aaf800000,0x0000000aaf900000)]
  0x0000013e253d0050 JavaThread "Unconstrained build operations Thread 31" [_thread_blocked, id=14024, stack(0x0000000aaf900000,0x0000000aafa00000)]
  0x0000013e253d2580 JavaThread "Unconstrained build operations Thread 32" [_thread_blocked, id=16704, stack(0x0000000aafa00000,0x0000000aafb00000)]
  0x0000013e253cc5e0 JavaThread "Unconstrained build operations Thread 33" [_thread_blocked, id=31700, stack(0x0000000aafb00000,0x0000000aafc00000)]
  0x0000013e253d0af0 JavaThread "jar transforms Thread 8" [_thread_blocked, id=29580, stack(0x0000000aafc00000,0x0000000aafd00000)]
  0x0000013e253d2030 JavaThread "build event listener" [_thread_blocked, id=2184, stack(0x0000000aafe00000,0x0000000aaff00000)]
  0x0000013e253d3020 JavaThread "Memory manager" [_thread_blocked, id=24724, stack(0x0000000aaff00000,0x0000000ab0000000)]
  0x0000013e25fcbb00 JavaThread "Cache worker for Build Output Cleanup Cache (C:\Users\mdaahmed\Desktop\Capstone\PokemonApps\android\.gradle\buildOutputCleanup)" [_thread_blocked, id=14572, stack(0x0000000ab0000000,0x0000000ab0100000)]
  0x0000013e25fca5c0 JavaThread "included builds" [_thread_blocked, id=5212, stack(0x0000000ab0100000,0x0000000ab0200000)]
  0x0000013e25fc95d0 JavaThread "Execution worker" [_thread_blocked, id=2112, stack(0x0000000ab0200000,0x0000000ab0300000)]
  0x0000013e25fcb060 JavaThread "Execution worker Thread 2" [_thread_blocked, id=19908, stack(0x0000000ab0300000,0x0000000ab0400000)]
  0x0000013e25fcb5b0 JavaThread "Execution worker Thread 3" [_thread_blocked, id=23192, stack(0x0000000ab0400000,0x0000000ab0500000)]
  0x0000013e25fcdae0 JavaThread "Execution worker Thread 4" [_thread_blocked, id=27048, stack(0x0000000ab0500000,0x0000000ab0600000)]
  0x0000013e25fcd590 JavaThread "Execution worker Thread 5" [_thread_blocked, id=31472, stack(0x0000000ab0600000,0x0000000ab0700000)]
  0x0000013e25fcead0 JavaThread "Execution worker Thread 6" [_thread_blocked, id=14432, stack(0x0000000ab0700000,0x0000000ab0800000)]
  0x0000013e25fccaf0 JavaThread "Execution worker Thread 7" [_thread_blocked, id=30968, stack(0x0000000ab0800000,0x0000000ab0900000)]
  0x0000013e25fd0010 JavaThread "Cache worker for execution history cache (C:\Users\mdaahmed\Desktop\Capstone\PokemonApps\node_modules\react-native-gradle-plugin\.gradle\7.5.1\executionHistory)" [_thread_blocked, id=10404, stack(0x0000000ab0900000,0x0000000ab0a00000)]
  0x0000013e25fcf020 JavaThread "Unconstrained build operations Thread 34" [_thread_blocked, id=31364, stack(0x0000000ab0a00000,0x0000000ab0b00000)]
  0x0000013e25fcc050 JavaThread "Unconstrained build operations Thread 35" [_thread_blocked, id=11044, stack(0x0000000ab0b00000,0x0000000ab0c00000)]
  0x0000013e25fcfac0 JavaThread "Unconstrained build operations Thread 36" [_thread_blocked, id=22356, stack(0x0000000ab0c00000,0x0000000ab0d00000)]
  0x0000013e25fcf570 JavaThread "Unconstrained build operations Thread 37" [_thread_blocked, id=3832, stack(0x0000000ab0d00000,0x0000000ab0e00000)]
  0x0000013e25fc9b20 JavaThread "Unconstrained build operations Thread 38" [_thread_blocked, id=21764, stack(0x0000000ab0e00000,0x0000000ab0f00000)]
  0x0000013e25fc85e0 JavaThread "Unconstrained build operations Thread 39" [_thread_blocked, id=25976, stack(0x0000000ab0f00000,0x0000000ab1000000)]
  0x0000013e25fc8b30 JavaThread "Unconstrained build operations Thread 40" [_thread_blocked, id=29220, stack(0x0000000ab1000000,0x0000000ab1100000)]
  0x0000013e25fce580 JavaThread "Unconstrained build operations Thread 41" [_thread_blocked, id=18820, stack(0x0000000ab1100000,0x0000000ab1200000)]
  0x0000013e25fc9080 JavaThread "Unconstrained build operations Thread 42" [_thread_blocked, id=13488, stack(0x0000000ab1200000,0x0000000ab1300000)]
  0x0000013e25fcc5a0 JavaThread "Unconstrained build operations Thread 43" [_thread_blocked, id=31536, stack(0x0000000ab1300000,0x0000000ab1400000)]
  0x0000013e25fcd040 JavaThread "Unconstrained build operations Thread 44" [_thread_blocked, id=30148, stack(0x0000000ab1400000,0x0000000ab1500000)]
  0x0000013e25fca070 JavaThread "Unconstrained build operations Thread 45" [_thread_blocked, id=29376, stack(0x0000000ab1500000,0x0000000ab1600000)]
  0x0000013e25fce030 JavaThread "Unconstrained build operations Thread 46" [_thread_blocked, id=23460, stack(0x0000000ab1600000,0x0000000ab1700000)]
  0x0000013e25fcab10 JavaThread "Unconstrained build operations Thread 47" [_thread_blocked, id=10944, stack(0x0000000ab1700000,0x0000000ab1800000)]
  0x0000013e25b97780 JavaThread "Unconstrained build operations Thread 48" [_thread_blocked, id=10272, stack(0x0000000ab1800000,0x0000000ab1900000)]
  0x0000013e250cec30 JavaThread "Unconstrained build operations Thread 49" [_thread_blocked, id=10828, stack(0x0000000ab1900000,0x0000000ab1a00000)]
  0x0000013e250c7ca0 JavaThread "Unconstrained build operations Thread 50" [_thread_blocked, id=10772, stack(0x0000000ab1a00000,0x0000000ab1b00000)]
  0x0000013e250c9c80 JavaThread "Unconstrained build operations Thread 51" [_thread_blocked, id=31440, stack(0x0000000ab1b00000,0x0000000ab1c00000)]
  0x0000013e250ce190 JavaThread "Unconstrained build operations Thread 52" [_thread_blocked, id=10184, stack(0x0000000ab1c00000,0x0000000ab1d00000)]
  0x0000013e250c7200 JavaThread "Unconstrained build operations Thread 53" [_thread_blocked, id=10768, stack(0x0000000ab1d00000,0x0000000ab1e00000)]
  0x0000013e250cb1c0 JavaThread "Unconstrained build operations Thread 54" [_thread_blocked, id=9596, stack(0x0000000ab1e00000,0x0000000ab1f00000)]
  0x0000013e250c7750 JavaThread "Unconstrained build operations Thread 55" [_thread_blocked, id=21640, stack(0x0000000ab1f00000,0x0000000ab2000000)]
  0x0000013e250ca1d0 JavaThread "RMI Scheduler(0)" daemon [_thread_blocked, id=31160, stack(0x0000000aafd00000,0x0000000aafe00000)]
  0x0000013e250ccc50 JavaThread "RMI GC Daemon" daemon [_thread_blocked, id=31564, stack(0x0000000ab2100000,0x0000000ab2200000)]
  0x0000013e250ca720 JavaThread "RMI TCP Accept-0" daemon [_thread_in_native, id=17048, stack(0x0000000ab2200000,0x0000000ab2300000)]
  0x0000013e250ce6e0 JavaThread "RMI Reaper" [_thread_blocked, id=20632, stack(0x0000000ab2300000,0x0000000ab2400000)]
  0x0000013e250cac70 JavaThread "RMI TCP Connection(1)-127.0.0.1" daemon [_thread_in_native, id=12100, stack(0x0000000ab2400000,0x0000000ab2500000)]
  0x0000013e250c91e0 JavaThread "Unconstrained build operations Thread 56" [_thread_blocked, id=1720, stack(0x0000000ab2000000,0x0000000ab2100000)]
  0x0000013e250c81f0 JavaThread "Unconstrained build operations Thread 57" [_thread_blocked, id=27804, stack(0x0000000ab2500000,0x0000000ab2600000)]
  0x0000013e250cb710 JavaThread "Unconstrained build operations Thread 58" [_thread_blocked, id=21756, stack(0x0000000ab2600000,0x0000000ab2700000)]
  0x0000013e250cbc60 JavaThread "Unconstrained build operations Thread 59" [_thread_blocked, id=9940, stack(0x0000000ab2700000,0x0000000ab2800000)]
  0x0000013e250c8740 JavaThread "Unconstrained build operations Thread 60" [_thread_blocked, id=5084, stack(0x0000000ab2800000,0x0000000ab2900000)]
  0x0000013e250cd6f0 JavaThread "Unconstrained build operations Thread 61" [_thread_blocked, id=18948, stack(0x0000000ab2900000,0x0000000ab2a00000)]
  0x0000013e250c9730 JavaThread "Unconstrained build operations Thread 62" [_thread_blocked, id=7060, stack(0x0000000ab2a00000,0x0000000ab2b00000)]
  0x0000013e250cc1b0 JavaThread "Unconstrained build operations Thread 63" [_thread_blocked, id=6524, stack(0x0000000ab2b00000,0x0000000ab2c00000)]
  0x0000013e250c8c90 JavaThread "Unconstrained build operations Thread 64" [_thread_blocked, id=11580, stack(0x0000000ab2c00000,0x0000000ab2d00000)]
  0x0000013e250cc700 JavaThread "Unconstrained build operations Thread 65" [_thread_blocked, id=28844, stack(0x0000000ab2d00000,0x0000000ab2e00000)]
  0x0000013e250cdc40 JavaThread "Unconstrained build operations Thread 66" [_thread_blocked, id=13096, stack(0x0000000ab2e00000,0x0000000ab2f00000)]
  0x0000013e250cd1a0 JavaThread "Unconstrained build operations Thread 67" [_thread_blocked, id=18488, stack(0x0000000ab2f00000,0x0000000ab3000000)]
  0x0000013e2248f780 JavaThread "Unconstrained build operations Thread 68" [_thread_blocked, id=24988, stack(0x0000000ab3000000,0x0000000ab3100000)]
  0x0000013e22490770 JavaThread "Unconstrained build operations Thread 69" [_thread_blocked, id=27240, stack(0x0000000ab3100000,0x0000000ab3200000)]
  0x0000013e22491cb0 JavaThread "Unconstrained build operations Thread 70" [_thread_blocked, id=23656, stack(0x0000000ab3200000,0x0000000ab3300000)]
  0x0000013e22493c90 JavaThread "Unconstrained build operations Thread 71" [_thread_blocked, id=31580, stack(0x0000000ab3300000,0x0000000ab3400000)]
  0x0000013e22490cc0 JavaThread "Unconstrained build operations Thread 72" [_thread_blocked, id=17068, stack(0x0000000ab3400000,0x0000000ab3500000)]
  0x0000013e224941e0 JavaThread "Unconstrained build operations Thread 73" [_thread_blocked, id=22960, stack(0x0000000ab3500000,0x0000000ab3600000)]
  0x0000013e224951d0 JavaThread "Unconstrained build operations Thread 74" [_thread_blocked, id=16412, stack(0x0000000ab3600000,0x0000000ab3700000)]
  0x0000013e22491760 JavaThread "Unconstrained build operations Thread 75" [_thread_blocked, id=2820, stack(0x0000000ab3700000,0x0000000ab3800000)]
  0x0000013e22491210 JavaThread "Unconstrained build operations Thread 76" [_thread_blocked, id=4244, stack(0x0000000ab3800000,0x0000000ab3900000)]
  0x0000013e22492200 JavaThread "Unconstrained build operations Thread 77" [_thread_blocked, id=11004, stack(0x0000000ab3900000,0x0000000ab3a00000)]
  0x0000013e22492750 JavaThread "Unconstrained build operations Thread 78" [_thread_blocked, id=17936, stack(0x0000000ab3a00000,0x0000000ab3b00000)]
  0x0000013e22492ca0 JavaThread "Unconstrained build operations Thread 79" [_thread_blocked, id=16148, stack(0x0000000ab3b00000,0x0000000ab3c00000)]
  0x0000013e224931f0 JavaThread "Unconstrained build operations Thread 80" [_thread_blocked, id=21888, stack(0x0000000ab3c00000,0x0000000ab3d00000)]

Other Threads:
=>0x0000013e1d679150 VMThread "VM Thread" [stack: 0x0000000aaa800000,0x0000000aaa900000] [id=14932]
  0x0000013e219825f0 WatcherThread "VM Periodic Task Thread" [stack: 0x0000000aab300000,0x0000000aab400000] [id=29712]
  0x0000013e7efc8be0 WorkerThread "GC Thread#0" [stack: 0x0000000aaa300000,0x0000000aaa400000] [id=29732]
  0x0000013e22415120 WorkerThread "GC Thread#1" [stack: 0x0000000aab500000,0x0000000aab600000] [id=31304]
  0x0000013e224347f0 WorkerThread "GC Thread#2" [stack: 0x0000000aab600000,0x0000000aab700000] [id=27328]
  0x0000013e22453b70 WorkerThread "GC Thread#3" [stack: 0x0000000aab700000,0x0000000aab800000] [id=17052]
  0x0000013e224543e0 WorkerThread "GC Thread#4" [stack: 0x0000000aab800000,0x0000000aab900000] [id=4020]
  0x0000013e224546b0 WorkerThread "GC Thread#5" [stack: 0x0000000aab900000,0x0000000aaba00000] [id=28188]
  0x0000013e2405f600 WorkerThread "GC Thread#6" [stack: 0x0000000aaca00000,0x0000000aacb00000] [id=30420]
  0x0000013e2405e520 WorkerThread "GC Thread#7" [stack: 0x0000000aacb00000,0x0000000aacc00000] [id=6472]
  0x0000013e7efdbbc0 ConcurrentGCThread "G1 Main Marker" [stack: 0x0000000aaa400000,0x0000000aaa500000] [id=26252]
  0x0000013e7efdcca0 WorkerThread "G1 Conc#0" [stack: 0x0000000aaa500000,0x0000000aaa600000] [id=11912]
  0x0000013e2405d170 WorkerThread "G1 Conc#1" [stack: 0x0000000aacc00000,0x0000000aacd00000] [id=21604]
  0x0000013e7f02e850 ConcurrentGCThread "G1 Refine#0" [stack: 0x0000000aaa600000,0x0000000aaa700000] [id=24212]
  0x0000013e1d539470 ConcurrentGCThread "G1 Service" [stack: 0x0000000aaa700000,0x0000000aaa800000] [id=26196]

Threads with active compile tasks:
C2 CompilerThread0    23661 9645       4       java.lang.String::<init> (99 bytes)

VM state: at safepoint (normal execution)

VM Mutex/Monitor currently owned by a thread:  ([mutex/lock_event])
[0x0000013e7ef659c0] Threads_lock - owner thread: 0x0000013e1d679150
[0x0000013e7ef65a50] Heap_lock - owner thread: 0x0000013e7efdbbc0

Heap address: 0x0000000080000000, size: 2048 MB, Compressed Oops mode: 32-bit

CDS archive(s) mapped at: [0x0000000800000000-0x0000000800c60000-0x0000000800c60000), size 12976128, SharedBaseAddress: 0x0000000800000000, ArchiveRelocationMode: 0.
Compressed class space mapped at: 0x0000000801000000-0x000000081ac00000, reserved size: 432013312
Narrow klass base: 0x0000000800000000, Narrow klass shift: 0, Narrow klass range: 0x100000000

GC Precious Log:
 CardTable entry size: 512
 Card Set container configuration: InlinePtr #cards 5 size 8 Array Of Cards #cards 12 size 40 Howl #buckets 4 coarsen threshold 1843 Howl Bitmap #cards 512 size 80 coarsen threshold 460 Card regions per heap region 1 cards per card region 2048
 CPUs: 8 total, 8 available
 Memory: 16064M
 Large Page Support: Disabled
 NUMA Support: Disabled
 Compressed Oops: Enabled (32-bit)
 Heap Region Size: 1M
 Heap Min Capacity: 8M
 Heap Initial Capacity: 252M
 Heap Max Capacity: 2G
 Pre-touch: Disabled
 Parallel Workers: 8
 Concurrent Workers: 2
 Concurrent Refinement Workers: 8
 Periodic GC: Disabled

Heap:
 garbage-first heap   total 126976K, used 84345K [0x0000000080000000, 0x0000000100000000)
  region size 1024K, 7 young (7168K), 2 survivors (2048K)
 Metaspace       used 76822K, committed 78784K, reserved 552960K
  class space    used 10527K, committed 11456K, reserved 421888K

Heap Regions: E=young(eden), S=young(survivor), O=old, HS=humongous(starts), HC=humongous(continues), CS=collection set, F=free, OA=open archive, CA=closed archive, TAMS=top-at-mark-start, PB=parsable bottom
|   0|0x0000000080000000, 0x0000000080100000, 0x0000000080100000|100%| O|  |TAMS 0x0000000080100000| PB 0x0000000080100000| Untracked 
|   1|0x0000000080100000, 0x0000000080200000, 0x0000000080200000|100%| O|  |TAMS 0x0000000080200000| PB 0x0000000080200000| Untracked 
|   2|0x0000000080200000, 0x0000000080300000, 0x0000000080300000|100%| O|  |TAMS 0x0000000080300000| PB 0x0000000080300000| Updating 
|   3|0x0000000080300000, 0x0000000080400000, 0x0000000080400000|100%|HS|  |TAMS 0x0000000080400000| PB 0x0000000080300000| Complete 
|   4|0x0000000080400000, 0x0000000080500000, 0x0000000080500000|100%|HC|  |TAMS 0x0000000080500000| PB 0x0000000080400000| Complete 
|   5|0x0000000080500000, 0x0000000080600000, 0x0000000080600000|100%|HC|  |TAMS 0x0000000080600000| PB 0x0000000080500000| Complete 
|   6|0x0000000080600000, 0x0000000080700000, 0x0000000080700000|100%| O|  |TAMS 0x0000000080700000| PB 0x0000000080700000| Untracked 
|   7|0x0000000080700000, 0x0000000080800000, 0x0000000080800000|100%| O|  |TAMS 0x0000000080800000| PB 0x0000000080800000| Untracked 
|   8|0x0000000080800000, 0x0000000080900000, 0x0000000080900000|100%| O|  |TAMS 0x0000000080900000| PB 0x0000000080900000| Untracked 
|   9|0x0000000080900000, 0x0000000080a00000, 0x0000000080a00000|100%| O|  |TAMS 0x0000000080a00000| PB 0x0000000080a00000| Updating 
|  10|0x0000000080a00000, 0x0000000080b00000, 0x0000000080b00000|100%| O|  |TAMS 0x0000000080b00000| PB 0x0000000080b00000| Updating 
|  11|0x0000000080b00000, 0x0000000080c00000, 0x0000000080c00000|100%| O|  |TAMS 0x0000000080c00000| PB 0x0000000080c00000| Untracked 
|  12|0x0000000080c00000, 0x0000000080d00000, 0x0000000080d00000|100%| O|  |TAMS 0x0000000080d00000| PB 0x0000000080d00000| Untracked 
|  13|0x0000000080d00000, 0x0000000080e00000, 0x0000000080e00000|100%| O|  |TAMS 0x0000000080e00000| PB 0x0000000080e00000| Untracked 
|  14|0x0000000080e00000, 0x0000000080f00000, 0x0000000080f00000|100%| O|  |TAMS 0x0000000080f00000| PB 0x0000000080f00000| Untracked 
|  15|0x0000000080f00000, 0x0000000081000000, 0x0000000081000000|100%| O|  |TAMS 0x0000000081000000| PB 0x0000000081000000| Untracked 
|  16|0x0000000081000000, 0x0000000081100000, 0x0000000081100000|100%| O|  |TAMS 0x0000000081100000| PB 0x0000000081100000| Untracked 
|  17|0x0000000081100000, 0x0000000081200000, 0x0000000081200000|100%| O|  |TAMS 0x0000000081200000| PB 0x0000000081200000| Untracked 
|  18|0x0000000081200000, 0x0000000081300000, 0x0000000081300000|100%| O|  |TAMS 0x0000000081300000| PB 0x0000000081300000| Untracked 
|  19|0x0000000081300000, 0x0000000081400000, 0x0000000081400000|100%| O|  |TAMS 0x0000000081400000| PB 0x0000000081400000| Untracked 
|  20|0x0000000081400000, 0x0000000081500000, 0x0000000081500000|100%| O|  |TAMS 0x0000000081500000| PB 0x0000000081500000| Updating 
|  21|0x0000000081500000, 0x0000000081600000, 0x0000000081600000|100%| O|  |TAMS 0x0000000081600000| PB 0x0000000081600000| Untracked 
|  22|0x0000000081600000, 0x0000000081700000, 0x0000000081700000|100%|HS|  |TAMS 0x0000000081700000| PB 0x0000000081600000| Complete 
|  23|0x0000000081700000, 0x0000000081800000, 0x0000000081800000|100%| O|  |TAMS 0x0000000081800000| PB 0x0000000081800000| Untracked 
|  24|0x0000000081800000, 0x0000000081900000, 0x0000000081900000|100%| O|  |TAMS 0x0000000081900000| PB 0x0000000081900000| Updating 
|  25|0x0000000081900000, 0x0000000081a00000, 0x0000000081a00000|100%| O|  |TAMS 0x0000000081a00000| PB 0x0000000081a00000| Untracked 
|  26|0x0000000081a00000, 0x0000000081b00000, 0x0000000081b00000|100%| O|  |TAMS 0x0000000081b00000| PB 0x0000000081b00000| Untracked 
|  27|0x0000000081b00000, 0x0000000081c00000, 0x0000000081c00000|100%| O|  |TAMS 0x0000000081c00000| PB 0x0000000081c00000| Untracked 
|  28|0x0000000081c00000, 0x0000000081d00000, 0x0000000081d00000|100%| O|  |TAMS 0x0000000081d00000| PB 0x0000000081d00000| Untracked 
|  29|0x0000000081d00000, 0x0000000081e00000, 0x0000000081e00000|100%| O|  |TAMS 0x0000000081e00000| PB 0x0000000081e00000| Untracked 
|  30|0x0000000081e00000, 0x0000000081f00000, 0x0000000081f00000|100%| O|  |TAMS 0x0000000081f00000| PB 0x0000000081f00000| Updating 
|  31|0x0000000081f00000, 0x0000000082000000, 0x0000000082000000|100%| O|  |TAMS 0x0000000082000000| PB 0x0000000082000000| Untracked 
|  32|0x0000000082000000, 0x0000000082100000, 0x0000000082100000|100%| O|  |TAMS 0x0000000082100000| PB 0x0000000082100000| Updating 
|  33|0x0000000082100000, 0x0000000082200000, 0x0000000082200000|100%|HS|  |TAMS 0x0000000082200000| PB 0x0000000082100000| Complete 
|  34|0x0000000082200000, 0x0000000082300000, 0x0000000082300000|100%|HC|  |TAMS 0x0000000082300000| PB 0x0000000082200000| Complete 
|  35|0x0000000082300000, 0x0000000082400000, 0x0000000082400000|100%|HC|  |TAMS 0x0000000082400000| PB 0x0000000082300000| Complete 
|  36|0x0000000082400000, 0x0000000082500000, 0x0000000082500000|100%| O|  |TAMS 0x0000000082500000| PB 0x0000000082500000| Untracked 
|  37|0x0000000082500000, 0x0000000082600000, 0x0000000082600000|100%| O|  |TAMS 0x0000000082600000| PB 0x0000000082600000| Untracked 
|  38|0x0000000082600000, 0x0000000082700000, 0x0000000082700000|100%| O|  |TAMS 0x0000000082700000| PB 0x0000000082700000| Updating 
|  39|0x0000000082700000, 0x0000000082800000, 0x0000000082800000|100%| O|  |TAMS 0x0000000082700000| PB 0x0000000082700000| Untracked 
|  40|0x0000000082800000, 0x0000000082900000, 0x0000000082900000|100%| O|  |TAMS 0x0000000082800000| PB 0x0000000082800000| Untracked 
|  41|0x0000000082900000, 0x0000000082a00000, 0x0000000082a00000|100%| O|  |TAMS 0x0000000082a00000| PB 0x0000000082a00000| Untracked 
|  42|0x0000000082a00000, 0x0000000082b00000, 0x0000000082b00000|100%| O|  |TAMS 0x0000000082b00000| PB 0x0000000082b00000| Untracked 
|  43|0x0000000082b00000, 0x0000000082c00000, 0x0000000082c00000|100%| O|  |TAMS 0x0000000082c00000| PB 0x0000000082c00000| Untracked 
|  44|0x0000000082c00000, 0x0000000082d00000, 0x0000000082d00000|100%| O|  |TAMS 0x0000000082d00000| PB 0x0000000082d00000| Untracked 
|  45|0x0000000082d00000, 0x0000000082e00000, 0x0000000082e00000|100%| O|  |TAMS 0x0000000082e00000| PB 0x0000000082e00000| Updating 
|  46|0x0000000082e00000, 0x0000000082f00000, 0x0000000082f00000|100%| O|  |TAMS 0x0000000082f00000| PB 0x0000000082f00000| Untracked 
|  47|0x0000000082f00000, 0x0000000083000000, 0x0000000083000000|100%| O|  |TAMS 0x0000000083000000| PB 0x0000000083000000| Updating 
|  48|0x0000000083000000, 0x0000000083100000, 0x0000000083100000|100%| O|  |TAMS 0x0000000083100000| PB 0x0000000083100000| Updating 
|  49|0x0000000083100000, 0x0000000083200000, 0x0000000083200000|100%| O|  |TAMS 0x0000000083200000| PB 0x0000000083200000| Updating 
|  50|0x0000000083200000, 0x0000000083300000, 0x0000000083300000|100%| O|  |TAMS 0x0000000083300000| PB 0x0000000083300000| Updating 
|  51|0x0000000083300000, 0x0000000083400000, 0x0000000083400000|100%| O|  |TAMS 0x0000000083400000| PB 0x0000000083400000| Untracked 
|  52|0x0000000083400000, 0x0000000083500000, 0x0000000083500000|100%| O|  |TAMS 0x0000000083500000| PB 0x0000000083500000| Untracked 
|  53|0x0000000083500000, 0x0000000083600000, 0x0000000083600000|100%| O|  |TAMS 0x0000000083600000| PB 0x0000000083600000| Untracked 
|  54|0x0000000083600000, 0x0000000083700000, 0x0000000083700000|100%| O|  |TAMS 0x0000000083700000| PB 0x0000000083700000| Updating 
|  55|0x0000000083700000, 0x0000000083800000, 0x0000000083800000|100%|HS|  |TAMS 0x0000000083800000| PB 0x0000000083700000| Complete 
|  56|0x0000000083800000, 0x0000000083900000, 0x0000000083900000|100%|HS|  |TAMS 0x0000000083900000| PB 0x0000000083800000| Complete 
|  57|0x0000000083900000, 0x0000000083a00000, 0x0000000083a00000|100%| O|  |TAMS 0x0000000083900000| PB 0x0000000083900000| Untracked 
|  58|0x0000000083a00000, 0x0000000083b00000, 0x0000000083b00000|100%|HS|  |TAMS 0x0000000083b00000| PB 0x0000000083a00000| Complete 
|  59|0x0000000083b00000, 0x0000000083c00000, 0x0000000083c00000|100%|HS|  |TAMS 0x0000000083c00000| PB 0x0000000083b00000| Complete 
|  60|0x0000000083c00000, 0x0000000083c00000, 0x0000000083d00000|  0%| F|  |TAMS 0x0000000083c00000| PB 0x0000000083c00000| Untracked 
|  61|0x0000000083d00000, 0x0000000083d00000, 0x0000000083e00000|  0%| F|  |TAMS 0x0000000083d00000| PB 0x0000000083d00000| Untracked 
|  62|0x0000000083e00000, 0x0000000083f00000, 0x0000000083f00000|100%| O|  |TAMS 0x0000000083e00000| PB 0x0000000083e00000| Untracked 
|  63|0x0000000083f00000, 0x0000000083f32600, 0x0000000084000000| 19%| O|  |TAMS 0x0000000083f00000| PB 0x0000000083f00000| Updating 
|  64|0x0000000084000000, 0x0000000084100000, 0x0000000084100000|100%|HS|  |TAMS 0x0000000084000000| PB 0x0000000084000000| Complete 
|  65|0x0000000084100000, 0x0000000084100000, 0x0000000084200000|  0%| F|  |TAMS 0x0000000084100000| PB 0x0000000084100000| Untracked 
|  66|0x0000000084200000, 0x0000000084200000, 0x0000000084300000|  0%| F|  |TAMS 0x0000000084200000| PB 0x0000000084200000| Untracked 
|  67|0x0000000084300000, 0x0000000084400000, 0x0000000084400000|100%| O|  |TAMS 0x0000000084400000| PB 0x0000000084400000| Untracked 
|  68|0x0000000084400000, 0x0000000084500000, 0x0000000084500000|100%| O|  |TAMS 0x0000000084500000| PB 0x0000000084500000| Untracked 
|  69|0x0000000084500000, 0x0000000084600000, 0x0000000084600000|100%| O|  |TAMS 0x0000000084600000| PB 0x0000000084600000| Untracked 
|  70|0x0000000084600000, 0x0000000084700000, 0x0000000084700000|100%| O|  |TAMS 0x0000000084700000| PB 0x0000000084700000| Untracked 
|  71|0x0000000084700000, 0x0000000084800000, 0x0000000084800000|100%| O|  |TAMS 0x0000000084800000| PB 0x0000000084800000| Untracked 
|  72|0x0000000084800000, 0x0000000084900000, 0x0000000084900000|100%| O|  |TAMS 0x0000000084900000| PB 0x0000000084900000| Updating 
|  73|0x0000000084900000, 0x0000000084a00000, 0x0000000084a00000|100%| O|  |TAMS 0x0000000084952400| PB 0x0000000084952400| Updating 
|  74|0x0000000084a00000, 0x0000000084a00000, 0x0000000084b00000|  0%| F|  |TAMS 0x0000000084a00000| PB 0x0000000084a00000| Untracked 
|  75|0x0000000084b00000, 0x0000000084b00000, 0x0000000084c00000|  0%| F|  |TAMS 0x0000000084b00000| PB 0x0000000084b00000| Untracked 
|  76|0x0000000084c00000, 0x0000000084c00000, 0x0000000084d00000|  0%| F|  |TAMS 0x0000000084c00000| PB 0x0000000084c00000| Untracked 
|  77|0x0000000084d00000, 0x0000000084d00000, 0x0000000084e00000|  0%| F|  |TAMS 0x0000000084d00000| PB 0x0000000084d00000| Untracked 
|  78|0x0000000084e00000, 0x0000000084e00000, 0x0000000084f00000|  0%| F|  |TAMS 0x0000000084e00000| PB 0x0000000084e00000| Untracked 
|  79|0x0000000084f00000, 0x0000000084f00000, 0x0000000085000000|  0%| F|  |TAMS 0x0000000084f00000| PB 0x0000000084f00000| Untracked 
|  80|0x0000000085000000, 0x0000000085000000, 0x0000000085100000|  0%| F|  |TAMS 0x0000000085000000| PB 0x0000000085000000| Untracked 
|  81|0x0000000085100000, 0x0000000085100000, 0x0000000085200000|  0%| F|  |TAMS 0x0000000085100000| PB 0x0000000085100000| Untracked 
|  82|0x0000000085200000, 0x0000000085200000, 0x0000000085300000|  0%| F|  |TAMS 0x0000000085200000| PB 0x0000000085200000| Untracked 
|  83|0x0000000085300000, 0x0000000085300000, 0x0000000085400000|  0%| F|  |TAMS 0x0000000085300000| PB 0x0000000085300000| Untracked 
|  84|0x0000000085400000, 0x0000000085400000, 0x0000000085500000|  0%| F|  |TAMS 0x0000000085400000| PB 0x0000000085400000| Untracked 
|  85|0x0000000085500000, 0x0000000085500000, 0x0000000085600000|  0%| F|  |TAMS 0x0000000085500000| PB 0x0000000085500000| Untracked 
|  86|0x0000000085600000, 0x0000000085600000, 0x0000000085700000|  0%| F|  |TAMS 0x0000000085600000| PB 0x0000000085600000| Untracked 
|  87|0x0000000085700000, 0x0000000085700000, 0x0000000085800000|  0%| F|  |TAMS 0x0000000085700000| PB 0x0000000085700000| Untracked 
|  88|0x0000000085800000, 0x0000000085800000, 0x0000000085900000|  0%| F|  |TAMS 0x0000000085800000| PB 0x0000000085800000| Untracked 
|  89|0x0000000085900000, 0x0000000085900000, 0x0000000085a00000|  0%| F|  |TAMS 0x0000000085900000| PB 0x0000000085900000| Untracked 
|  90|0x0000000085a00000, 0x0000000085a00000, 0x0000000085b00000|  0%| F|  |TAMS 0x0000000085a00000| PB 0x0000000085a00000| Untracked 
|  91|0x0000000085b00000, 0x0000000085b00000, 0x0000000085c00000|  0%| F|  |TAMS 0x0000000085b00000| PB 0x0000000085b00000| Untracked 
|  92|0x0000000085c00000, 0x0000000085c00000, 0x0000000085d00000|  0%| F|  |TAMS 0x0000000085c00000| PB 0x0000000085c00000| Untracked 
|  93|0x0000000085d00000, 0x0000000085d00000, 0x0000000085e00000|  0%| F|  |TAMS 0x0000000085d00000| PB 0x0000000085d00000| Untracked 
|  94|0x0000000085e00000, 0x0000000085e00000, 0x0000000085f00000|  0%| F|  |TAMS 0x0000000085e00000| PB 0x0000000085e00000| Untracked 
|  95|0x0000000085f00000, 0x0000000085f00000, 0x0000000086000000|  0%| F|  |TAMS 0x0000000085f00000| PB 0x0000000085f00000| Untracked 
|  96|0x0000000086000000, 0x0000000086000000, 0x0000000086100000|  0%| F|  |TAMS 0x0000000086000000| PB 0x0000000086000000| Untracked 
|  97|0x0000000086100000, 0x0000000086100000, 0x0000000086200000|  0%| F|  |TAMS 0x0000000086100000| PB 0x0000000086100000| Untracked 
|  98|0x0000000086200000, 0x0000000086200000, 0x0000000086300000|  0%| F|  |TAMS 0x0000000086200000| PB 0x0000000086200000| Untracked 
|  99|0x0000000086300000, 0x0000000086300000, 0x0000000086400000|  0%| F|  |TAMS 0x0000000086300000| PB 0x0000000086300000| Untracked 
| 100|0x0000000086400000, 0x0000000086400000, 0x0000000086500000|  0%| F|  |TAMS 0x0000000086400000| PB 0x0000000086400000| Untracked 
| 101|0x0000000086500000, 0x0000000086500000, 0x0000000086600000|  0%| F|  |TAMS 0x0000000086500000| PB 0x0000000086500000| Untracked 
| 149|0x0000000089500000, 0x0000000089500000, 0x0000000089600000|  0%| F|  |TAMS 0x0000000089500000| PB 0x0000000089500000| Untracked 
| 150|0x0000000089600000, 0x000000008962be50, 0x0000000089700000| 17%| S|CS|TAMS 0x0000000089600000| PB 0x0000000089600000| Complete 
| 151|0x0000000089700000, 0x0000000089800000, 0x0000000089800000|100%| S|CS|TAMS 0x0000000089700000| PB 0x0000000089700000| Complete 
| 152|0x0000000089800000, 0x0000000089800000, 0x0000000089900000|  0%| F|  |TAMS 0x0000000089800000| PB 0x0000000089800000| Untracked 
| 153|0x0000000089900000, 0x0000000089900000, 0x0000000089a00000|  0%| F|  |TAMS 0x0000000089900000| PB 0x0000000089900000| Untracked 
| 154|0x0000000089a00000, 0x0000000089a00000, 0x0000000089b00000|  0%| F|  |TAMS 0x0000000089a00000| PB 0x0000000089a00000| Untracked 
| 155|0x0000000089b00000, 0x0000000089b00000, 0x0000000089c00000|  0%| F|  |TAMS 0x0000000089b00000| PB 0x0000000089b00000| Untracked 
| 156|0x0000000089c00000, 0x0000000089c00000, 0x0000000089d00000|  0%| F|  |TAMS 0x0000000089c00000| PB 0x0000000089c00000| Untracked 
| 157|0x0000000089d00000, 0x0000000089d00000, 0x0000000089e00000|  0%| F|  |TAMS 0x0000000089d00000| PB 0x0000000089d00000| Untracked 
| 158|0x0000000089e00000, 0x0000000089e80800, 0x0000000089f00000| 50%| E|  |TAMS 0x0000000089e00000| PB 0x0000000089e00000| Complete 
| 159|0x0000000089f00000, 0x000000008a000000, 0x000000008a000000|100%| E|CS|TAMS 0x0000000089f00000| PB 0x0000000089f00000| Complete 
| 160|0x000000008a000000, 0x000000008a100000, 0x000000008a100000|100%| E|CS|TAMS 0x000000008a000000| PB 0x000000008a000000| Complete 
| 250|0x000000008fa00000, 0x000000008fb00000, 0x000000008fb00000|100%| E|CS|TAMS 0x000000008fa00000| PB 0x000000008fa00000| Complete 
| 251|0x000000008fb00000, 0x000000008fc00000, 0x000000008fc00000|100%| E|CS|TAMS 0x000000008fb00000| PB 0x000000008fb00000| Complete 
|2040|0x00000000ff800000, 0x00000000ff900000, 0x00000000ff900000|100%| O|  |TAMS 0x00000000ff900000| PB 0x00000000ff900000| Updating 
|2041|0x00000000ff900000, 0x00000000ffa00000, 0x00000000ffa00000|100%| O|  |TAMS 0x00000000ffa00000| PB 0x00000000ffa00000| Untracked 
|2042|0x00000000ffa00000, 0x00000000ffb00000, 0x00000000ffb00000|100%| O|  |TAMS 0x00000000ffb00000| PB 0x00000000ffb00000| Untracked 
|2043|0x00000000ffb00000, 0x00000000ffc00000, 0x00000000ffc00000|100%| O|  |TAMS 0x00000000ffc00000| PB 0x00000000ffc00000| Updating 
|2044|0x00000000ffc00000, 0x00000000ffd00000, 0x00000000ffd00000|100%| O|  |TAMS 0x00000000ffd00000| PB 0x00000000ffd00000| Untracked 
|2045|0x00000000ffd00000, 0x00000000ffe00000, 0x00000000ffe00000|100%| O|  |TAMS 0x00000000ffe00000| PB 0x00000000ffe00000| Updating 
|2046|0x00000000ffe00000, 0x00000000fff00000, 0x00000000fff00000|100%| O|  |TAMS 0x00000000fff00000| PB 0x00000000fff00000| Untracked 
|2047|0x00000000fff00000, 0x0000000100000000, 0x0000000100000000|100%| O|  |TAMS 0x0000000100000000| PB 0x0000000100000000| Untracked 

Card table byte_map: [0x0000013e18400000,0x0000013e18800000] _byte_map_base: 0x0000013e18000000

Marking Bits: (CMBitMap*) 0x0000013e7efca130
 Bits: [0x0000013e18c00000, 0x0000013e1ac00000)

Polling page: 0x0000013e7eef0000

Metaspace:

Usage:
  Non-class:     64.74 MB used.
      Class:     10.28 MB used.
       Both:     75.02 MB used.

Virtual space:
  Non-class space:      128.00 MB reserved,      65.75 MB ( 51%) committed,  2 nodes.
      Class space:      412.00 MB reserved,      11.19 MB (  3%) committed,  1 nodes.
             Both:      540.00 MB reserved,      76.94 MB ( 14%) committed. 

Chunk freelists:
   Non-Class:  1.89 MB
       Class:  848.00 KB
        Both:  2.72 MB

MaxMetaspaceSize: 512.00 MB
CompressedClassSpaceSize: 412.00 MB
Initial GC threshold: 21.00 MB
Current GC threshold: 112.00 MB
CDS: on
MetaspaceReclaimPolicy: balanced
 - commit_granule_bytes: 65536.
 - commit_granule_words: 8192.
 - virtual_space_node_default_size: 8388608.
 - enlarge_chunks_in_place: 1.
 - new_chunks_are_fully_committed: 0.
 - uncommit_free_chunks: 1.
 - use_allocation_guard: 0.


Internal statistics:

num_allocs_failed_limit: 6.
num_arena_births: 3348.
num_arena_deaths: 0.
num_vsnodes_births: 3.
num_vsnodes_deaths: 0.
num_space_committed: 1231.
num_space_uncommitted: 0.
num_chunks_returned_to_freelist: 6.
num_chunks_taken_from_freelist: 6676.
num_chunk_merges: 6.
num_chunk_splits: 4389.
num_chunks_enlarged: 2827.
num_inconsistent_stats: 0.

CodeHeap 'non-profiled nmethods': size=120000Kb used=3923Kb max_used=4102Kb free=116076Kb
 bounds [0x0000013e10ed0000, 0x0000013e112e0000, 0x0000013e18400000]
CodeHeap 'profiled nmethods': size=120000Kb used=15699Kb max_used=16554Kb free=104300Kb
 bounds [0x0000013e09400000, 0x0000013e0a430000, 0x0000013e10930000]
CodeHeap 'non-nmethods': size=5760Kb used=3139Kb max_used=3184Kb free=2620Kb
 bounds [0x0000013e10930000, 0x0000013e10c60000, 0x0000013e10ed0000]
 total_blobs=9310 nmethods=8353 adapters=867
 compilation: enabled
              stopped_count=0, restarted_count=0
 full_count=0

Compilation events (20 events):
Event: 23.561 Thread 0x0000013e2182e570 9766       2       com.android.tools.build.jetifier.core.type.JavaType::hashCode (17 bytes)
Event: 23.561 Thread 0x0000013e2182e570 nmethod 9766 0x0000013e0a428410 code [0x0000013e0a4285a0, 0x0000013e0a4286f8]
Event: 23.561 Thread 0x0000013e2182e570 9761       2       com.android.tools.build.jetifier.core.type.JavaType::<init> (73 bytes)
Event: 23.562 Thread 0x0000013e2182e570 nmethod 9761 0x0000013e0a428810 code [0x0000013e0a428a40, 0x0000013e0a428ff8]
Event: 23.563 Thread 0x0000013e2182e570 9767       2       com.android.tools.build.jetifier.core.type.JavaType::hasInnerType (16 bytes)
Event: 23.563 Thread 0x0000013e2182e570 nmethod 9767 0x0000013e0a429390 code [0x0000013e0a429520, 0x0000013e0a429650]
Event: 23.563 Thread 0x0000013e2182e570 9768       3       com.android.tools.build.jetifier.core.type.JavaType::hasInnerType (16 bytes)
Event: 23.563 Thread 0x0000013e2182e570 nmethod 9768 0x0000013e0a429710 code [0x0000013e0a4298a0, 0x0000013e0a429a60]
Event: 23.564 Thread 0x0000013e2182dbf0 nmethod 9491 0x0000013e112c3490 code [0x0000013e112c3c60, 0x0000013e112cb430]
Event: 23.564 Thread 0x0000013e2182dbf0 9556       4       java.lang.StringBuilder::append (8 bytes)
Event: 23.569 Thread 0x0000013e2182dbf0 nmethod 9556 0x0000013e112cfd90 code [0x0000013e112cff20, 0x0000013e112d0430]
Event: 23.569 Thread 0x0000013e2182dbf0 9498       4       java.lang.String::getBytes (44 bytes)
Event: 23.569 Thread 0x0000013e2182e570 9769       1       com.android.tools.build.jetifier.core.pom.PomRewriteRule::getFrom (5 bytes)
Event: 23.569 Thread 0x0000013e2182e570 nmethod 9769 0x0000013e112d0790 code [0x0000013e112d0900, 0x0000013e112d09c8]
Event: 23.570 Thread 0x0000013e2182dbf0 nmethod 9498 0x0000013e112d0a90 code [0x0000013e112d0c00, 0x0000013e112d0eb8]
Event: 23.570 Thread 0x0000013e2182dbf0 9533       4       java.lang.AbstractStringBuilder::append (45 bytes)
Event: 23.575 Thread 0x0000013e2182dbf0 nmethod 9533 0x0000013e112d1010 code [0x0000013e112d11a0, 0x0000013e112d16b0]
Event: 23.575 Thread 0x0000013e2182dbf0 9645       4       java.lang.String::<init> (99 bytes)
Event: 23.577 Thread 0x0000013e2182e570 9771       3       java.util.regex.Pattern$BitClass::add (97 bytes)
Event: 23.578 Thread 0x0000013e2182e570 nmethod 9771 0x0000013e0a429b90 code [0x0000013e0a429dc0, 0x0000013e0a42a6f0]

GC Heap History (20 events):
Event: 11.885 GC heap before
{Heap before GC invocations=11 (full 0):
 garbage-first heap   total 84992K, used 73054K [0x0000000080000000, 0x0000000100000000)
  region size 1024K, 32 young (32768K), 5 survivors (5120K)
 Metaspace       used 50527K, committed 52352K, reserved 487424K
  class space    used 7118K, committed 8000K, reserved 421888K
}
Event: 11.890 GC heap after
{Heap after GC invocations=12 (full 0):
 garbage-first heap   total 84992K, used 47710K [0x0000000080000000, 0x0000000100000000)
  region size 1024K, 2 young (2048K), 2 survivors (2048K)
 Metaspace       used 50527K, committed 52352K, reserved 487424K
  class space    used 7118K, committed 8000K, reserved 421888K
}
Event: 12.276 GC heap before
{Heap before GC invocations=13 (full 0):
 garbage-first heap   total 84992K, used 75358K [0x0000000080000000, 0x0000000100000000)
  region size 1024K, 29 young (29696K), 2 survivors (2048K)
 Metaspace       used 54332K, committed 56128K, reserved 487424K
  class space    used 7669K, committed 8576K, reserved 421888K
}
Event: 12.278 GC heap after
{Heap after GC invocations=14 (full 0):
 garbage-first heap   total 84992K, used 48603K [0x0000000080000000, 0x0000000100000000)
  region size 1024K, 3 young (3072K), 3 survivors (3072K)
 Metaspace       used 54332K, committed 56128K, reserved 487424K
  class space    used 7669K, committed 8576K, reserved 421888K
}
Event: 12.728 GC heap before
{Heap before GC invocations=14 (full 0):
 garbage-first heap   total 84992K, used 75227K [0x0000000080000000, 0x0000000100000000)
  region size 1024K, 30 young (30720K), 3 survivors (3072K)
 Metaspace       used 56486K, committed 58240K, reserved 487424K
  class space    used 7919K, committed 8768K, reserved 421888K
}
Event: 12.732 GC heap after
{Heap after GC invocations=15 (full 0):
 garbage-first heap   total 84992K, used 51167K [0x0000000080000000, 0x0000000100000000)
  region size 1024K, 4 young (4096K), 4 survivors (4096K)
 Metaspace       used 56486K, committed 58240K, reserved 487424K
  class space    used 7919K, committed 8768K, reserved 421888K
}
Event: 13.103 GC heap before
{Heap before GC invocations=15 (full 0):
 garbage-first heap   total 84992K, used 74719K [0x0000000080000000, 0x0000000100000000)
  region size 1024K, 28 young (28672K), 4 survivors (4096K)
 Metaspace       used 58361K, committed 60096K, reserved 487424K
  class space    used 8224K, committed 9088K, reserved 421888K
}
Event: 13.107 GC heap after
{Heap after GC invocations=16 (full 0):
 garbage-first heap   total 84992K, used 53611K [0x0000000080000000, 0x0000000100000000)
  region size 1024K, 3 young (3072K), 3 survivors (3072K)
 Metaspace       used 58361K, committed 60096K, reserved 487424K
  class space    used 8224K, committed 9088K, reserved 421888K
}
Event: 13.568 GC heap before
{Heap before GC invocations=17 (full 0):
 garbage-first heap   total 99328K, used 74091K [0x0000000080000000, 0x0000000100000000)
  region size 1024K, 23 young (23552K), 3 survivors (3072K)
 Metaspace       used 59666K, committed 61440K, reserved 487424K
  class space    used 8380K, committed 9216K, reserved 421888K
}
Event: 13.572 GC heap after
{Heap after GC invocations=18 (full 0):
 garbage-first heap   total 119808K, used 55392K [0x0000000080000000, 0x0000000100000000)
  region size 1024K, 2 young (2048K), 2 survivors (2048K)
 Metaspace       used 59666K, committed 61440K, reserved 487424K
  class space    used 8380K, committed 9216K, reserved 421888K
}
Event: 21.512 GC heap before
{Heap before GC invocations=18 (full 0):
 garbage-first heap   total 119808K, used 106592K [0x0000000080000000, 0x0000000100000000)
  region size 1024K, 52 young (53248K), 2 survivors (2048K)
 Metaspace       used 65881K, committed 67776K, reserved 487424K
  class space    used 9283K, committed 10176K, reserved 421888K
}
Event: 21.518 GC heap after
{Heap after GC invocations=19 (full 0):
 garbage-first heap   total 119808K, used 59739K [0x0000000080000000, 0x0000000100000000)
  region size 1024K, 7 young (7168K), 7 survivors (7168K)
 Metaspace       used 65881K, committed 67776K, reserved 487424K
  class space    used 9283K, committed 10176K, reserved 421888K
}
Event: 21.981 GC heap before
{Heap before GC invocations=19 (full 0):
 garbage-first heap   total 119808K, used 84315K [0x0000000080000000, 0x0000000100000000)
  region size 1024K, 33 young (33792K), 7 survivors (7168K)
 Metaspace       used 66821K, committed 68672K, reserved 487424K
  class space    used 9379K, committed 10304K, reserved 421888K
}
Event: 21.987 GC heap after
{Heap after GC invocations=20 (full 0):
 garbage-first heap   total 119808K, used 62472K [0x0000000080000000, 0x0000000100000000)
  region size 1024K, 4 young (4096K), 4 survivors (4096K)
 Metaspace       used 66821K, committed 68672K, reserved 487424K
  class space    used 9379K, committed 10304K, reserved 421888K
}
Event: 22.860 GC heap before
{Heap before GC invocations=21 (full 0):
 garbage-first heap   total 119808K, used 112648K [0x0000000080000000, 0x0000000100000000)
  region size 1024K, 47 young (48128K), 4 survivors (4096K)
 Metaspace       used 72486K, committed 74368K, reserved 487424K
  class space    used 10007K, committed 10944K, reserved 421888K
}
Event: 22.865 GC heap after
{Heap after GC invocations=22 (full 0):
 garbage-first heap   total 125952K, used 75486K [0x0000000080000000, 0x0000000100000000)
  region size 1024K, 6 young (6144K), 6 survivors (6144K)
 Metaspace       used 72486K, committed 74368K, reserved 487424K
  class space    used 10007K, committed 10944K, reserved 421888K
}
Event: 23.323 GC heap before
{Heap before GC invocations=22 (full 0):
 garbage-first heap   total 125952K, used 114398K [0x0000000080000000, 0x0000000100000000)
  region size 1024K, 42 young (43008K), 6 survivors (6144K)
 Metaspace       used 75131K, committed 77056K, reserved 552960K
  class space    used 10338K, committed 11264K, reserved 421888K
}
Event: 23.328 GC heap after
{Heap after GC invocations=23 (full 0):
 garbage-first heap   total 126976K, used 80036K [0x0000000080000000, 0x0000000100000000)
  region size 1024K, 5 young (5120K), 5 survivors (5120K)
 Metaspace       used 75131K, committed 77056K, reserved 552960K
  class space    used 10338K, committed 11264K, reserved 421888K
}
Event: 23.502 GC heap before
{Heap before GC invocations=23 (full 0):
 garbage-first heap   total 126976K, used 90276K [0x0000000080000000, 0x0000000100000000)
  region size 1024K, 16 young (16384K), 5 survivors (5120K)
 Metaspace       used 76415K, committed 78336K, reserved 552960K
  class space    used 10484K, committed 11392K, reserved 421888K
}
Event: 23.506 GC heap after
{Heap after GC invocations=24 (full 0):
 garbage-first heap   total 126976K, used 81273K [0x0000000080000000, 0x0000000100000000)
  region size 1024K, 2 young (2048K), 2 survivors (2048K)
 Metaspace       used 76415K, committed 78336K, reserved 552960K
  class space    used 10484K, committed 11392K, reserved 421888K
}

Dll operation events (14 events):
Event: 0.011 Loaded shared library C:\Program Files\Java\jdk-20\bin\java.dll
Event: 0.026 Loaded shared library C:\Program Files\Java\jdk-20\bin\jsvml.dll
Event: 0.090 Loaded shared library C:\Program Files\Java\jdk-20\bin\net.dll
Event: 0.094 Loaded shared library C:\Program Files\Java\jdk-20\bin\nio.dll
Event: 0.101 Loaded shared library C:\Program Files\Java\jdk-20\bin\zip.dll
Event: 0.370 Loaded shared library C:\Program Files\Java\jdk-20\bin\jimage.dll
Event: 0.464 Loaded shared library C:\Program Files\Java\jdk-20\bin\verify.dll
Event: 0.699 Loaded shared library C:\Users\mdaahmed\.gradle\native\e1d6ef7f7dcc3fd88c89a11ec53ec762bb8ba0a96d01ffa2cd45eb1d1d8dd5c5\windows-amd64\native-platform.dll
Event: 0.708 Loaded shared library C:\Users\mdaahmed\.gradle\native\0d407fdbe67a94daf76414ababcb853783967236a71b16ec16e742cd7a986fd3\windows-amd64\native-platform-file-events.dll
Event: 1.663 Loaded shared library C:\Program Files\Java\jdk-20\bin\management.dll
Event: 1.667 Loaded shared library C:\Program Files\Java\jdk-20\bin\management_ext.dll
Event: 2.168 Loaded shared library C:\Program Files\Java\jdk-20\bin\extnet.dll
Event: 2.634 Loaded shared library C:\Program Files\Java\jdk-20\bin\sunmscapi.dll
Event: 14.611 Loaded shared library C:\Program Files\Java\jdk-20\bin\rmi.dll

Deoptimization events (20 events):
Event: 23.413 Thread 0x0000013e2324fae0 Uncommon trap: trap_request=0xffffffbe fr.pc=0x0000013e111a6b64 relative=0x0000000000000264
Event: 23.413 Thread 0x0000013e2324fae0 Uncommon trap: reason=profile_predicate action=maybe_recompile pc=0x0000013e111a6b64 method=java.util.LinkedHashMap.keysToArray([Ljava/lang/Object;)[Ljava/lang/Object; @ 12 c2
Event: 23.413 Thread 0x0000013e2324fae0 DEOPT PACKING pc=0x0000013e111a6b64 sp=0x0000000aac0f6040
Event: 23.413 Thread 0x0000013e2324fae0 DEOPT UNPACKING pc=0x0000013e1094d2a2 sp=0x0000000aac0f5ff8 mode 2
Event: 23.414 Thread 0x0000013e2324fae0 Uncommon trap: trap_request=0xffffff45 fr.pc=0x0000013e11166860 relative=0x0000000000000160
Event: 23.414 Thread 0x0000013e2324fae0 Uncommon trap: reason=unstable_if action=reinterpret pc=0x0000013e11166860 method=org.objectweb.asm.ByteVector.putByteArray([BII)Lorg/objectweb/asm/ByteVector; @ 20 c2
Event: 23.414 Thread 0x0000013e2324fae0 DEOPT PACKING pc=0x0000013e11166860 sp=0x0000000aac0f5b90
Event: 23.414 Thread 0x0000013e2324fae0 DEOPT UNPACKING pc=0x0000013e1094d2a2 sp=0x0000000aac0f5b60 mode 2
Event: 23.414 Thread 0x0000013e2324fae0 Uncommon trap: trap_request=0xffffff45 fr.pc=0x0000013e10f99e00 relative=0x0000000000000200
Event: 23.414 Thread 0x0000013e2324fae0 Uncommon trap: reason=unstable_if action=reinterpret pc=0x0000013e10f99e00 method=org.objectweb.asm.Label.resolve([BI)Z @ 80 c2
Event: 23.414 Thread 0x0000013e2324fae0 DEOPT PACKING pc=0x0000013e10f99e00 sp=0x0000000aac0f5b70
Event: 23.414 Thread 0x0000013e2324fae0 DEOPT UNPACKING pc=0x0000013e1094d2a2 sp=0x0000000aac0f5ad8 mode 2
Event: 23.499 Thread 0x0000013e2324fae0 Uncommon trap: trap_request=0xffffff45 fr.pc=0x0000013e10fe78ac relative=0x0000000000001b6c
Event: 23.499 Thread 0x0000013e2324fae0 Uncommon trap: reason=unstable_if action=reinterpret pc=0x0000013e10fe78ac method=java.util.zip.InflaterInputStream.read([BII)I @ 74 c2
Event: 23.499 Thread 0x0000013e2324fae0 DEOPT PACKING pc=0x0000013e10fe78ac sp=0x0000000aac0f5f70
Event: 23.500 Thread 0x0000013e2324fae0 DEOPT UNPACKING pc=0x0000013e1094d2a2 sp=0x0000000aac0f5fc0 mode 2
Event: 23.569 Thread 0x0000013e2324fae0 Uncommon trap: trap_request=0xffffff45 fr.pc=0x0000013e11254e54 relative=0x00000000000002d4
Event: 23.569 Thread 0x0000013e2324fae0 Uncommon trap: reason=unstable_if action=reinterpret pc=0x0000013e11254e54 method=java.lang.String.indexOf([BBILjava/lang/String;I)I @ 21 c2
Event: 23.569 Thread 0x0000013e2324fae0 DEOPT PACKING pc=0x0000013e11254e54 sp=0x0000000aac0f5fe0
Event: 23.569 Thread 0x0000013e2324fae0 DEOPT UNPACKING pc=0x0000013e1094d2a2 sp=0x0000000aac0f5ed8 mode 2

Classes loaded (20 events):
Event: 23.087 Loading class java/lang/foreign/ValueLayout
Event: 23.087 Loading class java/lang/foreign/MemoryLayout
Event: 23.088 Loading class java/lang/foreign/MemoryLayout done
Event: 23.088 Loading class java/lang/foreign/ValueLayout done
Event: 23.270 Loading class java/security/KeyStore
Event: 23.271 Loading class java/security/KeyStore done
Event: 23.368 Loading class javax/xml/stream/XMLStreamException
Event: 23.368 Loading class javax/xml/stream/XMLStreamException done
Event: 23.393 Loading class sun/reflect/annotation/AnnotationInvocationHandler$1
Event: 23.393 Loading class sun/reflect/annotation/AnnotationInvocationHandler$1 done
Event: 23.482 Loading class java/util/concurrent/atomic/AtomicIntegerArray
Event: 23.482 Loading class java/util/concurrent/atomic/AtomicIntegerArray done
Event: 23.484 Loading class java/util/Currency
Event: 23.485 Loading class java/util/Currency done
Event: 23.488 Loading class java/util/concurrent/atomic/AtomicLongArray
Event: 23.489 Loading class java/util/concurrent/atomic/AtomicLongArray done
Event: 23.517 Loading class sun/reflect/generics/repository/FieldRepository
Event: 23.517 Loading class sun/reflect/generics/repository/FieldRepository done
Event: 23.527 Loading class jdk/internal/vm/annotation/ForceInline
Event: 23.528 Loading class jdk/internal/vm/annotation/ForceInline done

Classes unloaded (0 events):
No events

Classes redefined (0 events):
No events

Internal exceptions (20 events):
Event: 14.648 Thread 0x0000013e25fc95d0 Exception <a 'java/lang/NoSuchMethodError'{0x000000008448e2e8}: static Lorg/jetbrains/kotlin/daemon/common/CompileService$CallResult$Ok;.<clinit>()V> (0x000000008448e2e8) 
thrown [s\open\src\hotspot\share\prims\jni.cpp, line 1105]
Event: 14.668 Thread 0x0000013e25fc95d0 Exception <a 'java/lang/NoSuchMethodError'{0x0000000084395878}: static [Ljava/lang/String;.<clinit>()V> (0x0000000084395878) 
thrown [s\open\src\hotspot\share\prims\jni.cpp, line 1105]
Event: 14.676 Thread 0x0000013e25fc95d0 Exception <a 'java/lang/NoSuchMethodError'{0x00000000843c52e0}: static [Ljava/lang/Integer;.<clinit>()V> (0x00000000843c52e0) 
thrown [s\open\src\hotspot\share\prims\jni.cpp, line 1105]
Event: 14.678 Thread 0x0000013e25fc95d0 Exception <a 'java/lang/NoSuchMethodError'{0x00000000843f8878}: static Lorg/jetbrains/kotlin/incremental/ClasspathChanges$NotAvailable;.<clinit>()V> (0x00000000843f8878) 
thrown [s\open\src\hotspot\share\prims\jni.cpp, line 1105]
Event: 14.678 Thread 0x0000013e25fc95d0 Exception <a 'java/lang/NoSuchMethodError'{0x00000000843ff928}: static Lorg/jetbrains/kotlin/incremental/ClasspathChanges$NotAvailable;.<clinit>()V> (0x00000000843ff928) 
thrown [s\open\src\hotspot\share\prims\jni.cpp, line 1105]
Event: 14.678 Thread 0x0000013e25fc95d0 Exception <a 'java/lang/NoSuchMethodError'{0x0000000084207248}: static Lorg/jetbrains/kotlin/incremental/ClasspathChanges;.<clinit>()V> (0x0000000084207248) 
thrown [s\open\src\hotspot\share\prims\jni.cpp, line 1105]
Event: 20.939 Thread 0x0000013e250cac70 Exception <a 'java/lang/NoSuchMethodError'{0x000000008415e398}: 'void java.lang.invoke.DirectMethodHandle$Holder.invokeInterface(java.lang.Object, java.lang.Object, int, java.lang.Object)'> (0x000000008415e398) 
thrown [s\open\src\hotspot\share\interpreter\linkResolver.cpp, line 773]
Event: 20.940 Thread 0x0000013e250cac70 Exception <a 'java/lang/NoSuchMethodError'{0x0000000084161c98}: 'void java.lang.invoke.DelegatingMethodHandle$Holder.reinvoke_L(java.lang.Object, java.lang.Object, int, java.lang.Object)'> (0x0000000084161c98) 
thrown [s\open\src\hotspot\share\interpreter\linkResolver.cpp, line 773]
Event: 20.945 Thread 0x0000013e250cac70 Exception <a 'java/lang/NoSuchMethodError'{0x000000008417b778}: 'void java.lang.invoke.DelegatingMethodHandle$Holder.reinvoke_L(java.lang.Object, java.lang.Object, int, int, java.lang.Object, java.lang.Object)'> (0x000000008417b778) 
thrown [s\open\src\hotspot\share\interpreter\linkResolver.cpp, line 773]
Event: 21.521 Thread 0x0000013e250cdc40 Implicit null exception at 0x0000013e1118aee7 to 0x0000013e1118afac
Event: 21.820 Thread 0x0000013e25b9e1c0 Implicit null exception at 0x0000013e1108e9a3 to 0x0000013e1108f3f4
Event: 21.825 Thread 0x0000013e25b9e1c0 Exception <a 'sun/nio/fs/WindowsException'{0x000000008628f758}> (0x000000008628f758) 
thrown [s\open\src\hotspot\share\prims\jni.cpp, line 519]
Event: 21.882 Thread 0x0000013e25b9e1c0 Exception <a 'sun/nio/fs/WindowsException'{0x0000000085e6e738}> (0x0000000085e6e738) 
thrown [s\open\src\hotspot\share\prims\jni.cpp, line 519]
Event: 21.884 Thread 0x0000013e25b9e1c0 Exception <a 'sun/nio/fs/WindowsException'{0x0000000085e6e998}> (0x0000000085e6e998) 
thrown [s\open\src\hotspot\share\prims\jni.cpp, line 519]
Event: 21.976 Thread 0x0000013e2324fae0 Exception <a 'java/lang/ClassNotFoundException'{0x000000008583e568}: build_efvgfab0mk118smv50k4ix17aBeanInfo> (0x000000008583e568) 
thrown [s\open\src\hotspot\share\classfile\systemDictionary.cpp, line 305]
Event: 21.976 Thread 0x0000013e2324fae0 Exception <a 'java/lang/ClassNotFoundException'{0x0000000085844ca0}: build_efvgfab0mk118smv50k4ix17aCustomizer> (0x0000000085844ca0) 
thrown [s\open\src\hotspot\share\classfile\systemDictionary.cpp, line 305]
Event: 22.322 Thread 0x0000013e2324fae0 Exception <a 'java/io/FileNotFoundException'{0x0000000086129c60}> (0x0000000086129c60) 
thrown [s\open\src\hotspot\share\prims\jni.cpp, line 519]
Event: 22.748 Thread 0x0000013e2324fae0 Implicit null exception at 0x0000013e110a769a to 0x0000013e110a77c2
Event: 23.414 Thread 0x0000013e2324fae0 Implicit null exception at 0x0000013e11166755 to 0x0000013e11166844
Event: 23.529 Thread 0x0000013e2324fae0 Exception <a 'java/lang/NoSuchMethodError'{0x000000008fa3ccb0}: 'void java.lang.invoke.Invokers$Holder.invokeExact_MT(java.lang.Object, java.lang.Object, java.lang.Object, java.lang.Object)'> (0x000000008fa3ccb0) 
thrown [s\open\src\hotspot\share\interpreter\linkResolver.cpp, line 773]

VM Operations (20 events):
Event: 21.827 Executing VM operation: HandshakeAllThreads done
Event: 21.911 Executing VM operation: ICBufferFull
Event: 21.911 Executing VM operation: ICBufferFull done
Event: 21.981 Executing VM operation: G1TryInitiateConcMark
Event: 21.987 Executing VM operation: G1TryInitiateConcMark done
Event: 22.040 Executing VM operation: G1PauseRemark
Event: 22.044 Executing VM operation: G1PauseRemark done
Event: 22.080 Executing VM operation: G1PauseCleanup
Event: 22.080 Executing VM operation: G1PauseCleanup done
Event: 22.710 Executing VM operation: HandshakeAllThreads
Event: 22.710 Executing VM operation: HandshakeAllThreads done
Event: 22.758 Executing VM operation: HandshakeAllThreads
Event: 22.758 Executing VM operation: HandshakeAllThreads done
Event: 22.860 Executing VM operation: G1CollectForAllocation
Event: 22.865 Executing VM operation: G1CollectForAllocation done
Event: 23.323 Executing VM operation: G1CollectForAllocation
Event: 23.328 Executing VM operation: G1CollectForAllocation done
Event: 23.502 Executing VM operation: G1TryInitiateConcMark
Event: 23.507 Executing VM operation: G1TryInitiateConcMark done
Event: 23.578 Executing VM operation: G1PauseRemark

Events (20 events):
Event: 23.582 Thread 0x0000013e1d679150 flushing nmethod 0x0000013e11055590
Event: 23.582 Thread 0x0000013e1d679150 flushing nmethod 0x0000013e1100d710
Event: 23.582 Thread 0x0000013e1d679150 flushing nmethod 0x0000013e1103d890
Event: 23.582 Thread 0x0000013e1d679150 flushing nmethod 0x0000013e11042090
Event: 23.582 Thread 0x0000013e1d679150 flushing nmethod 0x0000013e11041510
Event: 23.582 Thread 0x0000013e1d679150 flushing nmethod 0x0000013e11025810
Event: 23.582 Thread 0x0000013e1d679150 flushing nmethod 0x0000013e11009210
Event: 23.582 Thread 0x0000013e1d679150 flushing nmethod 0x0000013e10f9a390
Event: 23.582 Thread 0x0000013e1d679150 flushing nmethod 0x0000013e11006510
Event: 23.582 Thread 0x0000013e1d679150 flushing nmethod 0x0000013e11013a90
Event: 23.582 Thread 0x0000013e1d679150 flushing nmethod 0x0000013e10fbdf10
Event: 23.582 Thread 0x0000013e1d679150 flushing nmethod 0x0000013e10fbd990
Event: 23.582 Thread 0x0000013e1d679150 flushing nmethod 0x0000013e10ffa090
Event: 23.582 Thread 0x0000013e1d679150 flushing nmethod 0x0000013e10f6dc10
Event: 23.582 Thread 0x0000013e1d679150 flushing nmethod 0x0000013e10f4e110
Event: 23.582 Thread 0x0000013e1d679150 flushing nmethod 0x0000013e10f68990
Event: 23.582 Thread 0x0000013e1d679150 flushing nmethod 0x0000013e10f3f110
Event: 23.582 Thread 0x0000013e1d679150 flushing nmethod 0x0000013e10ee9a90
Event: 23.582 Thread 0x0000013e1d679150 flushing nmethod 0x0000013e10ee9590
Event: 23.582 Thread 0x0000013e1d679150 flushing nmethod 0x0000013e10ee0510


Dynamic libraries:
0x00007ff753620000 - 0x00007ff753630000 	C:\Program Files\Java\jdk-20\bin\java.exe
0x00007ffed0050000 - 0x00007ffed0248000 	C:\WINDOWS\SYSTEM32\ntdll.dll
0x00007ffece2e0000 - 0x00007ffece39f000 	C:\WINDOWS\System32\KERNEL32.DLL
0x00007ffecda40000 - 0x00007ffecdd12000 	C:\WINDOWS\System32\KERNELBASE.dll
0x00007ffeac560000 - 0x00007ffeac579000 	C:\Program Files\Java\jdk-20\bin\jli.dll
0x00007ffecde10000 - 0x00007ffecdf10000 	C:\WINDOWS\System32\ucrtbase.dll
0x00007ffeac540000 - 0x00007ffeac55b000 	C:\Program Files\Java\jdk-20\bin\VCRUNTIME140.dll
0x00007ffece430000 - 0x00007ffece4de000 	C:\WINDOWS\System32\ADVAPI32.dll
0x00007ffecfec0000 - 0x00007ffecff5e000 	C:\WINDOWS\System32\msvcrt.dll
0x00007ffecfcc0000 - 0x00007ffecfd5c000 	C:\WINDOWS\System32\sechost.dll
0x00007ffecfd60000 - 0x00007ffecfe84000 	C:\WINDOWS\System32\RPCRT4.dll
0x00007ffecf6f0000 - 0x00007ffecf891000 	C:\WINDOWS\System32\USER32.dll
0x00007ffece070000 - 0x00007ffece092000 	C:\WINDOWS\System32\win32u.dll
0x00007ffece1d0000 - 0x00007ffece1fb000 	C:\WINDOWS\System32\GDI32.dll
0x00007ffecd930000 - 0x00007ffecda3f000 	C:\WINDOWS\System32\gdi32full.dll
0x00007ffeb3fd0000 - 0x00007ffeb426a000 	C:\WINDOWS\WinSxS\amd64_microsoft.windows.common-controls_6595b64144ccf1df_6.0.19041.1110_none_60b5254171f9507e\COMCTL32.dll
0x00007ffecdd70000 - 0x00007ffecde0d000 	C:\WINDOWS\System32\msvcp_win.dll
0x00007ffec3b30000 - 0x00007ffec3b3a000 	C:\WINDOWS\SYSTEM32\VERSION.dll
0x00007ffecfe90000 - 0x00007ffecfec0000 	C:\WINDOWS\System32\IMM32.DLL
0x0000013e7ef10000 - 0x0000013e7ef24000 	C:\WINDOWS\System32\umppc16606.dll
0x00007ffeca800000 - 0x00007ffeca80c000 	C:\Program Files\Java\jdk-20\bin\vcruntime140_1.dll
0x00007ffe8bfc0000 - 0x00007ffe8c04e000 	C:\Program Files\Java\jdk-20\bin\msvcp140.dll
0x00007ffe82e30000 - 0x00007ffe83ac7000 	C:\Program Files\Java\jdk-20\bin\server\jvm.dll
0x00007ffebc8c0000 - 0x00007ffebc8c9000 	C:\WINDOWS\SYSTEM32\WSOCK32.dll
0x00007ffece150000 - 0x00007ffece1bb000 	C:\WINDOWS\System32\WS2_32.dll
0x00007ffeaffd0000 - 0x00007ffeafff7000 	C:\WINDOWS\SYSTEM32\WINMM.dll
0x00007ffecbf60000 - 0x00007ffecbf72000 	C:\WINDOWS\SYSTEM32\kernel.appcore.dll
0x00007ffeb3fa0000 - 0x00007ffeb3faa000 	C:\Program Files\Java\jdk-20\bin\jimage.dll
0x00007ffecbc20000 - 0x00007ffecbe04000 	C:\WINDOWS\SYSTEM32\DBGHELP.DLL
0x00007ffeaa260000 - 0x00007ffeaa295000 	C:\WINDOWS\SYSTEM32\dbgcore.DLL
0x00007ffecd750000 - 0x00007ffecd7d2000 	C:\WINDOWS\System32\bcryptPrimitives.dll
0x00007ffea5a30000 - 0x00007ffea5a56000 	C:\Program Files\Java\jdk-20\bin\java.dll
0x00007ffe8ae30000 - 0x00007ffe8af07000 	C:\Program Files\Java\jdk-20\bin\jsvml.dll
0x00007ffece540000 - 0x00007ffecec85000 	C:\WINDOWS\System32\SHELL32.dll
0x00007ffecb3b0000 - 0x00007ffecbb42000 	C:\WINDOWS\SYSTEM32\windows.storage.dll
0x00007ffecec90000 - 0x00007ffecefe5000 	C:\WINDOWS\System32\combase.dll
0x00007ffecd0d0000 - 0x00007ffecd100000 	C:\WINDOWS\SYSTEM32\Wldp.dll
0x00007ffece0a0000 - 0x00007ffece14d000 	C:\WINDOWS\System32\SHCORE.dll
0x00007ffecfb10000 - 0x00007ffecfb65000 	C:\WINDOWS\System32\shlwapi.dll
0x00007ffecd690000 - 0x00007ffecd6af000 	C:\WINDOWS\SYSTEM32\profapi.dll
0x00007ffea60b0000 - 0x00007ffea60c3000 	C:\Program Files\Java\jdk-20\bin\net.dll
0x00007ffec7630000 - 0x00007ffec773a000 	C:\WINDOWS\SYSTEM32\WINHTTP.dll
0x00007ffecceb0000 - 0x00007ffeccf1a000 	C:\WINDOWS\system32\mswsock.dll
0x00007ffe94f90000 - 0x00007ffe94fa6000 	C:\Program Files\Java\jdk-20\bin\nio.dll
0x00007ffe8f0b0000 - 0x00007ffe8f0c8000 	C:\Program Files\Java\jdk-20\bin\zip.dll
0x00007ffeb3af0000 - 0x00007ffeb3b00000 	C:\Program Files\Java\jdk-20\bin\verify.dll
0x00007ffe8dc20000 - 0x00007ffe8dc47000 	C:\Users\mdaahmed\.gradle\native\e1d6ef7f7dcc3fd88c89a11ec53ec762bb8ba0a96d01ffa2cd45eb1d1d8dd5c5\windows-amd64\native-platform.dll
0x00007ffe88050000 - 0x00007ffe88194000 	C:\Users\mdaahmed\.gradle\native\0d407fdbe67a94daf76414ababcb853783967236a71b16ec16e742cd7a986fd3\windows-amd64\native-platform-file-events.dll
0x00007ffeb2d30000 - 0x00007ffeb2d3a000 	C:\Program Files\Java\jdk-20\bin\management.dll
0x00007ffea6340000 - 0x00007ffea634b000 	C:\Program Files\Java\jdk-20\bin\management_ext.dll
0x00007ffecf6e0000 - 0x00007ffecf6e8000 	C:\WINDOWS\System32\PSAPI.DLL
0x00007ffecd110000 - 0x00007ffecd128000 	C:\WINDOWS\SYSTEM32\CRYPTSP.dll
0x00007ffecc780000 - 0x00007ffecc7b4000 	C:\WINDOWS\system32\rsaenh.dll
0x00007ffecd850000 - 0x00007ffecd877000 	C:\WINDOWS\System32\bcrypt.dll
0x00007ffecd650000 - 0x00007ffecd67e000 	C:\WINDOWS\SYSTEM32\USERENV.dll
0x00007ffecd040000 - 0x00007ffecd04c000 	C:\WINDOWS\SYSTEM32\CRYPTBASE.dll
0x00007ffeccb70000 - 0x00007ffeccbab000 	C:\WINDOWS\SYSTEM32\IPHLPAPI.DLL
0x00007ffece1c0000 - 0x00007ffece1c8000 	C:\WINDOWS\System32\NSI.dll
0x00007ffec5770000 - 0x00007ffec5787000 	C:\WINDOWS\SYSTEM32\dhcpcsvc6.DLL
0x00007ffec5750000 - 0x00007ffec576d000 	C:\WINDOWS\SYSTEM32\dhcpcsvc.DLL
0x00007ffeccbc0000 - 0x00007ffeccc8b000 	C:\WINDOWS\SYSTEM32\DNSAPI.dll
0x00007ffea0c80000 - 0x00007ffea0c87000 	C:\Program Files\Java\jdk-20\bin\extnet.dll
0x00007ffe9ccb0000 - 0x00007ffe9ccbe000 	C:\Program Files\Java\jdk-20\bin\sunmscapi.dll
0x00007ffecdf10000 - 0x00007ffece066000 	C:\WINDOWS\System32\CRYPT32.dll
0x00007ffecd220000 - 0x00007ffecd247000 	C:\WINDOWS\SYSTEM32\ncrypt.dll
0x00007ffecd1e0000 - 0x00007ffecd21b000 	C:\WINDOWS\SYSTEM32\NTASN1.dll
0x00007ffe92d30000 - 0x00007ffe92d37000 	C:\WINDOWS\system32\wshunix.dll
0x00007ffe94d00000 - 0x00007ffe94d07000 	C:\Program Files\Java\jdk-20\bin\rmi.dll

dbghelp: loaded successfully - version: 4.0.5 - missing functions: none
symbol engine: initialized successfully - sym options: 0x614 - pdb path: .;C:\Program Files\Java\jdk-20\bin;C:\WINDOWS\SYSTEM32;C:\WINDOWS\WinSxS\amd64_microsoft.windows.common-controls_6595b64144ccf1df_6.0.19041.1110_none_60b5254171f9507e;C:\Program Files\Java\jdk-20\bin\server;C:\Users\mdaahmed\.gradle\native\e1d6ef7f7dcc3fd88c89a11ec53ec762bb8ba0a96d01ffa2cd45eb1d1d8dd5c5\windows-amd64;C:\Users\mdaahmed\.gradle\native\0d407fdbe67a94daf76414ababcb853783967236a71b16ec16e742cd7a986fd3\windows-amd64

VM Arguments:
jvm_args: -XX:MaxMetaspaceSize=512m --add-opens=java.base/java.util=ALL-UNNAMED --add-opens=java.base/java.lang=ALL-UNNAMED --add-opens=java.base/java.lang.invoke=ALL-UNNAMED --add-opens=java.base/java.util=ALL-UNNAMED --add-opens=java.prefs/java.util.prefs=ALL-UNNAMED --add-opens=java.prefs/java.util.prefs=ALL-UNNAMED --add-opens=java.base/java.nio.charset=ALL-UNNAMED --add-opens=java.base/java.net=ALL-UNNAMED --add-opens=java.base/java.util.concurrent.atomic=ALL-UNNAMED -Xmx2048m -Dfile.encoding=UTF-8 -Duser.country=IN -Duser.language=en -Duser.variant 
java_command: org.gradle.launcher.daemon.bootstrap.GradleDaemon 7.5.1
java_class_path (initial): C:\Users\mdaahmed\.gradle\wrapper\dists\gradle-7.5.1-all\1ehga6e77gqps5uk2kc5kf1vc\gradle-7.5.1\lib\gradle-launcher-7.5.1.jar
Launcher Type: SUN_STANDARD

[Global flags]
     intx CICompilerCount                          = 4                                         {product} {ergonomic}
   size_t CompressedClassSpaceSize                 = 432013312                                 {product} {ergonomic}
     uint ConcGCThreads                            = 2                                         {product} {ergonomic}
     uint G1ConcRefinementThreads                  = 8                                         {product} {ergonomic}
   size_t G1HeapRegionSize                         = 1048576                                   {product} {ergonomic}
    uintx GCDrainStackTargetSize                   = 64                                        {product} {ergonomic}
   size_t InitialHeapSize                          = 264241152                                 {product} {ergonomic}
   size_t MarkStackSize                            = 4194304                                   {product} {ergonomic}
   size_t MaxHeapSize                              = 2147483648                                {product} {command line}
   size_t MaxMetaspaceSize                         = 536870912                                 {product} {command line}
   size_t MaxNewSize                               = 1287651328                                {product} {ergonomic}
   size_t MinHeapDeltaBytes                        = 1048576                                   {product} {ergonomic}
   size_t MinHeapSize                              = 8388608                                   {product} {ergonomic}
    uintx NonNMethodCodeHeapSize                   = 5839372                                {pd product} {ergonomic}
    uintx NonProfiledCodeHeapSize                  = 122909434                              {pd product} {ergonomic}
    uintx ProfiledCodeHeapSize                     = 122909434                              {pd product} {ergonomic}
    uintx ReservedCodeCacheSize                    = 251658240                              {pd product} {ergonomic}
     bool SegmentedCodeCache                       = true                                      {product} {ergonomic}
   size_t SoftMaxHeapSize                          = 2147483648                             {manageable} {ergonomic}
     bool UseCompressedClassPointers               = true                           {product lp64_product} {ergonomic}
     bool UseCompressedOops                        = true                           {product lp64_product} {ergonomic}
     bool UseG1GC                                  = true                                      {product} {ergonomic}
     bool UseLargePagesIndividualAllocation        = false                                  {pd product} {ergonomic}

Logging:
Log output configuration:
 #0: stdout all=warning uptime,level,tags foldmultilines=false
 #1: stderr all=off uptime,level,tags foldmultilines=false

Environment Variables:
CLASSPATH=C:\Users\mdaahmed\Desktop\Capstone\PokemonApps\android\\gradle\wrapper\gradle-wrapper.jar
PATH=C:\Users\mdaahmed\Desktop\Capstone\PokemonApps\android\node_modules\.bin;C:\Users\mdaahmed\Desktop\Capstone\PokemonApps\node_modules\.bin;C:\Users\mdaahmed\Desktop\Capstone\node_modules\.bin;C:\Users\mdaahmed\Desktop\node_modules\.bin;C:\Users\mdaahmed\node_modules\.bin;C:\Users\node_modules\.bin;C:\node_modules\.bin;C:\Program Files\nodejs;C:\Users\mdaahmed\Desktop\Capstone\PokemonApps\node_modules\.bin;C:\Users\mdaahmed\Desktop\Capstone\PokemonApps\node_modules\.bin;C:\Users\mdaahmed\Desktop\Capstone\node_modules\.bin;C:\Users\mdaahmed\Desktop\node_modules\.bin;C:\Users\mdaahmed\node_modules\.bin;C:\Users\node_modules\.bin;C:\node_modules\.bin;C:\Users\mdaahmed\AppData\Roaming\npm\node_modules\npm\node_modules\@npmcli\run-script\lib\node-gyp-bin;C:\Program Files\Common Files\Oracle\Java\javapath;C:\Program Files (x86)\Common Files\Oracle\Java\javapath;C:\WINDOWS\system32;C:\WINDOWS;C:\WINDOWS\System32\Wbem;C:\WINDOWS\System32\WindowsPowerShell\v1.0\;C:\WINDOWS\System32\OpenSSH\;C:\Program Files (x86)\Box\Box Edit\;C:\Program Files\Git\cmd;C:\Program Files\MongoDB\Server\5.0\bin;C:\Users\mdaahmed\AppData\Local\Android\Sdk;C:\Program Files\Java\jdk-20\bin;C:\Users\mdaahmed\AppData\Local\Android\Sdk;C:\Users\mdaahmed\AppData\Local\Android\Sdk\platform-tools;C:\Program Files\nodejs\;C:\Users\mdaahmed\AppData\Local\Android\Sdk\platforms;C:\Users\mdaahmed\AppData\Local\Microsoft\WindowsApps;C:\Users\mdaahmed\AppData\Local\Programs\Microsoft VS Code\bin;C:\Users\mdaahmed\AppData\Local\Android\Sdk;C:\Program Files\Java\jdk-20\bin;C:\Users\mdaahmed\AppData\Local\Android\Sdk\platform-tools;C:\Users\mdaahmed\AppData\Local\Android\Sdk;C:\Users\mdaahmed\AppData\Roaming\npm;C:\Users\mdaahmed\AppData\Local\Android\Sdk\platforms;
USERNAME=mdaahmed
OS=Windows_NT
PROCESSOR_IDENTIFIER=Intel64 Family 6 Model 140 Stepping 1, GenuineIntel
TMP=C:\Users\mdaahmed\AppData\Local\Temp
TEMP=C:\Users\mdaahmed\AppData\Local\Temp




---------------  S Y S T E M  ---------------

OS:
 Windows 10 , 64 bit Build 19041 (10.0.19041.2546)
OS uptime: 4 days 8:29 hours
Hyper-V role detected

CPU: total 8 (initial active 8) (4 cores per cpu, 2 threads per core) family 6 model 140 stepping 1 microcode 0x8a, cx8, cmov, fxsr, ht, mmx, 3dnowpref, sse, sse2, sse3, ssse3, sse4.1, sse4.2, popcnt, lzcnt, tsc, tscinvbit, avx, avx2, aes, erms, clmul, bmi1, bmi2, adx, avx512f, avx512dq, avx512cd, avx512bw, avx512vl, sha, fma, vzeroupper, avx512_vpopcntdq, avx512_vpclmulqdq, avx512_vaes, avx512_vnni, clflush, clflushopt, clwb, avx512_vbmi2, avx512_vbmi, hv, rdtscp, rdpid, fsrm, gfni, avx512_bitalg, f16c, cet_ibt, cet_ss, avx512_ifma

Memory: 4k page, system-wide physical 16064M (284M free)
TotalPageFile size 46471M (AvailPageFile size 24M)
current process WorkingSet (physical memory assigned to process): 348M, peak: 349M
current process commit charge ("private bytes"): 392M, peak: 435M

vm_info: Java HotSpot(TM) 64-Bit Server VM (20+36-2344) for windows-amd64 JRE (20+36-2344), built on 2023-02-10T19:30:15Z by "mach5one" with MS VC++ 17.1 (VS2022)

END.
